npm warn Unknown project config "puppeteer_skip_download". This will stop working in the next major version of npm.

[1m[44m DEV [49m[22m [34mv4.0.5 [39m[90mC:/Users/scoot/poll/VaultLogic[39m

[90mstdout[2m | tests/integration/datavault-v4-regression.test.ts
[22m[39m[dotenv@17.2.3] injecting env (11) from .env -- tip: â‰¡Æ’Ã¹Ã©âˆ©â••Ã… backup and recover secrets: https://dotenvx.com/ops

{"level":40,"time":1764869610678,"env":"test","module":"auth-service","msg":"JWT_SECRET not set - falling back to SESSION_SECRET. This is acceptable for development but should be fixed for production."}
{"level":30,"time":1764869611904,"env":"test","multerImportKeys":["diskStorage","memoryStorage","MulterError"],"multerInstanceKeys":["diskStorage","memoryStorage","MulterError"],"multerInstanceType":"function","uploadKeys":["storage","limits","preservePath","fileFilter"],"uploadType":"object","uploadPrototype":{},"msg":"Debug Multer Import"}
[90mstdout[2m | tests/integration/datavault-v4-regression.test.ts
[22m[39mâ‰¡Æ’ÂºÂ¬ Setting up test environment...

{"level":30,"time":1764869612952,"env":"test","module":"file-routes","outputsDir":"C:\\Users\\scoot\\poll\\VaultLogic\\server\\files\\outputs","msg":"Secure file routes registered"}
{"level":30,"time":1764869612953,"env":"test","module":"ai-routes","msg":"AI workflow generation routes registered"}
{"level":30,"time":1764869612958,"env":"test","module":"collab-server","msg":"Initializing WebSocket collaboration server"}
{"level":40,"time":1764869612958,"env":"test","module":"collab-persistence","msg":"REDIS_URL not configured, multi-instance collab will not work"}
{"level":30,"time":1764869612958,"env":"test","module":"collab-server","msg":"WebSocket collaboration server initialized"}
{"level":30,"time":1764869612958,"env":"test","module":"routes","msg":"Real-time collaboration server initialized"}
{"level":30,"time":1764869613336,"env":"test","module":"auth","hasToken":true,"origin":"http://localhost:5000","ip":"::ffff:127.0.0.1","msg":"OAuth2 login attempt"}
{"level":30,"time":1764869613337,"env":"test","module":"auth","email":"testuser@example.com","msg":"Token verified successfully"}
{"level":30,"time":1764869613381,"env":"test","module":"auth","userId":"google-user-id","msg":"User upserted successfully"}
{"level":30,"time":1764869613467,"env":"test","module":"auth","email":"testuser@example.com","msg":"OAuth2 login successful"}
[90mstdout[2m | tests/integration/datavault-v4-regression.test.ts[2m > [22m[2mDataVault v4 Regression Tests
[22m[39mLogin Status: [33m200[39m
Login Body: {
  "message": "Authentication successful",
  "token": "eyJhbGciOiJIUzI1NiIsInR5cCI6IkpXVCJ9.eyJ1c2VySWQiOiJnb29nbGUtdXNlci1pZCIsImVtYWlsIjoidGVzdHVzZXJAZXhhbXBsZS5jb20iLCJ0ZW5hbnRJZCI6IjNiMTc1NTIzLWQwMWYtNDNjYS05OTdmLWE5NmVkNTU0MTg5ZCIsInJvbGUiOiJvd25lciIsImlhdCI6MTc2NDg2OTYxMywiZXhwIjoxNzY1NDc0NDEzfQ._8anvKPq-nJngAHgpLVkCYQ-r2Ikplsl5omzOP8e8oY",
  "user": {
    "id": "google-user-id",
    "email": "testuser@example.com",
    "firstName": "Test",
    "lastName": "User",
    "profileImageUrl": "https://example.com/avatar.jpg",
    "tenantId": "3b175523-d01f-43ca-997f-a96ed554189d",
    "tenantRole": "owner"
  }
}

{"level":30,"time":1764869613478,"env":"test","module":"auth","hasToken":true,"origin":"http://localhost:5000","ip":"::ffff:127.0.0.1","msg":"OAuth2 login attempt"}
{"level":30,"time":1764869613478,"env":"test","module":"auth","email":"other@example.com","msg":"Token verified successfully"}
{"level":30,"time":1764869613516,"env":"test","module":"auth","userId":"other-user-id","msg":"User upserted successfully"}
{"level":30,"time":1764869613601,"env":"test","module":"auth","email":"other@example.com","msg":"OAuth2 login successful"}
{"level":50,"time":1764869615444,"env":"test","error":{},"msg":"Error creating DataVault row"}
[90mstdout[2m | tests/integration/datavault-v4-regression.test.ts[2m > [22m[2mDataVault v4 Regression Tests[2m > [22m[2mSelect/Multiselect Columns[2m > [22m[2mshould validate select value against options
[22m[39mRow creation error message: Column 'Status' value must be one of: active, inactive

[90mstdout[2m | tests/integration/datavault-v4-regression.test.ts[2m > [22m[2mDataVault v4 Regression Tests[2m > [22m[2mRow Notes[2m > [22m[2mshould create a note for a row
[22m[39mCreated note: 7be6e95b-ad01-4765-b4ed-a664d873f737 tenantId: 3b175523-d01f-43ca-997f-a96ed554189d userId: google-user-id

[90mstdout[2m | tests/integration/datavault-v4-regression.test.ts[2m > [22m[2mDataVault v4 Regression Tests[2m > [22m[2mRow Notes[2m > [22m[2mshould get all notes for a row
[22m[39mCreated note: 79fc486a-fc43-4676-9d9f-aa6c0280e728 tenantId: 3b175523-d01f-43ca-997f-a96ed554189d userId: google-user-id

[90mstdout[2m | tests/integration/datavault-v4-regression.test.ts[2m > [22m[2mDataVault v4 Regression Tests[2m > [22m[2mRow Notes[2m > [22m[2mshould get all notes for a row
[22m[39mCreated note: 7a7454c5-ac8f-4879-8c21-ece9a36862bf tenantId: 3b175523-d01f-43ca-997f-a96ed554189d userId: google-user-id

[90mstdout[2m | tests/integration/datavault-v4-regression.test.ts[2m > [22m[2mDataVault v4 Regression Tests[2m > [22m[2mRow Notes[2m > [22m[2mshould delete a note
[22m[39mCreated note: d20208c9-4cc1-464f-85aa-e9a31e83f6de tenantId: 3b175523-d01f-43ca-997f-a96ed554189d userId: google-user-id

[90mstdout[2m | tests/integration/datavault-v4-regression.test.ts[2m > [22m[2mDataVault v4 Regression Tests[2m > [22m[2mRow Notes[2m > [22m[2mshould not allow deleting notes by other users
[22m[39mCreated note: 8672c2ce-136d-4c96-90ed-63a8c8da1136 tenantId: 3b175523-d01f-43ca-997f-a96ed554189d userId: google-user-id

{"level":50,"time":1764869619708,"env":"test","error":{},"msg":"Error deleting row note"}
{"level":40,"time":1764869620841,"env":"test","module":"auth-middleware","path":"/datavault/databases/6bf07135-c118-45c1-af2c-41078c758794/tables","msg":"No valid authentication found"}
[90mstdout[2m | tests/integration/datavault-v4-regression.test.ts[2m > [22m[2mDataVault v4 Regression Tests[2m > [22m[2mTable Permissions[2m > [22m[2mshould grant table permission
[22m[39mupsert result: {"id":"54330981-2385-42ad-b8bf-82e9aee7393d","tableId":"99a4c502-64e5-42b1-b7f6-531eb3c4f42d","userId":"other-user-id","role":"read","createdAt":"2025-12-04T17:33:42.517Z"}

[90mstdout[2m | tests/integration/datavault-v4-regression.test.ts[2m > [22m[2mDataVault v4 Regression Tests[2m > [22m[2mTable Permissions[2m > [22m[2mshould grant table permission
[22m[39mGrant permission success, sending 201. Permission: {"id":"54330981-2385-42ad-b8bf-82e9aee7393d","tableId":"99a4c502-64e5-42b1-b7f6-531eb3c4f42d","userId":"other-user-id","role":"read","createdAt":"2025-12-04T17:33:42.517Z"}

[90mstdout[2m | tests/integration/datavault-v4-regression.test.ts[2m > [22m[2mDataVault v4 Regression Tests[2m > [22m[2mTable Permissions[2m > [22m[2mshould update table permission role
[22m[39mupsert result: {"id":"d70b11f4-9aff-4b2a-914c-3d752d94a35f","tableId":"6d52abbc-87c3-491f-a70f-a47d3ea0b728","userId":"other-user-id","role":"read","createdAt":"2025-12-04T17:33:43.062Z"}

[90mstdout[2m | tests/integration/datavault-v4-regression.test.ts[2m > [22m[2mDataVault v4 Regression Tests[2m > [22m[2mTable Permissions[2m > [22m[2mshould update table permission role
[22m[39mGrant permission success, sending 201. Permission: {"id":"d70b11f4-9aff-4b2a-914c-3d752d94a35f","tableId":"6d52abbc-87c3-491f-a70f-a47d3ea0b728","userId":"other-user-id","role":"read","createdAt":"2025-12-04T17:33:43.062Z"}

[90mstdout[2m | tests/integration/datavault-v4-regression.test.ts[2m > [22m[2mDataVault v4 Regression Tests[2m > [22m[2mTable Permissions[2m > [22m[2mshould update table permission role
[22m[39mupsert result: {"id":"d70b11f4-9aff-4b2a-914c-3d752d94a35f","tableId":"6d52abbc-87c3-491f-a70f-a47d3ea0b728","userId":"other-user-id","role":"write","createdAt":"2025-12-04T17:33:43.062Z"}

[90mstdout[2m | tests/integration/datavault-v4-regression.test.ts[2m > [22m[2mDataVault v4 Regression Tests[2m > [22m[2mTable Permissions[2m > [22m[2mshould update table permission role
[22m[39mGrant permission success, sending 201. Permission: {"id":"d70b11f4-9aff-4b2a-914c-3d752d94a35f","tableId":"6d52abbc-87c3-491f-a70f-a47d3ea0b728","userId":"other-user-id","role":"write","createdAt":"2025-12-04T17:33:43.062Z"}

[90mstdout[2m | tests/integration/datavault-v4-regression.test.ts[2m > [22m[2mDataVault v4 Regression Tests[2m > [22m[2mTable Permissions[2m > [22m[2mshould update table permission role
[22m[39mUpdate permission failed: {
  id: [32m'd70b11f4-9aff-4b2a-914c-3d752d94a35f'[39m,
  tableId: [32m'6d52abbc-87c3-491f-a70f-a47d3ea0b728'[39m,
  userId: [32m'other-user-id'[39m,
  role: [32m'write'[39m,
  createdAt: [32m'2025-12-04T17:33:43.062Z'[39m
}

[90mstdout[2m | tests/integration/datavault-v4-regression.test.ts[2m > [22m[2mDataVault v4 Regression Tests[2m > [22m[2mTable Permissions[2m > [22m[2mshould revoke table permission
[22m[39mupsert result: {"id":"edf58d6d-7344-4141-a3be-561dea19618a","tableId":"182a2450-ac48-4d47-996e-1e6cd934d22b","userId":"other-user-id","role":"read","createdAt":"2025-12-04T17:33:43.546Z"}

[90mstdout[2m | tests/integration/datavault-v4-regression.test.ts[2m > [22m[2mDataVault v4 Regression Tests[2m > [22m[2mTable Permissions[2m > [22m[2mshould revoke table permission
[22m[39mGrant permission success, sending 201. Permission: {"id":"edf58d6d-7344-4141-a3be-561dea19618a","tableId":"182a2450-ac48-4d47-996e-1e6cd934d22b","userId":"other-user-id","role":"read","createdAt":"2025-12-04T17:33:43.546Z"}

[90mstdout[2m | tests/integration/datavault-v4-regression.test.ts[2m > [22m[2mDataVault v4 Regression Tests[2m > [22m[2mTable Permissions[2m > [22m[2mshould revoke table permission
[22m[39mrevokePermission called for permission: edf58d6d-7344-4141-a3be-561dea19618a

{"level":50,"time":1764869622697,"env":"test","error":{},"msg":"Error granting table permission"}
[90mstdout[2m | tests/integration/datavault-v4-regression.test.ts[2m > [22m[2mDataVault v4 Regression Tests[2m > [22m[2mTable Permissions[2m > [22m[2mshould enforce RBAC - only owners can manage permissions
[22m[39mGrant permission catch block entered Error: Access denied - owner permission required
    at DatavaultTablePermissionsService.requirePermission (C:/Users/scoot/poll/VaultLogic/server/services/DatavaultTablePermissionsService.ts:108:13)
[90m    at processTicksAndRejections (node:internal/process/task_queues:103:5)[39m
    at DatavaultTablePermissionsService.grantPermission (C:/Users/scoot/poll/VaultLogic/server/services/DatavaultTablePermissionsService.ts:138:5)
    at C:/Users/scoot/poll/VaultLogic/server/routes/datavault.routes.ts:1155:26

{"level":50,"time":1764869623881,"env":"test","error":{"issues":[{"received":"invalid_type","code":"invalid_enum_value","options":["text","number","boolean","date","datetime","email","phone","url","json","auto_number","autonumber","reference","select","multiselect"],"path":["type"],"message":"Invalid enum value. Expected 'text' | 'number' | 'boolean' | 'date' | 'datetime' | 'email' | 'phone' | 'url' | 'json' | 'auto_number' | 'autonumber' | 'reference' | 'select' | 'multiselect', received 'invalid_type'"}],"name":"ZodError"},"msg":"Error creating DataVault column"}
{"level":50,"time":1764869624519,"env":"test","error":{},"msg":"Error creating DataVault row"}
[90mstdout[2m | tests/integration/datavault-v4-regression.test.ts[2m > [22m[2mDataVault v4 Regression Tests[2m > [22m[2mError Handling[2m > [22m[2mshould return user-friendly error for missing required fields
[22m[39mRow creation error message: Required column 'Required Field' is missing

{"level":50,"time":1764869624717,"env":"test","error":{"length":144,"name":"error","severity":"ERROR","code":"22P02","where":"unnamed portal parameter $1 = '...'","file":"uuid.c","line":"138","routine":"string_to_uuid"},"msg":"Error fetching DataVault rows"}
[90mstdout[2m | tests/integration/datavault-v4-regression.test.ts
[22m[39mâ‰¡Æ’Âºâ•£ Cleaning up test environment...

 [31mÎ“Â¥Â»[39m tests/integration/datavault-v4-regression.test.ts [2m([22m[2m23 tests[22m[2m)[22m[33m 11817[2mms[22m[39m
       [33m[2mÎ“Â£Ã´[22m[39m should create a select column with options [33m 388[2mms[22m[39m
       [33m[2mÎ“Â£Ã´[22m[39m should create a multiselect column with options [33m 365[2mms[22m[39m
       [33m[2mÎ“Â£Ã´[22m[39m should validate select value against options [33m 1090[2mms[22m[39m
       [33m[2mÎ“Â£Ã´[22m[39m should validate multiselect values as array [33m 770[2mms[22m[39m
       [33m[2mÎ“Â£Ã´[22m[39m should create an autonumber column with sequence [33m 370[2mms[22m[39m
       [33m[2mÎ“Â£Ã´[22m[39m should format autonumber with prefix [33m 815[2mms[22m[39m
       [33m[2mÎ“Â£Ã´[22m[39m should create a note for a row [33m 327[2mms[22m[39m
       [33m[2mÎ“Â£Ã´[22m[39m should get all notes for a row [33m 733[2mms[22m[39m
       [33m[2mÎ“Â£Ã´[22m[39m should delete a note [33m 687[2mms[22m[39m
       [33m[2mÎ“Â£Ã´[22m[39m should not allow deleting notes by other users [33m 561[2mms[22m[39m
       [33m[2mÎ“Â£Ã´[22m[39m should create an API token [33m 325[2mms[22m[39m
       [32mÎ“Â£Ã´[39m should validate API token scopes[32m 160[2mms[22m[39m
       [33m[2mÎ“Â£Ã´[22m[39m should revoke (delete) an API token [33m 522[2mms[22m[39m
       [32mÎ“Â£Ã´[39m should deny access with expired token[32m 125[2mms[22m[39m
       [32mÎ“Â£Ã´[39m should grant table permission[32m 289[2mms[22m[39m
       [32mÎ“Â£Ã´[39m should list table permissions[32m 247[2mms[22m[39m
       [33m[2mÎ“Â£Ã´[22m[39m should update table permission role [33m 485[2mms[22m[39m
       [33m[2mÎ“Â£Ã´[22m[39m should revoke table permission [33m 575[2mms[22m[39m
       [32mÎ“Â£Ã´[39m should enforce RBAC - only owners can manage permissions[32m 261[2mms[22m[39m
       [33m[2mÎ“Â£Ã´[22m[39m should paginate rows efficiently [33m 984[2mms[22m[39m
       [32mÎ“Â£Ã´[39m should return user-friendly error for invalid column type[32m 199[2mms[22m[39m
       [33m[2mÎ“Â£Ã´[22m[39m should return user-friendly error for missing required fields [33m 639[2mms[22m[39m
       [32mÎ“Â£Ã´[39m should handle network errors gracefully[32m 197[2mms[22m[39m

Î“Ã„Â»Î“Ã„Â»Î“Ã„Â»Î“Ã„Â»Î“Ã„Â»Î“Ã„Â» Failed Suites 1 Î“Ã„Â»Î“Ã„Â»Î“Ã„Â»Î“Ã„Â»Î“Ã„Â»Î“Ã„Â»Î“Ã„Â»

 FAIL  tests/integration/datavault-v4-regression.test.ts > DataVault v4 Regression Tests > Row History
Error: No test found in suite Row History
Î“Ã„Â»Î“Ã„Â»Î“Ã„Â»Î“Ã„Â»Î“Ã„Â»Î“Ã„Â»Î“Ã„Â»Î“Ã„Â»Î“Ã„Â»Î“Ã„Â»Î“Ã„Â»Î“Ã„Â»Î“Ã„Â»Î“Ã„Â»Î“Ã„Â»Î“Ã„Â»Î“Ã„Â»Î“Ã„Â»Î“Ã„Â»Î“Ã„Â»Î“Ã„Â»Î“Ã„Â»Î“Ã„Â»Î“Ã„Â»[1/1]Î“Ã„Â»


[2m Test Files [22m [1m[31m1 failed[39m[22m[90m (1)[39m
[2m      Tests [22m [1m[32m23 passed[39m[22m[90m (23)[39m
[2m   Start at [22m 11:33:28
[2m   Duration [22m 16.55s[2m (transform 1.81s, setup 795ms, collect 3.35s, tests 11.82s, environment 0ms, prepare 16ms)[22m

[1m[41m FAIL [49m[22m [31mTests failed. Watching for file changes...[39m
       [2mpress [22m[1mh[22m[2m to show help[22m[2m, [22m[2mpress [22m[1mq[22m[2m to quit[22m
c[3J[1m[44m RERUN [49m[22m [34m[2mtests/integration/datavault-v4-regression.test.ts [22m[34mx1 [34m[39m
       [2m Filename pattern: [22m[34mtests/integration/datavault-v4-regression.test.ts[39m

[90mstdout[2m | tests/integration/datavault-v4-regression.test.ts
[22m[39m[dotenv@17.2.3] injecting env (11) from .env -- tip: â‰¡Æ’Ã¦Ã‘ sync secrets across teammates & machines: https://dotenvx.com/ops

{"level":40,"time":1764869744561,"env":"test","module":"auth-service","msg":"JWT_SECRET not set - falling back to SESSION_SECRET. This is acceptable for development but should be fixed for production."}
{"level":30,"time":1764869745670,"env":"test","multerImportKeys":["diskStorage","memoryStorage","MulterError"],"multerInstanceKeys":["diskStorage","memoryStorage","MulterError"],"multerInstanceType":"function","uploadKeys":["storage","limits","preservePath","fileFilter"],"uploadType":"object","uploadPrototype":{},"msg":"Debug Multer Import"}
[90mstdout[2m | tests/integration/datavault-v4-regression.test.ts
[22m[39mâ‰¡Æ’ÂºÂ¬ Setting up test environment...

{"level":30,"time":1764869746868,"env":"test","module":"file-routes","outputsDir":"C:\\Users\\scoot\\poll\\VaultLogic\\server\\files\\outputs","msg":"Secure file routes registered"}
{"level":30,"time":1764869746869,"env":"test","module":"ai-routes","msg":"AI workflow generation routes registered"}
{"level":30,"time":1764869746876,"env":"test","module":"collab-server","msg":"Initializing WebSocket collaboration server"}
{"level":40,"time":1764869746877,"env":"test","module":"collab-persistence","msg":"REDIS_URL not configured, multi-instance collab will not work"}
{"level":30,"time":1764869746877,"env":"test","module":"collab-server","msg":"WebSocket collaboration server initialized"}
{"level":30,"time":1764869746877,"env":"test","module":"routes","msg":"Real-time collaboration server initialized"}
{"level":30,"time":1764869747281,"env":"test","module":"auth","hasToken":true,"origin":"http://localhost:5000","ip":"::ffff:127.0.0.1","msg":"OAuth2 login attempt"}
{"level":30,"time":1764869747282,"env":"test","module":"auth","email":"testuser@example.com","msg":"Token verified successfully"}
{"level":30,"time":1764869747326,"env":"test","module":"auth","userId":"google-user-id","msg":"User upserted successfully"}
{"level":30,"time":1764869747418,"env":"test","module":"auth","email":"testuser@example.com","msg":"OAuth2 login successful"}
[90mstdout[2m | tests/integration/datavault-v4-regression.test.ts[2m > [22m[2mDataVault v4 Regression Tests
[22m[39mLogin Status: [33m200[39m
Login Body: {
  "message": "Authentication successful",
  "token": "eyJhbGciOiJIUzI1NiIsInR5cCI6IkpXVCJ9.eyJ1c2VySWQiOiJnb29nbGUtdXNlci1pZCIsImVtYWlsIjoidGVzdHVzZXJAZXhhbXBsZS5jb20iLCJ0ZW5hbnRJZCI6IjAwOTk3ODViLTAyODctNGExNy1hYmZjLTEzZDY3ZTg5NDczOSIsInJvbGUiOiJvd25lciIsImlhdCI6MTc2NDg2OTc0NywiZXhwIjoxNzY1NDc0NTQ3fQ.rNRdZqoXc-L8fqLUfcTY1-GfZGs9VeZW9Ued0K7vmzg",
  "user": {
    "id": "google-user-id",
    "email": "testuser@example.com",
    "firstName": "Test",
    "lastName": "User",
    "profileImageUrl": "https://example.com/avatar.jpg",
    "tenantId": "0099785b-0287-4a17-abfc-13d67e894739",
    "tenantRole": "owner"
  }
}

{"level":30,"time":1764869747427,"env":"test","module":"auth","hasToken":true,"origin":"http://localhost:5000","ip":"::ffff:127.0.0.1","msg":"OAuth2 login attempt"}
{"level":30,"time":1764869747427,"env":"test","module":"auth","email":"other@example.com","msg":"Token verified successfully"}
{"level":30,"time":1764869747472,"env":"test","module":"auth","userId":"other-user-id","msg":"User upserted successfully"}
{"level":30,"time":1764869747556,"env":"test","module":"auth","email":"other@example.com","msg":"OAuth2 login successful"}
{"level":50,"time":1764869749431,"env":"test","error":{},"msg":"Error creating DataVault row"}
[90mstdout[2m | tests/integration/datavault-v4-regression.test.ts[2m > [22m[2mDataVault v4 Regression Tests[2m > [22m[2mSelect/Multiselect Columns[2m > [22m[2mshould validate select value against options
[22m[39mRow creation error message: Column 'Status' value must be one of: active, inactive

[90mstdout[2m | tests/integration/datavault-v4-regression.test.ts[2m > [22m[2mDataVault v4 Regression Tests[2m > [22m[2mRow Notes[2m > [22m[2mshould create a note for a row
[22m[39mCreated note: 84d1db8d-d3d8-4c91-9e97-cb62047037b8 tenantId: 0099785b-0287-4a17-abfc-13d67e894739 userId: google-user-id

[90mstdout[2m | tests/integration/datavault-v4-regression.test.ts[2m > [22m[2mDataVault v4 Regression Tests[2m > [22m[2mRow Notes[2m > [22m[2mshould get all notes for a row
[22m[39mCreated note: e8f95a9e-5470-4299-87b1-19cb4d0dd7bb tenantId: 0099785b-0287-4a17-abfc-13d67e894739 userId: google-user-id

[90mstdout[2m | tests/integration/datavault-v4-regression.test.ts[2m > [22m[2mDataVault v4 Regression Tests[2m > [22m[2mRow Notes[2m > [22m[2mshould get all notes for a row
[22m[39mCreated note: ad810197-691f-4354-994e-1c8c982699b7 tenantId: 0099785b-0287-4a17-abfc-13d67e894739 userId: google-user-id

[90mstdout[2m | tests/integration/datavault-v4-regression.test.ts[2m > [22m[2mDataVault v4 Regression Tests[2m > [22m[2mRow Notes[2m > [22m[2mshould delete a note
[22m[39mCreated note: 91829771-a77d-48b8-8475-3ecb1f79c5c2 tenantId: 0099785b-0287-4a17-abfc-13d67e894739 userId: google-user-id

[90mstdout[2m | tests/integration/datavault-v4-regression.test.ts[2m > [22m[2mDataVault v4 Regression Tests[2m > [22m[2mRow Notes[2m > [22m[2mshould not allow deleting notes by other users
[22m[39mCreated note: 3b8096fe-dde9-4db8-80df-0f7d4066103a tenantId: 0099785b-0287-4a17-abfc-13d67e894739 userId: google-user-id

{"level":50,"time":1764869753747,"env":"test","error":{},"msg":"Error deleting row note"}
{"level":40,"time":1764869754912,"env":"test","module":"auth-middleware","path":"/datavault/databases/11e87fdd-fee2-407a-b0ea-7baf21e68c47/tables","msg":"No valid authentication found"}
[90mstdout[2m | tests/integration/datavault-v4-regression.test.ts[2m > [22m[2mDataVault v4 Regression Tests[2m > [22m[2mTable Permissions[2m > [22m[2mshould grant table permission
[22m[39mupsert result: {"id":"f0ba605a-3080-4316-9c70-711749b65029","tableId":"62c6f650-7337-4b7d-8b9d-6e9e8b3e7b5e","userId":"other-user-id","role":"read","createdAt":"2025-12-04T17:35:56.595Z"}

[90mstdout[2m | tests/integration/datavault-v4-regression.test.ts[2m > [22m[2mDataVault v4 Regression Tests[2m > [22m[2mTable Permissions[2m > [22m[2mshould grant table permission
[22m[39mGrant permission success, sending 201. Permission: {"id":"f0ba605a-3080-4316-9c70-711749b65029","tableId":"62c6f650-7337-4b7d-8b9d-6e9e8b3e7b5e","userId":"other-user-id","role":"read","createdAt":"2025-12-04T17:35:56.595Z"}

[90mstdout[2m | tests/integration/datavault-v4-regression.test.ts[2m > [22m[2mDataVault v4 Regression Tests[2m > [22m[2mTable Permissions[2m > [22m[2mshould update table permission role
[22m[39mupsert result: {"id":"5fe6f7fa-ae69-4e95-94e8-ccdc8c9d3ead","tableId":"6676e198-753f-4df6-ac3d-33d797447daa","userId":"other-user-id","role":"read","createdAt":"2025-12-04T17:35:57.166Z"}

[90mstdout[2m | tests/integration/datavault-v4-regression.test.ts[2m > [22m[2mDataVault v4 Regression Tests[2m > [22m[2mTable Permissions[2m > [22m[2mshould update table permission role
[22m[39mGrant permission success, sending 201. Permission: {"id":"5fe6f7fa-ae69-4e95-94e8-ccdc8c9d3ead","tableId":"6676e198-753f-4df6-ac3d-33d797447daa","userId":"other-user-id","role":"read","createdAt":"2025-12-04T17:35:57.166Z"}

[90mstdout[2m | tests/integration/datavault-v4-regression.test.ts[2m > [22m[2mDataVault v4 Regression Tests[2m > [22m[2mTable Permissions[2m > [22m[2mshould update table permission role
[22m[39mupsert result: {"id":"5fe6f7fa-ae69-4e95-94e8-ccdc8c9d3ead","tableId":"6676e198-753f-4df6-ac3d-33d797447daa","userId":"other-user-id","role":"write","createdAt":"2025-12-04T17:35:57.166Z"}

[90mstdout[2m | tests/integration/datavault-v4-regression.test.ts[2m > [22m[2mDataVault v4 Regression Tests[2m > [22m[2mTable Permissions[2m > [22m[2mshould update table permission role
[22m[39mGrant permission success, sending 201. Permission: {"id":"5fe6f7fa-ae69-4e95-94e8-ccdc8c9d3ead","tableId":"6676e198-753f-4df6-ac3d-33d797447daa","userId":"other-user-id","role":"write","createdAt":"2025-12-04T17:35:57.166Z"}

[90mstdout[2m | tests/integration/datavault-v4-regression.test.ts[2m > [22m[2mDataVault v4 Regression Tests[2m > [22m[2mTable Permissions[2m > [22m[2mshould update table permission role
[22m[39mUpdate permission failed: {
  id: [32m'5fe6f7fa-ae69-4e95-94e8-ccdc8c9d3ead'[39m,
  tableId: [32m'6676e198-753f-4df6-ac3d-33d797447daa'[39m,
  userId: [32m'other-user-id'[39m,
  role: [32m'write'[39m,
  createdAt: [32m'2025-12-04T17:35:57.166Z'[39m
}

[90mstdout[2m | tests/integration/datavault-v4-regression.test.ts[2m > [22m[2mDataVault v4 Regression Tests[2m > [22m[2mTable Permissions[2m > [22m[2mshould revoke table permission
[22m[39mupsert result: {"id":"7318c4c7-cb21-4646-8040-da9a70b87a12","tableId":"2961ecc2-a69c-4209-bd34-90ec3a34e1b8","userId":"other-user-id","role":"read","createdAt":"2025-12-04T17:35:57.645Z"}

[90mstdout[2m | tests/integration/datavault-v4-regression.test.ts[2m > [22m[2mDataVault v4 Regression Tests[2m > [22m[2mTable Permissions[2m > [22m[2mshould revoke table permission
[22m[39mGrant permission success, sending 201. Permission: {"id":"7318c4c7-cb21-4646-8040-da9a70b87a12","tableId":"2961ecc2-a69c-4209-bd34-90ec3a34e1b8","userId":"other-user-id","role":"read","createdAt":"2025-12-04T17:35:57.645Z"}

[90mstdout[2m | tests/integration/datavault-v4-regression.test.ts[2m > [22m[2mDataVault v4 Regression Tests[2m > [22m[2mTable Permissions[2m > [22m[2mshould revoke table permission
[22m[39mrevokePermission called for permission: 7318c4c7-cb21-4646-8040-da9a70b87a12

{"level":50,"time":1764869756777,"env":"test","error":{},"msg":"Error granting table permission"}
[90mstdout[2m | tests/integration/datavault-v4-regression.test.ts[2m > [22m[2mDataVault v4 Regression Tests[2m > [22m[2mTable Permissions[2m > [22m[2mshould enforce RBAC - only owners can manage permissions
[22m[39mGrant permission catch block entered Error: Access denied - owner permission required
    at DatavaultTablePermissionsService.requirePermission (C:/Users/scoot/poll/VaultLogic/server/services/DatavaultTablePermissionsService.ts:108:13)
[90m    at processTicksAndRejections (node:internal/process/task_queues:103:5)[39m
    at DatavaultTablePermissionsService.grantPermission (C:/Users/scoot/poll/VaultLogic/server/services/DatavaultTablePermissionsService.ts:138:5)
    at C:/Users/scoot/poll/VaultLogic/server/routes/datavault.routes.ts:1155:26

{"level":50,"time":1764869758039,"env":"test","error":{"issues":[{"received":"invalid_type","code":"invalid_enum_value","options":["text","number","boolean","date","datetime","email","phone","url","json","auto_number","autonumber","reference","select","multiselect"],"path":["type"],"message":"Invalid enum value. Expected 'text' | 'number' | 'boolean' | 'date' | 'datetime' | 'email' | 'phone' | 'url' | 'json' | 'auto_number' | 'autonumber' | 'reference' | 'select' | 'multiselect', received 'invalid_type'"}],"name":"ZodError"},"msg":"Error creating DataVault column"}
{"level":50,"time":1764869758722,"env":"test","error":{},"msg":"Error creating DataVault row"}
[90mstdout[2m | tests/integration/datavault-v4-regression.test.ts[2m > [22m[2mDataVault v4 Regression Tests[2m > [22m[2mError Handling[2m > [22m[2mshould return user-friendly error for missing required fields
[22m[39mRow creation error message: Required column 'Required Field' is missing

{"level":50,"time":1764869758945,"env":"test","error":{"length":144,"name":"error","severity":"ERROR","code":"22P02","where":"unnamed portal parameter $1 = '...'","file":"uuid.c","line":"138","routine":"string_to_uuid"},"msg":"Error fetching DataVault rows"}
[90mstdout[2m | tests/integration/datavault-v4-regression.test.ts
[22m[39mâ‰¡Æ’Âºâ•£ Cleaning up test environment...

 [32mÎ“Â£Ã´[39m tests/integration/datavault-v4-regression.test.ts [2m([22m[2m23 tests[22m[2m)[22m[33m 12127[2mms[22m[39m
       [33m[2mÎ“Â£Ã´[22m[39m should create a select column with options [33m 384[2mms[22m[39m
       [33m[2mÎ“Â£Ã´[22m[39m should create a multiselect column with options [33m 378[2mms[22m[39m
       [33m[2mÎ“Â£Ã´[22m[39m should validate select value against options [33m 1112[2mms[22m[39m
       [33m[2mÎ“Â£Ã´[22m[39m should validate multiselect values as array [33m 795[2mms[22m[39m
       [33m[2mÎ“Â£Ã´[22m[39m should create an autonumber column with sequence [33m 365[2mms[22m[39m
       [33m[2mÎ“Â£Ã´[22m[39m should format autonumber with prefix [33m 839[2mms[22m[39m
       [33m[2mÎ“Â£Ã´[22m[39m should create a note for a row [33m 326[2mms[22m[39m
       [33m[2mÎ“Â£Ã´[22m[39m should get all notes for a row [33m 759[2mms[22m[39m
       [33m[2mÎ“Â£Ã´[22m[39m should delete a note [33m 651[2mms[22m[39m
       [33m[2mÎ“Â£Ã´[22m[39m should not allow deleting notes by other users [33m 578[2mms[22m[39m
       [33m[2mÎ“Â£Ã´[22m[39m should create an API token [33m 305[2mms[22m[39m
       [33m[2mÎ“Â£Ã´[22m[39m should revoke (delete) an API token [33m 555[2mms[22m[39m
       [33m[2mÎ“Â£Ã´[22m[39m should update table permission role [33m 523[2mms[22m[39m
       [33m[2mÎ“Â£Ã´[22m[39m should revoke table permission [33m 558[2mms[22m[39m
       [33m[2mÎ“Â£Ã´[22m[39m should paginate rows efficiently [33m 1041[2mms[22m[39m
       [33m[2mÎ“Â£Ã´[22m[39m should return user-friendly error for missing required fields [33m 683[2mms[22m[39m

[2m Test Files [22m [1m[32m1 passed[39m[22m[90m (1)[39m
[2m      Tests [22m [1m[32m23 passed[39m[22m[90m (23)[39m
[2m   Start at [22m 11:35:42
[2m   Duration [22m 15.91s

[1m[42m PASS [49m[22m [32mWaiting for file changes...[39m
       [2mpress [22m[1mh[22m[2m to show help[22m[2m, [22m[2mpress [22m[1mq[22m[2m to quit[22m
c[3J[1m[44m RERUN [49m[22m [34m[2mserver/repositories/UserRepository.ts [22m[34mx2 [34m[39m
       [2m Filename pattern: [22m[34mtests/integration/datavault-v4-regression.test.ts[39m

[90mstdout[2m | tests/integration/datavault-v4-regression.test.ts
[22m[39m[dotenv@17.2.3] injecting env (11) from .env -- tip: â‰¡Æ’Ã¶Ã¤ add secrets lifecycle management: https://dotenvx.com/ops

{"level":40,"time":1764871632717,"env":"test","module":"auth-service","msg":"JWT_SECRET not set - falling back to SESSION_SECRET. This is acceptable for development but should be fixed for production."}
{"level":30,"time":1764871637270,"env":"test","multerImportKeys":["diskStorage","memoryStorage","MulterError"],"multerInstanceKeys":["diskStorage","memoryStorage","MulterError"],"multerInstanceType":"function","uploadKeys":["storage","limits","preservePath","fileFilter"],"uploadType":"object","uploadPrototype":{},"msg":"Debug Multer Import"}
[90mstdout[2m | tests/integration/datavault-v4-regression.test.ts
[22m[39mâ‰¡Æ’ÂºÂ¬ Setting up test environment...

{"level":30,"time":1764871641735,"env":"test","module":"file-routes","outputsDir":"C:\\Users\\scoot\\poll\\VaultLogic\\server\\files\\outputs","msg":"Secure file routes registered"}
{"level":30,"time":1764871641735,"env":"test","module":"ai-routes","msg":"AI workflow generation routes registered"}
{"level":30,"time":1764871641767,"env":"test","module":"collab-server","msg":"Initializing WebSocket collaboration server"}
{"level":40,"time":1764871641767,"env":"test","module":"collab-persistence","msg":"REDIS_URL not configured, multi-instance collab will not work"}
{"level":30,"time":1764871641768,"env":"test","module":"collab-server","msg":"WebSocket collaboration server initialized"}
{"level":30,"time":1764871641768,"env":"test","module":"routes","msg":"Real-time collaboration server initialized"}
{"level":30,"time":1764871642226,"env":"test","module":"auth","hasToken":true,"origin":"http://localhost:5000","ip":"::ffff:127.0.0.1","msg":"OAuth2 login attempt"}
{"level":30,"time":1764871642227,"env":"test","module":"auth","email":"testuser@example.com","msg":"Token verified successfully"}
{"level":30,"time":1764871642288,"env":"test","module":"auth","userId":"google-user-id","msg":"User upserted successfully"}
{"level":30,"time":1764871642384,"env":"test","module":"auth","email":"testuser@example.com","msg":"OAuth2 login successful"}
[90mstdout[2m | tests/integration/datavault-v4-regression.test.ts[2m > [22m[2mDataVault v4 Regression Tests
[22m[39mLogin Status: [33m200[39m
Login Body: {
  "message": "Authentication successful",
  "token": "eyJhbGciOiJIUzI1NiIsInR5cCI6IkpXVCJ9.eyJ1c2VySWQiOiJnb29nbGUtdXNlci1pZCIsImVtYWlsIjoidGVzdHVzZXJAZXhhbXBsZS5jb20iLCJ0ZW5hbnRJZCI6IjY3MWFlM2EwLTk0YjktNDgzNC05NDczLTkwNGI0MDM5MmM1OCIsInJvbGUiOiJvd25lciIsImlhdCI6MTc2NDg3MTY0MiwiZXhwIjoxNzY1NDc2NDQyfQ.ZQEuIvibzkjVMT2644VoppEG-_jSObG2_AWT5ng-9Hc",
  "user": {
    "id": "google-user-id",
    "email": "testuser@example.com",
    "firstName": "Test",
    "lastName": "User",
    "profileImageUrl": "https://example.com/avatar.jpg",
    "tenantId": "671ae3a0-94b9-4834-9473-904b40392c58",
    "tenantRole": "owner"
  }
}

{"level":30,"time":1764871642398,"env":"test","module":"auth","hasToken":true,"origin":"http://localhost:5000","ip":"::ffff:127.0.0.1","msg":"OAuth2 login attempt"}
{"level":30,"time":1764871642398,"env":"test","module":"auth","email":"other@example.com","msg":"Token verified successfully"}
{"level":30,"time":1764871642443,"env":"test","module":"auth","userId":"other-user-id","msg":"User upserted successfully"}
{"level":30,"time":1764871642532,"env":"test","module":"auth","email":"other@example.com","msg":"OAuth2 login successful"}
{"level":50,"time":1764871644557,"env":"test","error":{},"msg":"Error creating DataVault row"}
[90mstdout[2m | tests/integration/datavault-v4-regression.test.ts[2m > [22m[2mDataVault v4 Regression Tests[2m > [22m[2mSelect/Multiselect Columns[2m > [22m[2mshould validate select value against options
[22m[39mRow creation error message: Column 'Status' value must be one of: active, inactive

[90mstdout[2m | tests/integration/datavault-v4-regression.test.ts[2m > [22m[2mDataVault v4 Regression Tests[2m > [22m[2mRow Notes[2m > [22m[2mshould create a note for a row
[22m[39mCreated note: 2bb6f6cf-c661-45e5-8a38-2cec61ee6922 tenantId: 671ae3a0-94b9-4834-9473-904b40392c58 userId: google-user-id

[90mstdout[2m | tests/integration/datavault-v4-regression.test.ts[2m > [22m[2mDataVault v4 Regression Tests[2m > [22m[2mRow Notes[2m > [22m[2mshould get all notes for a row
[22m[39mCreated note: 82925bab-6af4-4fc4-ac1a-7a82562abe28 tenantId: 671ae3a0-94b9-4834-9473-904b40392c58 userId: google-user-id

[90mstdout[2m | tests/integration/datavault-v4-regression.test.ts[2m > [22m[2mDataVault v4 Regression Tests[2m > [22m[2mRow Notes[2m > [22m[2mshould get all notes for a row
[22m[39mCreated note: 38458883-ac21-4173-a7a1-1a89591fbca5 tenantId: 671ae3a0-94b9-4834-9473-904b40392c58 userId: google-user-id

[90mstdout[2m | tests/integration/datavault-v4-regression.test.ts[2m > [22m[2mDataVault v4 Regression Tests[2m > [22m[2mRow Notes[2m > [22m[2mshould delete a note
[22m[39mCreated note: d8022507-58c2-438c-a129-643dd6d7d61f tenantId: 671ae3a0-94b9-4834-9473-904b40392c58 userId: google-user-id

[90mstdout[2m | tests/integration/datavault-v4-regression.test.ts[2m > [22m[2mDataVault v4 Regression Tests[2m > [22m[2mRow Notes[2m > [22m[2mshould not allow deleting notes by other users
[22m[39mCreated note: dea036ee-ae1f-474e-82b8-721ea5242892 tenantId: 671ae3a0-94b9-4834-9473-904b40392c58 userId: google-user-id

{"level":50,"time":1764871649101,"env":"test","error":{},"msg":"Error deleting row note"}
{"level":40,"time":1764871650346,"env":"test","module":"auth-middleware","path":"/datavault/databases/c920f800-7ed8-496d-8510-9a8353f7c650/tables","msg":"No valid authentication found"}
[90mstdout[2m | tests/integration/datavault-v4-regression.test.ts[2m > [22m[2mDataVault v4 Regression Tests[2m > [22m[2mTable Permissions[2m > [22m[2mshould grant table permission
[22m[39mupsert result: {"id":"38192050-ed37-4603-980e-49e4164db3d5","tableId":"9e67fb93-51c7-4e87-8322-a464caec1ed3","userId":"other-user-id","role":"read","createdAt":"2025-12-04T18:07:32.075Z"}

[90mstdout[2m | tests/integration/datavault-v4-regression.test.ts[2m > [22m[2mDataVault v4 Regression Tests[2m > [22m[2mTable Permissions[2m > [22m[2mshould grant table permission
[22m[39mGrant permission success, sending 201. Permission: {"id":"38192050-ed37-4603-980e-49e4164db3d5","tableId":"9e67fb93-51c7-4e87-8322-a464caec1ed3","userId":"other-user-id","role":"read","createdAt":"2025-12-04T18:07:32.075Z"}

[90mstdout[2m | tests/integration/datavault-v4-regression.test.ts[2m > [22m[2mDataVault v4 Regression Tests[2m > [22m[2mTable Permissions[2m > [22m[2mshould update table permission role
[22m[39mupsert result: {"id":"6a4b7431-b118-4107-9ac5-f7f9812b63d6","tableId":"3d7b7dee-e05a-44eb-8dab-0275ddb939cd","userId":"other-user-id","role":"read","createdAt":"2025-12-04T18:07:32.644Z"}

[90mstdout[2m | tests/integration/datavault-v4-regression.test.ts[2m > [22m[2mDataVault v4 Regression Tests[2m > [22m[2mTable Permissions[2m > [22m[2mshould update table permission role
[22m[39mGrant permission success, sending 201. Permission: {"id":"6a4b7431-b118-4107-9ac5-f7f9812b63d6","tableId":"3d7b7dee-e05a-44eb-8dab-0275ddb939cd","userId":"other-user-id","role":"read","createdAt":"2025-12-04T18:07:32.644Z"}

[90mstdout[2m | tests/integration/datavault-v4-regression.test.ts[2m > [22m[2mDataVault v4 Regression Tests[2m > [22m[2mTable Permissions[2m > [22m[2mshould update table permission role
[22m[39mupsert result: {"id":"6a4b7431-b118-4107-9ac5-f7f9812b63d6","tableId":"3d7b7dee-e05a-44eb-8dab-0275ddb939cd","userId":"other-user-id","role":"write","createdAt":"2025-12-04T18:07:32.644Z"}

[90mstdout[2m | tests/integration/datavault-v4-regression.test.ts[2m > [22m[2mDataVault v4 Regression Tests[2m > [22m[2mTable Permissions[2m > [22m[2mshould update table permission role
[22m[39mGrant permission success, sending 201. Permission: {"id":"6a4b7431-b118-4107-9ac5-f7f9812b63d6","tableId":"3d7b7dee-e05a-44eb-8dab-0275ddb939cd","userId":"other-user-id","role":"write","createdAt":"2025-12-04T18:07:32.644Z"}

[90mstdout[2m | tests/integration/datavault-v4-regression.test.ts[2m > [22m[2mDataVault v4 Regression Tests[2m > [22m[2mTable Permissions[2m > [22m[2mshould update table permission role
[22m[39mUpdate permission failed: {
  id: [32m'6a4b7431-b118-4107-9ac5-f7f9812b63d6'[39m,
  tableId: [32m'3d7b7dee-e05a-44eb-8dab-0275ddb939cd'[39m,
  userId: [32m'other-user-id'[39m,
  role: [32m'write'[39m,
  createdAt: [32m'2025-12-04T18:07:32.644Z'[39m
}

[90mstdout[2m | tests/integration/datavault-v4-regression.test.ts
[22m[39mâ‰¡Æ’Âºâ•£ Cleaning up test environment...

 [31mÎ“Â¥Â»[39m tests/integration/datavault-v4-regression.test.ts [2m([22m[2m23 tests[22m[2m | [22m[31m6 failed[39m[2m)[22m[33m 11143[2mms[22m[39m
       [33m[2mÎ“Â£Ã´[22m[39m should create a select column with options [33m 436[2mms[22m[39m
       [33m[2mÎ“Â£Ã´[22m[39m should create a multiselect column with options [33m 395[2mms[22m[39m
       [33m[2mÎ“Â£Ã´[22m[39m should validate select value against options [33m 1194[2mms[22m[39m
       [33m[2mÎ“Â£Ã´[22m[39m should validate multiselect values as array [33m 835[2mms[22m[39m
       [33m[2mÎ“Â£Ã´[22m[39m should create an autonumber column with sequence [33m 398[2mms[22m[39m
       [33m[2mÎ“Â£Ã´[22m[39m should format autonumber with prefix [33m 897[2mms[22m[39m
       [33m[2mÎ“Â£Ã´[22m[39m should create a note for a row [33m 351[2mms[22m[39m
       [33m[2mÎ“Â£Ã´[22m[39m should get all notes for a row [33m 760[2mms[22m[39m
       [33m[2mÎ“Â£Ã´[22m[39m should delete a note [33m 683[2mms[22m[39m
       [33m[2mÎ“Â£Ã´[22m[39m should not allow deleting notes by other users [33m 618[2mms[22m[39m
       [33m[2mÎ“Â£Ã´[22m[39m should create an API token [33m 338[2mms[22m[39m
       [32mÎ“Â£Ã´[39m should validate API token scopes[32m 187[2mms[22m[39m
       [33m[2mÎ“Â£Ã´[22m[39m should revoke (delete) an API token [33m 574[2mms[22m[39m
       [32mÎ“Â£Ã´[39m should deny access with expired token[32m 146[2mms[22m[39m
       [33m[2mÎ“Â£Ã´[22m[39m should grant table permission [33m 308[2mms[22m[39m
       [32mÎ“Â£Ã´[39m should list table permissions[32m 252[2mms[22m[39m
       [33m[2mÎ“Â£Ã´[22m[39m should update table permission role [33m 525[2mms[22m[39m
[31m       [31mâ”œÃ¹[31m should revoke table permission[39m[32m 122[2mms[22m[39m
[31m       [31mâ”œÃ¹[31m should enforce RBAC - only owners can manage permissions[39m[32m 237[2mms[22m[39m
[31m       [31mâ”œÃ¹[31m should paginate rows efficiently[39m[32m 233[2mms[22m[39m
[31m       [31mâ”œÃ¹[31m should return user-friendly error for invalid column type[39m[32m 212[2mms[22m[39m
[31m       [31mâ”œÃ¹[31m should return user-friendly error for missing required fields[39m[32m 229[2mms[22m[39m
[31m       [31mâ”œÃ¹[31m should handle network errors gracefully[39m[32m 217[2mms[22m[39m

Î“Ã„Â»Î“Ã„Â»Î“Ã„Â»Î“Ã„Â»Î“Ã„Â»Î“Ã„Â»Î“Ã„Â» Failed Tests 6 Î“Ã„Â»Î“Ã„Â»Î“Ã„Â»Î“Ã„Â»Î“Ã„Â»Î“Ã„Â»Î“Ã„Â»

 FAIL  tests/integration/datavault-v4-regression.test.ts > DataVault v4 Regression Tests > Table Permissions > should revoke table permission
 FAIL  tests/integration/datavault-v4-regression.test.ts > DataVault v4 Regression Tests > Table Permissions > should enforce RBAC - only owners can manage permissions
 FAIL  tests/integration/datavault-v4-regression.test.ts > DataVault v4 Regression Tests > Grid Performance > should paginate rows efficiently
 FAIL  tests/integration/datavault-v4-regression.test.ts > DataVault v4 Regression Tests > Error Handling > should return user-friendly error for invalid column type
 FAIL  tests/integration/datavault-v4-regression.test.ts > DataVault v4 Regression Tests > Error Handling > should return user-friendly error for missing required fields
 FAIL  tests/integration/datavault-v4-regression.test.ts > DataVault v4 Regression Tests > Error Handling > should handle network errors gracefully
error: insert or update on table "datavault_tables" violates foreign key constraint "datavault_tables_owner_user_id_users_id_fk"
 Î“Â¥Â» node_modules/@neondatabase/serverless/index.mjs:1345:74
 Î“Â¥Â» NeonPreparedQuery.execute node_modules/drizzle-orm/neon-serverless/session.js:76:20
 Î“Â¥Â» tests/integration/datavault-v4-regression.test.ts:271:21
    269|     testDatabaseId = database.id;
    270| 
    271|     const [table] = await db.insert(datavaultTables).values({
       |                     ^
    272|       name: 'Test Table',
    273|       slug: 'test-table-' + uniqueSuffix,

Î“Ã„Â»Î“Ã„Â»Î“Ã„Â»Î“Ã„Â»Î“Ã„Â»Î“Ã„Â»Î“Ã„Â»Î“Ã„Â»Î“Ã„Â»Î“Ã„Â»Î“Ã„Â»Î“Ã„Â»Î“Ã„Â»Î“Ã„Â»Î“Ã„Â»Î“Ã„Â»Î“Ã„Â»Î“Ã„Â»Î“Ã„Â»Î“Ã„Â»Î“Ã„Â»Î“Ã„Â»Î“Ã„Â»Î“Ã„Â»[1/6]Î“Ã„Â»


[2m Test Files [22m [1m[31m1 failed[39m[22m[90m (1)[39m
[2m      Tests [22m [1m[31m6 failed[39m[22m[2m | [22m[1m[32m17 passed[39m[22m[90m (23)[39m
[2m   Start at [22m 12:07:08
[2m   Duration [22m 23.23s

[1m[41m FAIL [49m[22m [31mTests failed. Watching for file changes...[39m
       [2mpress [22m[1mh[22m[2m to show help[22m[2m, [22m[2mpress [22m[1mq[22m[2m to quit[22m
c[3J[1m[44m RERUN [49m[22m [34m[2mserver/routes/tenant.routes.ts [22m[34mx3 [34m[39m
       [2m Filename pattern: [22m[34mtests/integration/datavault-v4-regression.test.ts[39m

[90mstdout[2m | tests/integration/datavault-v4-regression.test.ts
[22m[39m[dotenv@17.2.3] injecting env (11) from .env -- tip: â‰¡Æ’Ã¹Ã©âˆ©â••Ã… backup and recover secrets: https://dotenvx.com/ops

{"level":40,"time":1764871702107,"env":"test","module":"auth-service","msg":"JWT_SECRET not set - falling back to SESSION_SECRET. This is acceptable for development but should be fixed for production."}
{"level":30,"time":1764871705773,"env":"test","multerImportKeys":["diskStorage","memoryStorage","MulterError"],"multerInstanceKeys":["diskStorage","memoryStorage","MulterError"],"multerInstanceType":"function","uploadKeys":["storage","limits","preservePath","fileFilter"],"uploadType":"object","uploadPrototype":{},"msg":"Debug Multer Import"}
[90mstdout[2m | tests/integration/datavault-v4-regression.test.ts
[22m[39mâ‰¡Æ’ÂºÂ¬ Setting up test environment...

{"level":30,"time":1764871709713,"env":"test","module":"file-routes","outputsDir":"C:\\Users\\scoot\\poll\\VaultLogic\\server\\files\\outputs","msg":"Secure file routes registered"}
{"level":30,"time":1764871709714,"env":"test","module":"ai-routes","msg":"AI workflow generation routes registered"}
{"level":30,"time":1764871709727,"env":"test","module":"collab-server","msg":"Initializing WebSocket collaboration server"}
{"level":40,"time":1764871709727,"env":"test","module":"collab-persistence","msg":"REDIS_URL not configured, multi-instance collab will not work"}
{"level":30,"time":1764871709727,"env":"test","module":"collab-server","msg":"WebSocket collaboration server initialized"}
{"level":30,"time":1764871709727,"env":"test","module":"routes","msg":"Real-time collaboration server initialized"}
{"level":30,"time":1764871710190,"env":"test","module":"auth","hasToken":true,"origin":"http://localhost:5000","ip":"::ffff:127.0.0.1","msg":"OAuth2 login attempt"}
{"level":30,"time":1764871710191,"env":"test","module":"auth","email":"testuser@example.com","msg":"Token verified successfully"}
{"level":30,"time":1764871710243,"env":"test","module":"auth","userId":"google-user-id","msg":"User upserted successfully"}
{"level":30,"time":1764871710344,"env":"test","module":"auth","email":"testuser@example.com","msg":"OAuth2 login successful"}
[90mstdout[2m | tests/integration/datavault-v4-regression.test.ts[2m > [22m[2mDataVault v4 Regression Tests
[22m[39mLogin Status: [33m200[39m
Login Body: {
  "message": "Authentication successful",
  "token": "eyJhbGciOiJIUzI1NiIsInR5cCI6IkpXVCJ9.eyJ1c2VySWQiOiJnb29nbGUtdXNlci1pZCIsImVtYWlsIjoidGVzdHVzZXJAZXhhbXBsZS5jb20iLCJ0ZW5hbnRJZCI6ImZkN2UyNDAxLTZlYTItNDEzZi04NjA4LTEwYzYwMzFlMTJhNiIsInJvbGUiOiJvd25lciIsImlhdCI6MTc2NDg3MTcxMCwiZXhwIjoxNzY1NDc2NTEwfQ.6uUBpqcsB65EzhGDfILiQDKQs8O6VkayIImH7ClVjBI",
  "user": {
    "id": "google-user-id",
    "email": "testuser@example.com",
    "firstName": "Test",
    "lastName": "User",
    "profileImageUrl": "https://example.com/avatar.jpg",
    "tenantId": "fd7e2401-6ea2-413f-8608-10c6031e12a6",
    "tenantRole": "owner"
  }
}

{"level":30,"time":1764871710363,"env":"test","module":"auth","hasToken":true,"origin":"http://localhost:5000","ip":"::ffff:127.0.0.1","msg":"OAuth2 login attempt"}
{"level":30,"time":1764871710363,"env":"test","module":"auth","email":"other@example.com","msg":"Token verified successfully"}
{"level":30,"time":1764871710411,"env":"test","module":"auth","userId":"other-user-id","msg":"User upserted successfully"}
{"level":30,"time":1764871710509,"env":"test","module":"auth","email":"other@example.com","msg":"OAuth2 login successful"}
{"level":50,"time":1764871712647,"env":"test","error":{},"msg":"Error creating DataVault row"}
[90mstdout[2m | tests/integration/datavault-v4-regression.test.ts[2m > [22m[2mDataVault v4 Regression Tests[2m > [22m[2mSelect/Multiselect Columns[2m > [22m[2mshould validate select value against options
[22m[39mRow creation error message: Column 'Status' value must be one of: active, inactive

[90mstdout[2m | tests/integration/datavault-v4-regression.test.ts[2m > [22m[2mDataVault v4 Regression Tests[2m > [22m[2mRow Notes[2m > [22m[2mshould create a note for a row
[22m[39mCreated note: a169b845-2e98-4304-b10f-b6abd12a1492 tenantId: fd7e2401-6ea2-413f-8608-10c6031e12a6 userId: google-user-id

[90mstdout[2m | tests/integration/datavault-v4-regression.test.ts[2m > [22m[2mDataVault v4 Regression Tests[2m > [22m[2mRow Notes[2m > [22m[2mshould get all notes for a row
[22m[39mCreated note: b9a511a3-bf35-48db-87ef-7aff2e6b471c tenantId: fd7e2401-6ea2-413f-8608-10c6031e12a6 userId: google-user-id

[90mstdout[2m | tests/integration/datavault-v4-regression.test.ts[2m > [22m[2mDataVault v4 Regression Tests[2m > [22m[2mRow Notes[2m > [22m[2mshould get all notes for a row
[22m[39mCreated note: 33697652-9273-4879-904c-94931c30a4f9 tenantId: fd7e2401-6ea2-413f-8608-10c6031e12a6 userId: google-user-id

[90mstdout[2m | tests/integration/datavault-v4-regression.test.ts[2m > [22m[2mDataVault v4 Regression Tests[2m > [22m[2mRow Notes[2m > [22m[2mshould delete a note
[22m[39mCreated note: 0c9e50bd-d0f9-42e5-9c2c-3fd66edc54aa tenantId: fd7e2401-6ea2-413f-8608-10c6031e12a6 userId: google-user-id

[90mstdout[2m | tests/integration/datavault-v4-regression.test.ts[2m > [22m[2mDataVault v4 Regression Tests[2m > [22m[2mRow Notes[2m > [22m[2mshould not allow deleting notes by other users
[22m[39mCreated note: 4ca642b6-a186-49b1-b446-92f74e51c66e tenantId: fd7e2401-6ea2-413f-8608-10c6031e12a6 userId: google-user-id

{"level":50,"time":1764871717521,"env":"test","error":{},"msg":"Error deleting row note"}
{"level":40,"time":1764871718936,"env":"test","module":"auth-middleware","path":"/datavault/databases/46e5bf5c-532d-422b-87b5-cb079be8f910/tables","msg":"No valid authentication found"}
[90mstdout[2m | tests/integration/datavault-v4-regression.test.ts[2m > [22m[2mDataVault v4 Regression Tests[2m > [22m[2mTable Permissions[2m > [22m[2mshould grant table permission
[22m[39mupsert result: {"id":"b0082cf0-f04c-43c3-9b85-88bce00d1a09","tableId":"4e431bf8-9730-4799-8477-fdb19823d465","userId":"other-user-id","role":"read","createdAt":"2025-12-04T18:08:40.695Z"}

[90mstdout[2m | tests/integration/datavault-v4-regression.test.ts[2m > [22m[2mDataVault v4 Regression Tests[2m > [22m[2mTable Permissions[2m > [22m[2mshould grant table permission
[22m[39mGrant permission success, sending 201. Permission: {"id":"b0082cf0-f04c-43c3-9b85-88bce00d1a09","tableId":"4e431bf8-9730-4799-8477-fdb19823d465","userId":"other-user-id","role":"read","createdAt":"2025-12-04T18:08:40.695Z"}

[90mstdout[2m | tests/integration/datavault-v4-regression.test.ts
[22m[39mâ‰¡Æ’Âºâ•£ Cleaning up test environment...

 [31mÎ“Â¥Â»[39m tests/integration/datavault-v4-regression.test.ts [2m([22m[2m23 tests[22m[2m | [22m[31m7 failed[39m[2m)[22m[33m 11468[2mms[22m[39m
       [33m[2mÎ“Â£Ã´[22m[39m should create a select column with options [33m 435[2mms[22m[39m
       [33m[2mÎ“Â£Ã´[22m[39m should create a multiselect column with options [33m 432[2mms[22m[39m
       [33m[2mÎ“Â£Ã´[22m[39m should validate select value against options [33m 1271[2mms[22m[39m
       [33m[2mÎ“Â£Ã´[22m[39m should validate multiselect values as array [33m 866[2mms[22m[39m
       [33m[2mÎ“Â£Ã´[22m[39m should create an autonumber column with sequence [33m 409[2mms[22m[39m
       [33m[2mÎ“Â£Ã´[22m[39m should format autonumber with prefix [33m 921[2mms[22m[39m
       [33m[2mÎ“Â£Ã´[22m[39m should create a note for a row [33m 388[2mms[22m[39m
       [33m[2mÎ“Â£Ã´[22m[39m should get all notes for a row [33m 844[2mms[22m[39m
       [33m[2mÎ“Â£Ã´[22m[39m should delete a note [33m 752[2mms[22m[39m
       [33m[2mÎ“Â£Ã´[22m[39m should not allow deleting notes by other users [33m 694[2mms[22m[39m
       [33m[2mÎ“Â£Ã´[22m[39m should create an API token [33m 359[2mms[22m[39m
       [32mÎ“Â£Ã´[39m should validate API token scopes[32m 197[2mms[22m[39m
       [33m[2mÎ“Â£Ã´[22m[39m should revoke (delete) an API token [33m 706[2mms[22m[39m
       [32mÎ“Â£Ã´[39m should deny access with expired token[32m 153[2mms[22m[39m
       [33m[2mÎ“Â£Ã´[22m[39m should grant table permission [33m 331[2mms[22m[39m
       [32mÎ“Â£Ã´[39m should list table permissions[32m 295[2mms[22m[39m
[31m       [31mâ”œÃ¹[31m should update table permission role[39m[32m 89[2mms[22m[39m
[31m       [31mâ”œÃ¹[31m should revoke table permission[39m[32m 236[2mms[22m[39m
[31m       [31mâ”œÃ¹[31m should enforce RBAC - only owners can manage permissions[39m[32m 208[2mms[22m[39m
[31m       [31mâ”œÃ¹[31m should paginate rows efficiently[39m[32m 216[2mms[22m[39m
[31m       [31mâ”œÃ¹[31m should return user-friendly error for invalid column type[39m[32m 217[2mms[22m[39m
[31m       [31mâ”œÃ¹[31m should return user-friendly error for missing required fields[39m[32m 228[2mms[22m[39m
[31m       [31mâ”œÃ¹[31m should handle network errors gracefully[39m[32m 239[2mms[22m[39m

Î“Ã„Â»Î“Ã„Â»Î“Ã„Â»Î“Ã„Â»Î“Ã„Â»Î“Ã„Â»Î“Ã„Â» Failed Tests 7 Î“Ã„Â»Î“Ã„Â»Î“Ã„Â»Î“Ã„Â»Î“Ã„Â»Î“Ã„Â»Î“Ã„Â»

 FAIL  tests/integration/datavault-v4-regression.test.ts > DataVault v4 Regression Tests > Table Permissions > should update table permission role
 FAIL  tests/integration/datavault-v4-regression.test.ts > DataVault v4 Regression Tests > Table Permissions > should revoke table permission
 FAIL  tests/integration/datavault-v4-regression.test.ts > DataVault v4 Regression Tests > Table Permissions > should enforce RBAC - only owners can manage permissions
 FAIL  tests/integration/datavault-v4-regression.test.ts > DataVault v4 Regression Tests > Grid Performance > should paginate rows efficiently
 FAIL  tests/integration/datavault-v4-regression.test.ts > DataVault v4 Regression Tests > Error Handling > should return user-friendly error for invalid column type
 FAIL  tests/integration/datavault-v4-regression.test.ts > DataVault v4 Regression Tests > Error Handling > should return user-friendly error for missing required fields
 FAIL  tests/integration/datavault-v4-regression.test.ts > DataVault v4 Regression Tests > Error Handling > should handle network errors gracefully
error: insert or update on table "datavault_tables" violates foreign key constraint "datavault_tables_owner_user_id_users_id_fk"
 Î“Â¥Â» node_modules/@neondatabase/serverless/index.mjs:1345:74
 Î“Â¥Â» NeonPreparedQuery.execute node_modules/drizzle-orm/neon-serverless/session.js:76:20
 Î“Â¥Â» tests/integration/datavault-v4-regression.test.ts:271:21
    269|     testDatabaseId = database.id;
    270| 
    271|     const [table] = await db.insert(datavaultTables).values({
       |                     ^
    272|       name: 'Test Table',
    273|       slug: 'test-table-' + uniqueSuffix,

Î“Ã„Â»Î“Ã„Â»Î“Ã„Â»Î“Ã„Â»Î“Ã„Â»Î“Ã„Â»Î“Ã„Â»Î“Ã„Â»Î“Ã„Â»Î“Ã„Â»Î“Ã„Â»Î“Ã„Â»Î“Ã„Â»Î“Ã„Â»Î“Ã„Â»Î“Ã„Â»Î“Ã„Â»Î“Ã„Â»Î“Ã„Â»Î“Ã„Â»Î“Ã„Â»Î“Ã„Â»Î“Ã„Â»Î“Ã„Â»[1/7]Î“Ã„Â»


[2m Test Files [22m [1m[31m1 failed[39m[22m[90m (1)[39m
[2m      Tests [22m [1m[31m7 failed[39m[22m[2m | [22m[1m[32m16 passed[39m[22m[90m (23)[39m
[2m   Start at [22m 12:08:17
[2m   Duration [22m 22.47s

[1m[41m FAIL [49m[22m [31mTests failed. Watching for file changes...[39m
       [2mpress [22m[1mh[22m[2m to show help[22m[2m, [22m[2mpress [22m[1mq[22m[2m to quit[22m
c[3J[1m[44m RERUN [49m[22m [34m[2mserver/routes/tenant.routes.ts [22m[34mx4 [34m[39m
       [2m Filename pattern: [22m[34mtests/integration/datavault-v4-regression.test.ts[39m

[90mstdout[2m | tests/integration/datavault-v4-regression.test.ts
[22m[39m[dotenv@17.2.3] injecting env (11) from .env -- tip: Î“ÃœÃ–âˆ©â••Ã…  write to custom object with { processEnv: myObject }

{"level":40,"time":1764871753828,"env":"test","module":"auth-service","msg":"JWT_SECRET not set - falling back to SESSION_SECRET. This is acceptable for development but should be fixed for production."}
{"level":30,"time":1764871757003,"env":"test","multerImportKeys":["diskStorage","memoryStorage","MulterError"],"multerInstanceKeys":["diskStorage","memoryStorage","MulterError"],"multerInstanceType":"function","uploadKeys":["storage","limits","preservePath","fileFilter"],"uploadType":"object","uploadPrototype":{},"msg":"Debug Multer Import"}
[90mstdout[2m | tests/integration/datavault-v4-regression.test.ts
[22m[39mâ‰¡Æ’ÂºÂ¬ Setting up test environment...

{"level":30,"time":1764871760075,"env":"test","module":"file-routes","outputsDir":"C:\\Users\\scoot\\poll\\VaultLogic\\server\\files\\outputs","msg":"Secure file routes registered"}
{"level":30,"time":1764871760076,"env":"test","module":"ai-routes","msg":"AI workflow generation routes registered"}
{"level":30,"time":1764871760086,"env":"test","module":"collab-server","msg":"Initializing WebSocket collaboration server"}
{"level":40,"time":1764871760086,"env":"test","module":"collab-persistence","msg":"REDIS_URL not configured, multi-instance collab will not work"}
{"level":30,"time":1764871760087,"env":"test","module":"collab-server","msg":"WebSocket collaboration server initialized"}
{"level":30,"time":1764871760087,"env":"test","module":"routes","msg":"Real-time collaboration server initialized"}
{"level":30,"time":1764871760550,"env":"test","module":"auth","hasToken":true,"origin":"http://localhost:5000","ip":"::ffff:127.0.0.1","msg":"OAuth2 login attempt"}
{"level":30,"time":1764871760551,"env":"test","module":"auth","email":"testuser@example.com","msg":"Token verified successfully"}
{"level":30,"time":1764871760602,"env":"test","module":"auth","userId":"google-user-id","msg":"User upserted successfully"}
{"level":30,"time":1764871760695,"env":"test","module":"auth","email":"testuser@example.com","msg":"OAuth2 login successful"}
[90mstdout[2m | tests/integration/datavault-v4-regression.test.ts[2m > [22m[2mDataVault v4 Regression Tests
[22m[39mLogin Status: [33m200[39m
Login Body: {
  "message": "Authentication successful",
  "token": "eyJhbGciOiJIUzI1NiIsInR5cCI6IkpXVCJ9.eyJ1c2VySWQiOiJnb29nbGUtdXNlci1pZCIsImVtYWlsIjoidGVzdHVzZXJAZXhhbXBsZS5jb20iLCJ0ZW5hbnRJZCI6ImNlZDI4Mzc1LTU0ODUtNDc4NC05ZTQyLWU1Y2JmMGNlMWIyYiIsInJvbGUiOiJvd25lciIsImlhdCI6MTc2NDg3MTc2MCwiZXhwIjoxNzY1NDc2NTYwfQ.iBgiTH_2zWzlfyFxR8HjcIJNvdR-XUDDM6G3pRFPua0",
  "user": {
    "id": "google-user-id",
    "email": "testuser@example.com",
    "firstName": "Test",
    "lastName": "User",
    "profileImageUrl": "https://example.com/avatar.jpg",
    "tenantId": "ced28375-5485-4784-9e42-e5cbf0ce1b2b",
    "tenantRole": "owner"
  }
}

{"level":30,"time":1764871760711,"env":"test","module":"auth","hasToken":true,"origin":"http://localhost:5000","ip":"::ffff:127.0.0.1","msg":"OAuth2 login attempt"}
{"level":30,"time":1764871760712,"env":"test","module":"auth","email":"other@example.com","msg":"Token verified successfully"}
{"level":30,"time":1764871760764,"env":"test","module":"auth","userId":"other-user-id","msg":"User upserted successfully"}
{"level":30,"time":1764871760860,"env":"test","module":"auth","email":"other@example.com","msg":"OAuth2 login successful"}
{"level":50,"time":1764871761105,"env":"test","error":{},"msg":"Error creating DataVault column"}
{"level":50,"time":1764871761358,"env":"test","error":{},"msg":"Error creating DataVault column"}
{"level":50,"time":1764871761600,"env":"test","error":{},"msg":"Error creating DataVault column"}
{"level":50,"time":1764871761746,"env":"test","error":{},"msg":"Error creating DataVault row"}
[90mstdout[2m | tests/integration/datavault-v4-regression.test.ts[2m > [22m[2mDataVault v4 Regression Tests[2m > [22m[2mSelect/Multiselect Columns[2m > [22m[2mshould validate select value against options
[22m[39mRow creation error message: Access denied - write permission required

{"level":50,"time":1764871761986,"env":"test","error":{},"msg":"Error creating DataVault column"}
{"level":50,"time":1764871762138,"env":"test","error":{},"msg":"Error creating DataVault row"}
[90mstdout[2m | tests/integration/datavault-v4-regression.test.ts[2m > [22m[2mDataVault v4 Regression Tests[2m > [22m[2mSelect/Multiselect Columns[2m > [22m[2mshould validate multiselect values as array
[22m[39mRow creation error message: Access denied - write permission required

{"level":50,"time":1764871762405,"env":"test","error":{},"msg":"Error creating DataVault column"}
{"level":50,"time":1764871762643,"env":"test","error":{},"msg":"Error creating DataVault column"}
{"level":50,"time":1764871762783,"env":"test","error":{},"msg":"Error creating DataVault row"}
[90mstdout[2m | tests/integration/datavault-v4-regression.test.ts[2m > [22m[2mDataVault v4 Regression Tests[2m > [22m[2mAutonumber Columns[2m > [22m[2mshould format autonumber with prefix
[22m[39mRow creation error message: Access denied - write permission required

{"level":50,"time":1764871763109,"env":"test","error":{},"msg":"Error creating row note"}
{"level":50,"time":1764871763430,"env":"test","error":{},"msg":"Error creating row note"}
{"level":50,"time":1764871763614,"env":"test","error":{},"msg":"Error creating row note"}
{"level":50,"time":1764871763804,"env":"test","error":{},"msg":"Error fetching row notes"}
{"level":50,"time":1764871764140,"env":"test","error":{},"msg":"Error creating row note"}
{"level":50,"time":1764871764286,"env":"test","error":{"length":141,"name":"error","severity":"ERROR","code":"22P02","where":"unnamed portal parameter $1 = '...'","file":"uuid.c","line":"138","routine":"string_to_uuid"},"msg":"Error deleting row note"}
{"level":50,"time":1764871764763,"env":"test","error":{},"msg":"Error creating row note"}
{"level":50,"time":1764871764907,"env":"test","error":{"length":141,"name":"error","severity":"ERROR","code":"22P02","where":"unnamed portal parameter $1 = '...'","file":"uuid.c","line":"138","routine":"string_to_uuid"},"msg":"Error deleting row note"}
{"level":50,"time":1764871765267,"env":"test","error":{},"databaseId":"d9621c36-5d10-4c2f-8897-579adb83c05d","msg":"Error creating API token"}
{"level":50,"time":1764871765677,"env":"test","error":{},"databaseId":"0c1135c1-d3d3-46a8-a75e-e90bac529d53","msg":"Error creating API token"}
{"level":40,"time":1764871765826,"env":"test","module":"auth-middleware","path":"/datavault/databases/a7bcc8b9-2c37-4fde-9706-7f40ac5bfa0e/tables","msg":"No valid authentication found"}
{"level":50,"time":1764871766057,"env":"test","error":{},"msg":"Error granting table permission"}
[90mstdout[2m | tests/integration/datavault-v4-regression.test.ts[2m > [22m[2mDataVault v4 Regression Tests[2m > [22m[2mTable Permissions[2m > [22m[2mshould grant table permission
[22m[39mGrant permission catch block entered Error: Access denied - owner permission required
    at DatavaultTablePermissionsService.requirePermission (C:/Users/scoot/poll/VaultLogic/server/services/DatavaultTablePermissionsService.ts:108:13)
[90m    at processTicksAndRejections (node:internal/process/task_queues:103:5)[39m
    at DatavaultTablePermissionsService.grantPermission (C:/Users/scoot/poll/VaultLogic/server/services/DatavaultTablePermissionsService.ts:138:5)
    at C:/Users/scoot/poll/VaultLogic/server/routes/datavault.routes.ts:1155:26

{"level":50,"time":1764871766286,"env":"test","error":{},"msg":"Error fetching table permissions"}
{"level":50,"time":1764871766503,"env":"test","error":{},"msg":"Error granting table permission"}
[90mstdout[2m | tests/integration/datavault-v4-regression.test.ts[2m > [22m[2mDataVault v4 Regression Tests[2m > [22m[2mTable Permissions[2m > [22m[2mshould update table permission role
[22m[39mGrant permission catch block entered Error: Access denied - owner permission required
    at DatavaultTablePermissionsService.requirePermission (C:/Users/scoot/poll/VaultLogic/server/services/DatavaultTablePermissionsService.ts:108:13)
[90m    at processTicksAndRejections (node:internal/process/task_queues:103:5)[39m
    at DatavaultTablePermissionsService.grantPermission (C:/Users/scoot/poll/VaultLogic/server/services/DatavaultTablePermissionsService.ts:138:5)
    at C:/Users/scoot/poll/VaultLogic/server/routes/datavault.routes.ts:1155:26

{"level":50,"time":1764871766635,"env":"test","error":{},"msg":"Error granting table permission"}
[90mstdout[2m | tests/integration/datavault-v4-regression.test.ts[2m > [22m[2mDataVault v4 Regression Tests[2m > [22m[2mTable Permissions[2m > [22m[2mshould update table permission role
[22m[39mGrant permission catch block entered Error: Access denied - owner permission required
    at DatavaultTablePermissionsService.requirePermission (C:/Users/scoot/poll/VaultLogic/server/services/DatavaultTablePermissionsService.ts:108:13)
[90m    at processTicksAndRejections (node:internal/process/task_queues:103:5)[39m
    at DatavaultTablePermissionsService.grantPermission (C:/Users/scoot/poll/VaultLogic/server/services/DatavaultTablePermissionsService.ts:138:5)
    at C:/Users/scoot/poll/VaultLogic/server/routes/datavault.routes.ts:1155:26

[90mstdout[2m | tests/integration/datavault-v4-regression.test.ts[2m > [22m[2mDataVault v4 Regression Tests[2m > [22m[2mTable Permissions[2m > [22m[2mshould update table permission role
[22m[39mUpdate permission failed: { message: [32m'Access denied - owner permission required'[39m }

{"level":50,"time":1764871766863,"env":"test","error":{},"msg":"Error granting table permission"}
[90mstdout[2m | tests/integration/datavault-v4-regression.test.ts[2m > [22m[2mDataVault v4 Regression Tests[2m > [22m[2mTable Permissions[2m > [22m[2mshould revoke table permission
[22m[39mGrant permission catch block entered Error: Access denied - owner permission required
    at DatavaultTablePermissionsService.requirePermission (C:/Users/scoot/poll/VaultLogic/server/services/DatavaultTablePermissionsService.ts:108:13)
[90m    at processTicksAndRejections (node:internal/process/task_queues:103:5)[39m
    at DatavaultTablePermissionsService.grantPermission (C:/Users/scoot/poll/VaultLogic/server/services/DatavaultTablePermissionsService.ts:138:5)
    at C:/Users/scoot/poll/VaultLogic/server/routes/datavault.routes.ts:1155:26

[90mstdout[2m | tests/integration/datavault-v4-regression.test.ts[2m > [22m[2mDataVault v4 Regression Tests[2m > [22m[2mTable Permissions[2m > [22m[2mshould revoke table permission
[22m[39mrevokePermission called for permission: undefined

{"level":50,"time":1764871766998,"env":"test","error":{},"msg":"Error revoking table permission"}
{"level":50,"time":1764871767234,"env":"test","error":{},"msg":"Error granting table permission"}
[90mstdout[2m | tests/integration/datavault-v4-regression.test.ts[2m > [22m[2mDataVault v4 Regression Tests[2m > [22m[2mTable Permissions[2m > [22m[2mshould enforce RBAC - only owners can manage permissions
[22m[39mGrant permission catch block entered Error: Access denied - owner permission required
    at DatavaultTablePermissionsService.requirePermission (C:/Users/scoot/poll/VaultLogic/server/services/DatavaultTablePermissionsService.ts:108:13)
[90m    at processTicksAndRejections (node:internal/process/task_queues:103:5)[39m
    at DatavaultTablePermissionsService.grantPermission (C:/Users/scoot/poll/VaultLogic/server/services/DatavaultTablePermissionsService.ts:138:5)
    at C:/Users/scoot/poll/VaultLogic/server/routes/datavault.routes.ts:1155:26

{"level":50,"time":1764871768085,"env":"test","error":{},"msg":"Error fetching DataVault rows"}
{"level":50,"time":1764871768320,"env":"test","error":{},"msg":"Error creating DataVault column"}
{"level":50,"time":1764871768561,"env":"test","error":{},"msg":"Error creating DataVault column"}
{"level":50,"time":1764871768699,"env":"test","error":{},"msg":"Error creating DataVault row"}
[90mstdout[2m | tests/integration/datavault-v4-regression.test.ts[2m > [22m[2mDataVault v4 Regression Tests[2m > [22m[2mError Handling[2m > [22m[2mshould return user-friendly error for missing required fields
[22m[39mRow creation error message: Access denied - write permission required

{"level":50,"time":1764871768940,"env":"test","error":{"length":144,"name":"error","severity":"ERROR","code":"22P02","where":"unnamed portal parameter $1 = '...'","file":"uuid.c","line":"138","routine":"string_to_uuid"},"msg":"Error fetching DataVault rows"}
[90mstdout[2m | tests/integration/datavault-v4-regression.test.ts
[22m[39mâ‰¡Æ’Âºâ•£ Cleaning up test environment...

 [31mÎ“Â¥Â»[39m tests/integration/datavault-v4-regression.test.ts [2m([22m[2m23 tests[22m[2m | [22m[31m19 failed[39m[2m)[22m[33m 8923[2mms[22m[39m
[31m       [31mâ”œÃ¹[31m should create a select column with options[39m[32m 251[2mms[22m[39m
[31m       [31mâ”œÃ¹[31m should create a multiselect column with options[39m[32m 249[2mms[22m[39m
[31m       [31mâ”œÃ¹[31m should validate select value against options[39m[33m 387[2mms[22m[39m
[31m       [31mâ”œÃ¹[31m should validate multiselect values as array[39m[33m 393[2mms[22m[39m
[31m       [31mâ”œÃ¹[31m should create an autonumber column with sequence[39m[32m 264[2mms[22m[39m
[31m       [31mâ”œÃ¹[31m should format autonumber with prefix[39m[33m 377[2mms[22m[39m
[31m       [31mâ”œÃ¹[31m should create a note for a row[39m[33m 327[2mms[22m[39m
[31m       [31mâ”œÃ¹[31m should get all notes for a row[39m[33m 696[2mms[22m[39m
[31m       [31mâ”œÃ¹[31m should delete a note[39m[33m 481[2mms[22m[39m
[31m       [31mâ”œÃ¹[31m should not allow deleting notes by other users[39m[33m 621[2mms[22m[39m
[31m       [31mâ”œÃ¹[31m should create an API token[39m[33m 360[2mms[22m[39m
       [32mÎ“Â£Ã´[39m should validate API token scopes[32m 185[2mms[22m[39m
[31m       [31mâ”œÃ¹[31m should revoke (delete) an API token[39m[32m 225[2mms[22m[39m
       [32mÎ“Â£Ã´[39m should deny access with expired token[32m 148[2mms[22m[39m
[31m       [31mâ”œÃ¹[31m should grant table permission[39m[32m 232[2mms[22m[39m
[31m       [31mâ”œÃ¹[31m should list table permissions[39m[32m 229[2mms[22m[39m
[31m       [31mâ”œÃ¹[31m should update table permission role[39m[33m 349[2mms[22m[39m
[31m       [31mâ”œÃ¹[31m should revoke table permission[39m[33m 363[2mms[22m[39m
       [32mÎ“Â£Ã´[39m should enforce RBAC - only owners can manage permissions[32m 237[2mms[22m[39m
[31m       [31mâ”œÃ¹[31m should paginate rows efficiently[39m[33m 851[2mms[22m[39m
[31m       [31mâ”œÃ¹[31m should return user-friendly error for invalid column type[39m[32m 235[2mms[22m[39m
[31m       [31mâ”œÃ¹[31m should return user-friendly error for missing required fields[39m[33m 380[2mms[22m[39m
       [32mÎ“Â£Ã´[39m should handle network errors gracefully[32m 240[2mms[22m[39m

Î“Ã„Â»Î“Ã„Â»Î“Ã„Â»Î“Ã„Â»Î“Ã„Â»Î“Ã„Â» Failed Tests 19 Î“Ã„Â»Î“Ã„Â»Î“Ã„Â»Î“Ã„Â»Î“Ã„Â»Î“Ã„Â»Î“Ã„Â»

 FAIL  tests/integration/datavault-v4-regression.test.ts > DataVault v4 Regression Tests > Select/Multiselect Columns > should create a select column with options
AssertionError: expected 403 to be 201 // Object.is equality

- Expected
+ Received

- 201
+ 403

 Î“Â¥Â» tests/integration/datavault-v4-regression.test.ts:298:31
    296|         });
    297| 
    298|       expect(response.status).toBe(201);
       |                               ^
    299|       expect(response.body).toBeDefined();
    300|       expect(response.body.type).toBe('select');

Î“Ã„Â»Î“Ã„Â»Î“Ã„Â»Î“Ã„Â»Î“Ã„Â»Î“Ã„Â»Î“Ã„Â»Î“Ã„Â»Î“Ã„Â»Î“Ã„Â»Î“Ã„Â»Î“Ã„Â»Î“Ã„Â»Î“Ã„Â»Î“Ã„Â»Î“Ã„Â»Î“Ã„Â»Î“Ã„Â»Î“Ã„Â»Î“Ã„Â»Î“Ã„Â»Î“Ã„Â»Î“Ã„Â»[1/19]Î“Ã„Â»

 FAIL  tests/integration/datavault-v4-regression.test.ts > DataVault v4 Regression Tests > Select/Multiselect Columns > should create a multiselect column with options
AssertionError: expected 403 to be 201 // Object.is equality

- Expected
+ Received

- 201
+ 403

 Î“Â¥Â» tests/integration/datavault-v4-regression.test.ts:321:31
    319|         });
    320| 
    321|       expect(response.status).toBe(201);
       |                               ^
    322|       expect(response.body).toBeDefined();
    323|       expect(response.body.type).toBe('multiselect');

Î“Ã„Â»Î“Ã„Â»Î“Ã„Â»Î“Ã„Â»Î“Ã„Â»Î“Ã„Â»Î“Ã„Â»Î“Ã„Â»Î“Ã„Â»Î“Ã„Â»Î“Ã„Â»Î“Ã„Â»Î“Ã„Â»Î“Ã„Â»Î“Ã„Â»Î“Ã„Â»Î“Ã„Â»Î“Ã„Â»Î“Ã„Â»Î“Ã„Â»Î“Ã„Â»Î“Ã„Â»Î“Ã„Â»[2/19]Î“Ã„Â»

 FAIL  tests/integration/datavault-v4-regression.test.ts > DataVault v4 Regression Tests > Select/Multiselect Columns > should validate select value against options
AssertionError: expected 403 to be 201 // Object.is equality

- Expected
+ Received

- 201
+ 403

 Î“Â¥Â» tests/integration/datavault-v4-regression.test.ts:356:36
    354|         });
    355| 
    356|       expect(validResponse.status).toBe(201);
       |                                    ^
    357| 
    358|       // Create row with invalid value should fail

Î“Ã„Â»Î“Ã„Â»Î“Ã„Â»Î“Ã„Â»Î“Ã„Â»Î“Ã„Â»Î“Ã„Â»Î“Ã„Â»Î“Ã„Â»Î“Ã„Â»Î“Ã„Â»Î“Ã„Â»Î“Ã„Â»Î“Ã„Â»Î“Ã„Â»Î“Ã„Â»Î“Ã„Â»Î“Ã„Â»Î“Ã„Â»Î“Ã„Â»Î“Ã„Â»Î“Ã„Â»Î“Ã„Â»[3/19]Î“Ã„Â»

 FAIL  tests/integration/datavault-v4-regression.test.ts > DataVault v4 Regression Tests > Select/Multiselect Columns > should validate multiselect values as array
AssertionError: expected 403 to be 201 // Object.is equality

- Expected
+ Received

- 201
+ 403

 Î“Â¥Â» tests/integration/datavault-v4-regression.test.ts:401:36
    399|         });
    400| 
    401|       expect(validResponse.status).toBe(201);
       |                                    ^
    402|       expect(validResponse.body.values[testColumnId]).toEqual(['urgentÎ“Ã‡Âª
    403|     });

Î“Ã„Â»Î“Ã„Â»Î“Ã„Â»Î“Ã„Â»Î“Ã„Â»Î“Ã„Â»Î“Ã„Â»Î“Ã„Â»Î“Ã„Â»Î“Ã„Â»Î“Ã„Â»Î“Ã„Â»Î“Ã„Â»Î“Ã„Â»Î“Ã„Â»Î“Ã„Â»Î“Ã„Â»Î“Ã„Â»Î“Ã„Â»Î“Ã„Â»Î“Ã„Â»Î“Ã„Â»Î“Ã„Â»[4/19]Î“Ã„Â»

 FAIL  tests/integration/datavault-v4-regression.test.ts > DataVault v4 Regression Tests > Autonumber Columns > should create an autonumber column with sequence
AssertionError: expected 403 to be 201 // Object.is equality

- Expected
+ Received

- 201
+ 403

 Î“Â¥Â» tests/integration/datavault-v4-regression.test.ts:421:31
    419|         });
    420| 
    421|       expect(response.status).toBe(201);
       |                               ^
    422|       expect(response.body).toBeDefined();
    423|       expect(response.body.type).toBe('autonumber');

Î“Ã„Â»Î“Ã„Â»Î“Ã„Â»Î“Ã„Â»Î“Ã„Â»Î“Ã„Â»Î“Ã„Â»Î“Ã„Â»Î“Ã„Â»Î“Ã„Â»Î“Ã„Â»Î“Ã„Â»Î“Ã„Â»Î“Ã„Â»Î“Ã„Â»Î“Ã„Â»Î“Ã„Â»Î“Ã„Â»Î“Ã„Â»Î“Ã„Â»Î“Ã„Â»Î“Ã„Â»Î“Ã„Â»[5/19]Î“Ã„Â»

 FAIL  tests/integration/datavault-v4-regression.test.ts > DataVault v4 Regression Tests > Autonumber Columns > should format autonumber with prefix
AssertionError: expected 403 to be 201 // Object.is equality

- Expected
+ Received

- 201
+ 403

 Î“Â¥Â» tests/integration/datavault-v4-regression.test.ts:455:34
    453|         .send({ values: {} });
    454| 
    455|       expect(rowResponse.status).toBe(201);
       |                                  ^
    456|       // Check if formatted value is stored or displayed
    457|       // This depends on implementation - adjust as needed

Î“Ã„Â»Î“Ã„Â»Î“Ã„Â»Î“Ã„Â»Î“Ã„Â»Î“Ã„Â»Î“Ã„Â»Î“Ã„Â»Î“Ã„Â»Î“Ã„Â»Î“Ã„Â»Î“Ã„Â»Î“Ã„Â»Î“Ã„Â»Î“Ã„Â»Î“Ã„Â»Î“Ã„Â»Î“Ã„Â»Î“Ã„Â»Î“Ã„Â»Î“Ã„Â»Î“Ã„Â»Î“Ã„Â»[6/19]Î“Ã„Â»

 FAIL  tests/integration/datavault-v4-regression.test.ts > DataVault v4 Regression Tests > Row Notes > should create a note for a row
AssertionError: expected 403 to be 201 // Object.is equality

- Expected
+ Received

- 201
+ 403

 Î“Â¥Â» tests/integration/datavault-v4-regression.test.ts:481:31
    479|         });
    480| 
    481|       expect(response.status).toBe(201);
       |                               ^
    482|       expect(response.body).toBeDefined();
    483|       expect(response.body.text).toBe('This is a test note');

Î“Ã„Â»Î“Ã„Â»Î“Ã„Â»Î“Ã„Â»Î“Ã„Â»Î“Ã„Â»Î“Ã„Â»Î“Ã„Â»Î“Ã„Â»Î“Ã„Â»Î“Ã„Â»Î“Ã„Â»Î“Ã„Â»Î“Ã„Â»Î“Ã„Â»Î“Ã„Â»Î“Ã„Â»Î“Ã„Â»Î“Ã„Â»Î“Ã„Â»Î“Ã„Â»Î“Ã„Â»Î“Ã„Â»[7/19]Î“Ã„Â»

 FAIL  tests/integration/datavault-v4-regression.test.ts > DataVault v4 Regression Tests > Row Notes > should get all notes for a row
AssertionError: expected 403 to be 200 // Object.is equality

- Expected
+ Received

- 200
+ 403

 Î“Â¥Â» tests/integration/datavault-v4-regression.test.ts:507:31
    505|         .set('Cookie', authCookie);
    506| 
    507|       expect(response.status).toBe(200);
       |                               ^
    508|       expect(response.body).toHaveLength(2);
    509|     });

Î“Ã„Â»Î“Ã„Â»Î“Ã„Â»Î“Ã„Â»Î“Ã„Â»Î“Ã„Â»Î“Ã„Â»Î“Ã„Â»Î“Ã„Â»Î“Ã„Â»Î“Ã„Â»Î“Ã„Â»Î“Ã„Â»Î“Ã„Â»Î“Ã„Â»Î“Ã„Â»Î“Ã„Â»Î“Ã„Â»Î“Ã„Â»Î“Ã„Â»Î“Ã„Â»Î“Ã„Â»Î“Ã„Â»[8/19]Î“Ã„Â»

 FAIL  tests/integration/datavault-v4-regression.test.ts > DataVault v4 Regression Tests > Row Notes > should delete a note
AssertionError: expected 500 to be 200 // Object.is equality

- Expected
+ Received

- 200
+ 500

 Î“Â¥Â» tests/integration/datavault-v4-regression.test.ts:527:37
    525|         .set('Cookie', authCookie);
    526| 
    527|       expect(deleteResponse.status).toBe(200);
       |                                     ^
    528| 
    529|       // Verify note is deleted

Î“Ã„Â»Î“Ã„Â»Î“Ã„Â»Î“Ã„Â»Î“Ã„Â»Î“Ã„Â»Î“Ã„Â»Î“Ã„Â»Î“Ã„Â»Î“Ã„Â»Î“Ã„Â»Î“Ã„Â»Î“Ã„Â»Î“Ã„Â»Î“Ã„Â»Î“Ã„Â»Î“Ã„Â»Î“Ã„Â»Î“Ã„Â»Î“Ã„Â»Î“Ã„Â»Î“Ã„Â»Î“Ã„Â»[9/19]Î“Ã„Â»

 FAIL  tests/integration/datavault-v4-regression.test.ts > DataVault v4 Regression Tests > Row Notes > should not allow deleting notes by other users
AssertionError: expected 500 to be 403 // Object.is equality

- Expected
+ Received

- 403
+ 500

 Î“Â¥Â» tests/integration/datavault-v4-regression.test.ts:554:37
    552|         .set('Cookie', otherUserCookie);
    553| 
    554|       expect(deleteResponse.status).toBe(403);
       |                                     ^
    555|     });
    556|   });

Î“Ã„Â»Î“Ã„Â»Î“Ã„Â»Î“Ã„Â»Î“Ã„Â»Î“Ã„Â»Î“Ã„Â»Î“Ã„Â»Î“Ã„Â»Î“Ã„Â»Î“Ã„Â»Î“Ã„Â»Î“Ã„Â»Î“Ã„Â»Î“Ã„Â»Î“Ã„Â»Î“Ã„Â»Î“Ã„Â»Î“Ã„Â»Î“Ã„Â»Î“Ã„Â»Î“Ã„Â»[10/19]Î“Ã„Â»

 FAIL  tests/integration/datavault-v4-regression.test.ts > DataVault v4 Regression Tests > API Tokens > should create an API token
AssertionError: expected 403 to be 201 // Object.is equality

- Expected
+ Received

- 201
+ 403

 Î“Â¥Â» tests/integration/datavault-v4-regression.test.ts:574:31
    572|       // Assuming DB exists (created in beforeAll).
    573|       // If 404 persists, we might need to debug route registration.
    574|       expect(response.status).toBe(201);
       |                               ^
    575|       expect(response.body).toBeDefined();
    576|       // plainToken is not returned in the object, it might be separatÎ“Ã‡Âª

Î“Ã„Â»Î“Ã„Â»Î“Ã„Â»Î“Ã„Â»Î“Ã„Â»Î“Ã„Â»Î“Ã„Â»Î“Ã„Â»Î“Ã„Â»Î“Ã„Â»Î“Ã„Â»Î“Ã„Â»Î“Ã„Â»Î“Ã„Â»Î“Ã„Â»Î“Ã„Â»Î“Ã„Â»Î“Ã„Â»Î“Ã„Â»Î“Ã„Â»Î“Ã„Â»Î“Ã„Â»[11/19]Î“Ã„Â»

 FAIL  tests/integration/datavault-v4-regression.test.ts > DataVault v4 Regression Tests > API Tokens > should revoke (delete) an API token
TypeError: Cannot read properties of undefined (reading 'id')
 Î“Â¥Â» tests/integration/datavault-v4-regression.test.ts:608:49
    606|         });
    607| 
    608|       const tokenId = createResponse.body.token.id;
       |                                                 ^
    609| 
    610|       // Revoke token

Î“Ã„Â»Î“Ã„Â»Î“Ã„Â»Î“Ã„Â»Î“Ã„Â»Î“Ã„Â»Î“Ã„Â»Î“Ã„Â»Î“Ã„Â»Î“Ã„Â»Î“Ã„Â»Î“Ã„Â»Î“Ã„Â»Î“Ã„Â»Î“Ã„Â»Î“Ã„Â»Î“Ã„Â»Î“Ã„Â»Î“Ã„Â»Î“Ã„Â»Î“Ã„Â»Î“Ã„Â»[12/19]Î“Ã„Â»

 FAIL  tests/integration/datavault-v4-regression.test.ts > DataVault v4 Regression Tests > Table Permissions > should grant table permission
AssertionError: expected 403 to be 201 // Object.is equality

- Expected
+ Received

- 201
+ 403

 Î“Â¥Â» tests/integration/datavault-v4-regression.test.ts:668:31
    666|         });
    667| 
    668|       expect(response.status).toBe(201);
       |                               ^
    669|       expect(response.body).toBeDefined();
    670|       expect(response.body.role).toBe('read');

Î“Ã„Â»Î“Ã„Â»Î“Ã„Â»Î“Ã„Â»Î“Ã„Â»Î“Ã„Â»Î“Ã„Â»Î“Ã„Â»Î“Ã„Â»Î“Ã„Â»Î“Ã„Â»Î“Ã„Â»Î“Ã„Â»Î“Ã„Â»Î“Ã„Â»Î“Ã„Â»Î“Ã„Â»Î“Ã„Â»Î“Ã„Â»Î“Ã„Â»Î“Ã„Â»Î“Ã„Â»[13/19]Î“Ã„Â»

 FAIL  tests/integration/datavault-v4-regression.test.ts > DataVault v4 Regression Tests > Table Permissions > should list table permissions
AssertionError: expected 403 to be 200 // Object.is equality

- Expected
+ Received

- 200
+ 403

 Î“Â¥Â» tests/integration/datavault-v4-regression.test.ts:680:31
    678|         .set('Cookie', authCookie);
    679| 
    680|       expect(response.status).toBe(200);
       |                               ^
    681|       expect(response.body).toBeDefined();
    682|       expect(Array.isArray(response.body)).toBe(true);

Î“Ã„Â»Î“Ã„Â»Î“Ã„Â»Î“Ã„Â»Î“Ã„Â»Î“Ã„Â»Î“Ã„Â»Î“Ã„Â»Î“Ã„Â»Î“Ã„Â»Î“Ã„Â»Î“Ã„Â»Î“Ã„Â»Î“Ã„Â»Î“Ã„Â»Î“Ã„Â»Î“Ã„Â»Î“Ã„Â»Î“Ã„Â»Î“Ã„Â»Î“Ã„Â»Î“Ã„Â»[14/19]Î“Ã„Â»

 FAIL  tests/integration/datavault-v4-regression.test.ts > DataVault v4 Regression Tests > Table Permissions > should update table permission role
AssertionError: expected 403 to be 201 // Object.is equality

- Expected
+ Received

- 201
+ 403

 Î“Â¥Â» tests/integration/datavault-v4-regression.test.ts:713:37
    711|         console.log('Update permission failed:', updateResponse.body);
    712|       }
    713|       expect(updateResponse.status).toBe(201);
       |                                     ^
    714|       expect(updateResponse.body.role).toBe('write');
    715|     });

Î“Ã„Â»Î“Ã„Â»Î“Ã„Â»Î“Ã„Â»Î“Ã„Â»Î“Ã„Â»Î“Ã„Â»Î“Ã„Â»Î“Ã„Â»Î“Ã„Â»Î“Ã„Â»Î“Ã„Â»Î“Ã„Â»Î“Ã„Â»Î“Ã„Â»Î“Ã„Â»Î“Ã„Â»Î“Ã„Â»Î“Ã„Â»Î“Ã„Â»Î“Ã„Â»Î“Ã„Â»[15/19]Î“Ã„Â»

 FAIL  tests/integration/datavault-v4-regression.test.ts > DataVault v4 Regression Tests > Table Permissions > should revoke table permission
AssertionError: expected 403 to be 200 // Object.is equality

- Expected
+ Received

- 200
+ 403

 Î“Â¥Â» tests/integration/datavault-v4-regression.test.ts:739:37
    737| 
    738|       // Revoke returns 200 with message
    739|       expect(revokeResponse.status).toBe(200);
       |                                     ^
    740| 
    741|       // Verify permission is deleted

Î“Ã„Â»Î“Ã„Â»Î“Ã„Â»Î“Ã„Â»Î“Ã„Â»Î“Ã„Â»Î“Ã„Â»Î“Ã„Â»Î“Ã„Â»Î“Ã„Â»Î“Ã„Â»Î“Ã„Â»Î“Ã„Â»Î“Ã„Â»Î“Ã„Â»Î“Ã„Â»Î“Ã„Â»Î“Ã„Â»Î“Ã„Â»Î“Ã„Â»Î“Ã„Â»Î“Ã„Â»[16/19]Î“Ã„Â»

 FAIL  tests/integration/datavault-v4-regression.test.ts > DataVault v4 Regression Tests > Grid Performance > should paginate rows efficiently
AssertionError: expected 403 to be 200 // Object.is equality

- Expected
+ Received

- 200
+ 403

 Î“Â¥Â» tests/integration/datavault-v4-regression.test.ts:787:31
    785|         .set('Cookie', authCookie);
    786| 
    787|       expect(response.status).toBe(200);
       |                               ^
    788|       expect(response.body.rows).toHaveLength(25);
    789|       expect(response.body.pagination.total).toBe(100);

Î“Ã„Â»Î“Ã„Â»Î“Ã„Â»Î“Ã„Â»Î“Ã„Â»Î“Ã„Â»Î“Ã„Â»Î“Ã„Â»Î“Ã„Â»Î“Ã„Â»Î“Ã„Â»Î“Ã„Â»Î“Ã„Â»Î“Ã„Â»Î“Ã„Â»Î“Ã„Â»Î“Ã„Â»Î“Ã„Â»Î“Ã„Â»Î“Ã„Â»Î“Ã„Â»Î“Ã„Â»[17/19]Î“Ã„Â»

 FAIL  tests/integration/datavault-v4-regression.test.ts > DataVault v4 Regression Tests > Error Handling > should return user-friendly error for invalid column type
AssertionError: expected 403 to be 400 // Object.is equality

- Expected
+ Received

- 400
+ 403

 Î“Â¥Â» tests/integration/datavault-v4-regression.test.ts:807:31
    805|         });
    806| 
    807|       expect(response.status).toBe(400);
       |                               ^
    808|       expect(response.body.errors).toBeDefined();
    809|       // expect(response.body.error).toContain('Invalid column type');

Î“Ã„Â»Î“Ã„Â»Î“Ã„Â»Î“Ã„Â»Î“Ã„Â»Î“Ã„Â»Î“Ã„Â»Î“Ã„Â»Î“Ã„Â»Î“Ã„Â»Î“Ã„Â»Î“Ã„Â»Î“Ã„Â»Î“Ã„Â»Î“Ã„Â»Î“Ã„Â»Î“Ã„Â»Î“Ã„Â»Î“Ã„Â»Î“Ã„Â»Î“Ã„Â»Î“Ã„Â»[18/19]Î“Ã„Â»

 FAIL  tests/integration/datavault-v4-regression.test.ts > DataVault v4 Regression Tests > Error Handling > should return user-friendly error for missing required fields
AssertionError: expected 403 to be 400 // Object.is equality

- Expected
+ Received

- 400
+ 403

 Î“Â¥Â» tests/integration/datavault-v4-regression.test.ts:834:31
    832| 
    833|       // Improved error handling returns 400
    834|       expect(response.status).toBe(400);
       |                               ^
    835|       expect(response.body.message).toBeDefined();
    836|       expect(response.body.message).toContain('Required');

Î“Ã„Â»Î“Ã„Â»Î“Ã„Â»Î“Ã„Â»Î“Ã„Â»Î“Ã„Â»Î“Ã„Â»Î“Ã„Â»Î“Ã„Â»Î“Ã„Â»Î“Ã„Â»Î“Ã„Â»Î“Ã„Â»Î“Ã„Â»Î“Ã„Â»Î“Ã„Â»Î“Ã„Â»Î“Ã„Â»Î“Ã„Â»Î“Ã„Â»Î“Ã„Â»Î“Ã„Â»[19/19]Î“Ã„Â»


[2m Test Files [22m [1m[31m1 failed[39m[22m[90m (1)[39m
[2m      Tests [22m [1m[31m19 failed[39m[22m[2m | [22m[1m[32m4 passed[39m[22m[90m (23)[39m
[2m   Start at [22m 12:09:08
[2m   Duration [22m 19.52s

[1m[41m FAIL [49m[22m [31mTests failed. Watching for file changes...[39m
       [2mpress [22m[1mh[22m[2m to show help[22m[2m, [22m[2mpress [22m[1mq[22m[2m to quit[22m
c[3J[1m[44m RERUN [49m[22m [34m[2mtests/setup.ts [22m[34mx5 [34m[39m
       [2m Filename pattern: [22m[34mtests/integration/datavault-v4-regression.test.ts[39m

[90mstdout[2m | tests/integration/datavault-v4-regression.test.ts
[22m[39m[dotenv@17.2.3] injecting env (13) from .env -- tip: â‰¡Æ’Ã¹Ã©âˆ©â••Ã… backup and recover secrets: https://dotenvx.com/ops

{"level":40,"time":1764873689159,"env":"test","module":"auth-service","msg":"JWT_SECRET not set - falling back to SESSION_SECRET. This is acceptable for development but should be fixed for production."}
{"level":30,"time":1764873691813,"env":"test","multerImportKeys":["diskStorage","memoryStorage","MulterError"],"multerInstanceKeys":["diskStorage","memoryStorage","MulterError"],"multerInstanceType":"function","uploadKeys":["storage","limits","preservePath","fileFilter"],"uploadType":"object","uploadPrototype":{},"msg":"Debug Multer Import"}
[90mstdout[2m | tests/integration/datavault-v4-regression.test.ts
[22m[39mâ‰¡Æ’ÂºÂ¬ Setting up test environment...

[90mstdout[2m | tests/integration/datavault-v4-regression.test.ts
[22m[39mÎ“Â£Ã  Database initialized for tests

{"level":30,"time":1764873696727,"env":"test","module":"file-routes","outputsDir":"C:\\Users\\scoot\\poll\\VaultLogic\\server\\files\\outputs","msg":"Secure file routes registered"}
{"level":30,"time":1764873696728,"env":"test","module":"ai-routes","msg":"AI workflow generation routes registered"}
{"level":30,"time":1764873696739,"env":"test","module":"collab-server","msg":"Initializing WebSocket collaboration server"}
{"level":40,"time":1764873696740,"env":"test","module":"collab-persistence","msg":"REDIS_URL not configured, multi-instance collab will not work"}
{"level":30,"time":1764873696740,"env":"test","module":"collab-server","msg":"WebSocket collaboration server initialized"}
{"level":30,"time":1764873696740,"env":"test","module":"routes","msg":"Real-time collaboration server initialized"}
{"level":30,"time":1764873697729,"env":"test","module":"auth","hasToken":true,"origin":"http://localhost:5000","ip":"::ffff:127.0.0.1","msg":"OAuth2 login attempt"}
{"level":30,"time":1764873697730,"env":"test","module":"auth","email":"testuser@example.com","msg":"Token verified successfully"}
{"level":30,"time":1764873697773,"env":"test","module":"auth","userId":"google-user-id","msg":"User upserted successfully"}
{"level":30,"time":1764873697871,"env":"test","module":"auth","email":"testuser@example.com","msg":"OAuth2 login successful"}
[90mstdout[2m | tests/integration/datavault-v4-regression.test.ts[2m > [22m[2mDataVault v4 Regression Tests
[22m[39mLogin Status: [33m200[39m
Login Body: {
  "message": "Authentication successful",
  "token": "eyJhbGciOiJIUzI1NiIsInR5cCI6IkpXVCJ9.eyJ1c2VySWQiOiJnb29nbGUtdXNlci1pZCIsImVtYWlsIjoidGVzdHVzZXJAZXhhbXBsZS5jb20iLCJ0ZW5hbnRJZCI6IjdiMzIzNmQyLTdiYWYtNGNkZS1iZTJkLWI2NmNjODk2NTA1YyIsInJvbGUiOiJvd25lciIsImlhdCI6MTc2NDg3MzY5NywiZXhwIjoxNzY1NDc4NDk3fQ.ePn_M_AbIliNUE-j9kdIPNi5-XCvV_LyHw4X6nIoJTk",
  "user": {
    "id": "google-user-id",
    "email": "testuser@example.com",
    "firstName": "Test",
    "lastName": "User",
    "profileImageUrl": "https://example.com/avatar.jpg",
    "tenantId": "7b3236d2-7baf-4cde-be2d-b66cc896505c",
    "tenantRole": "owner"
  }
}

{"level":30,"time":1764873697888,"env":"test","module":"auth","hasToken":true,"origin":"http://localhost:5000","ip":"::ffff:127.0.0.1","msg":"OAuth2 login attempt"}
{"level":30,"time":1764873697888,"env":"test","module":"auth","email":"other@example.com","msg":"Token verified successfully"}
{"level":30,"time":1764873697931,"env":"test","module":"auth","userId":"other-user-id","msg":"User upserted successfully"}
{"level":30,"time":1764873698024,"env":"test","module":"auth","email":"other@example.com","msg":"OAuth2 login successful"}
{"level":50,"time":1764873698728,"env":"test","error":{},"msg":"Error creating DataVault column"}
{"level":50,"time":1764873698960,"env":"test","error":{},"msg":"Error creating DataVault column"}
{"level":50,"time":1764873699098,"env":"test","error":{},"msg":"Error creating DataVault row"}
[90mstdout[2m | tests/integration/datavault-v4-regression.test.ts[2m > [22m[2mDataVault v4 Regression Tests[2m > [22m[2mSelect/Multiselect Columns[2m > [22m[2mshould validate select value against options
[22m[39mRow creation error message: Access denied - write permission required

{"level":50,"time":1764873699340,"env":"test","error":{},"msg":"Error creating DataVault column"}
{"level":50,"time":1764873699480,"env":"test","error":{},"msg":"Error creating DataVault row"}
[90mstdout[2m | tests/integration/datavault-v4-regression.test.ts[2m > [22m[2mDataVault v4 Regression Tests[2m > [22m[2mSelect/Multiselect Columns[2m > [22m[2mshould validate multiselect values as array
[22m[39mRow creation error message: Access denied - write permission required

{"level":50,"time":1764873699715,"env":"test","error":{},"msg":"Error creating DataVault column"}
{"level":50,"time":1764873699950,"env":"test","error":{},"msg":"Error creating DataVault column"}
{"level":50,"time":1764873700093,"env":"test","error":{},"msg":"Error creating DataVault row"}
[90mstdout[2m | tests/integration/datavault-v4-regression.test.ts[2m > [22m[2mDataVault v4 Regression Tests[2m > [22m[2mAutonumber Columns[2m > [22m[2mshould format autonumber with prefix
[22m[39mRow creation error message: Access denied - write permission required

{"level":50,"time":1764873700429,"env":"test","error":{},"msg":"Error creating row note"}
{"level":50,"time":1764873700766,"env":"test","error":{},"msg":"Error creating row note"}
{"level":50,"time":1764873700947,"env":"test","error":{},"msg":"Error creating row note"}
{"level":50,"time":1764873701126,"env":"test","error":{},"msg":"Error fetching row notes"}
{"level":50,"time":1764873701449,"env":"test","error":{},"msg":"Error creating row note"}
{"level":50,"time":1764873701591,"env":"test","error":{"length":141,"name":"error","severity":"ERROR","code":"22P02","where":"unnamed portal parameter $1 = '...'","file":"uuid.c","line":"138","routine":"string_to_uuid"},"msg":"Error deleting row note"}
{"level":50,"time":1764873702063,"env":"test","error":{},"msg":"Error creating row note"}
{"level":50,"time":1764873702205,"env":"test","error":{"length":141,"name":"error","severity":"ERROR","code":"22P02","where":"unnamed portal parameter $1 = '...'","file":"uuid.c","line":"138","routine":"string_to_uuid"},"msg":"Error deleting row note"}
{"level":50,"time":1764873702547,"env":"test","error":{},"databaseId":"e4d87a42-1b5e-4ea5-8213-e81eb4dce65a","msg":"Error creating API token"}
{"level":50,"time":1764873702929,"env":"test","error":{},"databaseId":"73f23971-d476-4b98-b0a6-d2fe82b91d99","msg":"Error creating API token"}
{"level":40,"time":1764873703071,"env":"test","module":"auth-middleware","path":"/datavault/databases/230da256-ad29-4e93-b60d-c5ca6c7c936b/tables","msg":"No valid authentication found"}
{"level":50,"time":1764873703309,"env":"test","error":{},"msg":"Error granting table permission"}
[90mstdout[2m | tests/integration/datavault-v4-regression.test.ts[2m > [22m[2mDataVault v4 Regression Tests[2m > [22m[2mTable Permissions[2m > [22m[2mshould grant table permission
[22m[39mGrant permission catch block entered Error: Access denied - owner permission required
    at DatavaultTablePermissionsService.requirePermission (C:/Users/scoot/poll/VaultLogic/server/services/DatavaultTablePermissionsService.ts:108:13)
[90m    at processTicksAndRejections (node:internal/process/task_queues:103:5)[39m
    at DatavaultTablePermissionsService.grantPermission (C:/Users/scoot/poll/VaultLogic/server/services/DatavaultTablePermissionsService.ts:138:5)
    at C:/Users/scoot/poll/VaultLogic/server/routes/datavault.routes.ts:1155:26

{"level":50,"time":1764873703541,"env":"test","error":{},"msg":"Error fetching table permissions"}
{"level":50,"time":1764873703760,"env":"test","error":{},"msg":"Error granting table permission"}
[90mstdout[2m | tests/integration/datavault-v4-regression.test.ts[2m > [22m[2mDataVault v4 Regression Tests[2m > [22m[2mTable Permissions[2m > [22m[2mshould update table permission role
[22m[39mGrant permission catch block entered Error: Access denied - owner permission required
    at DatavaultTablePermissionsService.requirePermission (C:/Users/scoot/poll/VaultLogic/server/services/DatavaultTablePermissionsService.ts:108:13)
[90m    at processTicksAndRejections (node:internal/process/task_queues:103:5)[39m
    at DatavaultTablePermissionsService.grantPermission (C:/Users/scoot/poll/VaultLogic/server/services/DatavaultTablePermissionsService.ts:138:5)
    at C:/Users/scoot/poll/VaultLogic/server/routes/datavault.routes.ts:1155:26

{"level":50,"time":1764873703895,"env":"test","error":{},"msg":"Error granting table permission"}
[90mstdout[2m | tests/integration/datavault-v4-regression.test.ts[2m > [22m[2mDataVault v4 Regression Tests[2m > [22m[2mTable Permissions[2m > [22m[2mshould update table permission role
[22m[39mGrant permission catch block entered Error: Access denied - owner permission required
    at DatavaultTablePermissionsService.requirePermission (C:/Users/scoot/poll/VaultLogic/server/services/DatavaultTablePermissionsService.ts:108:13)
[90m    at processTicksAndRejections (node:internal/process/task_queues:103:5)[39m
    at DatavaultTablePermissionsService.grantPermission (C:/Users/scoot/poll/VaultLogic/server/services/DatavaultTablePermissionsService.ts:138:5)
    at C:/Users/scoot/poll/VaultLogic/server/routes/datavault.routes.ts:1155:26

[90mstdout[2m | tests/integration/datavault-v4-regression.test.ts[2m > [22m[2mDataVault v4 Regression Tests[2m > [22m[2mTable Permissions[2m > [22m[2mshould update table permission role
[22m[39mUpdate permission failed: { message: [32m'Access denied - owner permission required'[39m }

{"level":50,"time":1764873704134,"env":"test","error":{},"msg":"Error granting table permission"}
[90mstdout[2m | tests/integration/datavault-v4-regression.test.ts[2m > [22m[2mDataVault v4 Regression Tests[2m > [22m[2mTable Permissions[2m > [22m[2mshould revoke table permission
[22m[39mGrant permission catch block entered Error: Access denied - owner permission required
    at DatavaultTablePermissionsService.requirePermission (C:/Users/scoot/poll/VaultLogic/server/services/DatavaultTablePermissionsService.ts:108:13)
[90m    at processTicksAndRejections (node:internal/process/task_queues:103:5)[39m
    at DatavaultTablePermissionsService.grantPermission (C:/Users/scoot/poll/VaultLogic/server/services/DatavaultTablePermissionsService.ts:138:5)
    at C:/Users/scoot/poll/VaultLogic/server/routes/datavault.routes.ts:1155:26

[90mstdout[2m | tests/integration/datavault-v4-regression.test.ts[2m > [22m[2mDataVault v4 Regression Tests[2m > [22m[2mTable Permissions[2m > [22m[2mshould revoke table permission
[22m[39mrevokePermission called for permission: undefined

{"level":50,"time":1764873704290,"env":"test","error":{},"msg":"Error revoking table permission"}
{"level":50,"time":1764873704555,"env":"test","error":{},"msg":"Error granting table permission"}
[90mstdout[2m | tests/integration/datavault-v4-regression.test.ts[2m > [22m[2mDataVault v4 Regression Tests[2m > [22m[2mTable Permissions[2m > [22m[2mshould enforce RBAC - only owners can manage permissions
[22m[39mGrant permission catch block entered Error: Access denied - owner permission required
    at DatavaultTablePermissionsService.requirePermission (C:/Users/scoot/poll/VaultLogic/server/services/DatavaultTablePermissionsService.ts:108:13)
[90m    at processTicksAndRejections (node:internal/process/task_queues:103:5)[39m
    at DatavaultTablePermissionsService.grantPermission (C:/Users/scoot/poll/VaultLogic/server/services/DatavaultTablePermissionsService.ts:138:5)
    at C:/Users/scoot/poll/VaultLogic/server/routes/datavault.routes.ts:1155:26

{"level":50,"time":1764873705406,"env":"test","error":{},"msg":"Error fetching DataVault rows"}
{"level":50,"time":1764873705646,"env":"test","error":{},"msg":"Error creating DataVault column"}
{"level":50,"time":1764873705884,"env":"test","error":{},"msg":"Error creating DataVault column"}
{"level":50,"time":1764873706039,"env":"test","error":{},"msg":"Error creating DataVault row"}
[90mstdout[2m | tests/integration/datavault-v4-regression.test.ts[2m > [22m[2mDataVault v4 Regression Tests[2m > [22m[2mError Handling[2m > [22m[2mshould return user-friendly error for missing required fields
[22m[39mRow creation error message: Access denied - write permission required

{"level":50,"time":1764873706296,"env":"test","error":{"length":144,"name":"error","severity":"ERROR","code":"22P02","where":"unnamed portal parameter $1 = '...'","file":"uuid.c","line":"138","routine":"string_to_uuid"},"msg":"Error fetching DataVault rows"}
[90mstdout[2m | tests/integration/datavault-v4-regression.test.ts
[22m[39mâ‰¡Æ’Âºâ•£ Cleaning up test environment...

 [31mÎ“Â¥Â»[39m tests/integration/datavault-v4-regression.test.ts [2m([22m[2m23 tests[22m[2m | [22m[31m18 failed[39m[2m)[22m[33m 9630[2mms[22m[39m
       [33m[2mÎ“Â£Ã´[22m[39m should create a select column with options [33m 468[2mms[22m[39m
[31m       [31mâ”œÃ¹[31m should create a multiselect column with options[39m[32m 238[2mms[22m[39m
[31m       [31mâ”œÃ¹[31m should validate select value against options[39m[33m 368[2mms[22m[39m
[31m       [31mâ”œÃ¹[31m should validate multiselect values as array[39m[33m 383[2mms[22m[39m
[31m       [31mâ”œÃ¹[31m should create an autonumber column with sequence[39m[32m 236[2mms[22m[39m
[31m       [31mâ”œÃ¹[31m should format autonumber with prefix[39m[33m 376[2mms[22m[39m
[31m       [31mâ”œÃ¹[31m should create a note for a row[39m[33m 336[2mms[22m[39m
[31m       [31mâ”œÃ¹[31m should get all notes for a row[39m[33m 696[2mms[22m[39m
[31m       [31mâ”œÃ¹[31m should delete a note[39m[33m 465[2mms[22m[39m
[31m       [31mâ”œÃ¹[31m should not allow deleting notes by other users[39m[33m 615[2mms[22m[39m
[31m       [31mâ”œÃ¹[31m should create an API token[39m[33m 340[2mms[22m[39m
       [32mÎ“Â£Ã´[39m should validate API token scopes[32m 171[2mms[22m[39m
[31m       [31mâ”œÃ¹[31m should revoke (delete) an API token[39m[32m 212[2mms[22m[39m
       [32mÎ“Â£Ã´[39m should deny access with expired token[32m 144[2mms[22m[39m
[31m       [31mâ”œÃ¹[31m should grant table permission[39m[32m 236[2mms[22m[39m
[31m       [31mâ”œÃ¹[31m should list table permissions[39m[32m 232[2mms[22m[39m
[31m       [31mâ”œÃ¹[31m should update table permission role[39m[33m 355[2mms[22m[39m
[31m       [31mâ”œÃ¹[31m should revoke table permission[39m[33m 394[2mms[22m[39m
       [32mÎ“Â£Ã´[39m should enforce RBAC - only owners can manage permissions[32m 267[2mms[22m[39m
[31m       [31mâ”œÃ¹[31m should paginate rows efficiently[39m[33m 853[2mms[22m[39m
[31m       [31mâ”œÃ¹[31m should return user-friendly error for invalid column type[39m[32m 237[2mms[22m[39m
[31m       [31mâ”œÃ¹[31m should return user-friendly error for missing required fields[39m[33m 393[2mms[22m[39m
       [32mÎ“Â£Ã´[39m should handle network errors gracefully[32m 257[2mms[22m[39m

Î“Ã„Â»Î“Ã„Â»Î“Ã„Â»Î“Ã„Â»Î“Ã„Â»Î“Ã„Â» Failed Tests 18 Î“Ã„Â»Î“Ã„Â»Î“Ã„Â»Î“Ã„Â»Î“Ã„Â»Î“Ã„Â»Î“Ã„Â»

 FAIL  tests/integration/datavault-v4-regression.test.ts > DataVault v4 Regression Tests > Select/Multiselect Columns > should create a multiselect column with options
AssertionError: expected 403 to be 201 // Object.is equality

- Expected
+ Received

- 201
+ 403

 Î“Â¥Â» tests/integration/datavault-v4-regression.test.ts:321:31
    319|         });
    320| 
    321|       expect(response.status).toBe(201);
       |                               ^
    322|       expect(response.body).toBeDefined();
    323|       expect(response.body.type).toBe('multiselect');

Î“Ã„Â»Î“Ã„Â»Î“Ã„Â»Î“Ã„Â»Î“Ã„Â»Î“Ã„Â»Î“Ã„Â»Î“Ã„Â»Î“Ã„Â»Î“Ã„Â»Î“Ã„Â»Î“Ã„Â»Î“Ã„Â»Î“Ã„Â»Î“Ã„Â»Î“Ã„Â»Î“Ã„Â»Î“Ã„Â»Î“Ã„Â»Î“Ã„Â»Î“Ã„Â»Î“Ã„Â»Î“Ã„Â»[1/18]Î“Ã„Â»

 FAIL  tests/integration/datavault-v4-regression.test.ts > DataVault v4 Regression Tests > Select/Multiselect Columns > should validate select value against options
AssertionError: expected 403 to be 201 // Object.is equality

- Expected
+ Received

- 201
+ 403

 Î“Â¥Â» tests/integration/datavault-v4-regression.test.ts:356:36
    354|         });
    355| 
    356|       expect(validResponse.status).toBe(201);
       |                                    ^
    357| 
    358|       // Create row with invalid value should fail

Î“Ã„Â»Î“Ã„Â»Î“Ã„Â»Î“Ã„Â»Î“Ã„Â»Î“Ã„Â»Î“Ã„Â»Î“Ã„Â»Î“Ã„Â»Î“Ã„Â»Î“Ã„Â»Î“Ã„Â»Î“Ã„Â»Î“Ã„Â»Î“Ã„Â»Î“Ã„Â»Î“Ã„Â»Î“Ã„Â»Î“Ã„Â»Î“Ã„Â»Î“Ã„Â»Î“Ã„Â»Î“Ã„Â»[2/18]Î“Ã„Â»

 FAIL  tests/integration/datavault-v4-regression.test.ts > DataVault v4 Regression Tests > Select/Multiselect Columns > should validate multiselect values as array
AssertionError: expected 403 to be 201 // Object.is equality

- Expected
+ Received

- 201
+ 403

 Î“Â¥Â» tests/integration/datavault-v4-regression.test.ts:401:36
    399|         });
    400| 
    401|       expect(validResponse.status).toBe(201);
       |                                    ^
    402|       expect(validResponse.body.values[testColumnId]).toEqual(['urgentÎ“Ã‡Âª
    403|     });

Î“Ã„Â»Î“Ã„Â»Î“Ã„Â»Î“Ã„Â»Î“Ã„Â»Î“Ã„Â»Î“Ã„Â»Î“Ã„Â»Î“Ã„Â»Î“Ã„Â»Î“Ã„Â»Î“Ã„Â»Î“Ã„Â»Î“Ã„Â»Î“Ã„Â»Î“Ã„Â»Î“Ã„Â»Î“Ã„Â»Î“Ã„Â»Î“Ã„Â»Î“Ã„Â»Î“Ã„Â»Î“Ã„Â»[3/18]Î“Ã„Â»

 FAIL  tests/integration/datavault-v4-regression.test.ts > DataVault v4 Regression Tests > Autonumber Columns > should create an autonumber column with sequence
AssertionError: expected 403 to be 201 // Object.is equality

- Expected
+ Received

- 201
+ 403

 Î“Â¥Â» tests/integration/datavault-v4-regression.test.ts:421:31
    419|         });
    420| 
    421|       expect(response.status).toBe(201);
       |                               ^
    422|       expect(response.body).toBeDefined();
    423|       expect(response.body.type).toBe('autonumber');

Î“Ã„Â»Î“Ã„Â»Î“Ã„Â»Î“Ã„Â»Î“Ã„Â»Î“Ã„Â»Î“Ã„Â»Î“Ã„Â»Î“Ã„Â»Î“Ã„Â»Î“Ã„Â»Î“Ã„Â»Î“Ã„Â»Î“Ã„Â»Î“Ã„Â»Î“Ã„Â»Î“Ã„Â»Î“Ã„Â»Î“Ã„Â»Î“Ã„Â»Î“Ã„Â»Î“Ã„Â»Î“Ã„Â»[4/18]Î“Ã„Â»

 FAIL  tests/integration/datavault-v4-regression.test.ts > DataVault v4 Regression Tests > Autonumber Columns > should format autonumber with prefix
AssertionError: expected 403 to be 201 // Object.is equality

- Expected
+ Received

- 201
+ 403

 Î“Â¥Â» tests/integration/datavault-v4-regression.test.ts:455:34
    453|         .send({ values: {} });
    454| 
    455|       expect(rowResponse.status).toBe(201);
       |                                  ^
    456|       // Check if formatted value is stored or displayed
    457|       // This depends on implementation - adjust as needed

Î“Ã„Â»Î“Ã„Â»Î“Ã„Â»Î“Ã„Â»Î“Ã„Â»Î“Ã„Â»Î“Ã„Â»Î“Ã„Â»Î“Ã„Â»Î“Ã„Â»Î“Ã„Â»Î“Ã„Â»Î“Ã„Â»Î“Ã„Â»Î“Ã„Â»Î“Ã„Â»Î“Ã„Â»Î“Ã„Â»Î“Ã„Â»Î“Ã„Â»Î“Ã„Â»Î“Ã„Â»Î“Ã„Â»[5/18]Î“Ã„Â»

 FAIL  tests/integration/datavault-v4-regression.test.ts > DataVault v4 Regression Tests > Row Notes > should create a note for a row
AssertionError: expected 403 to be 201 // Object.is equality

- Expected
+ Received

- 201
+ 403

 Î“Â¥Â» tests/integration/datavault-v4-regression.test.ts:481:31
    479|         });
    480| 
    481|       expect(response.status).toBe(201);
       |                               ^
    482|       expect(response.body).toBeDefined();
    483|       expect(response.body.text).toBe('This is a test note');

Î“Ã„Â»Î“Ã„Â»Î“Ã„Â»Î“Ã„Â»Î“Ã„Â»Î“Ã„Â»Î“Ã„Â»Î“Ã„Â»Î“Ã„Â»Î“Ã„Â»Î“Ã„Â»Î“Ã„Â»Î“Ã„Â»Î“Ã„Â»Î“Ã„Â»Î“Ã„Â»Î“Ã„Â»Î“Ã„Â»Î“Ã„Â»Î“Ã„Â»Î“Ã„Â»Î“Ã„Â»Î“Ã„Â»[6/18]Î“Ã„Â»

 FAIL  tests/integration/datavault-v4-regression.test.ts > DataVault v4 Regression Tests > Row Notes > should get all notes for a row
AssertionError: expected 403 to be 200 // Object.is equality

- Expected
+ Received

- 200
+ 403

 Î“Â¥Â» tests/integration/datavault-v4-regression.test.ts:507:31
    505|         .set('Cookie', authCookie);
    506| 
    507|       expect(response.status).toBe(200);
       |                               ^
    508|       expect(response.body).toHaveLength(2);
    509|     });

Î“Ã„Â»Î“Ã„Â»Î“Ã„Â»Î“Ã„Â»Î“Ã„Â»Î“Ã„Â»Î“Ã„Â»Î“Ã„Â»Î“Ã„Â»Î“Ã„Â»Î“Ã„Â»Î“Ã„Â»Î“Ã„Â»Î“Ã„Â»Î“Ã„Â»Î“Ã„Â»Î“Ã„Â»Î“Ã„Â»Î“Ã„Â»Î“Ã„Â»Î“Ã„Â»Î“Ã„Â»Î“Ã„Â»[7/18]Î“Ã„Â»

 FAIL  tests/integration/datavault-v4-regression.test.ts > DataVault v4 Regression Tests > Row Notes > should delete a note
AssertionError: expected 500 to be 200 // Object.is equality

- Expected
+ Received

- 200
+ 500

 Î“Â¥Â» tests/integration/datavault-v4-regression.test.ts:527:37
    525|         .set('Cookie', authCookie);
    526| 
    527|       expect(deleteResponse.status).toBe(200);
       |                                     ^
    528| 
    529|       // Verify note is deleted

Î“Ã„Â»Î“Ã„Â»Î“Ã„Â»Î“Ã„Â»Î“Ã„Â»Î“Ã„Â»Î“Ã„Â»Î“Ã„Â»Î“Ã„Â»Î“Ã„Â»Î“Ã„Â»Î“Ã„Â»Î“Ã„Â»Î“Ã„Â»Î“Ã„Â»Î“Ã„Â»Î“Ã„Â»Î“Ã„Â»Î“Ã„Â»Î“Ã„Â»Î“Ã„Â»Î“Ã„Â»Î“Ã„Â»[8/18]Î“Ã„Â»

 FAIL  tests/integration/datavault-v4-regression.test.ts > DataVault v4 Regression Tests > Row Notes > should not allow deleting notes by other users
AssertionError: expected 500 to be 403 // Object.is equality

- Expected
+ Received

- 403
+ 500

 Î“Â¥Â» tests/integration/datavault-v4-regression.test.ts:554:37
    552|         .set('Cookie', otherUserCookie);
    553| 
    554|       expect(deleteResponse.status).toBe(403);
       |                                     ^
    555|     });
    556|   });

Î“Ã„Â»Î“Ã„Â»Î“Ã„Â»Î“Ã„Â»Î“Ã„Â»Î“Ã„Â»Î“Ã„Â»Î“Ã„Â»Î“Ã„Â»Î“Ã„Â»Î“Ã„Â»Î“Ã„Â»Î“Ã„Â»Î“Ã„Â»Î“Ã„Â»Î“Ã„Â»Î“Ã„Â»Î“Ã„Â»Î“Ã„Â»Î“Ã„Â»Î“Ã„Â»Î“Ã„Â»Î“Ã„Â»[9/18]Î“Ã„Â»

 FAIL  tests/integration/datavault-v4-regression.test.ts > DataVault v4 Regression Tests > API Tokens > should create an API token
AssertionError: expected 403 to be 201 // Object.is equality

- Expected
+ Received

- 201
+ 403

 Î“Â¥Â» tests/integration/datavault-v4-regression.test.ts:574:31
    572|       // Assuming DB exists (created in beforeAll).
    573|       // If 404 persists, we might need to debug route registration.
    574|       expect(response.status).toBe(201);
       |                               ^
    575|       expect(response.body).toBeDefined();
    576|       // plainToken is not returned in the object, it might be separatÎ“Ã‡Âª

Î“Ã„Â»Î“Ã„Â»Î“Ã„Â»Î“Ã„Â»Î“Ã„Â»Î“Ã„Â»Î“Ã„Â»Î“Ã„Â»Î“Ã„Â»Î“Ã„Â»Î“Ã„Â»Î“Ã„Â»Î“Ã„Â»Î“Ã„Â»Î“Ã„Â»Î“Ã„Â»Î“Ã„Â»Î“Ã„Â»Î“Ã„Â»Î“Ã„Â»Î“Ã„Â»Î“Ã„Â»[10/18]Î“Ã„Â»

 FAIL  tests/integration/datavault-v4-regression.test.ts > DataVault v4 Regression Tests > API Tokens > should revoke (delete) an API token
TypeError: Cannot read properties of undefined (reading 'id')
 Î“Â¥Â» tests/integration/datavault-v4-regression.test.ts:608:49
    606|         });
    607| 
    608|       const tokenId = createResponse.body.token.id;
       |                                                 ^
    609| 
    610|       // Revoke token

Î“Ã„Â»Î“Ã„Â»Î“Ã„Â»Î“Ã„Â»Î“Ã„Â»Î“Ã„Â»Î“Ã„Â»Î“Ã„Â»Î“Ã„Â»Î“Ã„Â»Î“Ã„Â»Î“Ã„Â»Î“Ã„Â»Î“Ã„Â»Î“Ã„Â»Î“Ã„Â»Î“Ã„Â»Î“Ã„Â»Î“Ã„Â»Î“Ã„Â»Î“Ã„Â»Î“Ã„Â»[11/18]Î“Ã„Â»

 FAIL  tests/integration/datavault-v4-regression.test.ts > DataVault v4 Regression Tests > Table Permissions > should grant table permission
AssertionError: expected 403 to be 201 // Object.is equality

- Expected
+ Received

- 201
+ 403

 Î“Â¥Â» tests/integration/datavault-v4-regression.test.ts:668:31
    666|         });
    667| 
    668|       expect(response.status).toBe(201);
       |                               ^
    669|       expect(response.body).toBeDefined();
    670|       expect(response.body.role).toBe('read');

Î“Ã„Â»Î“Ã„Â»Î“Ã„Â»Î“Ã„Â»Î“Ã„Â»Î“Ã„Â»Î“Ã„Â»Î“Ã„Â»Î“Ã„Â»Î“Ã„Â»Î“Ã„Â»Î“Ã„Â»Î“Ã„Â»Î“Ã„Â»Î“Ã„Â»Î“Ã„Â»Î“Ã„Â»Î“Ã„Â»Î“Ã„Â»Î“Ã„Â»Î“Ã„Â»Î“Ã„Â»[12/18]Î“Ã„Â»

 FAIL  tests/integration/datavault-v4-regression.test.ts > DataVault v4 Regression Tests > Table Permissions > should list table permissions
AssertionError: expected 403 to be 200 // Object.is equality

- Expected
+ Received

- 200
+ 403

 Î“Â¥Â» tests/integration/datavault-v4-regression.test.ts:680:31
    678|         .set('Cookie', authCookie);
    679| 
    680|       expect(response.status).toBe(200);
       |                               ^
    681|       expect(response.body).toBeDefined();
    682|       expect(Array.isArray(response.body)).toBe(true);

Î“Ã„Â»Î“Ã„Â»Î“Ã„Â»Î“Ã„Â»Î“Ã„Â»Î“Ã„Â»Î“Ã„Â»Î“Ã„Â»Î“Ã„Â»Î“Ã„Â»Î“Ã„Â»Î“Ã„Â»Î“Ã„Â»Î“Ã„Â»Î“Ã„Â»Î“Ã„Â»Î“Ã„Â»Î“Ã„Â»Î“Ã„Â»Î“Ã„Â»Î“Ã„Â»Î“Ã„Â»[13/18]Î“Ã„Â»

 FAIL  tests/integration/datavault-v4-regression.test.ts > DataVault v4 Regression Tests > Table Permissions > should update table permission role
AssertionError: expected 403 to be 201 // Object.is equality

- Expected
+ Received

- 201
+ 403

 Î“Â¥Â» tests/integration/datavault-v4-regression.test.ts:713:37
    711|         console.log('Update permission failed:', updateResponse.body);
    712|       }
    713|       expect(updateResponse.status).toBe(201);
       |                                     ^
    714|       expect(updateResponse.body.role).toBe('write');
    715|     });

Î“Ã„Â»Î“Ã„Â»Î“Ã„Â»Î“Ã„Â»Î“Ã„Â»Î“Ã„Â»Î“Ã„Â»Î“Ã„Â»Î“Ã„Â»Î“Ã„Â»Î“Ã„Â»Î“Ã„Â»Î“Ã„Â»Î“Ã„Â»Î“Ã„Â»Î“Ã„Â»Î“Ã„Â»Î“Ã„Â»Î“Ã„Â»Î“Ã„Â»Î“Ã„Â»Î“Ã„Â»[14/18]Î“Ã„Â»

 FAIL  tests/integration/datavault-v4-regression.test.ts > DataVault v4 Regression Tests > Table Permissions > should revoke table permission
AssertionError: expected 403 to be 200 // Object.is equality

- Expected
+ Received

- 200
+ 403

 Î“Â¥Â» tests/integration/datavault-v4-regression.test.ts:739:37
    737| 
    738|       // Revoke returns 200 with message
    739|       expect(revokeResponse.status).toBe(200);
       |                                     ^
    740| 
    741|       // Verify permission is deleted

Î“Ã„Â»Î“Ã„Â»Î“Ã„Â»Î“Ã„Â»Î“Ã„Â»Î“Ã„Â»Î“Ã„Â»Î“Ã„Â»Î“Ã„Â»Î“Ã„Â»Î“Ã„Â»Î“Ã„Â»Î“Ã„Â»Î“Ã„Â»Î“Ã„Â»Î“Ã„Â»Î“Ã„Â»Î“Ã„Â»Î“Ã„Â»Î“Ã„Â»Î“Ã„Â»Î“Ã„Â»[15/18]Î“Ã„Â»

 FAIL  tests/integration/datavault-v4-regression.test.ts > DataVault v4 Regression Tests > Grid Performance > should paginate rows efficiently
AssertionError: expected 403 to be 200 // Object.is equality

- Expected
+ Received

- 200
+ 403

 Î“Â¥Â» tests/integration/datavault-v4-regression.test.ts:787:31
    785|         .set('Cookie', authCookie);
    786| 
    787|       expect(response.status).toBe(200);
       |                               ^
    788|       expect(response.body.rows).toHaveLength(25);
    789|       expect(response.body.pagination.total).toBe(100);

Î“Ã„Â»Î“Ã„Â»Î“Ã„Â»Î“Ã„Â»Î“Ã„Â»Î“Ã„Â»Î“Ã„Â»Î“Ã„Â»Î“Ã„Â»Î“Ã„Â»Î“Ã„Â»Î“Ã„Â»Î“Ã„Â»Î“Ã„Â»Î“Ã„Â»Î“Ã„Â»Î“Ã„Â»Î“Ã„Â»Î“Ã„Â»Î“Ã„Â»Î“Ã„Â»Î“Ã„Â»[16/18]Î“Ã„Â»

 FAIL  tests/integration/datavault-v4-regression.test.ts > DataVault v4 Regression Tests > Error Handling > should return user-friendly error for invalid column type
AssertionError: expected 403 to be 400 // Object.is equality

- Expected
+ Received

- 400
+ 403

 Î“Â¥Â» tests/integration/datavault-v4-regression.test.ts:807:31
    805|         });
    806| 
    807|       expect(response.status).toBe(400);
       |                               ^
    808|       expect(response.body.errors).toBeDefined();
    809|       // expect(response.body.error).toContain('Invalid column type');

Î“Ã„Â»Î“Ã„Â»Î“Ã„Â»Î“Ã„Â»Î“Ã„Â»Î“Ã„Â»Î“Ã„Â»Î“Ã„Â»Î“Ã„Â»Î“Ã„Â»Î“Ã„Â»Î“Ã„Â»Î“Ã„Â»Î“Ã„Â»Î“Ã„Â»Î“Ã„Â»Î“Ã„Â»Î“Ã„Â»Î“Ã„Â»Î“Ã„Â»Î“Ã„Â»Î“Ã„Â»[17/18]Î“Ã„Â»

 FAIL  tests/integration/datavault-v4-regression.test.ts > DataVault v4 Regression Tests > Error Handling > should return user-friendly error for missing required fields
AssertionError: expected 403 to be 400 // Object.is equality

- Expected
+ Received

- 400
+ 403

 Î“Â¥Â» tests/integration/datavault-v4-regression.test.ts:834:31
    832| 
    833|       // Improved error handling returns 400
    834|       expect(response.status).toBe(400);
       |                               ^
    835|       expect(response.body.message).toBeDefined();
    836|       expect(response.body.message).toContain('Required');

Î“Ã„Â»Î“Ã„Â»Î“Ã„Â»Î“Ã„Â»Î“Ã„Â»Î“Ã„Â»Î“Ã„Â»Î“Ã„Â»Î“Ã„Â»Î“Ã„Â»Î“Ã„Â»Î“Ã„Â»Î“Ã„Â»Î“Ã„Â»Î“Ã„Â»Î“Ã„Â»Î“Ã„Â»Î“Ã„Â»Î“Ã„Â»Î“Ã„Â»Î“Ã„Â»Î“Ã„Â»[18/18]Î“Ã„Â»


[2m Test Files [22m [1m[31m1 failed[39m[22m[90m (1)[39m
[2m      Tests [22m [1m[31m18 failed[39m[22m[2m | [22m[1m[32m5 passed[39m[22m[90m (23)[39m
[2m   Start at [22m 12:41:24
[2m   Duration [22m 20.70s

[1m[41m FAIL [49m[22m [31mTests failed. Watching for file changes...[39m
       [2mpress [22m[1mh[22m[2m to show help[22m[2m, [22m[2mpress [22m[1mq[22m[2m to quit[22m
c[3J[1m[44m RERUN [49m[22m [34m[2mserver/db.ts [22m[34mx6 [34m[39m
       [2m Filename pattern: [22m[34mtests/integration/datavault-v4-regression.test.ts[39m

[90mstdout[2m | tests/integration/datavault-v4-regression.test.ts
[22m[39m[dotenv@17.2.3] injecting env (13) from .env -- tip: Î“Â£Ã  audit secrets and track compliance: https://dotenvx.com/ops


Î“Ã„Â»Î“Ã„Â»Î“Ã„Â»Î“Ã„Â»Î“Ã„Â»Î“Ã„Â» Failed Suites 1 Î“Ã„Â»Î“Ã„Â»Î“Ã„Â»Î“Ã„Â»Î“Ã„Â»Î“Ã„Â»Î“Ã„Â»

 FAIL  tests/integration/datavault-v4-regression.test.ts [ tests/integration/datavault-v4-regression.test.ts ]
ReferenceError: dbInitPromise is not defined
 Î“Â¥Â» server/db.ts:54:1
     52| const isInitialConfigured = !!initialDatabaseUrl && initialDatabaseUrlÎ“Ã‡Âª
     53| 
     54| dbInitPromise = isInitialConfigured
       | ^
     55|   ? initializeDatabase()
     56|   : Promise.resolve(); // Don't reject immediately to avoid unhandled Î“Ã‡Âª
 Î“Â¥Â» tests/setup.ts:2:1

Î“Ã„Â»Î“Ã„Â»Î“Ã„Â»Î“Ã„Â»Î“Ã„Â»Î“Ã„Â»Î“Ã„Â»Î“Ã„Â»Î“Ã„Â»Î“Ã„Â»Î“Ã„Â»Î“Ã„Â»Î“Ã„Â»Î“Ã„Â»Î“Ã„Â»Î“Ã„Â»Î“Ã„Â»Î“Ã„Â»Î“Ã„Â»Î“Ã„Â»Î“Ã„Â»Î“Ã„Â»Î“Ã„Â»Î“Ã„Â»[1/1]Î“Ã„Â»

Î“Ã„Â»Î“Ã„Â»Î“Ã„Â»Î“Ã„Â»Î“Ã„Â»Î“Ã„Â» Unhandled Errors Î“Ã„Â»Î“Ã„Â»Î“Ã„Â»Î“Ã„Â»Î“Ã„Â»Î“Ã„Â»

Vitest caught 1 unhandled error during the test run.
This might cause false positive tests. Resolve unhandled errors to make sure your tests are not affected.

Î“Ã„Â»Î“Ã„Â»Î“Ã„Â»Î“Ã„Â» Unhandled Rejection Î“Ã„Â»Î“Ã„Â»Î“Ã„Â»Î“Ã„Â»Î“Ã„Â»
ReferenceError: dbInitialized is not defined
 Î“Â¥Â» initializeDatabase server/db.ts:10:3
      8| // Initialize database connection
      9| async function initializeDatabase() {
     10|   if (dbInitialized) return;
       |   ^
     11| 
     12|   const databaseUrl = process.env.DATABASE_URL;
 Î“Â¥Â» server/db.ts:55:5
 Î“Â¥Â» processTicksAndRejections node:internal/process/task_queues:103:5
 Î“Â¥Â» VitestModuleEvaluator.runInlinedModule node_modules/vitest/dist/module-evaluator.js:136:4
 Î“Â¥Â» VitestModuleRunner.directRequest node_modules/vite/dist/node/module-runner.js:1113:59
 Î“Â¥Â» VitestModuleRunner.cachedRequest node_modules/vite/dist/node/module-runner.js:1031:73
 Î“Â¥Â» tests/setup.ts:2:1
 Î“Â¥Â» VitestModuleEvaluator.runInlinedModule node_modules/vitest/dist/module-evaluator.js:136:4
 Î“Â¥Â» VitestModuleRunner.directRequest node_modules/vite/dist/node/module-runner.js:1113:59
 Î“Â¥Â» VitestModuleRunner.cachedRequest node_modules/vite/dist/node/module-runner.js:1031:73

This error originated in "tests/integration/datavault-v4-regression.test.ts" test file. It doesn't mean the error was thrown inside the file itself, but while it was running.
Î“Ã„Â»Î“Ã„Â»Î“Ã„Â»Î“Ã„Â»Î“Ã„Â»Î“Ã„Â»Î“Ã„Â»Î“Ã„Â»Î“Ã„Â»Î“Ã„Â»Î“Ã„Â»Î“Ã„Â»Î“Ã„Â»Î“Ã„Â»Î“Ã„Â»Î“Ã„Â»Î“Ã„Â»Î“Ã„Â»Î“Ã„Â»Î“Ã„Â»Î“Ã„Â»Î“Ã„Â»Î“Ã„Â»Î“Ã„Â»Î“Ã„Â»Î“Ã„Â»Î“Ã„Â»Î“Ã„Â»Î“Ã„Â»Î“Ã„Â»


[2m Test Files [22m [1m[31m1 failed[39m[22m[90m (1)[39m
[2m      Tests [22m [2mno tests[22m
[2m     Errors [22m [1m[31m1 error[39m[22m
[2m   Start at [22m 12:55:40
[2m   Duration [22m 0ms

[1m[41m FAIL [49m[22m [31mTests failed. Watching for file changes...[39m
       [2mpress [22m[1mh[22m[2m to show help[22m[2m, [22m[2mpress [22m[1mq[22m[2m to quit[22m
c[3J[1m[44m RERUN [49m[22m [34m[2mserver/db.ts [22m[34mx7 [34m[39m
       [2m Filename pattern: [22m[34mtests/integration/datavault-v4-regression.test.ts[39m

[90mstdout[2m | tests/integration/datavault-v4-regression.test.ts
[22m[39m[dotenv@17.2.3] injecting env (13) from .env -- tip: â‰¡Æ’Â¢Ã¡âˆ©â••Ã…  run anywhere with `dotenvx run -- yourcommand`

{"level":40,"time":1764874579149,"env":"test","module":"auth-service","msg":"JWT_SECRET not set - falling back to SESSION_SECRET. This is acceptable for development but should be fixed for production."}
{"level":30,"time":1764874584922,"env":"test","multerImportKeys":["diskStorage","memoryStorage","MulterError"],"multerInstanceKeys":["diskStorage","memoryStorage","MulterError"],"multerInstanceType":"function","uploadKeys":["storage","limits","preservePath","fileFilter"],"uploadType":"object","uploadPrototype":{},"msg":"Debug Multer Import"}
[90mstdout[2m | tests/integration/datavault-v4-regression.test.ts
[22m[39mâ‰¡Æ’ÂºÂ¬ Setting up test environment...

[90mstdout[2m | tests/integration/datavault-v4-regression.test.ts
[22m[39mÎ“Â£Ã  Database initialized for tests

{"level":30,"time":1764874591338,"env":"test","module":"file-routes","outputsDir":"C:\\Users\\scoot\\poll\\VaultLogic\\server\\files\\outputs","msg":"Secure file routes registered"}
{"level":30,"time":1764874591338,"env":"test","module":"ai-routes","msg":"AI workflow generation routes registered"}
{"level":30,"time":1764874591357,"env":"test","module":"collab-server","msg":"Initializing WebSocket collaboration server"}
{"level":40,"time":1764874591357,"env":"test","module":"collab-persistence","msg":"REDIS_URL not configured, multi-instance collab will not work"}
{"level":30,"time":1764874591358,"env":"test","module":"collab-server","msg":"WebSocket collaboration server initialized"}
{"level":30,"time":1764874591358,"env":"test","module":"routes","msg":"Real-time collaboration server initialized"}
{"level":30,"time":1764874592068,"env":"test","module":"auth","hasToken":true,"origin":"http://localhost:5000","ip":"::ffff:127.0.0.1","msg":"OAuth2 login attempt"}
{"level":30,"time":1764874592069,"env":"test","module":"auth","email":"testuser@example.com","msg":"Token verified successfully"}
{"level":30,"time":1764874592157,"env":"test","module":"auth","userId":"google-user-id","msg":"User upserted successfully"}
{"level":30,"time":1764874592248,"env":"test","module":"auth","email":"testuser@example.com","msg":"OAuth2 login successful"}
[90mstdout[2m | tests/integration/datavault-v4-regression.test.ts[2m > [22m[2mDataVault v4 Regression Tests
[22m[39mLogin Status: [33m200[39m
Login Body: {
  "message": "Authentication successful",
  "token": "eyJhbGciOiJIUzI1NiIsInR5cCI6IkpXVCJ9.eyJ1c2VySWQiOiJnb29nbGUtdXNlci1pZCIsImVtYWlsIjoidGVzdHVzZXJAZXhhbXBsZS5jb20iLCJ0ZW5hbnRJZCI6IjY4MmU4MGYyLWE2NzktNDI1ZC1iMGUzLWEzNTY4MTgxOGFmMCIsInJvbGUiOiJvd25lciIsImlhdCI6MTc2NDg3NDU5MiwiZXhwIjoxNzY1NDc5MzkyfQ.8OgZd9QcwJ_nCHbneVGy3sDIM9SF-FpKc2di5z6czbU",
  "user": {
    "id": "google-user-id",
    "email": "testuser@example.com",
    "firstName": "Test",
    "lastName": "User",
    "profileImageUrl": "https://example.com/avatar.jpg",
    "tenantId": "682e80f2-a679-425d-b0e3-a35681818af0",
    "tenantRole": "owner"
  }
}

{"level":30,"time":1764874592267,"env":"test","module":"auth","hasToken":true,"origin":"http://localhost:5000","ip":"::ffff:127.0.0.1","msg":"OAuth2 login attempt"}
{"level":30,"time":1764874592269,"env":"test","module":"auth","email":"other@example.com","msg":"Token verified successfully"}
{"level":30,"time":1764874592316,"env":"test","module":"auth","userId":"other-user-id","msg":"User upserted successfully"}
{"level":30,"time":1764874592399,"env":"test","module":"auth","email":"other@example.com","msg":"OAuth2 login successful"}
{"level":50,"time":1764874592650,"env":"test","error":{},"msg":"Error creating DataVault column"}
{"level":50,"time":1764874592907,"env":"test","error":{},"msg":"Error creating DataVault column"}
{"level":50,"time":1764874593132,"env":"test","error":{},"msg":"Error creating DataVault column"}
{"level":50,"time":1764874593267,"env":"test","error":{},"msg":"Error creating DataVault row"}
[90mstdout[2m | tests/integration/datavault-v4-regression.test.ts[2m > [22m[2mDataVault v4 Regression Tests[2m > [22m[2mSelect/Multiselect Columns[2m > [22m[2mshould validate select value against options
[22m[39mRow creation error message: Access denied - write permission required

{"level":50,"time":1764874593493,"env":"test","error":{},"msg":"Error creating DataVault column"}
{"level":50,"time":1764874593627,"env":"test","error":{},"msg":"Error creating DataVault row"}
[90mstdout[2m | tests/integration/datavault-v4-regression.test.ts[2m > [22m[2mDataVault v4 Regression Tests[2m > [22m[2mSelect/Multiselect Columns[2m > [22m[2mshould validate multiselect values as array
[22m[39mRow creation error message: Access denied - write permission required

{"level":50,"time":1764874593856,"env":"test","error":{},"msg":"Error creating DataVault column"}
{"level":50,"time":1764874594097,"env":"test","error":{},"msg":"Error creating DataVault column"}
{"level":50,"time":1764874594237,"env":"test","error":{},"msg":"Error creating DataVault row"}
[90mstdout[2m | tests/integration/datavault-v4-regression.test.ts[2m > [22m[2mDataVault v4 Regression Tests[2m > [22m[2mAutonumber Columns[2m > [22m[2mshould format autonumber with prefix
[22m[39mRow creation error message: Access denied - write permission required

{"level":50,"time":1764874594568,"env":"test","error":{},"msg":"Error creating row note"}
{"level":50,"time":1764874594888,"env":"test","error":{},"msg":"Error creating row note"}
{"level":50,"time":1764874595062,"env":"test","error":{},"msg":"Error creating row note"}
{"level":50,"time":1764874595237,"env":"test","error":{},"msg":"Error fetching row notes"}
{"level":50,"time":1764874595544,"env":"test","error":{},"msg":"Error creating row note"}
{"level":50,"time":1764874595679,"env":"test","error":{"length":141,"name":"error","severity":"ERROR","code":"22P02","where":"unnamed portal parameter $1 = '...'","file":"uuid.c","line":"138","routine":"string_to_uuid"},"msg":"Error deleting row note"}
{"level":50,"time":1764874596142,"env":"test","error":{},"msg":"Error creating row note"}
{"level":50,"time":1764874596281,"env":"test","error":{"length":141,"name":"error","severity":"ERROR","code":"22P02","where":"unnamed portal parameter $1 = '...'","file":"uuid.c","line":"138","routine":"string_to_uuid"},"msg":"Error deleting row note"}
{"level":50,"time":1764874596653,"env":"test","error":{},"databaseId":"86343915-b1cb-45d9-9ce4-4bbec68f261d","msg":"Error creating API token"}
{"level":50,"time":1764874597047,"env":"test","error":{},"databaseId":"f13163e8-405d-4ef2-b8d5-2abdec7b7103","msg":"Error creating API token"}
{"level":40,"time":1764874597194,"env":"test","module":"auth-middleware","path":"/datavault/databases/efb0e5ab-30b1-44ed-b811-3c3b16f63e2c/tables","msg":"No valid authentication found"}
{"level":50,"time":1764874597480,"env":"test","error":{},"msg":"Error granting table permission"}
[90mstdout[2m | tests/integration/datavault-v4-regression.test.ts[2m > [22m[2mDataVault v4 Regression Tests[2m > [22m[2mTable Permissions[2m > [22m[2mshould grant table permission
[22m[39mGrant permission catch block entered Error: Access denied - owner permission required
    at DatavaultTablePermissionsService.requirePermission (C:/Users/scoot/poll/VaultLogic/server/services/DatavaultTablePermissionsService.ts:108:13)
[90m    at processTicksAndRejections (node:internal/process/task_queues:103:5)[39m
    at DatavaultTablePermissionsService.grantPermission (C:/Users/scoot/poll/VaultLogic/server/services/DatavaultTablePermissionsService.ts:138:5)
    at C:/Users/scoot/poll/VaultLogic/server/routes/datavault.routes.ts:1155:26

{"level":50,"time":1764874597707,"env":"test","error":{},"msg":"Error fetching table permissions"}
{"level":50,"time":1764874597938,"env":"test","error":{},"msg":"Error granting table permission"}
[90mstdout[2m | tests/integration/datavault-v4-regression.test.ts[2m > [22m[2mDataVault v4 Regression Tests[2m > [22m[2mTable Permissions[2m > [22m[2mshould update table permission role
[22m[39mGrant permission catch block entered Error: Access denied - owner permission required
    at DatavaultTablePermissionsService.requirePermission (C:/Users/scoot/poll/VaultLogic/server/services/DatavaultTablePermissionsService.ts:108:13)
[90m    at processTicksAndRejections (node:internal/process/task_queues:103:5)[39m
    at DatavaultTablePermissionsService.grantPermission (C:/Users/scoot/poll/VaultLogic/server/services/DatavaultTablePermissionsService.ts:138:5)
    at C:/Users/scoot/poll/VaultLogic/server/routes/datavault.routes.ts:1155:26

{"level":50,"time":1764874598076,"env":"test","error":{},"msg":"Error granting table permission"}
[90mstdout[2m | tests/integration/datavault-v4-regression.test.ts[2m > [22m[2mDataVault v4 Regression Tests[2m > [22m[2mTable Permissions[2m > [22m[2mshould update table permission role
[22m[39mGrant permission catch block entered Error: Access denied - owner permission required
    at DatavaultTablePermissionsService.requirePermission (C:/Users/scoot/poll/VaultLogic/server/services/DatavaultTablePermissionsService.ts:108:13)
[90m    at processTicksAndRejections (node:internal/process/task_queues:103:5)[39m
    at DatavaultTablePermissionsService.grantPermission (C:/Users/scoot/poll/VaultLogic/server/services/DatavaultTablePermissionsService.ts:138:5)
    at C:/Users/scoot/poll/VaultLogic/server/routes/datavault.routes.ts:1155:26

[90mstdout[2m | tests/integration/datavault-v4-regression.test.ts[2m > [22m[2mDataVault v4 Regression Tests[2m > [22m[2mTable Permissions[2m > [22m[2mshould update table permission role
[22m[39mUpdate permission failed: { message: [32m'Access denied - owner permission required'[39m }

{"level":50,"time":1764874598304,"env":"test","error":{},"msg":"Error granting table permission"}
[90mstdout[2m | tests/integration/datavault-v4-regression.test.ts[2m > [22m[2mDataVault v4 Regression Tests[2m > [22m[2mTable Permissions[2m > [22m[2mshould revoke table permission
[22m[39mGrant permission catch block entered Error: Access denied - owner permission required
    at DatavaultTablePermissionsService.requirePermission (C:/Users/scoot/poll/VaultLogic/server/services/DatavaultTablePermissionsService.ts:108:13)
[90m    at processTicksAndRejections (node:internal/process/task_queues:103:5)[39m
    at DatavaultTablePermissionsService.grantPermission (C:/Users/scoot/poll/VaultLogic/server/services/DatavaultTablePermissionsService.ts:138:5)
    at C:/Users/scoot/poll/VaultLogic/server/routes/datavault.routes.ts:1155:26

[90mstdout[2m | tests/integration/datavault-v4-regression.test.ts[2m > [22m[2mDataVault v4 Regression Tests[2m > [22m[2mTable Permissions[2m > [22m[2mshould revoke table permission
[22m[39mrevokePermission called for permission: undefined

{"level":50,"time":1764874598431,"env":"test","error":{},"msg":"Error revoking table permission"}
{"level":50,"time":1764874598652,"env":"test","error":{},"msg":"Error granting table permission"}
[90mstdout[2m | tests/integration/datavault-v4-regression.test.ts[2m > [22m[2mDataVault v4 Regression Tests[2m > [22m[2mTable Permissions[2m > [22m[2mshould enforce RBAC - only owners can manage permissions
[22m[39mGrant permission catch block entered Error: Access denied - owner permission required
    at DatavaultTablePermissionsService.requirePermission (C:/Users/scoot/poll/VaultLogic/server/services/DatavaultTablePermissionsService.ts:108:13)
[90m    at processTicksAndRejections (node:internal/process/task_queues:103:5)[39m
    at DatavaultTablePermissionsService.grantPermission (C:/Users/scoot/poll/VaultLogic/server/services/DatavaultTablePermissionsService.ts:138:5)
    at C:/Users/scoot/poll/VaultLogic/server/routes/datavault.routes.ts:1155:26

{"level":50,"time":1764874599517,"env":"test","error":{},"msg":"Error fetching DataVault rows"}
{"level":50,"time":1764874599761,"env":"test","error":{},"msg":"Error creating DataVault column"}
{"level":50,"time":1764874600013,"env":"test","error":{},"msg":"Error creating DataVault column"}
{"level":50,"time":1764874600161,"env":"test","error":{},"msg":"Error creating DataVault row"}
[90mstdout[2m | tests/integration/datavault-v4-regression.test.ts[2m > [22m[2mDataVault v4 Regression Tests[2m > [22m[2mError Handling[2m > [22m[2mshould return user-friendly error for missing required fields
[22m[39mRow creation error message: Access denied - write permission required

{"level":50,"time":1764874600389,"env":"test","error":{"length":144,"name":"error","severity":"ERROR","code":"22P02","where":"unnamed portal parameter $1 = '...'","file":"uuid.c","line":"138","routine":"string_to_uuid"},"msg":"Error fetching DataVault rows"}
[90mstdout[2m | tests/integration/datavault-v4-regression.test.ts
[22m[39mâ‰¡Æ’Âºâ•£ Cleaning up test environment...

 [31mÎ“Â¥Â»[39m tests/integration/datavault-v4-regression.test.ts [2m([22m[2m23 tests[22m[2m | [22m[31m19 failed[39m[2m)[22m[33m 9112[2mms[22m[39m
[31m       [31mâ”œÃ¹[31m should create a select column with options[39m[32m 258[2mms[22m[39m
[31m       [31mâ”œÃ¹[31m should create a multiselect column with options[39m[32m 251[2mms[22m[39m
[31m       [31mâ”œÃ¹[31m should validate select value against options[39m[33m 359[2mms[22m[39m
[31m       [31mâ”œÃ¹[31m should validate multiselect values as array[39m[33m 361[2mms[22m[39m
[31m       [31mâ”œÃ¹[31m should create an autonumber column with sequence[39m[32m 228[2mms[22m[39m
[31m       [31mâ”œÃ¹[31m should format autonumber with prefix[39m[33m 381[2mms[22m[39m
[31m       [31mâ”œÃ¹[31m should create a note for a row[39m[33m 329[2mms[22m[39m
[31m       [31mâ”œÃ¹[31m should get all notes for a row[39m[33m 669[2mms[22m[39m
[31m       [31mâ”œÃ¹[31m should delete a note[39m[33m 441[2mms[22m[39m
[31m       [31mâ”œÃ¹[31m should not allow deleting notes by other users[39m[33m 603[2mms[22m[39m
[31m       [31mâ”œÃ¹[31m should create an API token[39m[33m 372[2mms[22m[39m
       [32mÎ“Â£Ã´[39m should validate API token scopes[32m 175[2mms[22m[39m
[31m       [31mâ”œÃ¹[31m should revoke (delete) an API token[39m[32m 218[2mms[22m[39m
       [32mÎ“Â£Ã´[39m should deny access with expired token[32m 146[2mms[22m[39m
[31m       [31mâ”œÃ¹[31m should grant table permission[39m[32m 286[2mms[22m[39m
[31m       [31mâ”œÃ¹[31m should list table permissions[39m[32m 227[2mms[22m[39m
[31m       [31mâ”œÃ¹[31m should update table permission role[39m[33m 369[2mms[22m[39m
[31m       [31mâ”œÃ¹[31m should revoke table permission[39m[33m 355[2mms[22m[39m
       [32mÎ“Â£Ã´[39m should enforce RBAC - only owners can manage permissions[32m 220[2mms[22m[39m
[31m       [31mâ”œÃ¹[31m should paginate rows efficiently[39m[33m 866[2mms[22m[39m
[31m       [31mâ”œÃ¹[31m should return user-friendly error for invalid column type[39m[32m 243[2mms[22m[39m
[31m       [31mâ”œÃ¹[31m should return user-friendly error for missing required fields[39m[33m 400[2mms[22m[39m
       [32mÎ“Â£Ã´[39m should handle network errors gracefully[32m 228[2mms[22m[39m

Î“Ã„Â»Î“Ã„Â»Î“Ã„Â»Î“Ã„Â»Î“Ã„Â»Î“Ã„Â» Failed Tests 19 Î“Ã„Â»Î“Ã„Â»Î“Ã„Â»Î“Ã„Â»Î“Ã„Â»Î“Ã„Â»Î“Ã„Â»

 FAIL  tests/integration/datavault-v4-regression.test.ts > DataVault v4 Regression Tests > Select/Multiselect Columns > should create a select column with options
AssertionError: expected 403 to be 201 // Object.is equality

- Expected
+ Received

- 201
+ 403

 Î“Â¥Â» tests/integration/datavault-v4-regression.test.ts:298:31
    296|         });
    297| 
    298|       expect(response.status).toBe(201);
       |                               ^
    299|       expect(response.body).toBeDefined();
    300|       expect(response.body.type).toBe('select');

Î“Ã„Â»Î“Ã„Â»Î“Ã„Â»Î“Ã„Â»Î“Ã„Â»Î“Ã„Â»Î“Ã„Â»Î“Ã„Â»Î“Ã„Â»Î“Ã„Â»Î“Ã„Â»Î“Ã„Â»Î“Ã„Â»Î“Ã„Â»Î“Ã„Â»Î“Ã„Â»Î“Ã„Â»Î“Ã„Â»Î“Ã„Â»Î“Ã„Â»Î“Ã„Â»Î“Ã„Â»Î“Ã„Â»[1/19]Î“Ã„Â»

 FAIL  tests/integration/datavault-v4-regression.test.ts > DataVault v4 Regression Tests > Select/Multiselect Columns > should create a multiselect column with options
AssertionError: expected 403 to be 201 // Object.is equality

- Expected
+ Received

- 201
+ 403

 Î“Â¥Â» tests/integration/datavault-v4-regression.test.ts:321:31
    319|         });
    320| 
    321|       expect(response.status).toBe(201);
       |                               ^
    322|       expect(response.body).toBeDefined();
    323|       expect(response.body.type).toBe('multiselect');

Î“Ã„Â»Î“Ã„Â»Î“Ã„Â»Î“Ã„Â»Î“Ã„Â»Î“Ã„Â»Î“Ã„Â»Î“Ã„Â»Î“Ã„Â»Î“Ã„Â»Î“Ã„Â»Î“Ã„Â»Î“Ã„Â»Î“Ã„Â»Î“Ã„Â»Î“Ã„Â»Î“Ã„Â»Î“Ã„Â»Î“Ã„Â»Î“Ã„Â»Î“Ã„Â»Î“Ã„Â»Î“Ã„Â»[2/19]Î“Ã„Â»

 FAIL  tests/integration/datavault-v4-regression.test.ts > DataVault v4 Regression Tests > Select/Multiselect Columns > should validate select value against options
AssertionError: expected 403 to be 201 // Object.is equality

- Expected
+ Received

- 201
+ 403

 Î“Â¥Â» tests/integration/datavault-v4-regression.test.ts:356:36
    354|         });
    355| 
    356|       expect(validResponse.status).toBe(201);
       |                                    ^
    357| 
    358|       // Create row with invalid value should fail

Î“Ã„Â»Î“Ã„Â»Î“Ã„Â»Î“Ã„Â»Î“Ã„Â»Î“Ã„Â»Î“Ã„Â»Î“Ã„Â»Î“Ã„Â»Î“Ã„Â»Î“Ã„Â»Î“Ã„Â»Î“Ã„Â»Î“Ã„Â»Î“Ã„Â»Î“Ã„Â»Î“Ã„Â»Î“Ã„Â»Î“Ã„Â»Î“Ã„Â»Î“Ã„Â»Î“Ã„Â»Î“Ã„Â»[3/19]Î“Ã„Â»

 FAIL  tests/integration/datavault-v4-regression.test.ts > DataVault v4 Regression Tests > Select/Multiselect Columns > should validate multiselect values as array
AssertionError: expected 403 to be 201 // Object.is equality

- Expected
+ Received

- 201
+ 403

 Î“Â¥Â» tests/integration/datavault-v4-regression.test.ts:401:36
    399|         });
    400| 
    401|       expect(validResponse.status).toBe(201);
       |                                    ^
    402|       expect(validResponse.body.values[testColumnId]).toEqual(['urgentÎ“Ã‡Âª
    403|     });

Î“Ã„Â»Î“Ã„Â»Î“Ã„Â»Î“Ã„Â»Î“Ã„Â»Î“Ã„Â»Î“Ã„Â»Î“Ã„Â»Î“Ã„Â»Î“Ã„Â»Î“Ã„Â»Î“Ã„Â»Î“Ã„Â»Î“Ã„Â»Î“Ã„Â»Î“Ã„Â»Î“Ã„Â»Î“Ã„Â»Î“Ã„Â»Î“Ã„Â»Î“Ã„Â»Î“Ã„Â»Î“Ã„Â»[4/19]Î“Ã„Â»

 FAIL  tests/integration/datavault-v4-regression.test.ts > DataVault v4 Regression Tests > Autonumber Columns > should create an autonumber column with sequence
AssertionError: expected 403 to be 201 // Object.is equality

- Expected
+ Received

- 201
+ 403

 Î“Â¥Â» tests/integration/datavault-v4-regression.test.ts:421:31
    419|         });
    420| 
    421|       expect(response.status).toBe(201);
       |                               ^
    422|       expect(response.body).toBeDefined();
    423|       expect(response.body.type).toBe('autonumber');

Î“Ã„Â»Î“Ã„Â»Î“Ã„Â»Î“Ã„Â»Î“Ã„Â»Î“Ã„Â»Î“Ã„Â»Î“Ã„Â»Î“Ã„Â»Î“Ã„Â»Î“Ã„Â»Î“Ã„Â»Î“Ã„Â»Î“Ã„Â»Î“Ã„Â»Î“Ã„Â»Î“Ã„Â»Î“Ã„Â»Î“Ã„Â»Î“Ã„Â»Î“Ã„Â»Î“Ã„Â»Î“Ã„Â»[5/19]Î“Ã„Â»

 FAIL  tests/integration/datavault-v4-regression.test.ts > DataVault v4 Regression Tests > Autonumber Columns > should format autonumber with prefix
AssertionError: expected 403 to be 201 // Object.is equality

- Expected
+ Received

- 201
+ 403

 Î“Â¥Â» tests/integration/datavault-v4-regression.test.ts:455:34
    453|         .send({ values: {} });
    454| 
    455|       expect(rowResponse.status).toBe(201);
       |                                  ^
    456|       // Check if formatted value is stored or displayed
    457|       // This depends on implementation - adjust as needed

Î“Ã„Â»Î“Ã„Â»Î“Ã„Â»Î“Ã„Â»Î“Ã„Â»Î“Ã„Â»Î“Ã„Â»Î“Ã„Â»Î“Ã„Â»Î“Ã„Â»Î“Ã„Â»Î“Ã„Â»Î“Ã„Â»Î“Ã„Â»Î“Ã„Â»Î“Ã„Â»Î“Ã„Â»Î“Ã„Â»Î“Ã„Â»Î“Ã„Â»Î“Ã„Â»Î“Ã„Â»Î“Ã„Â»[6/19]Î“Ã„Â»

 FAIL  tests/integration/datavault-v4-regression.test.ts > DataVault v4 Regression Tests > Row Notes > should create a note for a row
AssertionError: expected 403 to be 201 // Object.is equality

- Expected
+ Received

- 201
+ 403

 Î“Â¥Â» tests/integration/datavault-v4-regression.test.ts:481:31
    479|         });
    480| 
    481|       expect(response.status).toBe(201);
       |                               ^
    482|       expect(response.body).toBeDefined();
    483|       expect(response.body.text).toBe('This is a test note');

Î“Ã„Â»Î“Ã„Â»Î“Ã„Â»Î“Ã„Â»Î“Ã„Â»Î“Ã„Â»Î“Ã„Â»Î“Ã„Â»Î“Ã„Â»Î“Ã„Â»Î“Ã„Â»Î“Ã„Â»Î“Ã„Â»Î“Ã„Â»Î“Ã„Â»Î“Ã„Â»Î“Ã„Â»Î“Ã„Â»Î“Ã„Â»Î“Ã„Â»Î“Ã„Â»Î“Ã„Â»Î“Ã„Â»[7/19]Î“Ã„Â»

 FAIL  tests/integration/datavault-v4-regression.test.ts > DataVault v4 Regression Tests > Row Notes > should get all notes for a row
AssertionError: expected 403 to be 200 // Object.is equality

- Expected
+ Received

- 200
+ 403

 Î“Â¥Â» tests/integration/datavault-v4-regression.test.ts:507:31
    505|         .set('Cookie', authCookie);
    506| 
    507|       expect(response.status).toBe(200);
       |                               ^
    508|       expect(response.body).toHaveLength(2);
    509|     });

Î“Ã„Â»Î“Ã„Â»Î“Ã„Â»Î“Ã„Â»Î“Ã„Â»Î“Ã„Â»Î“Ã„Â»Î“Ã„Â»Î“Ã„Â»Î“Ã„Â»Î“Ã„Â»Î“Ã„Â»Î“Ã„Â»Î“Ã„Â»Î“Ã„Â»Î“Ã„Â»Î“Ã„Â»Î“Ã„Â»Î“Ã„Â»Î“Ã„Â»Î“Ã„Â»Î“Ã„Â»Î“Ã„Â»[8/19]Î“Ã„Â»

 FAIL  tests/integration/datavault-v4-regression.test.ts > DataVault v4 Regression Tests > Row Notes > should delete a note
AssertionError: expected 500 to be 200 // Object.is equality

- Expected
+ Received

- 200
+ 500

 Î“Â¥Â» tests/integration/datavault-v4-regression.test.ts:527:37
    525|         .set('Cookie', authCookie);
    526| 
    527|       expect(deleteResponse.status).toBe(200);
       |                                     ^
    528| 
    529|       // Verify note is deleted

Î“Ã„Â»Î“Ã„Â»Î“Ã„Â»Î“Ã„Â»Î“Ã„Â»Î“Ã„Â»Î“Ã„Â»Î“Ã„Â»Î“Ã„Â»Î“Ã„Â»Î“Ã„Â»Î“Ã„Â»Î“Ã„Â»Î“Ã„Â»Î“Ã„Â»Î“Ã„Â»Î“Ã„Â»Î“Ã„Â»Î“Ã„Â»Î“Ã„Â»Î“Ã„Â»Î“Ã„Â»Î“Ã„Â»[9/19]Î“Ã„Â»

 FAIL  tests/integration/datavault-v4-regression.test.ts > DataVault v4 Regression Tests > Row Notes > should not allow deleting notes by other users
AssertionError: expected 500 to be 403 // Object.is equality

- Expected
+ Received

- 403
+ 500

 Î“Â¥Â» tests/integration/datavault-v4-regression.test.ts:554:37
    552|         .set('Cookie', otherUserCookie);
    553| 
    554|       expect(deleteResponse.status).toBe(403);
       |                                     ^
    555|     });
    556|   });

Î“Ã„Â»Î“Ã„Â»Î“Ã„Â»Î“Ã„Â»Î“Ã„Â»Î“Ã„Â»Î“Ã„Â»Î“Ã„Â»Î“Ã„Â»Î“Ã„Â»Î“Ã„Â»Î“Ã„Â»Î“Ã„Â»Î“Ã„Â»Î“Ã„Â»Î“Ã„Â»Î“Ã„Â»Î“Ã„Â»Î“Ã„Â»Î“Ã„Â»Î“Ã„Â»Î“Ã„Â»[10/19]Î“Ã„Â»

 FAIL  tests/integration/datavault-v4-regression.test.ts > DataVault v4 Regression Tests > API Tokens > should create an API token
AssertionError: expected 403 to be 201 // Object.is equality

- Expected
+ Received

- 201
+ 403

 Î“Â¥Â» tests/integration/datavault-v4-regression.test.ts:574:31
    572|       // Assuming DB exists (created in beforeAll).
    573|       // If 404 persists, we might need to debug route registration.
    574|       expect(response.status).toBe(201);
       |                               ^
    575|       expect(response.body).toBeDefined();
    576|       // plainToken is not returned in the object, it might be separatÎ“Ã‡Âª

Î“Ã„Â»Î“Ã„Â»Î“Ã„Â»Î“Ã„Â»Î“Ã„Â»Î“Ã„Â»Î“Ã„Â»Î“Ã„Â»Î“Ã„Â»Î“Ã„Â»Î“Ã„Â»Î“Ã„Â»Î“Ã„Â»Î“Ã„Â»Î“Ã„Â»Î“Ã„Â»Î“Ã„Â»Î“Ã„Â»Î“Ã„Â»Î“Ã„Â»Î“Ã„Â»Î“Ã„Â»[11/19]Î“Ã„Â»

 FAIL  tests/integration/datavault-v4-regression.test.ts > DataVault v4 Regression Tests > API Tokens > should revoke (delete) an API token
TypeError: Cannot read properties of undefined (reading 'id')
 Î“Â¥Â» tests/integration/datavault-v4-regression.test.ts:608:49
    606|         });
    607| 
    608|       const tokenId = createResponse.body.token.id;
       |                                                 ^
    609| 
    610|       // Revoke token

Î“Ã„Â»Î“Ã„Â»Î“Ã„Â»Î“Ã„Â»Î“Ã„Â»Î“Ã„Â»Î“Ã„Â»Î“Ã„Â»Î“Ã„Â»Î“Ã„Â»Î“Ã„Â»Î“Ã„Â»Î“Ã„Â»Î“Ã„Â»Î“Ã„Â»Î“Ã„Â»Î“Ã„Â»Î“Ã„Â»Î“Ã„Â»Î“Ã„Â»Î“Ã„Â»Î“Ã„Â»[12/19]Î“Ã„Â»

 FAIL  tests/integration/datavault-v4-regression.test.ts > DataVault v4 Regression Tests > Table Permissions > should grant table permission
AssertionError: expected 403 to be 201 // Object.is equality

- Expected
+ Received

- 201
+ 403

 Î“Â¥Â» tests/integration/datavault-v4-regression.test.ts:668:31
    666|         });
    667| 
    668|       expect(response.status).toBe(201);
       |                               ^
    669|       expect(response.body).toBeDefined();
    670|       expect(response.body.role).toBe('read');

Î“Ã„Â»Î“Ã„Â»Î“Ã„Â»Î“Ã„Â»Î“Ã„Â»Î“Ã„Â»Î“Ã„Â»Î“Ã„Â»Î“Ã„Â»Î“Ã„Â»Î“Ã„Â»Î“Ã„Â»Î“Ã„Â»Î“Ã„Â»Î“Ã„Â»Î“Ã„Â»Î“Ã„Â»Î“Ã„Â»Î“Ã„Â»Î“Ã„Â»Î“Ã„Â»Î“Ã„Â»[13/19]Î“Ã„Â»

 FAIL  tests/integration/datavault-v4-regression.test.ts > DataVault v4 Regression Tests > Table Permissions > should list table permissions
AssertionError: expected 403 to be 200 // Object.is equality

- Expected
+ Received

- 200
+ 403

 Î“Â¥Â» tests/integration/datavault-v4-regression.test.ts:680:31
    678|         .set('Cookie', authCookie);
    679| 
    680|       expect(response.status).toBe(200);
       |                               ^
    681|       expect(response.body).toBeDefined();
    682|       expect(Array.isArray(response.body)).toBe(true);

Î“Ã„Â»Î“Ã„Â»Î“Ã„Â»Î“Ã„Â»Î“Ã„Â»Î“Ã„Â»Î“Ã„Â»Î“Ã„Â»Î“Ã„Â»Î“Ã„Â»Î“Ã„Â»Î“Ã„Â»Î“Ã„Â»Î“Ã„Â»Î“Ã„Â»Î“Ã„Â»Î“Ã„Â»Î“Ã„Â»Î“Ã„Â»Î“Ã„Â»Î“Ã„Â»Î“Ã„Â»[14/19]Î“Ã„Â»

 FAIL  tests/integration/datavault-v4-regression.test.ts > DataVault v4 Regression Tests > Table Permissions > should update table permission role
AssertionError: expected 403 to be 201 // Object.is equality

- Expected
+ Received

- 201
+ 403

 Î“Â¥Â» tests/integration/datavault-v4-regression.test.ts:713:37
    711|         console.log('Update permission failed:', updateResponse.body);
    712|       }
    713|       expect(updateResponse.status).toBe(201);
       |                                     ^
    714|       expect(updateResponse.body.role).toBe('write');
    715|     });

Î“Ã„Â»Î“Ã„Â»Î“Ã„Â»Î“Ã„Â»Î“Ã„Â»Î“Ã„Â»Î“Ã„Â»Î“Ã„Â»Î“Ã„Â»Î“Ã„Â»Î“Ã„Â»Î“Ã„Â»Î“Ã„Â»Î“Ã„Â»Î“Ã„Â»Î“Ã„Â»Î“Ã„Â»Î“Ã„Â»Î“Ã„Â»Î“Ã„Â»Î“Ã„Â»Î“Ã„Â»[15/19]Î“Ã„Â»

 FAIL  tests/integration/datavault-v4-regression.test.ts > DataVault v4 Regression Tests > Table Permissions > should revoke table permission
AssertionError: expected 403 to be 200 // Object.is equality

- Expected
+ Received

- 200
+ 403

 Î“Â¥Â» tests/integration/datavault-v4-regression.test.ts:739:37
    737| 
    738|       // Revoke returns 200 with message
    739|       expect(revokeResponse.status).toBe(200);
       |                                     ^
    740| 
    741|       // Verify permission is deleted

Î“Ã„Â»Î“Ã„Â»Î“Ã„Â»Î“Ã„Â»Î“Ã„Â»Î“Ã„Â»Î“Ã„Â»Î“Ã„Â»Î“Ã„Â»Î“Ã„Â»Î“Ã„Â»Î“Ã„Â»Î“Ã„Â»Î“Ã„Â»Î“Ã„Â»Î“Ã„Â»Î“Ã„Â»Î“Ã„Â»Î“Ã„Â»Î“Ã„Â»Î“Ã„Â»Î“Ã„Â»[16/19]Î“Ã„Â»

 FAIL  tests/integration/datavault-v4-regression.test.ts > DataVault v4 Regression Tests > Grid Performance > should paginate rows efficiently
AssertionError: expected 403 to be 200 // Object.is equality

- Expected
+ Received

- 200
+ 403

 Î“Â¥Â» tests/integration/datavault-v4-regression.test.ts:787:31
    785|         .set('Cookie', authCookie);
    786| 
    787|       expect(response.status).toBe(200);
       |                               ^
    788|       expect(response.body.rows).toHaveLength(25);
    789|       expect(response.body.pagination.total).toBe(100);

Î“Ã„Â»Î“Ã„Â»Î“Ã„Â»Î“Ã„Â»Î“Ã„Â»Î“Ã„Â»Î“Ã„Â»Î“Ã„Â»Î“Ã„Â»Î“Ã„Â»Î“Ã„Â»Î“Ã„Â»Î“Ã„Â»Î“Ã„Â»Î“Ã„Â»Î“Ã„Â»Î“Ã„Â»Î“Ã„Â»Î“Ã„Â»Î“Ã„Â»Î“Ã„Â»Î“Ã„Â»[17/19]Î“Ã„Â»

 FAIL  tests/integration/datavault-v4-regression.test.ts > DataVault v4 Regression Tests > Error Handling > should return user-friendly error for invalid column type
AssertionError: expected 403 to be 400 // Object.is equality

- Expected
+ Received

- 400
+ 403

 Î“Â¥Â» tests/integration/datavault-v4-regression.test.ts:807:31
    805|         });
    806| 
    807|       expect(response.status).toBe(400);
       |                               ^
    808|       expect(response.body.errors).toBeDefined();
    809|       // expect(response.body.error).toContain('Invalid column type');

Î“Ã„Â»Î“Ã„Â»Î“Ã„Â»Î“Ã„Â»Î“Ã„Â»Î“Ã„Â»Î“Ã„Â»Î“Ã„Â»Î“Ã„Â»Î“Ã„Â»Î“Ã„Â»Î“Ã„Â»Î“Ã„Â»Î“Ã„Â»Î“Ã„Â»Î“Ã„Â»Î“Ã„Â»Î“Ã„Â»Î“Ã„Â»Î“Ã„Â»Î“Ã„Â»Î“Ã„Â»[18/19]Î“Ã„Â»

 FAIL  tests/integration/datavault-v4-regression.test.ts > DataVault v4 Regression Tests > Error Handling > should return user-friendly error for missing required fields
AssertionError: expected 403 to be 400 // Object.is equality

- Expected
+ Received

- 400
+ 403

 Î“Â¥Â» tests/integration/datavault-v4-regression.test.ts:834:31
    832| 
    833|       // Improved error handling returns 400
    834|       expect(response.status).toBe(400);
       |                               ^
    835|       expect(response.body.message).toBeDefined();
    836|       expect(response.body.message).toContain('Required');

Î“Ã„Â»Î“Ã„Â»Î“Ã„Â»Î“Ã„Â»Î“Ã„Â»Î“Ã„Â»Î“Ã„Â»Î“Ã„Â»Î“Ã„Â»Î“Ã„Â»Î“Ã„Â»Î“Ã„Â»Î“Ã„Â»Î“Ã„Â»Î“Ã„Â»Î“Ã„Â»Î“Ã„Â»Î“Ã„Â»Î“Ã„Â»Î“Ã„Â»Î“Ã„Â»Î“Ã„Â»[19/19]Î“Ã„Â»


[2m Test Files [22m [1m[31m1 failed[39m[22m[90m (1)[39m
[2m      Tests [22m [1m[31m19 failed[39m[22m[2m | [22m[1m[32m4 passed[39m[22m[90m (23)[39m
[2m   Start at [22m 12:56:13
[2m   Duration [22m 25.38s

[1m[41m FAIL [49m[22m [31mTests failed. Watching for file changes...[39m
       [2mpress [22m[1mh[22m[2m to show help[22m[2m, [22m[2mpress [22m[1mq[22m[2m to quit[22m
c[3J[1m[44m RERUN [49m[22m [34m[2mtests/setup.ts [22m[34mx8 [34m[39m
       [2m Filename pattern: [22m[34mtests/integration/datavault-v4-regression.test.ts[39m

[90mstdout[2m | tests/integration/datavault-v4-regression.test.ts
[22m[39m[dotenv@17.2.3] injecting env (13) from .env -- tip: Î“ÃœÃ–âˆ©â••Ã…  specify custom .env file path with { path: '/custom/path/.env' }

{"level":40,"time":1764874685159,"env":"test","module":"auth-service","msg":"JWT_SECRET not set - falling back to SESSION_SECRET. This is acceptable for development but should be fixed for production."}
{"level":30,"time":1764874690115,"env":"test","multerImportKeys":["diskStorage","memoryStorage","MulterError"],"multerInstanceKeys":["diskStorage","memoryStorage","MulterError"],"multerInstanceType":"function","uploadKeys":["storage","limits","preservePath","fileFilter"],"uploadType":"object","uploadPrototype":{},"msg":"Debug Multer Import"}
[90mstdout[2m | tests/integration/datavault-v4-regression.test.ts
[22m[39mâ‰¡Æ’ÂºÂ¬ Setting up test environment...

[90mstdout[2m | tests/integration/datavault-v4-regression.test.ts
[22m[39mÎ“Â£Ã  Database initialized for tests

{"level":30,"time":1764874696686,"env":"test","module":"file-routes","outputsDir":"C:\\Users\\scoot\\poll\\VaultLogic\\server\\files\\outputs","msg":"Secure file routes registered"}
{"level":30,"time":1764874696686,"env":"test","module":"ai-routes","msg":"AI workflow generation routes registered"}
{"level":30,"time":1764874696751,"env":"test","module":"collab-server","msg":"Initializing WebSocket collaboration server"}
{"level":40,"time":1764874696751,"env":"test","module":"collab-persistence","msg":"REDIS_URL not configured, multi-instance collab will not work"}
{"level":30,"time":1764874696751,"env":"test","module":"collab-server","msg":"WebSocket collaboration server initialized"}
{"level":30,"time":1764874696751,"env":"test","module":"routes","msg":"Real-time collaboration server initialized"}
{"level":30,"time":1764874697320,"env":"test","module":"auth","hasToken":true,"origin":"http://localhost:5000","ip":"::ffff:127.0.0.1","msg":"OAuth2 login attempt"}
{"level":30,"time":1764874697321,"env":"test","module":"auth","email":"testuser@example.com","msg":"Token verified successfully"}
{"level":30,"time":1764874697366,"env":"test","module":"auth","userId":"google-user-id","msg":"User upserted successfully"}
{"level":30,"time":1764874697462,"env":"test","module":"auth","email":"testuser@example.com","msg":"OAuth2 login successful"}
{"level":30,"time":1764874697480,"env":"test","module":"auth","hasToken":true,"origin":"http://localhost:5000","ip":"::ffff:127.0.0.1","msg":"OAuth2 login attempt"}
{"level":30,"time":1764874697480,"env":"test","module":"auth","email":"other@example.com","msg":"Token verified successfully"}
[90mstdout[2m | tests/integration/datavault-v4-regression.test.ts[2m > [22m[2mDataVault v4 Regression Tests
[22m[39mLogin Status: [33m200[39m
Login Body: {
  "message": "Authentication successful",
  "token": "eyJhbGciOiJIUzI1NiIsInR5cCI6IkpXVCJ9.eyJ1c2VySWQiOiJnb29nbGUtdXNlci1pZCIsImVtYWlsIjoidGVzdHVzZXJAZXhhbXBsZS5jb20iLCJ0ZW5hbnRJZCI6ImYyMmJjMDk2LTY5NjEtNDNjYS1iM2I5LTVlZjc2ZDdhZDIzNyIsInJvbGUiOiJvd25lciIsImlhdCI6MTc2NDg3NDY5NywiZXhwIjoxNzY1NDc5NDk3fQ.MIGfO5SQfDUTxuqZZrTbBfhNbL1NOT1o239r54Nn-vY",
  "user": {
    "id": "google-user-id",
    "email": "testuser@example.com",
    "firstName": "Test",
    "lastName": "User",
    "profileImageUrl": "https://example.com/avatar.jpg",
    "tenantId": "f22bc096-6961-43ca-b3b9-5ef76d7ad237",
    "tenantRole": "owner"
  }
}

{"level":30,"time":1764874697582,"env":"test","module":"auth","userId":"other-user-id","msg":"User upserted successfully"}
{"level":30,"time":1764874697677,"env":"test","module":"auth","email":"other@example.com","msg":"OAuth2 login successful"}
{"level":50,"time":1764874698317,"env":"test","error":{},"msg":"Error creating DataVault column"}
{"level":50,"time":1764874698544,"env":"test","error":{},"msg":"Error creating DataVault column"}
{"level":50,"time":1764874698687,"env":"test","error":{},"msg":"Error creating DataVault row"}
[90mstdout[2m | tests/integration/datavault-v4-regression.test.ts[2m > [22m[2mDataVault v4 Regression Tests[2m > [22m[2mSelect/Multiselect Columns[2m > [22m[2mshould validate select value against options
[22m[39mRow creation error message: Access denied - write permission required

{"level":50,"time":1764874698905,"env":"test","error":{},"msg":"Error creating DataVault column"}
{"level":50,"time":1764874699048,"env":"test","error":{},"msg":"Error creating DataVault row"}
[90mstdout[2m | tests/integration/datavault-v4-regression.test.ts[2m > [22m[2mDataVault v4 Regression Tests[2m > [22m[2mSelect/Multiselect Columns[2m > [22m[2mshould validate multiselect values as array
[22m[39mRow creation error message: Access denied - write permission required

{"level":50,"time":1764874699269,"env":"test","error":{},"msg":"Error creating DataVault column"}
{"level":50,"time":1764874699500,"env":"test","error":{},"msg":"Error creating DataVault column"}
{"level":50,"time":1764874699636,"env":"test","error":{},"msg":"Error creating DataVault row"}
[90mstdout[2m | tests/integration/datavault-v4-regression.test.ts[2m > [22m[2mDataVault v4 Regression Tests[2m > [22m[2mAutonumber Columns[2m > [22m[2mshould format autonumber with prefix
[22m[39mRow creation error message: Access denied - write permission required

{"level":50,"time":1764874699951,"env":"test","error":{},"msg":"Error creating row note"}
{"level":50,"time":1764874700249,"env":"test","error":{},"msg":"Error creating row note"}
{"level":50,"time":1764874700432,"env":"test","error":{},"msg":"Error creating row note"}
{"level":50,"time":1764874700607,"env":"test","error":{},"msg":"Error fetching row notes"}
{"level":50,"time":1764874700900,"env":"test","error":{},"msg":"Error creating row note"}
{"level":50,"time":1764874701032,"env":"test","error":{"length":141,"name":"error","severity":"ERROR","code":"22P02","where":"unnamed portal parameter $1 = '...'","file":"uuid.c","line":"138","routine":"string_to_uuid"},"msg":"Error deleting row note"}
{"level":50,"time":1764874701473,"env":"test","error":{},"msg":"Error creating row note"}
{"level":50,"time":1764874701607,"env":"test","error":{"length":141,"name":"error","severity":"ERROR","code":"22P02","where":"unnamed portal parameter $1 = '...'","file":"uuid.c","line":"138","routine":"string_to_uuid"},"msg":"Error deleting row note"}
{"level":50,"time":1764874701990,"env":"test","error":{},"databaseId":"fcbceb06-c491-4726-b9a3-d829812c2374","msg":"Error creating API token"}
{"level":50,"time":1764874702476,"env":"test","error":{},"databaseId":"e02193b6-f4f5-4fe4-9651-43f6a2555f05","msg":"Error creating API token"}
{"level":40,"time":1764874702617,"env":"test","module":"auth-middleware","path":"/datavault/databases/cdb8b403-4f2a-495e-89b6-d0c632d5c68a/tables","msg":"No valid authentication found"}
{"level":50,"time":1764874702855,"env":"test","error":{},"msg":"Error granting table permission"}
[90mstdout[2m | tests/integration/datavault-v4-regression.test.ts[2m > [22m[2mDataVault v4 Regression Tests[2m > [22m[2mTable Permissions[2m > [22m[2mshould grant table permission
[22m[39mGrant permission catch block entered Error: Access denied - owner permission required
    at DatavaultTablePermissionsService.requirePermission (C:/Users/scoot/poll/VaultLogic/server/services/DatavaultTablePermissionsService.ts:108:13)
[90m    at processTicksAndRejections (node:internal/process/task_queues:103:5)[39m
    at DatavaultTablePermissionsService.grantPermission (C:/Users/scoot/poll/VaultLogic/server/services/DatavaultTablePermissionsService.ts:138:5)
    at C:/Users/scoot/poll/VaultLogic/server/routes/datavault.routes.ts:1155:26

{"level":50,"time":1764874703080,"env":"test","error":{},"msg":"Error fetching table permissions"}
{"level":50,"time":1764874703310,"env":"test","error":{},"msg":"Error granting table permission"}
[90mstdout[2m | tests/integration/datavault-v4-regression.test.ts[2m > [22m[2mDataVault v4 Regression Tests[2m > [22m[2mTable Permissions[2m > [22m[2mshould update table permission role
[22m[39mGrant permission catch block entered Error: Access denied - owner permission required
    at DatavaultTablePermissionsService.requirePermission (C:/Users/scoot/poll/VaultLogic/server/services/DatavaultTablePermissionsService.ts:108:13)
[90m    at processTicksAndRejections (node:internal/process/task_queues:103:5)[39m
    at DatavaultTablePermissionsService.grantPermission (C:/Users/scoot/poll/VaultLogic/server/services/DatavaultTablePermissionsService.ts:138:5)
    at C:/Users/scoot/poll/VaultLogic/server/routes/datavault.routes.ts:1155:26

{"level":50,"time":1764874703449,"env":"test","error":{},"msg":"Error granting table permission"}
[90mstdout[2m | tests/integration/datavault-v4-regression.test.ts[2m > [22m[2mDataVault v4 Regression Tests[2m > [22m[2mTable Permissions[2m > [22m[2mshould update table permission role
[22m[39mGrant permission catch block entered Error: Access denied - owner permission required
    at DatavaultTablePermissionsService.requirePermission (C:/Users/scoot/poll/VaultLogic/server/services/DatavaultTablePermissionsService.ts:108:13)
[90m    at processTicksAndRejections (node:internal/process/task_queues:103:5)[39m
    at DatavaultTablePermissionsService.grantPermission (C:/Users/scoot/poll/VaultLogic/server/services/DatavaultTablePermissionsService.ts:138:5)
    at C:/Users/scoot/poll/VaultLogic/server/routes/datavault.routes.ts:1155:26

[90mstdout[2m | tests/integration/datavault-v4-regression.test.ts[2m > [22m[2mDataVault v4 Regression Tests[2m > [22m[2mTable Permissions[2m > [22m[2mshould update table permission role
[22m[39mUpdate permission failed: { message: [32m'Access denied - owner permission required'[39m }

{"level":50,"time":1764874703686,"env":"test","error":{},"msg":"Error granting table permission"}
[90mstdout[2m | tests/integration/datavault-v4-regression.test.ts[2m > [22m[2mDataVault v4 Regression Tests[2m > [22m[2mTable Permissions[2m > [22m[2mshould revoke table permission
[22m[39mGrant permission catch block entered Error: Access denied - owner permission required
    at DatavaultTablePermissionsService.requirePermission (C:/Users/scoot/poll/VaultLogic/server/services/DatavaultTablePermissionsService.ts:108:13)
[90m    at processTicksAndRejections (node:internal/process/task_queues:103:5)[39m
    at DatavaultTablePermissionsService.grantPermission (C:/Users/scoot/poll/VaultLogic/server/services/DatavaultTablePermissionsService.ts:138:5)
    at C:/Users/scoot/poll/VaultLogic/server/routes/datavault.routes.ts:1155:26

[90mstdout[2m | tests/integration/datavault-v4-regression.test.ts[2m > [22m[2mDataVault v4 Regression Tests[2m > [22m[2mTable Permissions[2m > [22m[2mshould revoke table permission
[22m[39mrevokePermission called for permission: undefined

{"level":50,"time":1764874703838,"env":"test","error":{},"msg":"Error revoking table permission"}
[90mstdout[2m | tests/integration/datavault-v4-regression.test.ts[2m > [22m[2mDataVault v4 Regression Tests[2m > [22m[2mTable Permissions[2m > [22m[2mshould enforce RBAC - only owners can manage permissions
[22m[39mGrant permission catch block entered Error: Access denied - owner permission required
    at DatavaultTablePermissionsService.requirePermission (C:/Users/scoot/poll/VaultLogic/server/services/DatavaultTablePermissionsService.ts:108:13)
[90m    at processTicksAndRejections (node:internal/process/task_queues:103:5)[39m
    at DatavaultTablePermissionsService.grantPermission (C:/Users/scoot/poll/VaultLogic/server/services/DatavaultTablePermissionsService.ts:138:5)
    at C:/Users/scoot/poll/VaultLogic/server/routes/datavault.routes.ts:1155:26

{"level":50,"time":1764874704078,"env":"test","error":{},"msg":"Error granting table permission"}
{"level":50,"time":1764874704931,"env":"test","error":{},"msg":"Error fetching DataVault rows"}
{"level":50,"time":1764874705151,"env":"test","error":{},"msg":"Error creating DataVault column"}
{"level":50,"time":1764874705365,"env":"test","error":{},"msg":"Error creating DataVault column"}
{"level":50,"time":1764874705507,"env":"test","error":{},"msg":"Error creating DataVault row"}
[90mstdout[2m | tests/integration/datavault-v4-regression.test.ts[2m > [22m[2mDataVault v4 Regression Tests[2m > [22m[2mError Handling[2m > [22m[2mshould return user-friendly error for missing required fields
[22m[39mRow creation error message: Access denied - write permission required

{"level":50,"time":1764874705720,"env":"test","error":{"length":144,"name":"error","severity":"ERROR","code":"22P02","where":"unnamed portal parameter $1 = '...'","file":"uuid.c","line":"138","routine":"string_to_uuid"},"msg":"Error fetching DataVault rows"}
[90mstdout[2m | tests/integration/datavault-v4-regression.test.ts
[22m[39mâ‰¡Æ’Âºâ•£ Cleaning up test environment...

 [31mÎ“Â¥Â»[39m tests/integration/datavault-v4-regression.test.ts [2m([22m[2m23 tests[22m[2m | [22m[31m18 failed[39m[2m)[22m[33m 9095[2mms[22m[39m
       [33m[2mÎ“Â£Ã´[22m[39m should create a select column with options [33m 417[2mms[22m[39m
[31m       [31mâ”œÃ¹[31m should create a multiselect column with options[39m[32m 229[2mms[22m[39m
[31m       [31mâ”œÃ¹[31m should validate select value against options[39m[33m 366[2mms[22m[39m
[31m       [31mâ”œÃ¹[31m should validate multiselect values as array[39m[33m 360[2mms[22m[39m
[31m       [31mâ”œÃ¹[31m should create an autonumber column with sequence[39m[32m 221[2mms[22m[39m
[31m       [31mâ”œÃ¹[31m should format autonumber with prefix[39m[33m 368[2mms[22m[39m
[31m       [31mâ”œÃ¹[31m should create a note for a row[39m[33m 313[2mms[22m[39m
[31m       [31mâ”œÃ¹[31m should get all notes for a row[39m[33m 657[2mms[22m[39m
[31m       [31mâ”œÃ¹[31m should delete a note[39m[33m 424[2mms[22m[39m
[31m       [31mâ”œÃ¹[31m should not allow deleting notes by other users[39m[33m 577[2mms[22m[39m
[31m       [31mâ”œÃ¹[31m should create an API token[39m[33m 382[2mms[22m[39m
       [32mÎ“Â£Ã´[39m should validate API token scopes[32m 194[2mms[22m[39m
[31m       [31mâ”œÃ¹[31m should revoke (delete) an API token[39m[32m 292[2mms[22m[39m
       [32mÎ“Â£Ã´[39m should deny access with expired token[32m 140[2mms[22m[39m
[31m       [31mâ”œÃ¹[31m should grant table permission[39m[32m 239[2mms[22m[39m
[31m       [31mâ”œÃ¹[31m should list table permissions[39m[32m 224[2mms[22m[39m
[31m       [31mâ”œÃ¹[31m should update table permission role[39m[33m 371[2mms[22m[39m
[31m       [31mâ”œÃ¹[31m should revoke table permission[39m[33m 388[2mms[22m[39m
       [32mÎ“Â£Ã´[39m should enforce RBAC - only owners can manage permissions[32m 239[2mms[22m[39m
[31m       [31mâ”œÃ¹[31m should paginate rows efficiently[39m[33m 855[2mms[22m[39m
[31m       [31mâ”œÃ¹[31m should return user-friendly error for invalid column type[39m[32m 218[2mms[22m[39m
[31m       [31mâ”œÃ¹[31m should return user-friendly error for missing required fields[39m[33m 356[2mms[22m[39m
       [32mÎ“Â£Ã´[39m should handle network errors gracefully[32m 213[2mms[22m[39m

Î“Ã„Â»Î“Ã„Â»Î“Ã„Â»Î“Ã„Â»Î“Ã„Â»Î“Ã„Â» Failed Tests 18 Î“Ã„Â»Î“Ã„Â»Î“Ã„Â»Î“Ã„Â»Î“Ã„Â»Î“Ã„Â»Î“Ã„Â»

 FAIL  tests/integration/datavault-v4-regression.test.ts > DataVault v4 Regression Tests > Select/Multiselect Columns > should create a multiselect column with options
AssertionError: expected 403 to be 201 // Object.is equality

- Expected
+ Received

- 201
+ 403

 Î“Â¥Â» tests/integration/datavault-v4-regression.test.ts:321:31
    319|         });
    320| 
    321|       expect(response.status).toBe(201);
       |                               ^
    322|       expect(response.body).toBeDefined();
    323|       expect(response.body.type).toBe('multiselect');

Î“Ã„Â»Î“Ã„Â»Î“Ã„Â»Î“Ã„Â»Î“Ã„Â»Î“Ã„Â»Î“Ã„Â»Î“Ã„Â»Î“Ã„Â»Î“Ã„Â»Î“Ã„Â»Î“Ã„Â»Î“Ã„Â»Î“Ã„Â»Î“Ã„Â»Î“Ã„Â»Î“Ã„Â»Î“Ã„Â»Î“Ã„Â»Î“Ã„Â»Î“Ã„Â»Î“Ã„Â»Î“Ã„Â»[1/18]Î“Ã„Â»

 FAIL  tests/integration/datavault-v4-regression.test.ts > DataVault v4 Regression Tests > Select/Multiselect Columns > should validate select value against options
AssertionError: expected 403 to be 201 // Object.is equality

- Expected
+ Received

- 201
+ 403

 Î“Â¥Â» tests/integration/datavault-v4-regression.test.ts:356:36
    354|         });
    355| 
    356|       expect(validResponse.status).toBe(201);
       |                                    ^
    357| 
    358|       // Create row with invalid value should fail

Î“Ã„Â»Î“Ã„Â»Î“Ã„Â»Î“Ã„Â»Î“Ã„Â»Î“Ã„Â»Î“Ã„Â»Î“Ã„Â»Î“Ã„Â»Î“Ã„Â»Î“Ã„Â»Î“Ã„Â»Î“Ã„Â»Î“Ã„Â»Î“Ã„Â»Î“Ã„Â»Î“Ã„Â»Î“Ã„Â»Î“Ã„Â»Î“Ã„Â»Î“Ã„Â»Î“Ã„Â»Î“Ã„Â»[2/18]Î“Ã„Â»

 FAIL  tests/integration/datavault-v4-regression.test.ts > DataVault v4 Regression Tests > Select/Multiselect Columns > should validate multiselect values as array
AssertionError: expected 403 to be 201 // Object.is equality

- Expected
+ Received

- 201
+ 403

 Î“Â¥Â» tests/integration/datavault-v4-regression.test.ts:401:36
    399|         });
    400| 
    401|       expect(validResponse.status).toBe(201);
       |                                    ^
    402|       expect(validResponse.body.values[testColumnId]).toEqual(['urgentÎ“Ã‡Âª
    403|     });

Î“Ã„Â»Î“Ã„Â»Î“Ã„Â»Î“Ã„Â»Î“Ã„Â»Î“Ã„Â»Î“Ã„Â»Î“Ã„Â»Î“Ã„Â»Î“Ã„Â»Î“Ã„Â»Î“Ã„Â»Î“Ã„Â»Î“Ã„Â»Î“Ã„Â»Î“Ã„Â»Î“Ã„Â»Î“Ã„Â»Î“Ã„Â»Î“Ã„Â»Î“Ã„Â»Î“Ã„Â»Î“Ã„Â»[3/18]Î“Ã„Â»

 FAIL  tests/integration/datavault-v4-regression.test.ts > DataVault v4 Regression Tests > Autonumber Columns > should create an autonumber column with sequence
AssertionError: expected 403 to be 201 // Object.is equality

- Expected
+ Received

- 201
+ 403

 Î“Â¥Â» tests/integration/datavault-v4-regression.test.ts:421:31
    419|         });
    420| 
    421|       expect(response.status).toBe(201);
       |                               ^
    422|       expect(response.body).toBeDefined();
    423|       expect(response.body.type).toBe('autonumber');

Î“Ã„Â»Î“Ã„Â»Î“Ã„Â»Î“Ã„Â»Î“Ã„Â»Î“Ã„Â»Î“Ã„Â»Î“Ã„Â»Î“Ã„Â»Î“Ã„Â»Î“Ã„Â»Î“Ã„Â»Î“Ã„Â»Î“Ã„Â»Î“Ã„Â»Î“Ã„Â»Î“Ã„Â»Î“Ã„Â»Î“Ã„Â»Î“Ã„Â»Î“Ã„Â»Î“Ã„Â»Î“Ã„Â»[4/18]Î“Ã„Â»

 FAIL  tests/integration/datavault-v4-regression.test.ts > DataVault v4 Regression Tests > Autonumber Columns > should format autonumber with prefix
AssertionError: expected 403 to be 201 // Object.is equality

- Expected
+ Received

- 201
+ 403

 Î“Â¥Â» tests/integration/datavault-v4-regression.test.ts:455:34
    453|         .send({ values: {} });
    454| 
    455|       expect(rowResponse.status).toBe(201);
       |                                  ^
    456|       // Check if formatted value is stored or displayed
    457|       // This depends on implementation - adjust as needed

Î“Ã„Â»Î“Ã„Â»Î“Ã„Â»Î“Ã„Â»Î“Ã„Â»Î“Ã„Â»Î“Ã„Â»Î“Ã„Â»Î“Ã„Â»Î“Ã„Â»Î“Ã„Â»Î“Ã„Â»Î“Ã„Â»Î“Ã„Â»Î“Ã„Â»Î“Ã„Â»Î“Ã„Â»Î“Ã„Â»Î“Ã„Â»Î“Ã„Â»Î“Ã„Â»Î“Ã„Â»Î“Ã„Â»[5/18]Î“Ã„Â»

 FAIL  tests/integration/datavault-v4-regression.test.ts > DataVault v4 Regression Tests > Row Notes > should create a note for a row
AssertionError: expected 403 to be 201 // Object.is equality

- Expected
+ Received

- 201
+ 403

 Î“Â¥Â» tests/integration/datavault-v4-regression.test.ts:481:31
    479|         });
    480| 
    481|       expect(response.status).toBe(201);
       |                               ^
    482|       expect(response.body).toBeDefined();
    483|       expect(response.body.text).toBe('This is a test note');

Î“Ã„Â»Î“Ã„Â»Î“Ã„Â»Î“Ã„Â»Î“Ã„Â»Î“Ã„Â»Î“Ã„Â»Î“Ã„Â»Î“Ã„Â»Î“Ã„Â»Î“Ã„Â»Î“Ã„Â»Î“Ã„Â»Î“Ã„Â»Î“Ã„Â»Î“Ã„Â»Î“Ã„Â»Î“Ã„Â»Î“Ã„Â»Î“Ã„Â»Î“Ã„Â»Î“Ã„Â»Î“Ã„Â»[6/18]Î“Ã„Â»

 FAIL  tests/integration/datavault-v4-regression.test.ts > DataVault v4 Regression Tests > Row Notes > should get all notes for a row
AssertionError: expected 403 to be 200 // Object.is equality

- Expected
+ Received

- 200
+ 403

 Î“Â¥Â» tests/integration/datavault-v4-regression.test.ts:507:31
    505|         .set('Cookie', authCookie);
    506| 
    507|       expect(response.status).toBe(200);
       |                               ^
    508|       expect(response.body).toHaveLength(2);
    509|     });

Î“Ã„Â»Î“Ã„Â»Î“Ã„Â»Î“Ã„Â»Î“Ã„Â»Î“Ã„Â»Î“Ã„Â»Î“Ã„Â»Î“Ã„Â»Î“Ã„Â»Î“Ã„Â»Î“Ã„Â»Î“Ã„Â»Î“Ã„Â»Î“Ã„Â»Î“Ã„Â»Î“Ã„Â»Î“Ã„Â»Î“Ã„Â»Î“Ã„Â»Î“Ã„Â»Î“Ã„Â»Î“Ã„Â»[7/18]Î“Ã„Â»

 FAIL  tests/integration/datavault-v4-regression.test.ts > DataVault v4 Regression Tests > Row Notes > should delete a note
AssertionError: expected 500 to be 200 // Object.is equality

- Expected
+ Received

- 200
+ 500

 Î“Â¥Â» tests/integration/datavault-v4-regression.test.ts:527:37
    525|         .set('Cookie', authCookie);
    526| 
    527|       expect(deleteResponse.status).toBe(200);
       |                                     ^
    528| 
    529|       // Verify note is deleted

Î“Ã„Â»Î“Ã„Â»Î“Ã„Â»Î“Ã„Â»Î“Ã„Â»Î“Ã„Â»Î“Ã„Â»Î“Ã„Â»Î“Ã„Â»Î“Ã„Â»Î“Ã„Â»Î“Ã„Â»Î“Ã„Â»Î“Ã„Â»Î“Ã„Â»Î“Ã„Â»Î“Ã„Â»Î“Ã„Â»Î“Ã„Â»Î“Ã„Â»Î“Ã„Â»Î“Ã„Â»Î“Ã„Â»[8/18]Î“Ã„Â»

 FAIL  tests/integration/datavault-v4-regression.test.ts > DataVault v4 Regression Tests > Row Notes > should not allow deleting notes by other users
AssertionError: expected 500 to be 403 // Object.is equality

- Expected
+ Received

- 403
+ 500

 Î“Â¥Â» tests/integration/datavault-v4-regression.test.ts:554:37
    552|         .set('Cookie', otherUserCookie);
    553| 
    554|       expect(deleteResponse.status).toBe(403);
       |                                     ^
    555|     });
    556|   });

Î“Ã„Â»Î“Ã„Â»Î“Ã„Â»Î“Ã„Â»Î“Ã„Â»Î“Ã„Â»Î“Ã„Â»Î“Ã„Â»Î“Ã„Â»Î“Ã„Â»Î“Ã„Â»Î“Ã„Â»Î“Ã„Â»Î“Ã„Â»Î“Ã„Â»Î“Ã„Â»Î“Ã„Â»Î“Ã„Â»Î“Ã„Â»Î“Ã„Â»Î“Ã„Â»Î“Ã„Â»Î“Ã„Â»[9/18]Î“Ã„Â»

 FAIL  tests/integration/datavault-v4-regression.test.ts > DataVault v4 Regression Tests > API Tokens > should create an API token
AssertionError: expected 403 to be 201 // Object.is equality

- Expected
+ Received

- 201
+ 403

 Î“Â¥Â» tests/integration/datavault-v4-regression.test.ts:574:31
    572|       // Assuming DB exists (created in beforeAll).
    573|       // If 404 persists, we might need to debug route registration.
    574|       expect(response.status).toBe(201);
       |                               ^
    575|       expect(response.body).toBeDefined();
    576|       // plainToken is not returned in the object, it might be separatÎ“Ã‡Âª

Î“Ã„Â»Î“Ã„Â»Î“Ã„Â»Î“Ã„Â»Î“Ã„Â»Î“Ã„Â»Î“Ã„Â»Î“Ã„Â»Î“Ã„Â»Î“Ã„Â»Î“Ã„Â»Î“Ã„Â»Î“Ã„Â»Î“Ã„Â»Î“Ã„Â»Î“Ã„Â»Î“Ã„Â»Î“Ã„Â»Î“Ã„Â»Î“Ã„Â»Î“Ã„Â»Î“Ã„Â»[10/18]Î“Ã„Â»

 FAIL  tests/integration/datavault-v4-regression.test.ts > DataVault v4 Regression Tests > API Tokens > should revoke (delete) an API token
TypeError: Cannot read properties of undefined (reading 'id')
 Î“Â¥Â» tests/integration/datavault-v4-regression.test.ts:608:49
    606|         });
    607| 
    608|       const tokenId = createResponse.body.token.id;
       |                                                 ^
    609| 
    610|       // Revoke token

Î“Ã„Â»Î“Ã„Â»Î“Ã„Â»Î“Ã„Â»Î“Ã„Â»Î“Ã„Â»Î“Ã„Â»Î“Ã„Â»Î“Ã„Â»Î“Ã„Â»Î“Ã„Â»Î“Ã„Â»Î“Ã„Â»Î“Ã„Â»Î“Ã„Â»Î“Ã„Â»Î“Ã„Â»Î“Ã„Â»Î“Ã„Â»Î“Ã„Â»Î“Ã„Â»Î“Ã„Â»[11/18]Î“Ã„Â»

 FAIL  tests/integration/datavault-v4-regression.test.ts > DataVault v4 Regression Tests > Table Permissions > should grant table permission
AssertionError: expected 403 to be 201 // Object.is equality

- Expected
+ Received

- 201
+ 403

 Î“Â¥Â» tests/integration/datavault-v4-regression.test.ts:668:31
    666|         });
    667| 
    668|       expect(response.status).toBe(201);
       |                               ^
    669|       expect(response.body).toBeDefined();
    670|       expect(response.body.role).toBe('read');

Î“Ã„Â»Î“Ã„Â»Î“Ã„Â»Î“Ã„Â»Î“Ã„Â»Î“Ã„Â»Î“Ã„Â»Î“Ã„Â»Î“Ã„Â»Î“Ã„Â»Î“Ã„Â»Î“Ã„Â»Î“Ã„Â»Î“Ã„Â»Î“Ã„Â»Î“Ã„Â»Î“Ã„Â»Î“Ã„Â»Î“Ã„Â»Î“Ã„Â»Î“Ã„Â»Î“Ã„Â»[12/18]Î“Ã„Â»

 FAIL  tests/integration/datavault-v4-regression.test.ts > DataVault v4 Regression Tests > Table Permissions > should list table permissions
AssertionError: expected 403 to be 200 // Object.is equality

- Expected
+ Received

- 200
+ 403

 Î“Â¥Â» tests/integration/datavault-v4-regression.test.ts:680:31
    678|         .set('Cookie', authCookie);
    679| 
    680|       expect(response.status).toBe(200);
       |                               ^
    681|       expect(response.body).toBeDefined();
    682|       expect(Array.isArray(response.body)).toBe(true);

Î“Ã„Â»Î“Ã„Â»Î“Ã„Â»Î“Ã„Â»Î“Ã„Â»Î“Ã„Â»Î“Ã„Â»Î“Ã„Â»Î“Ã„Â»Î“Ã„Â»Î“Ã„Â»Î“Ã„Â»Î“Ã„Â»Î“Ã„Â»Î“Ã„Â»Î“Ã„Â»Î“Ã„Â»Î“Ã„Â»Î“Ã„Â»Î“Ã„Â»Î“Ã„Â»Î“Ã„Â»[13/18]Î“Ã„Â»

 FAIL  tests/integration/datavault-v4-regression.test.ts > DataVault v4 Regression Tests > Table Permissions > should update table permission role
AssertionError: expected 403 to be 201 // Object.is equality

- Expected
+ Received

- 201
+ 403

 Î“Â¥Â» tests/integration/datavault-v4-regression.test.ts:713:37
    711|         console.log('Update permission failed:', updateResponse.body);
    712|       }
    713|       expect(updateResponse.status).toBe(201);
       |                                     ^
    714|       expect(updateResponse.body.role).toBe('write');
    715|     });

Î“Ã„Â»Î“Ã„Â»Î“Ã„Â»Î“Ã„Â»Î“Ã„Â»Î“Ã„Â»Î“Ã„Â»Î“Ã„Â»Î“Ã„Â»Î“Ã„Â»Î“Ã„Â»Î“Ã„Â»Î“Ã„Â»Î“Ã„Â»Î“Ã„Â»Î“Ã„Â»Î“Ã„Â»Î“Ã„Â»Î“Ã„Â»Î“Ã„Â»Î“Ã„Â»Î“Ã„Â»[14/18]Î“Ã„Â»

 FAIL  tests/integration/datavault-v4-regression.test.ts > DataVault v4 Regression Tests > Table Permissions > should revoke table permission
AssertionError: expected 403 to be 200 // Object.is equality

- Expected
+ Received

- 200
+ 403

 Î“Â¥Â» tests/integration/datavault-v4-regression.test.ts:739:37
    737| 
    738|       // Revoke returns 200 with message
    739|       expect(revokeResponse.status).toBe(200);
       |                                     ^
    740| 
    741|       // Verify permission is deleted

Î“Ã„Â»Î“Ã„Â»Î“Ã„Â»Î“Ã„Â»Î“Ã„Â»Î“Ã„Â»Î“Ã„Â»Î“Ã„Â»Î“Ã„Â»Î“Ã„Â»Î“Ã„Â»Î“Ã„Â»Î“Ã„Â»Î“Ã„Â»Î“Ã„Â»Î“Ã„Â»Î“Ã„Â»Î“Ã„Â»Î“Ã„Â»Î“Ã„Â»Î“Ã„Â»Î“Ã„Â»[15/18]Î“Ã„Â»

 FAIL  tests/integration/datavault-v4-regression.test.ts > DataVault v4 Regression Tests > Grid Performance > should paginate rows efficiently
AssertionError: expected 403 to be 200 // Object.is equality

- Expected
+ Received

- 200
+ 403

 Î“Â¥Â» tests/integration/datavault-v4-regression.test.ts:787:31
    785|         .set('Cookie', authCookie);
    786| 
    787|       expect(response.status).toBe(200);
       |                               ^
    788|       expect(response.body.rows).toHaveLength(25);
    789|       expect(response.body.pagination.total).toBe(100);

Î“Ã„Â»Î“Ã„Â»Î“Ã„Â»Î“Ã„Â»Î“Ã„Â»Î“Ã„Â»Î“Ã„Â»Î“Ã„Â»Î“Ã„Â»Î“Ã„Â»Î“Ã„Â»Î“Ã„Â»Î“Ã„Â»Î“Ã„Â»Î“Ã„Â»Î“Ã„Â»Î“Ã„Â»Î“Ã„Â»Î“Ã„Â»Î“Ã„Â»Î“Ã„Â»Î“Ã„Â»[16/18]Î“Ã„Â»

 FAIL  tests/integration/datavault-v4-regression.test.ts > DataVault v4 Regression Tests > Error Handling > should return user-friendly error for invalid column type
AssertionError: expected 403 to be 400 // Object.is equality

- Expected
+ Received

- 400
+ 403

 Î“Â¥Â» tests/integration/datavault-v4-regression.test.ts:807:31
    805|         });
    806| 
    807|       expect(response.status).toBe(400);
       |                               ^
    808|       expect(response.body.errors).toBeDefined();
    809|       // expect(response.body.error).toContain('Invalid column type');

Î“Ã„Â»Î“Ã„Â»Î“Ã„Â»Î“Ã„Â»Î“Ã„Â»Î“Ã„Â»Î“Ã„Â»Î“Ã„Â»Î“Ã„Â»Î“Ã„Â»Î“Ã„Â»Î“Ã„Â»Î“Ã„Â»Î“Ã„Â»Î“Ã„Â»Î“Ã„Â»Î“Ã„Â»Î“Ã„Â»Î“Ã„Â»Î“Ã„Â»Î“Ã„Â»Î“Ã„Â»[17/18]Î“Ã„Â»

 FAIL  tests/integration/datavault-v4-regression.test.ts > DataVault v4 Regression Tests > Error Handling > should return user-friendly error for missing required fields
AssertionError: expected 403 to be 400 // Object.is equality

- Expected
+ Received

- 400
+ 403

 Î“Â¥Â» tests/integration/datavault-v4-regression.test.ts:834:31
    832| 
    833|       // Improved error handling returns 400
    834|       expect(response.status).toBe(400);
       |                               ^
    835|       expect(response.body.message).toBeDefined();
    836|       expect(response.body.message).toContain('Required');

Î“Ã„Â»Î“Ã„Â»Î“Ã„Â»Î“Ã„Â»Î“Ã„Â»Î“Ã„Â»Î“Ã„Â»Î“Ã„Â»Î“Ã„Â»Î“Ã„Â»Î“Ã„Â»Î“Ã„Â»Î“Ã„Â»Î“Ã„Â»Î“Ã„Â»Î“Ã„Â»Î“Ã„Â»Î“Ã„Â»Î“Ã„Â»Î“Ã„Â»Î“Ã„Â»Î“Ã„Â»[18/18]Î“Ã„Â»


[2m Test Files [22m [1m[31m1 failed[39m[22m[90m (1)[39m
[2m      Tests [22m [1m[31m18 failed[39m[22m[2m | [22m[1m[32m5 passed[39m[22m[90m (23)[39m
[2m   Start at [22m 12:57:58
[2m   Duration [22m 25.10s

[1m[41m FAIL [49m[22m [31mTests failed. Watching for file changes...[39m
       [2mpress [22m[1mh[22m[2m to show help[22m[2m, [22m[2mpress [22m[1mq[22m[2m to quit[22m
