npm warn Unknown project config "puppeteer_skip_download". This will stop working in the next major version of npm.

[1m[44m DEV [49m[22m [34mv4.0.5 [39m[90mC:/Users/scoot/poll/VaultLogic[39m

[90mstdout[2m | tests/integration/datavault-v4-regression.test.ts
[22m[39m[dotenv@17.2.3] injecting env (11) from .env -- tip: Î“ÃœÃ–âˆ©â••Ã…  specify custom .env file path with { path: '/custom/path/.env' }

{"level":40,"time":1764869817070,"env":"test","module":"auth-service","msg":"JWT_SECRET not set - falling back to SESSION_SECRET. This is acceptable for development but should be fixed for production."}
{"level":30,"time":1764869818476,"env":"test","multerImportKeys":["diskStorage","memoryStorage","MulterError"],"multerInstanceKeys":["diskStorage","memoryStorage","MulterError"],"multerInstanceType":"function","uploadKeys":["storage","limits","preservePath","fileFilter"],"uploadType":"object","uploadPrototype":{},"msg":"Debug Multer Import"}
[90mstdout[2m | tests/integration/datavault-v4-regression.test.ts
[22m[39mâ‰¡Æ’ÂºÂ¬ Setting up test environment...

{"level":30,"time":1764869819767,"env":"test","module":"file-routes","outputsDir":"C:\\Users\\scoot\\poll\\VaultLogic\\server\\files\\outputs","msg":"Secure file routes registered"}
{"level":30,"time":1764869819768,"env":"test","module":"ai-routes","msg":"AI workflow generation routes registered"}
{"level":30,"time":1764869819775,"env":"test","module":"collab-server","msg":"Initializing WebSocket collaboration server"}
{"level":40,"time":1764869819775,"env":"test","module":"collab-persistence","msg":"REDIS_URL not configured, multi-instance collab will not work"}
{"level":30,"time":1764869819775,"env":"test","module":"collab-server","msg":"WebSocket collaboration server initialized"}
{"level":30,"time":1764869819775,"env":"test","module":"routes","msg":"Real-time collaboration server initialized"}
{"level":30,"time":1764869820148,"env":"test","module":"auth","hasToken":true,"origin":"http://localhost:5000","ip":"::ffff:127.0.0.1","msg":"OAuth2 login attempt"}
{"level":30,"time":1764869820149,"env":"test","module":"auth","email":"testuser@example.com","msg":"Token verified successfully"}
{"level":30,"time":1764869820191,"env":"test","module":"auth","userId":"google-user-id","msg":"User upserted successfully"}
{"level":30,"time":1764869820279,"env":"test","module":"auth","email":"testuser@example.com","msg":"OAuth2 login successful"}
[90mstdout[2m | tests/integration/datavault-v4-regression.test.ts[2m > [22m[2mDataVault v4 Regression Tests
[22m[39mLogin Status: [33m200[39m
Login Body: {
  "message": "Authentication successful",
  "token": "eyJhbGciOiJIUzI1NiIsInR5cCI6IkpXVCJ9.eyJ1c2VySWQiOiJnb29nbGUtdXNlci1pZCIsImVtYWlsIjoidGVzdHVzZXJAZXhhbXBsZS5jb20iLCJ0ZW5hbnRJZCI6IjcyYmE3MzNkLTJhNTUtNDM3MS1iYjRkLTVjMjdkYzFmMWMwMCIsInJvbGUiOiJvd25lciIsImlhdCI6MTc2NDg2OTgyMCwiZXhwIjoxNzY1NDc0NjIwfQ.ISnQBWCksafMyjK3wKNLSxc0ezOXxuhj4PnoX730fNM",
  "user": {
    "id": "google-user-id",
    "email": "testuser@example.com",
    "firstName": "Test",
    "lastName": "User",
    "profileImageUrl": "https://example.com/avatar.jpg",
    "tenantId": "72ba733d-2a55-4371-bb4d-5c27dc1f1c00",
    "tenantRole": "owner"
  }
}

{"level":30,"time":1764869820294,"env":"test","module":"auth","hasToken":true,"origin":"http://localhost:5000","ip":"::ffff:127.0.0.1","msg":"OAuth2 login attempt"}
{"level":30,"time":1764869820294,"env":"test","module":"auth","email":"other@example.com","msg":"Token verified successfully"}
{"level":30,"time":1764869820335,"env":"test","module":"auth","userId":"other-user-id","msg":"User upserted successfully"}
{"level":30,"time":1764869820417,"env":"test","module":"auth","email":"other@example.com","msg":"OAuth2 login successful"}
{"level":50,"time":1764869822262,"env":"test","error":{},"msg":"Error creating DataVault row"}
[90mstdout[2m | tests/integration/datavault-v4-regression.test.ts[2m > [22m[2mDataVault v4 Regression Tests[2m > [22m[2mSelect/Multiselect Columns[2m > [22m[2mshould validate select value against options
[22m[39mRow creation error message: Column 'Status' value must be one of: active, inactive

[90mstdout[2m | tests/integration/datavault-v4-regression.test.ts[2m > [22m[2mDataVault v4 Regression Tests[2m > [22m[2mRow Notes[2m > [22m[2mshould create a note for a row
[22m[39mCreated note: 0f9c0863-c212-4fd1-a857-e357a0e117d6 tenantId: 72ba733d-2a55-4371-bb4d-5c27dc1f1c00 userId: google-user-id

[90mstdout[2m | tests/integration/datavault-v4-regression.test.ts[2m > [22m[2mDataVault v4 Regression Tests[2m > [22m[2mRow Notes[2m > [22m[2mshould get all notes for a row
[22m[39mCreated note: 243ba221-5eaa-47b7-899c-1304d08f8d76 tenantId: 72ba733d-2a55-4371-bb4d-5c27dc1f1c00 userId: google-user-id

[90mstdout[2m | tests/integration/datavault-v4-regression.test.ts[2m > [22m[2mDataVault v4 Regression Tests[2m > [22m[2mRow Notes[2m > [22m[2mshould get all notes for a row
[22m[39mCreated note: 2f552e1d-22c8-4fe4-b853-daf2e086f8e4 tenantId: 72ba733d-2a55-4371-bb4d-5c27dc1f1c00 userId: google-user-id

[90mstdout[2m | tests/integration/datavault-v4-regression.test.ts[2m > [22m[2mDataVault v4 Regression Tests[2m > [22m[2mRow Notes[2m > [22m[2mshould delete a note
[22m[39mCreated note: 811c822a-8add-4e0a-b167-a049f1f9c4e2 tenantId: 72ba733d-2a55-4371-bb4d-5c27dc1f1c00 userId: google-user-id

[90mstdout[2m | tests/integration/datavault-v4-regression.test.ts[2m > [22m[2mDataVault v4 Regression Tests[2m > [22m[2mRow Notes[2m > [22m[2mshould not allow deleting notes by other users
[22m[39mCreated note: c2d30ab4-6a4d-426e-99a7-60b3a589e6eb tenantId: 72ba733d-2a55-4371-bb4d-5c27dc1f1c00 userId: google-user-id

{"level":50,"time":1764869826821,"env":"test","error":{},"msg":"Error deleting row note"}
{"level":40,"time":1764869827936,"env":"test","module":"auth-middleware","path":"/datavault/databases/a0ef0f61-48d5-4371-87f7-40107451b616/tables","msg":"No valid authentication found"}
[90mstdout[2m | tests/integration/datavault-v4-regression.test.ts[2m > [22m[2mDataVault v4 Regression Tests[2m > [22m[2mTable Permissions[2m > [22m[2mshould grant table permission
[22m[39mupsert result: {"id":"47253b8d-f313-40c3-b291-bcf6c0c55aa2","tableId":"299d475c-1f9b-45e2-b999-c19568f95808","userId":"other-user-id","role":"read","createdAt":"2025-12-04T17:37:09.607Z"}

[90mstdout[2m | tests/integration/datavault-v4-regression.test.ts[2m > [22m[2mDataVault v4 Regression Tests[2m > [22m[2mTable Permissions[2m > [22m[2mshould grant table permission
[22m[39mGrant permission success, sending 201. Permission: {"id":"47253b8d-f313-40c3-b291-bcf6c0c55aa2","tableId":"299d475c-1f9b-45e2-b999-c19568f95808","userId":"other-user-id","role":"read","createdAt":"2025-12-04T17:37:09.607Z"}

[90mstdout[2m | tests/integration/datavault-v4-regression.test.ts[2m > [22m[2mDataVault v4 Regression Tests[2m > [22m[2mTable Permissions[2m > [22m[2mshould update table permission role
[22m[39mupsert result: {"id":"d83b5e82-73c1-4b51-afe8-3a107b46785d","tableId":"606adfaf-87c3-47e2-8829-b2897ce523f5","userId":"other-user-id","role":"read","createdAt":"2025-12-04T17:37:10.142Z"}

[90mstdout[2m | tests/integration/datavault-v4-regression.test.ts[2m > [22m[2mDataVault v4 Regression Tests[2m > [22m[2mTable Permissions[2m > [22m[2mshould update table permission role
[22m[39mGrant permission success, sending 201. Permission: {"id":"d83b5e82-73c1-4b51-afe8-3a107b46785d","tableId":"606adfaf-87c3-47e2-8829-b2897ce523f5","userId":"other-user-id","role":"read","createdAt":"2025-12-04T17:37:10.142Z"}

[90mstdout[2m | tests/integration/datavault-v4-regression.test.ts[2m > [22m[2mDataVault v4 Regression Tests[2m > [22m[2mTable Permissions[2m > [22m[2mshould update table permission role
[22m[39mupsert result: {"id":"d83b5e82-73c1-4b51-afe8-3a107b46785d","tableId":"606adfaf-87c3-47e2-8829-b2897ce523f5","userId":"other-user-id","role":"write","createdAt":"2025-12-04T17:37:10.142Z"}

[90mstdout[2m | tests/integration/datavault-v4-regression.test.ts[2m > [22m[2mDataVault v4 Regression Tests[2m > [22m[2mTable Permissions[2m > [22m[2mshould update table permission role
[22m[39mGrant permission success, sending 201. Permission: {"id":"d83b5e82-73c1-4b51-afe8-3a107b46785d","tableId":"606adfaf-87c3-47e2-8829-b2897ce523f5","userId":"other-user-id","role":"write","createdAt":"2025-12-04T17:37:10.142Z"}

[90mstdout[2m | tests/integration/datavault-v4-regression.test.ts[2m > [22m[2mDataVault v4 Regression Tests[2m > [22m[2mTable Permissions[2m > [22m[2mshould update table permission role
[22m[39mUpdate permission failed: {
  id: [32m'd83b5e82-73c1-4b51-afe8-3a107b46785d'[39m,
  tableId: [32m'606adfaf-87c3-47e2-8829-b2897ce523f5'[39m,
  userId: [32m'other-user-id'[39m,
  role: [32m'write'[39m,
  createdAt: [32m'2025-12-04T17:37:10.142Z'[39m
}

[90mstdout[2m | tests/integration/datavault-v4-regression.test.ts[2m > [22m[2mDataVault v4 Regression Tests[2m > [22m[2mTable Permissions[2m > [22m[2mshould revoke table permission
[22m[39mupsert result: {"id":"384f6b01-edea-4eec-88a0-cc7df326bf02","tableId":"83d8dd2d-66bb-4bf7-9e9d-d6f741f02700","userId":"other-user-id","role":"read","createdAt":"2025-12-04T17:37:10.631Z"}

[90mstdout[2m | tests/integration/datavault-v4-regression.test.ts[2m > [22m[2mDataVault v4 Regression Tests[2m > [22m[2mTable Permissions[2m > [22m[2mshould revoke table permission
[22m[39mGrant permission success, sending 201. Permission: {"id":"384f6b01-edea-4eec-88a0-cc7df326bf02","tableId":"83d8dd2d-66bb-4bf7-9e9d-d6f741f02700","userId":"other-user-id","role":"read","createdAt":"2025-12-04T17:37:10.631Z"}

[90mstdout[2m | tests/integration/datavault-v4-regression.test.ts[2m > [22m[2mDataVault v4 Regression Tests[2m > [22m[2mTable Permissions[2m > [22m[2mshould revoke table permission
[22m[39mrevokePermission called for permission: 384f6b01-edea-4eec-88a0-cc7df326bf02

{"level":50,"time":1764869829770,"env":"test","error":{},"msg":"Error granting table permission"}
[90mstdout[2m | tests/integration/datavault-v4-regression.test.ts[2m > [22m[2mDataVault v4 Regression Tests[2m > [22m[2mTable Permissions[2m > [22m[2mshould enforce RBAC - only owners can manage permissions
[22m[39mGrant permission catch block entered Error: Access denied - owner permission required
    at DatavaultTablePermissionsService.requirePermission (C:/Users/scoot/poll/VaultLogic/server/services/DatavaultTablePermissionsService.ts:108:13)
[90m    at processTicksAndRejections (node:internal/process/task_queues:103:5)[39m
    at DatavaultTablePermissionsService.grantPermission (C:/Users/scoot/poll/VaultLogic/server/services/DatavaultTablePermissionsService.ts:138:5)
    at C:/Users/scoot/poll/VaultLogic/server/routes/datavault.routes.ts:1155:26

{"level":50,"time":1764869830968,"env":"test","error":{"issues":[{"received":"invalid_type","code":"invalid_enum_value","options":["text","number","boolean","date","datetime","email","phone","url","json","auto_number","autonumber","reference","select","multiselect"],"path":["type"],"message":"Invalid enum value. Expected 'text' | 'number' | 'boolean' | 'date' | 'datetime' | 'email' | 'phone' | 'url' | 'json' | 'auto_number' | 'autonumber' | 'reference' | 'select' | 'multiselect', received 'invalid_type'"}],"name":"ZodError"},"msg":"Error creating DataVault column"}
{"level":50,"time":1764869831641,"env":"test","error":{},"msg":"Error creating DataVault row"}
[90mstdout[2m | tests/integration/datavault-v4-regression.test.ts[2m > [22m[2mDataVault v4 Regression Tests[2m > [22m[2mError Handling[2m > [22m[2mshould return user-friendly error for missing required fields
[22m[39mRow creation error message: Required column 'Required Field' is missing

{"level":50,"time":1764869831851,"env":"test","error":{"length":144,"name":"error","severity":"ERROR","code":"22P02","where":"unnamed portal parameter $1 = '...'","file":"uuid.c","line":"138","routine":"string_to_uuid"},"msg":"Error fetching DataVault rows"}
[90mstdout[2m | tests/integration/datavault-v4-regression.test.ts
[22m[39mâ‰¡Æ’Âºâ•£ Cleaning up test environment...

 [32mÎ“Â£Ã´[39m tests/integration/datavault-v4-regression.test.ts [2m([22m[2m23 tests[22m[2m)[22m[33m 12133[2mms[22m[39m
       [33m[2mÎ“Â£Ã´[22m[39m should create a select column with options [33m 396[2mms[22m[39m
       [33m[2mÎ“Â£Ã´[22m[39m should create a multiselect column with options [33m 370[2mms[22m[39m
       [33m[2mÎ“Â£Ã´[22m[39m should validate select value against options [33m 1079[2mms[22m[39m
       [33m[2mÎ“Â£Ã´[22m[39m should validate multiselect values as array [33m 781[2mms[22m[39m
       [33m[2mÎ“Â£Ã´[22m[39m should create an autonumber column with sequence [33m 372[2mms[22m[39m
       [33m[2mÎ“Â£Ã´[22m[39m should format autonumber with prefix [33m 811[2mms[22m[39m
       [33m[2mÎ“Â£Ã´[22m[39m should create a note for a row [33m 580[2mms[22m[39m
       [33m[2mÎ“Â£Ã´[22m[39m should get all notes for a row [33m 776[2mms[22m[39m
       [33m[2mÎ“Â£Ã´[22m[39m should delete a note [33m 658[2mms[22m[39m
       [33m[2mÎ“Â£Ã´[22m[39m should not allow deleting notes by other users [33m 580[2mms[22m[39m
       [33m[2mÎ“Â£Ã´[22m[39m should revoke (delete) an API token [33m 536[2mms[22m[39m
       [33m[2mÎ“Â£Ã´[22m[39m should update table permission role [33m 490[2mms[22m[39m
       [33m[2mÎ“Â£Ã´[22m[39m should revoke table permission [33m 566[2mms[22m[39m
       [33m[2mÎ“Â£Ã´[22m[39m should paginate rows efficiently [33m 996[2mms[22m[39m
       [33m[2mÎ“Â£Ã´[22m[39m should return user-friendly error for missing required fields [33m 672[2mms[22m[39m

[2m Test Files [22m [1m[32m1 passed[39m[22m[90m (1)[39m
[2m      Tests [22m [1m[32m23 passed[39m[22m[90m (23)[39m
[2m   Start at [22m 11:36:54
[2m   Duration [22m 17.50s[2m (transform 2.06s, setup 670ms, collect 4.09s, tests 12.13s, environment 0ms, prepare 18ms)[22m

[1m[42m PASS [49m[22m [32mWaiting for file changes...[39m
       [2mpress [22m[1mh[22m[2m to show help[22m[2m, [22m[2mpress [22m[1mq[22m[2m to quit[22m
c[3J[1m[44m RERUN [49m[22m [34m[2mserver/repositories/UserRepository.ts [22m[34mx1 [34m[39m
       [2m Filename pattern: [22m[34mtests/integration/datavault-v4-regression.test.ts[39m

[90mstdout[2m | tests/integration/datavault-v4-regression.test.ts
[22m[39m[dotenv@17.2.3] injecting env (11) from .env -- tip: Î“ÃœÃ–âˆ©â••Ã…  suppress all logs with { quiet: true }

{"level":40,"time":1764871633076,"env":"test","module":"auth-service","msg":"JWT_SECRET not set - falling back to SESSION_SECRET. This is acceptable for development but should be fixed for production."}
{"level":30,"time":1764871636615,"env":"test","multerImportKeys":["diskStorage","memoryStorage","MulterError"],"multerInstanceKeys":["diskStorage","memoryStorage","MulterError"],"multerInstanceType":"function","uploadKeys":["storage","limits","preservePath","fileFilter"],"uploadType":"object","uploadPrototype":{},"msg":"Debug Multer Import"}
[90mstdout[2m | tests/integration/datavault-v4-regression.test.ts
[22m[39mâ‰¡Æ’ÂºÂ¬ Setting up test environment...

{"level":30,"time":1764871640544,"env":"test","module":"file-routes","outputsDir":"C:\\Users\\scoot\\poll\\VaultLogic\\server\\files\\outputs","msg":"Secure file routes registered"}
{"level":30,"time":1764871640545,"env":"test","module":"ai-routes","msg":"AI workflow generation routes registered"}
{"level":30,"time":1764871640562,"env":"test","module":"collab-server","msg":"Initializing WebSocket collaboration server"}
{"level":40,"time":1764871640562,"env":"test","module":"collab-persistence","msg":"REDIS_URL not configured, multi-instance collab will not work"}
{"level":30,"time":1764871640562,"env":"test","module":"collab-server","msg":"WebSocket collaboration server initialized"}
{"level":30,"time":1764871640562,"env":"test","module":"routes","msg":"Real-time collaboration server initialized"}
{"level":30,"time":1764871641133,"env":"test","module":"auth","hasToken":true,"origin":"http://localhost:5000","ip":"::ffff:127.0.0.1","msg":"OAuth2 login attempt"}
{"level":30,"time":1764871641134,"env":"test","module":"auth","email":"testuser@example.com","msg":"Token verified successfully"}
{"level":30,"time":1764871641185,"env":"test","module":"auth","userId":"google-user-id","msg":"User upserted successfully"}
{"level":30,"time":1764871641286,"env":"test","module":"auth","email":"testuser@example.com","msg":"OAuth2 login successful"}
[90mstdout[2m | tests/integration/datavault-v4-regression.test.ts[2m > [22m[2mDataVault v4 Regression Tests
[22m[39mLogin Status: [33m200[39m
Login Body: {
  "message": "Authentication successful",
  "token": "eyJhbGciOiJIUzI1NiIsInR5cCI6IkpXVCJ9.eyJ1c2VySWQiOiJnb29nbGUtdXNlci1pZCIsImVtYWlsIjoidGVzdHVzZXJAZXhhbXBsZS5jb20iLCJ0ZW5hbnRJZCI6IjMyZWFiMDEzLTM3ZDYtNDhlZi04ZDk5LWRmNjRkNGY1OTNiNSIsInJvbGUiOiJvd25lciIsImlhdCI6MTc2NDg3MTY0MSwiZXhwIjoxNzY1NDc2NDQxfQ.zXlHn_81y1kh-PkOus9KwiYG8DILMTlXTDBvosYKurs",
  "user": {
    "id": "google-user-id",
    "email": "testuser@example.com",
    "firstName": "Test",
    "lastName": "User",
    "profileImageUrl": "https://example.com/avatar.jpg",
    "tenantId": "32eab013-37d6-48ef-8d99-df64d4f593b5",
    "tenantRole": "owner"
  }
}

{"level":30,"time":1764871641305,"env":"test","module":"auth","hasToken":true,"origin":"http://localhost:5000","ip":"::ffff:127.0.0.1","msg":"OAuth2 login attempt"}
{"level":30,"time":1764871641305,"env":"test","module":"auth","email":"other@example.com","msg":"Token verified successfully"}
{"level":30,"time":1764871641347,"env":"test","module":"auth","userId":"other-user-id","msg":"User upserted successfully"}
{"level":30,"time":1764871641445,"env":"test","module":"auth","email":"other@example.com","msg":"OAuth2 login successful"}
{"level":50,"time":1764871641735,"env":"test","error":{},"msg":"Error creating DataVault column"}
{"level":50,"time":1764871641986,"env":"test","error":{},"msg":"Error creating DataVault column"}
{"level":50,"time":1764871642233,"env":"test","error":{},"msg":"Error creating DataVault column"}
{"level":50,"time":1764871642378,"env":"test","error":{},"msg":"Error creating DataVault row"}
[90mstdout[2m | tests/integration/datavault-v4-regression.test.ts[2m > [22m[2mDataVault v4 Regression Tests[2m > [22m[2mSelect/Multiselect Columns[2m > [22m[2mshould validate select value against options
[22m[39mRow creation error message: Access denied - write permission required

{"level":50,"time":1764871642637,"env":"test","error":{},"msg":"Error creating DataVault column"}
{"level":50,"time":1764871642785,"env":"test","error":{},"msg":"Error creating DataVault row"}
[90mstdout[2m | tests/integration/datavault-v4-regression.test.ts[2m > [22m[2mDataVault v4 Regression Tests[2m > [22m[2mSelect/Multiselect Columns[2m > [22m[2mshould validate multiselect values as array
[22m[39mRow creation error message: Access denied - write permission required

{"level":50,"time":1764871643020,"env":"test","error":{},"msg":"Error creating DataVault column"}
{"level":50,"time":1764871643253,"env":"test","error":{},"msg":"Error creating DataVault column"}
{"level":50,"time":1764871643393,"env":"test","error":{},"msg":"Error creating DataVault row"}
[90mstdout[2m | tests/integration/datavault-v4-regression.test.ts[2m > [22m[2mDataVault v4 Regression Tests[2m > [22m[2mAutonumber Columns[2m > [22m[2mshould format autonumber with prefix
[22m[39mRow creation error message: Access denied - write permission required

{"level":50,"time":1764871643736,"env":"test","error":{},"msg":"Error creating row note"}
{"level":50,"time":1764871644094,"env":"test","error":{},"msg":"Error creating row note"}
{"level":50,"time":1764871644276,"env":"test","error":{},"msg":"Error creating row note"}
{"level":50,"time":1764871644463,"env":"test","error":{},"msg":"Error fetching row notes"}
{"level":50,"time":1764871644799,"env":"test","error":{},"msg":"Error creating row note"}
{"level":50,"time":1764871644944,"env":"test","error":{"length":141,"name":"error","severity":"ERROR","code":"22P02","where":"unnamed portal parameter $1 = '...'","file":"uuid.c","line":"138","routine":"string_to_uuid"},"msg":"Error deleting row note"}
{"level":50,"time":1764871645406,"env":"test","error":{},"msg":"Error creating row note"}
{"level":50,"time":1764871645549,"env":"test","error":{"length":141,"name":"error","severity":"ERROR","code":"22P02","where":"unnamed portal parameter $1 = '...'","file":"uuid.c","line":"138","routine":"string_to_uuid"},"msg":"Error deleting row note"}
{"level":50,"time":1764871645940,"env":"test","error":{},"databaseId":"808930e5-af49-4650-a4b6-bebeb871fd37","msg":"Error creating API token"}
{"level":50,"time":1764871646366,"env":"test","error":{},"databaseId":"6ed70b19-d5ea-40a4-8c24-337f365813be","msg":"Error creating API token"}
{"level":40,"time":1764871646521,"env":"test","module":"auth-middleware","path":"/datavault/databases/4d855ca9-03be-4935-ad26-bde2a89ce2d9/tables","msg":"No valid authentication found"}
{"level":50,"time":1764871646753,"env":"test","error":{},"msg":"Error granting table permission"}
[90mstdout[2m | tests/integration/datavault-v4-regression.test.ts[2m > [22m[2mDataVault v4 Regression Tests[2m > [22m[2mTable Permissions[2m > [22m[2mshould grant table permission
[22m[39mGrant permission catch block entered Error: Access denied - owner permission required
    at DatavaultTablePermissionsService.requirePermission (C:/Users/scoot/poll/VaultLogic/server/services/DatavaultTablePermissionsService.ts:108:13)
[90m    at processTicksAndRejections (node:internal/process/task_queues:103:5)[39m
    at DatavaultTablePermissionsService.grantPermission (C:/Users/scoot/poll/VaultLogic/server/services/DatavaultTablePermissionsService.ts:138:5)
    at C:/Users/scoot/poll/VaultLogic/server/routes/datavault.routes.ts:1155:26

{"level":50,"time":1764871646992,"env":"test","error":{},"msg":"Error fetching table permissions"}
{"level":50,"time":1764871647218,"env":"test","error":{},"msg":"Error granting table permission"}
[90mstdout[2m | tests/integration/datavault-v4-regression.test.ts[2m > [22m[2mDataVault v4 Regression Tests[2m > [22m[2mTable Permissions[2m > [22m[2mshould update table permission role
[22m[39mGrant permission catch block entered Error: Access denied - owner permission required
    at DatavaultTablePermissionsService.requirePermission (C:/Users/scoot/poll/VaultLogic/server/services/DatavaultTablePermissionsService.ts:108:13)
[90m    at processTicksAndRejections (node:internal/process/task_queues:103:5)[39m
    at DatavaultTablePermissionsService.grantPermission (C:/Users/scoot/poll/VaultLogic/server/services/DatavaultTablePermissionsService.ts:138:5)
    at C:/Users/scoot/poll/VaultLogic/server/routes/datavault.routes.ts:1155:26

{"level":50,"time":1764871647355,"env":"test","error":{},"msg":"Error granting table permission"}
[90mstdout[2m | tests/integration/datavault-v4-regression.test.ts[2m > [22m[2mDataVault v4 Regression Tests[2m > [22m[2mTable Permissions[2m > [22m[2mshould update table permission role
[22m[39mGrant permission catch block entered Error: Access denied - owner permission required
    at DatavaultTablePermissionsService.requirePermission (C:/Users/scoot/poll/VaultLogic/server/services/DatavaultTablePermissionsService.ts:108:13)
[90m    at processTicksAndRejections (node:internal/process/task_queues:103:5)[39m
    at DatavaultTablePermissionsService.grantPermission (C:/Users/scoot/poll/VaultLogic/server/services/DatavaultTablePermissionsService.ts:138:5)
    at C:/Users/scoot/poll/VaultLogic/server/routes/datavault.routes.ts:1155:26

[90mstdout[2m | tests/integration/datavault-v4-regression.test.ts[2m > [22m[2mDataVault v4 Regression Tests[2m > [22m[2mTable Permissions[2m > [22m[2mshould update table permission role
[22m[39mUpdate permission failed: { message: [32m'Access denied - owner permission required'[39m }

{"level":50,"time":1764871647582,"env":"test","error":{},"msg":"Error granting table permission"}
[90mstdout[2m | tests/integration/datavault-v4-regression.test.ts[2m > [22m[2mDataVault v4 Regression Tests[2m > [22m[2mTable Permissions[2m > [22m[2mshould revoke table permission
[22m[39mGrant permission catch block entered Error: Access denied - owner permission required
    at DatavaultTablePermissionsService.requirePermission (C:/Users/scoot/poll/VaultLogic/server/services/DatavaultTablePermissionsService.ts:108:13)
[90m    at processTicksAndRejections (node:internal/process/task_queues:103:5)[39m
    at DatavaultTablePermissionsService.grantPermission (C:/Users/scoot/poll/VaultLogic/server/services/DatavaultTablePermissionsService.ts:138:5)
    at C:/Users/scoot/poll/VaultLogic/server/routes/datavault.routes.ts:1155:26

[90mstdout[2m | tests/integration/datavault-v4-regression.test.ts[2m > [22m[2mDataVault v4 Regression Tests[2m > [22m[2mTable Permissions[2m > [22m[2mshould revoke table permission
[22m[39mrevokePermission called for permission: undefined

{"level":50,"time":1764871647716,"env":"test","error":{},"msg":"Error revoking table permission"}
{"level":50,"time":1764871647954,"env":"test","error":{},"msg":"Error granting table permission"}
[90mstdout[2m | tests/integration/datavault-v4-regression.test.ts[2m > [22m[2mDataVault v4 Regression Tests[2m > [22m[2mTable Permissions[2m > [22m[2mshould enforce RBAC - only owners can manage permissions
[22m[39mGrant permission catch block entered Error: Access denied - owner permission required
    at DatavaultTablePermissionsService.requirePermission (C:/Users/scoot/poll/VaultLogic/server/services/DatavaultTablePermissionsService.ts:108:13)
[90m    at processTicksAndRejections (node:internal/process/task_queues:103:5)[39m
    at DatavaultTablePermissionsService.grantPermission (C:/Users/scoot/poll/VaultLogic/server/services/DatavaultTablePermissionsService.ts:138:5)
    at C:/Users/scoot/poll/VaultLogic/server/routes/datavault.routes.ts:1155:26

{"level":50,"time":1764871648801,"env":"test","error":{},"msg":"Error fetching DataVault rows"}
{"level":50,"time":1764871649041,"env":"test","error":{},"msg":"Error creating DataVault column"}
{"level":50,"time":1764871649282,"env":"test","error":{},"msg":"Error creating DataVault column"}
{"level":50,"time":1764871649418,"env":"test","error":{},"msg":"Error creating DataVault row"}
[90mstdout[2m | tests/integration/datavault-v4-regression.test.ts[2m > [22m[2mDataVault v4 Regression Tests[2m > [22m[2mError Handling[2m > [22m[2mshould return user-friendly error for missing required fields
[22m[39mRow creation error message: Access denied - write permission required

{"level":50,"time":1764871649670,"env":"test","error":{"length":144,"name":"error","severity":"ERROR","code":"22P02","where":"unnamed portal parameter $1 = '...'","file":"uuid.c","line":"138","routine":"string_to_uuid"},"msg":"Error fetching DataVault rows"}
[90mstdout[2m | tests/integration/datavault-v4-regression.test.ts
[22m[39mâ‰¡Æ’Âºâ•£ Cleaning up test environment...

 [31mÎ“Â¥Â»[39m tests/integration/datavault-v4-regression.test.ts [2m([22m[2m23 tests[22m[2m | [22m[31m19 failed[39m[2m)[22m[33m 9194[2mms[22m[39m
[31m       [31mâ”œÃ¹[31m should create a select column with options[39m[32m 298[2mms[22m[39m
[31m       [31mâ”œÃ¹[31m should create a multiselect column with options[39m[32m 243[2mms[22m[39m
[31m       [31mâ”œÃ¹[31m should validate select value against options[39m[33m 392[2mms[22m[39m
[31m       [31mâ”œÃ¹[31m should validate multiselect values as array[39m[33m 406[2mms[22m[39m
[31m       [31mâ”œÃ¹[31m should create an autonumber column with sequence[39m[32m 235[2mms[22m[39m
[31m       [31mâ”œÃ¹[31m should format autonumber with prefix[39m[33m 372[2mms[22m[39m
[31m       [31mâ”œÃ¹[31m should create a note for a row[39m[33m 342[2mms[22m[39m
[31m       [31mâ”œÃ¹[31m should get all notes for a row[39m[33m 727[2mms[22m[39m
[31m       [31mâ”œÃ¹[31m should delete a note[39m[33m 484[2mms[22m[39m
[31m       [31mâ”œÃ¹[31m should not allow deleting notes by other users[39m[33m 603[2mms[22m[39m
[31m       [31mâ”œÃ¹[31m should create an API token[39m[33m 390[2mms[22m[39m
       [32mÎ“Â£Ã´[39m should validate API token scopes[32m 191[2mms[22m[39m
[31m       [31mâ”œÃ¹[31m should revoke (delete) an API token[39m[32m 235[2mms[22m[39m
       [32mÎ“Â£Ã´[39m should deny access with expired token[32m 154[2mms[22m[39m
[31m       [31mâ”œÃ¹[31m should grant table permission[39m[32m 233[2mms[22m[39m
[31m       [31mâ”œÃ¹[31m should list table permissions[39m[32m 238[2mms[22m[39m
[31m       [31mâ”œÃ¹[31m should update table permission role[39m[33m 364[2mms[22m[39m
[31m       [31mâ”œÃ¹[31m should revoke table permission[39m[33m 360[2mms[22m[39m
       [32mÎ“Â£Ã´[39m should enforce RBAC - only owners can manage permissions[32m 237[2mms[22m[39m
[31m       [31mâ”œÃ¹[31m should paginate rows efficiently[39m[33m 847[2mms[22m[39m
[31m       [31mâ”œÃ¹[31m should return user-friendly error for invalid column type[39m[32m 240[2mms[22m[39m
[31m       [31mâ”œÃ¹[31m should return user-friendly error for missing required fields[39m[33m 377[2mms[22m[39m
       [32mÎ“Â£Ã´[39m should handle network errors gracefully[32m 252[2mms[22m[39m

Î“Ã„Â»Î“Ã„Â»Î“Ã„Â»Î“Ã„Â»Î“Ã„Â»Î“Ã„Â» Failed Tests 19 Î“Ã„Â»Î“Ã„Â»Î“Ã„Â»Î“Ã„Â»Î“Ã„Â»Î“Ã„Â»Î“Ã„Â»

 FAIL  tests/integration/datavault-v4-regression.test.ts > DataVault v4 Regression Tests > Select/Multiselect Columns > should create a select column with options
AssertionError: expected 403 to be 201 // Object.is equality

- Expected
+ Received

- 201
+ 403

 Î“Â¥Â» tests/integration/datavault-v4-regression.test.ts:298:31
    296|         });
    297| 
    298|       expect(response.status).toBe(201);
       |                               ^
    299|       expect(response.body).toBeDefined();
    300|       expect(response.body.type).toBe('select');

Î“Ã„Â»Î“Ã„Â»Î“Ã„Â»Î“Ã„Â»Î“Ã„Â»Î“Ã„Â»Î“Ã„Â»Î“Ã„Â»Î“Ã„Â»Î“Ã„Â»Î“Ã„Â»Î“Ã„Â»Î“Ã„Â»Î“Ã„Â»Î“Ã„Â»Î“Ã„Â»Î“Ã„Â»Î“Ã„Â»Î“Ã„Â»Î“Ã„Â»Î“Ã„Â»Î“Ã„Â»Î“Ã„Â»[1/19]Î“Ã„Â»

 FAIL  tests/integration/datavault-v4-regression.test.ts > DataVault v4 Regression Tests > Select/Multiselect Columns > should create a multiselect column with options
AssertionError: expected 403 to be 201 // Object.is equality

- Expected
+ Received

- 201
+ 403

 Î“Â¥Â» tests/integration/datavault-v4-regression.test.ts:321:31
    319|         });
    320| 
    321|       expect(response.status).toBe(201);
       |                               ^
    322|       expect(response.body).toBeDefined();
    323|       expect(response.body.type).toBe('multiselect');

Î“Ã„Â»Î“Ã„Â»Î“Ã„Â»Î“Ã„Â»Î“Ã„Â»Î“Ã„Â»Î“Ã„Â»Î“Ã„Â»Î“Ã„Â»Î“Ã„Â»Î“Ã„Â»Î“Ã„Â»Î“Ã„Â»Î“Ã„Â»Î“Ã„Â»Î“Ã„Â»Î“Ã„Â»Î“Ã„Â»Î“Ã„Â»Î“Ã„Â»Î“Ã„Â»Î“Ã„Â»Î“Ã„Â»[2/19]Î“Ã„Â»

 FAIL  tests/integration/datavault-v4-regression.test.ts > DataVault v4 Regression Tests > Select/Multiselect Columns > should validate select value against options
AssertionError: expected 403 to be 201 // Object.is equality

- Expected
+ Received

- 201
+ 403

 Î“Â¥Â» tests/integration/datavault-v4-regression.test.ts:356:36
    354|         });
    355| 
    356|       expect(validResponse.status).toBe(201);
       |                                    ^
    357| 
    358|       // Create row with invalid value should fail

Î“Ã„Â»Î“Ã„Â»Î“Ã„Â»Î“Ã„Â»Î“Ã„Â»Î“Ã„Â»Î“Ã„Â»Î“Ã„Â»Î“Ã„Â»Î“Ã„Â»Î“Ã„Â»Î“Ã„Â»Î“Ã„Â»Î“Ã„Â»Î“Ã„Â»Î“Ã„Â»Î“Ã„Â»Î“Ã„Â»Î“Ã„Â»Î“Ã„Â»Î“Ã„Â»Î“Ã„Â»Î“Ã„Â»[3/19]Î“Ã„Â»

 FAIL  tests/integration/datavault-v4-regression.test.ts > DataVault v4 Regression Tests > Select/Multiselect Columns > should validate multiselect values as array
AssertionError: expected 403 to be 201 // Object.is equality

- Expected
+ Received

- 201
+ 403

 Î“Â¥Â» tests/integration/datavault-v4-regression.test.ts:401:36
    399|         });
    400| 
    401|       expect(validResponse.status).toBe(201);
       |                                    ^
    402|       expect(validResponse.body.values[testColumnId]).toEqual(['urgentÎ“Ã‡Âª
    403|     });

Î“Ã„Â»Î“Ã„Â»Î“Ã„Â»Î“Ã„Â»Î“Ã„Â»Î“Ã„Â»Î“Ã„Â»Î“Ã„Â»Î“Ã„Â»Î“Ã„Â»Î“Ã„Â»Î“Ã„Â»Î“Ã„Â»Î“Ã„Â»Î“Ã„Â»Î“Ã„Â»Î“Ã„Â»Î“Ã„Â»Î“Ã„Â»Î“Ã„Â»Î“Ã„Â»Î“Ã„Â»Î“Ã„Â»[4/19]Î“Ã„Â»

 FAIL  tests/integration/datavault-v4-regression.test.ts > DataVault v4 Regression Tests > Autonumber Columns > should create an autonumber column with sequence
AssertionError: expected 403 to be 201 // Object.is equality

- Expected
+ Received

- 201
+ 403

 Î“Â¥Â» tests/integration/datavault-v4-regression.test.ts:421:31
    419|         });
    420| 
    421|       expect(response.status).toBe(201);
       |                               ^
    422|       expect(response.body).toBeDefined();
    423|       expect(response.body.type).toBe('autonumber');

Î“Ã„Â»Î“Ã„Â»Î“Ã„Â»Î“Ã„Â»Î“Ã„Â»Î“Ã„Â»Î“Ã„Â»Î“Ã„Â»Î“Ã„Â»Î“Ã„Â»Î“Ã„Â»Î“Ã„Â»Î“Ã„Â»Î“Ã„Â»Î“Ã„Â»Î“Ã„Â»Î“Ã„Â»Î“Ã„Â»Î“Ã„Â»Î“Ã„Â»Î“Ã„Â»Î“Ã„Â»Î“Ã„Â»[5/19]Î“Ã„Â»

 FAIL  tests/integration/datavault-v4-regression.test.ts > DataVault v4 Regression Tests > Autonumber Columns > should format autonumber with prefix
AssertionError: expected 403 to be 201 // Object.is equality

- Expected
+ Received

- 201
+ 403

 Î“Â¥Â» tests/integration/datavault-v4-regression.test.ts:455:34
    453|         .send({ values: {} });
    454| 
    455|       expect(rowResponse.status).toBe(201);
       |                                  ^
    456|       // Check if formatted value is stored or displayed
    457|       // This depends on implementation - adjust as needed

Î“Ã„Â»Î“Ã„Â»Î“Ã„Â»Î“Ã„Â»Î“Ã„Â»Î“Ã„Â»Î“Ã„Â»Î“Ã„Â»Î“Ã„Â»Î“Ã„Â»Î“Ã„Â»Î“Ã„Â»Î“Ã„Â»Î“Ã„Â»Î“Ã„Â»Î“Ã„Â»Î“Ã„Â»Î“Ã„Â»Î“Ã„Â»Î“Ã„Â»Î“Ã„Â»Î“Ã„Â»Î“Ã„Â»[6/19]Î“Ã„Â»

 FAIL  tests/integration/datavault-v4-regression.test.ts > DataVault v4 Regression Tests > Row Notes > should create a note for a row
AssertionError: expected 403 to be 201 // Object.is equality

- Expected
+ Received

- 201
+ 403

 Î“Â¥Â» tests/integration/datavault-v4-regression.test.ts:481:31
    479|         });
    480| 
    481|       expect(response.status).toBe(201);
       |                               ^
    482|       expect(response.body).toBeDefined();
    483|       expect(response.body.text).toBe('This is a test note');

Î“Ã„Â»Î“Ã„Â»Î“Ã„Â»Î“Ã„Â»Î“Ã„Â»Î“Ã„Â»Î“Ã„Â»Î“Ã„Â»Î“Ã„Â»Î“Ã„Â»Î“Ã„Â»Î“Ã„Â»Î“Ã„Â»Î“Ã„Â»Î“Ã„Â»Î“Ã„Â»Î“Ã„Â»Î“Ã„Â»Î“Ã„Â»Î“Ã„Â»Î“Ã„Â»Î“Ã„Â»Î“Ã„Â»[7/19]Î“Ã„Â»

 FAIL  tests/integration/datavault-v4-regression.test.ts > DataVault v4 Regression Tests > Row Notes > should get all notes for a row
AssertionError: expected 403 to be 200 // Object.is equality

- Expected
+ Received

- 200
+ 403

 Î“Â¥Â» tests/integration/datavault-v4-regression.test.ts:507:31
    505|         .set('Cookie', authCookie);
    506| 
    507|       expect(response.status).toBe(200);
       |                               ^
    508|       expect(response.body).toHaveLength(2);
    509|     });

Î“Ã„Â»Î“Ã„Â»Î“Ã„Â»Î“Ã„Â»Î“Ã„Â»Î“Ã„Â»Î“Ã„Â»Î“Ã„Â»Î“Ã„Â»Î“Ã„Â»Î“Ã„Â»Î“Ã„Â»Î“Ã„Â»Î“Ã„Â»Î“Ã„Â»Î“Ã„Â»Î“Ã„Â»Î“Ã„Â»Î“Ã„Â»Î“Ã„Â»Î“Ã„Â»Î“Ã„Â»Î“Ã„Â»[8/19]Î“Ã„Â»

 FAIL  tests/integration/datavault-v4-regression.test.ts > DataVault v4 Regression Tests > Row Notes > should delete a note
AssertionError: expected 500 to be 200 // Object.is equality

- Expected
+ Received

- 200
+ 500

 Î“Â¥Â» tests/integration/datavault-v4-regression.test.ts:527:37
    525|         .set('Cookie', authCookie);
    526| 
    527|       expect(deleteResponse.status).toBe(200);
       |                                     ^
    528| 
    529|       // Verify note is deleted

Î“Ã„Â»Î“Ã„Â»Î“Ã„Â»Î“Ã„Â»Î“Ã„Â»Î“Ã„Â»Î“Ã„Â»Î“Ã„Â»Î“Ã„Â»Î“Ã„Â»Î“Ã„Â»Î“Ã„Â»Î“Ã„Â»Î“Ã„Â»Î“Ã„Â»Î“Ã„Â»Î“Ã„Â»Î“Ã„Â»Î“Ã„Â»Î“Ã„Â»Î“Ã„Â»Î“Ã„Â»Î“Ã„Â»[9/19]Î“Ã„Â»

 FAIL  tests/integration/datavault-v4-regression.test.ts > DataVault v4 Regression Tests > Row Notes > should not allow deleting notes by other users
AssertionError: expected 500 to be 403 // Object.is equality

- Expected
+ Received

- 403
+ 500

 Î“Â¥Â» tests/integration/datavault-v4-regression.test.ts:554:37
    552|         .set('Cookie', otherUserCookie);
    553| 
    554|       expect(deleteResponse.status).toBe(403);
       |                                     ^
    555|     });
    556|   });

Î“Ã„Â»Î“Ã„Â»Î“Ã„Â»Î“Ã„Â»Î“Ã„Â»Î“Ã„Â»Î“Ã„Â»Î“Ã„Â»Î“Ã„Â»Î“Ã„Â»Î“Ã„Â»Î“Ã„Â»Î“Ã„Â»Î“Ã„Â»Î“Ã„Â»Î“Ã„Â»Î“Ã„Â»Î“Ã„Â»Î“Ã„Â»Î“Ã„Â»Î“Ã„Â»Î“Ã„Â»[10/19]Î“Ã„Â»

 FAIL  tests/integration/datavault-v4-regression.test.ts > DataVault v4 Regression Tests > API Tokens > should create an API token
AssertionError: expected 403 to be 201 // Object.is equality

- Expected
+ Received

- 201
+ 403

 Î“Â¥Â» tests/integration/datavault-v4-regression.test.ts:574:31
    572|       // Assuming DB exists (created in beforeAll).
    573|       // If 404 persists, we might need to debug route registration.
    574|       expect(response.status).toBe(201);
       |                               ^
    575|       expect(response.body).toBeDefined();
    576|       // plainToken is not returned in the object, it might be separatÎ“Ã‡Âª

Î“Ã„Â»Î“Ã„Â»Î“Ã„Â»Î“Ã„Â»Î“Ã„Â»Î“Ã„Â»Î“Ã„Â»Î“Ã„Â»Î“Ã„Â»Î“Ã„Â»Î“Ã„Â»Î“Ã„Â»Î“Ã„Â»Î“Ã„Â»Î“Ã„Â»Î“Ã„Â»Î“Ã„Â»Î“Ã„Â»Î“Ã„Â»Î“Ã„Â»Î“Ã„Â»Î“Ã„Â»[11/19]Î“Ã„Â»

 FAIL  tests/integration/datavault-v4-regression.test.ts > DataVault v4 Regression Tests > API Tokens > should revoke (delete) an API token
TypeError: Cannot read properties of undefined (reading 'id')
 Î“Â¥Â» tests/integration/datavault-v4-regression.test.ts:608:49
    606|         });
    607| 
    608|       const tokenId = createResponse.body.token.id;
       |                                                 ^
    609| 
    610|       // Revoke token

Î“Ã„Â»Î“Ã„Â»Î“Ã„Â»Î“Ã„Â»Î“Ã„Â»Î“Ã„Â»Î“Ã„Â»Î“Ã„Â»Î“Ã„Â»Î“Ã„Â»Î“Ã„Â»Î“Ã„Â»Î“Ã„Â»Î“Ã„Â»Î“Ã„Â»Î“Ã„Â»Î“Ã„Â»Î“Ã„Â»Î“Ã„Â»Î“Ã„Â»Î“Ã„Â»Î“Ã„Â»[12/19]Î“Ã„Â»

 FAIL  tests/integration/datavault-v4-regression.test.ts > DataVault v4 Regression Tests > Table Permissions > should grant table permission
AssertionError: expected 403 to be 201 // Object.is equality

- Expected
+ Received

- 201
+ 403

 Î“Â¥Â» tests/integration/datavault-v4-regression.test.ts:668:31
    666|         });
    667| 
    668|       expect(response.status).toBe(201);
       |                               ^
    669|       expect(response.body).toBeDefined();
    670|       expect(response.body.role).toBe('read');

Î“Ã„Â»Î“Ã„Â»Î“Ã„Â»Î“Ã„Â»Î“Ã„Â»Î“Ã„Â»Î“Ã„Â»Î“Ã„Â»Î“Ã„Â»Î“Ã„Â»Î“Ã„Â»Î“Ã„Â»Î“Ã„Â»Î“Ã„Â»Î“Ã„Â»Î“Ã„Â»Î“Ã„Â»Î“Ã„Â»Î“Ã„Â»Î“Ã„Â»Î“Ã„Â»Î“Ã„Â»[13/19]Î“Ã„Â»

 FAIL  tests/integration/datavault-v4-regression.test.ts > DataVault v4 Regression Tests > Table Permissions > should list table permissions
AssertionError: expected 403 to be 200 // Object.is equality

- Expected
+ Received

- 200
+ 403

 Î“Â¥Â» tests/integration/datavault-v4-regression.test.ts:680:31
    678|         .set('Cookie', authCookie);
    679| 
    680|       expect(response.status).toBe(200);
       |                               ^
    681|       expect(response.body).toBeDefined();
    682|       expect(Array.isArray(response.body)).toBe(true);

Î“Ã„Â»Î“Ã„Â»Î“Ã„Â»Î“Ã„Â»Î“Ã„Â»Î“Ã„Â»Î“Ã„Â»Î“Ã„Â»Î“Ã„Â»Î“Ã„Â»Î“Ã„Â»Î“Ã„Â»Î“Ã„Â»Î“Ã„Â»Î“Ã„Â»Î“Ã„Â»Î“Ã„Â»Î“Ã„Â»Î“Ã„Â»Î“Ã„Â»Î“Ã„Â»Î“Ã„Â»[14/19]Î“Ã„Â»

 FAIL  tests/integration/datavault-v4-regression.test.ts > DataVault v4 Regression Tests > Table Permissions > should update table permission role
AssertionError: expected 403 to be 201 // Object.is equality

- Expected
+ Received

- 201
+ 403

 Î“Â¥Â» tests/integration/datavault-v4-regression.test.ts:713:37
    711|         console.log('Update permission failed:', updateResponse.body);
    712|       }
    713|       expect(updateResponse.status).toBe(201);
       |                                     ^
    714|       expect(updateResponse.body.role).toBe('write');
    715|     });

Î“Ã„Â»Î“Ã„Â»Î“Ã„Â»Î“Ã„Â»Î“Ã„Â»Î“Ã„Â»Î“Ã„Â»Î“Ã„Â»Î“Ã„Â»Î“Ã„Â»Î“Ã„Â»Î“Ã„Â»Î“Ã„Â»Î“Ã„Â»Î“Ã„Â»Î“Ã„Â»Î“Ã„Â»Î“Ã„Â»Î“Ã„Â»Î“Ã„Â»Î“Ã„Â»Î“Ã„Â»[15/19]Î“Ã„Â»

 FAIL  tests/integration/datavault-v4-regression.test.ts > DataVault v4 Regression Tests > Table Permissions > should revoke table permission
AssertionError: expected 403 to be 200 // Object.is equality

- Expected
+ Received

- 200
+ 403

 Î“Â¥Â» tests/integration/datavault-v4-regression.test.ts:739:37
    737| 
    738|       // Revoke returns 200 with message
    739|       expect(revokeResponse.status).toBe(200);
       |                                     ^
    740| 
    741|       // Verify permission is deleted

Î“Ã„Â»Î“Ã„Â»Î“Ã„Â»Î“Ã„Â»Î“Ã„Â»Î“Ã„Â»Î“Ã„Â»Î“Ã„Â»Î“Ã„Â»Î“Ã„Â»Î“Ã„Â»Î“Ã„Â»Î“Ã„Â»Î“Ã„Â»Î“Ã„Â»Î“Ã„Â»Î“Ã„Â»Î“Ã„Â»Î“Ã„Â»Î“Ã„Â»Î“Ã„Â»Î“Ã„Â»[16/19]Î“Ã„Â»

 FAIL  tests/integration/datavault-v4-regression.test.ts > DataVault v4 Regression Tests > Grid Performance > should paginate rows efficiently
AssertionError: expected 403 to be 200 // Object.is equality

- Expected
+ Received

- 200
+ 403

 Î“Â¥Â» tests/integration/datavault-v4-regression.test.ts:787:31
    785|         .set('Cookie', authCookie);
    786| 
    787|       expect(response.status).toBe(200);
       |                               ^
    788|       expect(response.body.rows).toHaveLength(25);
    789|       expect(response.body.pagination.total).toBe(100);

Î“Ã„Â»Î“Ã„Â»Î“Ã„Â»Î“Ã„Â»Î“Ã„Â»Î“Ã„Â»Î“Ã„Â»Î“Ã„Â»Î“Ã„Â»Î“Ã„Â»Î“Ã„Â»Î“Ã„Â»Î“Ã„Â»Î“Ã„Â»Î“Ã„Â»Î“Ã„Â»Î“Ã„Â»Î“Ã„Â»Î“Ã„Â»Î“Ã„Â»Î“Ã„Â»Î“Ã„Â»[17/19]Î“Ã„Â»

 FAIL  tests/integration/datavault-v4-regression.test.ts > DataVault v4 Regression Tests > Error Handling > should return user-friendly error for invalid column type
AssertionError: expected 403 to be 400 // Object.is equality

- Expected
+ Received

- 400
+ 403

 Î“Â¥Â» tests/integration/datavault-v4-regression.test.ts:807:31
    805|         });
    806| 
    807|       expect(response.status).toBe(400);
       |                               ^
    808|       expect(response.body.errors).toBeDefined();
    809|       // expect(response.body.error).toContain('Invalid column type');

Î“Ã„Â»Î“Ã„Â»Î“Ã„Â»Î“Ã„Â»Î“Ã„Â»Î“Ã„Â»Î“Ã„Â»Î“Ã„Â»Î“Ã„Â»Î“Ã„Â»Î“Ã„Â»Î“Ã„Â»Î“Ã„Â»Î“Ã„Â»Î“Ã„Â»Î“Ã„Â»Î“Ã„Â»Î“Ã„Â»Î“Ã„Â»Î“Ã„Â»Î“Ã„Â»Î“Ã„Â»[18/19]Î“Ã„Â»

 FAIL  tests/integration/datavault-v4-regression.test.ts > DataVault v4 Regression Tests > Error Handling > should return user-friendly error for missing required fields
AssertionError: expected 403 to be 400 // Object.is equality

- Expected
+ Received

- 400
+ 403

 Î“Â¥Â» tests/integration/datavault-v4-regression.test.ts:834:31
    832| 
    833|       // Improved error handling returns 400
    834|       expect(response.status).toBe(400);
       |                               ^
    835|       expect(response.body.message).toBeDefined();
    836|       expect(response.body.message).toContain('Required');

Î“Ã„Â»Î“Ã„Â»Î“Ã„Â»Î“Ã„Â»Î“Ã„Â»Î“Ã„Â»Î“Ã„Â»Î“Ã„Â»Î“Ã„Â»Î“Ã„Â»Î“Ã„Â»Î“Ã„Â»Î“Ã„Â»Î“Ã„Â»Î“Ã„Â»Î“Ã„Â»Î“Ã„Â»Î“Ã„Â»Î“Ã„Â»Î“Ã„Â»Î“Ã„Â»Î“Ã„Â»[19/19]Î“Ã„Â»


[2m Test Files [22m [1m[31m1 failed[39m[22m[90m (1)[39m
[2m      Tests [22m [1m[31m19 failed[39m[22m[2m | [22m[1m[32m4 passed[39m[22m[90m (23)[39m
[2m   Start at [22m 12:07:08
[2m   Duration [22m 19.82s

[1m[41m FAIL [49m[22m [31mTests failed. Watching for file changes...[39m
       [2mpress [22m[1mh[22m[2m to show help[22m[2m, [22m[2mpress [22m[1mq[22m[2m to quit[22m
c[3J[1m[44m RERUN [49m[22m [34m[2mserver/routes/tenant.routes.ts [22m[34mx2 [34m[39m
       [2m Filename pattern: [22m[34mtests/integration/datavault-v4-regression.test.ts[39m

[90mstdout[2m | tests/integration/datavault-v4-regression.test.ts
[22m[39m[dotenv@17.2.3] injecting env (11) from .env -- tip: Î“ÃœÃ–âˆ©â••Ã…  load multiple .env files with { path: ['.env.local', '.env'] }

{"level":40,"time":1764871701141,"env":"test","module":"auth-service","msg":"JWT_SECRET not set - falling back to SESSION_SECRET. This is acceptable for development but should be fixed for production."}
{"level":30,"time":1764871704930,"env":"test","multerImportKeys":["diskStorage","memoryStorage","MulterError"],"multerInstanceKeys":["diskStorage","memoryStorage","MulterError"],"multerInstanceType":"function","uploadKeys":["storage","limits","preservePath","fileFilter"],"uploadType":"object","uploadPrototype":{},"msg":"Debug Multer Import"}
[90mstdout[2m | tests/integration/datavault-v4-regression.test.ts
[22m[39mâ‰¡Æ’ÂºÂ¬ Setting up test environment...

{"level":30,"time":1764871708738,"env":"test","module":"file-routes","outputsDir":"C:\\Users\\scoot\\poll\\VaultLogic\\server\\files\\outputs","msg":"Secure file routes registered"}
{"level":30,"time":1764871708739,"env":"test","module":"ai-routes","msg":"AI workflow generation routes registered"}
{"level":30,"time":1764871708750,"env":"test","module":"collab-server","msg":"Initializing WebSocket collaboration server"}
{"level":40,"time":1764871708751,"env":"test","module":"collab-persistence","msg":"REDIS_URL not configured, multi-instance collab will not work"}
{"level":30,"time":1764871708751,"env":"test","module":"collab-server","msg":"WebSocket collaboration server initialized"}
{"level":30,"time":1764871708751,"env":"test","module":"routes","msg":"Real-time collaboration server initialized"}
{"level":30,"time":1764871709246,"env":"test","module":"auth","hasToken":true,"origin":"http://localhost:5000","ip":"::ffff:127.0.0.1","msg":"OAuth2 login attempt"}
{"level":30,"time":1764871709250,"env":"test","module":"auth","email":"testuser@example.com","msg":"Token verified successfully"}
{"level":30,"time":1764871709308,"env":"test","module":"auth","userId":"google-user-id","msg":"User upserted successfully"}
{"level":30,"time":1764871709404,"env":"test","module":"auth","email":"testuser@example.com","msg":"OAuth2 login successful"}
[90mstdout[2m | tests/integration/datavault-v4-regression.test.ts[2m > [22m[2mDataVault v4 Regression Tests
[22m[39mLogin Status: [33m200[39m
Login Body: {
  "message": "Authentication successful",
  "token": "eyJhbGciOiJIUzI1NiIsInR5cCI6IkpXVCJ9.eyJ1c2VySWQiOiJnb29nbGUtdXNlci1pZCIsImVtYWlsIjoidGVzdHVzZXJAZXhhbXBsZS5jb20iLCJ0ZW5hbnRJZCI6ImQwODRiZWRjLTE0NjItNGU2Ni1iOGU0LTNiODZkMzM5ZWMxMCIsInJvbGUiOiJvd25lciIsImlhdCI6MTc2NDg3MTcwOSwiZXhwIjoxNzY1NDc2NTA5fQ.iCbn1Fr4MiPo3SyUsQwwJfkVic43cHBd330tC10uQVA",
  "user": {
    "id": "google-user-id",
    "email": "testuser@example.com",
    "firstName": "Test",
    "lastName": "User",
    "profileImageUrl": "https://example.com/avatar.jpg",
    "tenantId": "d084bedc-1462-4e66-b8e4-3b86d339ec10",
    "tenantRole": "owner"
  }
}

{"level":30,"time":1764871709419,"env":"test","module":"auth","hasToken":true,"origin":"http://localhost:5000","ip":"::ffff:127.0.0.1","msg":"OAuth2 login attempt"}
{"level":30,"time":1764871709419,"env":"test","module":"auth","email":"other@example.com","msg":"Token verified successfully"}
{"level":30,"time":1764871709470,"env":"test","module":"auth","userId":"other-user-id","msg":"User upserted successfully"}
{"level":30,"time":1764871709569,"env":"test","module":"auth","email":"other@example.com","msg":"OAuth2 login successful"}
{"level":50,"time":1764871709824,"env":"test","error":{},"msg":"Error creating DataVault column"}
{"level":50,"time":1764871710085,"env":"test","error":{},"msg":"Error creating DataVault column"}
{"level":50,"time":1764871710341,"env":"test","error":{},"msg":"Error creating DataVault column"}
{"level":50,"time":1764871710490,"env":"test","error":{},"msg":"Error creating DataVault row"}
[90mstdout[2m | tests/integration/datavault-v4-regression.test.ts[2m > [22m[2mDataVault v4 Regression Tests[2m > [22m[2mSelect/Multiselect Columns[2m > [22m[2mshould validate select value against options
[22m[39mRow creation error message: Access denied - write permission required

{"level":50,"time":1764871710738,"env":"test","error":{},"msg":"Error creating DataVault column"}
{"level":50,"time":1764871710885,"env":"test","error":{},"msg":"Error creating DataVault row"}
[90mstdout[2m | tests/integration/datavault-v4-regression.test.ts[2m > [22m[2mDataVault v4 Regression Tests[2m > [22m[2mSelect/Multiselect Columns[2m > [22m[2mshould validate multiselect values as array
[22m[39mRow creation error message: Access denied - write permission required

{"level":50,"time":1764871711126,"env":"test","error":{},"msg":"Error creating DataVault column"}
{"level":50,"time":1764871711357,"env":"test","error":{},"msg":"Error creating DataVault column"}
{"level":50,"time":1764871711510,"env":"test","error":{},"msg":"Error creating DataVault row"}
[90mstdout[2m | tests/integration/datavault-v4-regression.test.ts[2m > [22m[2mDataVault v4 Regression Tests[2m > [22m[2mAutonumber Columns[2m > [22m[2mshould format autonumber with prefix
[22m[39mRow creation error message: Access denied - write permission required

{"level":50,"time":1764871711841,"env":"test","error":{},"msg":"Error creating row note"}
{"level":50,"time":1764871712183,"env":"test","error":{},"msg":"Error creating row note"}
{"level":50,"time":1764871712373,"env":"test","error":{},"msg":"Error creating row note"}
{"level":50,"time":1764871712556,"env":"test","error":{},"msg":"Error fetching row notes"}
{"level":50,"time":1764871712884,"env":"test","error":{},"msg":"Error creating row note"}
{"level":50,"time":1764871713024,"env":"test","error":{"length":141,"name":"error","severity":"ERROR","code":"22P02","where":"unnamed portal parameter $1 = '...'","file":"uuid.c","line":"138","routine":"string_to_uuid"},"msg":"Error deleting row note"}
{"level":50,"time":1764871713485,"env":"test","error":{},"msg":"Error creating row note"}
{"level":50,"time":1764871713621,"env":"test","error":{"length":141,"name":"error","severity":"ERROR","code":"22P02","where":"unnamed portal parameter $1 = '...'","file":"uuid.c","line":"138","routine":"string_to_uuid"},"msg":"Error deleting row note"}
{"level":50,"time":1764871713949,"env":"test","error":{},"databaseId":"49472f16-96e2-4068-acd2-468e4987bb93","msg":"Error creating API token"}
{"level":50,"time":1764871714338,"env":"test","error":{},"databaseId":"8fa608b1-88f8-4471-8c7b-fa301909a210","msg":"Error creating API token"}
{"level":40,"time":1764871714476,"env":"test","module":"auth-middleware","path":"/datavault/databases/90b9e39b-59f3-4c5f-bca7-b25f6324bbdd/tables","msg":"No valid authentication found"}
{"level":50,"time":1764871714693,"env":"test","error":{},"msg":"Error granting table permission"}
[90mstdout[2m | tests/integration/datavault-v4-regression.test.ts[2m > [22m[2mDataVault v4 Regression Tests[2m > [22m[2mTable Permissions[2m > [22m[2mshould grant table permission
[22m[39mGrant permission catch block entered Error: Access denied - owner permission required
    at DatavaultTablePermissionsService.requirePermission (C:/Users/scoot/poll/VaultLogic/server/services/DatavaultTablePermissionsService.ts:108:13)
[90m    at processTicksAndRejections (node:internal/process/task_queues:103:5)[39m
    at DatavaultTablePermissionsService.grantPermission (C:/Users/scoot/poll/VaultLogic/server/services/DatavaultTablePermissionsService.ts:138:5)
    at C:/Users/scoot/poll/VaultLogic/server/routes/datavault.routes.ts:1155:26

{"level":50,"time":1764871714898,"env":"test","error":{},"msg":"Error fetching table permissions"}
{"level":50,"time":1764871715116,"env":"test","error":{},"msg":"Error granting table permission"}
[90mstdout[2m | tests/integration/datavault-v4-regression.test.ts[2m > [22m[2mDataVault v4 Regression Tests[2m > [22m[2mTable Permissions[2m > [22m[2mshould update table permission role
[22m[39mGrant permission catch block entered Error: Access denied - owner permission required
    at DatavaultTablePermissionsService.requirePermission (C:/Users/scoot/poll/VaultLogic/server/services/DatavaultTablePermissionsService.ts:108:13)
[90m    at processTicksAndRejections (node:internal/process/task_queues:103:5)[39m
    at DatavaultTablePermissionsService.grantPermission (C:/Users/scoot/poll/VaultLogic/server/services/DatavaultTablePermissionsService.ts:138:5)
    at C:/Users/scoot/poll/VaultLogic/server/routes/datavault.routes.ts:1155:26

{"level":50,"time":1764871715246,"env":"test","error":{},"msg":"Error granting table permission"}
[90mstdout[2m | tests/integration/datavault-v4-regression.test.ts[2m > [22m[2mDataVault v4 Regression Tests[2m > [22m[2mTable Permissions[2m > [22m[2mshould update table permission role
[22m[39mGrant permission catch block entered Error: Access denied - owner permission required
    at DatavaultTablePermissionsService.requirePermission (C:/Users/scoot/poll/VaultLogic/server/services/DatavaultTablePermissionsService.ts:108:13)
[90m    at processTicksAndRejections (node:internal/process/task_queues:103:5)[39m
    at DatavaultTablePermissionsService.grantPermission (C:/Users/scoot/poll/VaultLogic/server/services/DatavaultTablePermissionsService.ts:138:5)
    at C:/Users/scoot/poll/VaultLogic/server/routes/datavault.routes.ts:1155:26

[90mstdout[2m | tests/integration/datavault-v4-regression.test.ts[2m > [22m[2mDataVault v4 Regression Tests[2m > [22m[2mTable Permissions[2m > [22m[2mshould update table permission role
[22m[39mUpdate permission failed: { message: [32m'Access denied - owner permission required'[39m }

{"level":50,"time":1764871715471,"env":"test","error":{},"msg":"Error granting table permission"}
[90mstdout[2m | tests/integration/datavault-v4-regression.test.ts[2m > [22m[2mDataVault v4 Regression Tests[2m > [22m[2mTable Permissions[2m > [22m[2mshould revoke table permission
[22m[39mGrant permission catch block entered Error: Access denied - owner permission required
    at DatavaultTablePermissionsService.requirePermission (C:/Users/scoot/poll/VaultLogic/server/services/DatavaultTablePermissionsService.ts:108:13)
[90m    at processTicksAndRejections (node:internal/process/task_queues:103:5)[39m
    at DatavaultTablePermissionsService.grantPermission (C:/Users/scoot/poll/VaultLogic/server/services/DatavaultTablePermissionsService.ts:138:5)
    at C:/Users/scoot/poll/VaultLogic/server/routes/datavault.routes.ts:1155:26

[90mstdout[2m | tests/integration/datavault-v4-regression.test.ts[2m > [22m[2mDataVault v4 Regression Tests[2m > [22m[2mTable Permissions[2m > [22m[2mshould revoke table permission
[22m[39mrevokePermission called for permission: undefined

{"level":50,"time":1764871715613,"env":"test","error":{},"msg":"Error revoking table permission"}
{"level":50,"time":1764871715820,"env":"test","error":{},"msg":"Error granting table permission"}
[90mstdout[2m | tests/integration/datavault-v4-regression.test.ts[2m > [22m[2mDataVault v4 Regression Tests[2m > [22m[2mTable Permissions[2m > [22m[2mshould enforce RBAC - only owners can manage permissions
[22m[39mGrant permission catch block entered Error: Access denied - owner permission required
    at DatavaultTablePermissionsService.requirePermission (C:/Users/scoot/poll/VaultLogic/server/services/DatavaultTablePermissionsService.ts:108:13)
[90m    at processTicksAndRejections (node:internal/process/task_queues:103:5)[39m
    at DatavaultTablePermissionsService.grantPermission (C:/Users/scoot/poll/VaultLogic/server/services/DatavaultTablePermissionsService.ts:138:5)
    at C:/Users/scoot/poll/VaultLogic/server/routes/datavault.routes.ts:1155:26

{"level":50,"time":1764871716693,"env":"test","error":{},"msg":"Error fetching DataVault rows"}
{"level":50,"time":1764871716931,"env":"test","error":{},"msg":"Error creating DataVault column"}
{"level":50,"time":1764871717230,"env":"test","error":{},"msg":"Error creating DataVault column"}
{"level":50,"time":1764871717365,"env":"test","error":{},"msg":"Error creating DataVault row"}
[90mstdout[2m | tests/integration/datavault-v4-regression.test.ts[2m > [22m[2mDataVault v4 Regression Tests[2m > [22m[2mError Handling[2m > [22m[2mshould return user-friendly error for missing required fields
[22m[39mRow creation error message: Access denied - write permission required

{"level":50,"time":1764871717592,"env":"test","error":{"length":144,"name":"error","severity":"ERROR","code":"22P02","where":"unnamed portal parameter $1 = '...'","file":"uuid.c","line":"138","routine":"string_to_uuid"},"msg":"Error fetching DataVault rows"}
[90mstdout[2m | tests/integration/datavault-v4-regression.test.ts
[22m[39mâ‰¡Æ’Âºâ•£ Cleaning up test environment...

 [31mÎ“Â¥Â»[39m tests/integration/datavault-v4-regression.test.ts [2m([22m[2m23 tests[22m[2m | [22m[31m19 failed[39m[2m)[22m[33m 8918[2mms[22m[39m
[31m       [31mâ”œÃ¹[31m should create a select column with options[39m[32m 261[2mms[22m[39m
[31m       [31mâ”œÃ¹[31m should create a multiselect column with options[39m[32m 257[2mms[22m[39m
[31m       [31mâ”œÃ¹[31m should validate select value against options[39m[33m 405[2mms[22m[39m
[31m       [31mâ”œÃ¹[31m should validate multiselect values as array[39m[33m 393[2mms[22m[39m
[31m       [31mâ”œÃ¹[31m should create an autonumber column with sequence[39m[32m 240[2mms[22m[39m
[31m       [31mâ”œÃ¹[31m should format autonumber with prefix[39m[33m 384[2mms[22m[39m
[31m       [31mâ”œÃ¹[31m should create a note for a row[39m[33m 331[2mms[22m[39m
[31m       [31mâ”œÃ¹[31m should get all notes for a row[39m[33m 715[2mms[22m[39m
[31m       [31mâ”œÃ¹[31m should delete a note[39m[33m 469[2mms[22m[39m
[31m       [31mâ”œÃ¹[31m should not allow deleting notes by other users[39m[33m 596[2mms[22m[39m
[31m       [31mâ”œÃ¹[31m should create an API token[39m[33m 327[2mms[22m[39m
       [32mÎ“Â£Ã´[39m should validate API token scopes[32m 176[2mms[22m[39m
[31m       [31mâ”œÃ¹[31m should revoke (delete) an API token[39m[32m 214[2mms[22m[39m
       [32mÎ“Â£Ã´[39m should deny access with expired token[32m 137[2mms[22m[39m
[31m       [31mâ”œÃ¹[31m should grant table permission[39m[32m 218[2mms[22m[39m
[31m       [31mâ”œÃ¹[31m should list table permissions[39m[32m 206[2mms[22m[39m
[31m       [31mâ”œÃ¹[31m should update table permission role[39m[33m 348[2mms[22m[39m
[31m       [31mâ”œÃ¹[31m should revoke table permission[39m[33m 364[2mms[22m[39m
       [32mÎ“Â£Ã´[39m should enforce RBAC - only owners can manage permissions[32m 208[2mms[22m[39m
[31m       [31mâ”œÃ¹[31m should paginate rows efficiently[39m[33m 874[2mms[22m[39m
[31m       [31mâ”œÃ¹[31m should return user-friendly error for invalid column type[39m[32m 239[2mms[22m[39m
[31m       [31mâ”œÃ¹[31m should return user-friendly error for missing required fields[39m[33m 433[2mms[22m[39m
       [32mÎ“Â£Ã´[39m should handle network errors gracefully[32m 230[2mms[22m[39m

Î“Ã„Â»Î“Ã„Â»Î“Ã„Â»Î“Ã„Â»Î“Ã„Â»Î“Ã„Â» Failed Tests 19 Î“Ã„Â»Î“Ã„Â»Î“Ã„Â»Î“Ã„Â»Î“Ã„Â»Î“Ã„Â»Î“Ã„Â»

 FAIL  tests/integration/datavault-v4-regression.test.ts > DataVault v4 Regression Tests > Select/Multiselect Columns > should create a select column with options
AssertionError: expected 403 to be 201 // Object.is equality

- Expected
+ Received

- 201
+ 403

 Î“Â¥Â» tests/integration/datavault-v4-regression.test.ts:298:31
    296|         });
    297| 
    298|       expect(response.status).toBe(201);
       |                               ^
    299|       expect(response.body).toBeDefined();
    300|       expect(response.body.type).toBe('select');

Î“Ã„Â»Î“Ã„Â»Î“Ã„Â»Î“Ã„Â»Î“Ã„Â»Î“Ã„Â»Î“Ã„Â»Î“Ã„Â»Î“Ã„Â»Î“Ã„Â»Î“Ã„Â»Î“Ã„Â»Î“Ã„Â»Î“Ã„Â»Î“Ã„Â»Î“Ã„Â»Î“Ã„Â»Î“Ã„Â»Î“Ã„Â»Î“Ã„Â»Î“Ã„Â»Î“Ã„Â»Î“Ã„Â»[1/19]Î“Ã„Â»

 FAIL  tests/integration/datavault-v4-regression.test.ts > DataVault v4 Regression Tests > Select/Multiselect Columns > should create a multiselect column with options
AssertionError: expected 403 to be 201 // Object.is equality

- Expected
+ Received

- 201
+ 403

 Î“Â¥Â» tests/integration/datavault-v4-regression.test.ts:321:31
    319|         });
    320| 
    321|       expect(response.status).toBe(201);
       |                               ^
    322|       expect(response.body).toBeDefined();
    323|       expect(response.body.type).toBe('multiselect');

Î“Ã„Â»Î“Ã„Â»Î“Ã„Â»Î“Ã„Â»Î“Ã„Â»Î“Ã„Â»Î“Ã„Â»Î“Ã„Â»Î“Ã„Â»Î“Ã„Â»Î“Ã„Â»Î“Ã„Â»Î“Ã„Â»Î“Ã„Â»Î“Ã„Â»Î“Ã„Â»Î“Ã„Â»Î“Ã„Â»Î“Ã„Â»Î“Ã„Â»Î“Ã„Â»Î“Ã„Â»Î“Ã„Â»[2/19]Î“Ã„Â»

 FAIL  tests/integration/datavault-v4-regression.test.ts > DataVault v4 Regression Tests > Select/Multiselect Columns > should validate select value against options
AssertionError: expected 403 to be 201 // Object.is equality

- Expected
+ Received

- 201
+ 403

 Î“Â¥Â» tests/integration/datavault-v4-regression.test.ts:356:36
    354|         });
    355| 
    356|       expect(validResponse.status).toBe(201);
       |                                    ^
    357| 
    358|       // Create row with invalid value should fail

Î“Ã„Â»Î“Ã„Â»Î“Ã„Â»Î“Ã„Â»Î“Ã„Â»Î“Ã„Â»Î“Ã„Â»Î“Ã„Â»Î“Ã„Â»Î“Ã„Â»Î“Ã„Â»Î“Ã„Â»Î“Ã„Â»Î“Ã„Â»Î“Ã„Â»Î“Ã„Â»Î“Ã„Â»Î“Ã„Â»Î“Ã„Â»Î“Ã„Â»Î“Ã„Â»Î“Ã„Â»Î“Ã„Â»[3/19]Î“Ã„Â»

 FAIL  tests/integration/datavault-v4-regression.test.ts > DataVault v4 Regression Tests > Select/Multiselect Columns > should validate multiselect values as array
AssertionError: expected 403 to be 201 // Object.is equality

- Expected
+ Received

- 201
+ 403

 Î“Â¥Â» tests/integration/datavault-v4-regression.test.ts:401:36
    399|         });
    400| 
    401|       expect(validResponse.status).toBe(201);
       |                                    ^
    402|       expect(validResponse.body.values[testColumnId]).toEqual(['urgentÎ“Ã‡Âª
    403|     });

Î“Ã„Â»Î“Ã„Â»Î“Ã„Â»Î“Ã„Â»Î“Ã„Â»Î“Ã„Â»Î“Ã„Â»Î“Ã„Â»Î“Ã„Â»Î“Ã„Â»Î“Ã„Â»Î“Ã„Â»Î“Ã„Â»Î“Ã„Â»Î“Ã„Â»Î“Ã„Â»Î“Ã„Â»Î“Ã„Â»Î“Ã„Â»Î“Ã„Â»Î“Ã„Â»Î“Ã„Â»Î“Ã„Â»[4/19]Î“Ã„Â»

 FAIL  tests/integration/datavault-v4-regression.test.ts > DataVault v4 Regression Tests > Autonumber Columns > should create an autonumber column with sequence
AssertionError: expected 403 to be 201 // Object.is equality

- Expected
+ Received

- 201
+ 403

 Î“Â¥Â» tests/integration/datavault-v4-regression.test.ts:421:31
    419|         });
    420| 
    421|       expect(response.status).toBe(201);
       |                               ^
    422|       expect(response.body).toBeDefined();
    423|       expect(response.body.type).toBe('autonumber');

Î“Ã„Â»Î“Ã„Â»Î“Ã„Â»Î“Ã„Â»Î“Ã„Â»Î“Ã„Â»Î“Ã„Â»Î“Ã„Â»Î“Ã„Â»Î“Ã„Â»Î“Ã„Â»Î“Ã„Â»Î“Ã„Â»Î“Ã„Â»Î“Ã„Â»Î“Ã„Â»Î“Ã„Â»Î“Ã„Â»Î“Ã„Â»Î“Ã„Â»Î“Ã„Â»Î“Ã„Â»Î“Ã„Â»[5/19]Î“Ã„Â»

 FAIL  tests/integration/datavault-v4-regression.test.ts > DataVault v4 Regression Tests > Autonumber Columns > should format autonumber with prefix
AssertionError: expected 403 to be 201 // Object.is equality

- Expected
+ Received

- 201
+ 403

 Î“Â¥Â» tests/integration/datavault-v4-regression.test.ts:455:34
    453|         .send({ values: {} });
    454| 
    455|       expect(rowResponse.status).toBe(201);
       |                                  ^
    456|       // Check if formatted value is stored or displayed
    457|       // This depends on implementation - adjust as needed

Î“Ã„Â»Î“Ã„Â»Î“Ã„Â»Î“Ã„Â»Î“Ã„Â»Î“Ã„Â»Î“Ã„Â»Î“Ã„Â»Î“Ã„Â»Î“Ã„Â»Î“Ã„Â»Î“Ã„Â»Î“Ã„Â»Î“Ã„Â»Î“Ã„Â»Î“Ã„Â»Î“Ã„Â»Î“Ã„Â»Î“Ã„Â»Î“Ã„Â»Î“Ã„Â»Î“Ã„Â»Î“Ã„Â»[6/19]Î“Ã„Â»

 FAIL  tests/integration/datavault-v4-regression.test.ts > DataVault v4 Regression Tests > Row Notes > should create a note for a row
AssertionError: expected 403 to be 201 // Object.is equality

- Expected
+ Received

- 201
+ 403

 Î“Â¥Â» tests/integration/datavault-v4-regression.test.ts:481:31
    479|         });
    480| 
    481|       expect(response.status).toBe(201);
       |                               ^
    482|       expect(response.body).toBeDefined();
    483|       expect(response.body.text).toBe('This is a test note');

Î“Ã„Â»Î“Ã„Â»Î“Ã„Â»Î“Ã„Â»Î“Ã„Â»Î“Ã„Â»Î“Ã„Â»Î“Ã„Â»Î“Ã„Â»Î“Ã„Â»Î“Ã„Â»Î“Ã„Â»Î“Ã„Â»Î“Ã„Â»Î“Ã„Â»Î“Ã„Â»Î“Ã„Â»Î“Ã„Â»Î“Ã„Â»Î“Ã„Â»Î“Ã„Â»Î“Ã„Â»Î“Ã„Â»[7/19]Î“Ã„Â»

 FAIL  tests/integration/datavault-v4-regression.test.ts > DataVault v4 Regression Tests > Row Notes > should get all notes for a row
AssertionError: expected 403 to be 200 // Object.is equality

- Expected
+ Received

- 200
+ 403

 Î“Â¥Â» tests/integration/datavault-v4-regression.test.ts:507:31
    505|         .set('Cookie', authCookie);
    506| 
    507|       expect(response.status).toBe(200);
       |                               ^
    508|       expect(response.body).toHaveLength(2);
    509|     });

Î“Ã„Â»Î“Ã„Â»Î“Ã„Â»Î“Ã„Â»Î“Ã„Â»Î“Ã„Â»Î“Ã„Â»Î“Ã„Â»Î“Ã„Â»Î“Ã„Â»Î“Ã„Â»Î“Ã„Â»Î“Ã„Â»Î“Ã„Â»Î“Ã„Â»Î“Ã„Â»Î“Ã„Â»Î“Ã„Â»Î“Ã„Â»Î“Ã„Â»Î“Ã„Â»Î“Ã„Â»Î“Ã„Â»[8/19]Î“Ã„Â»

 FAIL  tests/integration/datavault-v4-regression.test.ts > DataVault v4 Regression Tests > Row Notes > should delete a note
AssertionError: expected 500 to be 200 // Object.is equality

- Expected
+ Received

- 200
+ 500

 Î“Â¥Â» tests/integration/datavault-v4-regression.test.ts:527:37
    525|         .set('Cookie', authCookie);
    526| 
    527|       expect(deleteResponse.status).toBe(200);
       |                                     ^
    528| 
    529|       // Verify note is deleted

Î“Ã„Â»Î“Ã„Â»Î“Ã„Â»Î“Ã„Â»Î“Ã„Â»Î“Ã„Â»Î“Ã„Â»Î“Ã„Â»Î“Ã„Â»Î“Ã„Â»Î“Ã„Â»Î“Ã„Â»Î“Ã„Â»Î“Ã„Â»Î“Ã„Â»Î“Ã„Â»Î“Ã„Â»Î“Ã„Â»Î“Ã„Â»Î“Ã„Â»Î“Ã„Â»Î“Ã„Â»Î“Ã„Â»[9/19]Î“Ã„Â»

 FAIL  tests/integration/datavault-v4-regression.test.ts > DataVault v4 Regression Tests > Row Notes > should not allow deleting notes by other users
AssertionError: expected 500 to be 403 // Object.is equality

- Expected
+ Received

- 403
+ 500

 Î“Â¥Â» tests/integration/datavault-v4-regression.test.ts:554:37
    552|         .set('Cookie', otherUserCookie);
    553| 
    554|       expect(deleteResponse.status).toBe(403);
       |                                     ^
    555|     });
    556|   });

Î“Ã„Â»Î“Ã„Â»Î“Ã„Â»Î“Ã„Â»Î“Ã„Â»Î“Ã„Â»Î“Ã„Â»Î“Ã„Â»Î“Ã„Â»Î“Ã„Â»Î“Ã„Â»Î“Ã„Â»Î“Ã„Â»Î“Ã„Â»Î“Ã„Â»Î“Ã„Â»Î“Ã„Â»Î“Ã„Â»Î“Ã„Â»Î“Ã„Â»Î“Ã„Â»Î“Ã„Â»[10/19]Î“Ã„Â»

 FAIL  tests/integration/datavault-v4-regression.test.ts > DataVault v4 Regression Tests > API Tokens > should create an API token
AssertionError: expected 403 to be 201 // Object.is equality

- Expected
+ Received

- 201
+ 403

 Î“Â¥Â» tests/integration/datavault-v4-regression.test.ts:574:31
    572|       // Assuming DB exists (created in beforeAll).
    573|       // If 404 persists, we might need to debug route registration.
    574|       expect(response.status).toBe(201);
       |                               ^
    575|       expect(response.body).toBeDefined();
    576|       // plainToken is not returned in the object, it might be separatÎ“Ã‡Âª

Î“Ã„Â»Î“Ã„Â»Î“Ã„Â»Î“Ã„Â»Î“Ã„Â»Î“Ã„Â»Î“Ã„Â»Î“Ã„Â»Î“Ã„Â»Î“Ã„Â»Î“Ã„Â»Î“Ã„Â»Î“Ã„Â»Î“Ã„Â»Î“Ã„Â»Î“Ã„Â»Î“Ã„Â»Î“Ã„Â»Î“Ã„Â»Î“Ã„Â»Î“Ã„Â»Î“Ã„Â»[11/19]Î“Ã„Â»

 FAIL  tests/integration/datavault-v4-regression.test.ts > DataVault v4 Regression Tests > API Tokens > should revoke (delete) an API token
TypeError: Cannot read properties of undefined (reading 'id')
 Î“Â¥Â» tests/integration/datavault-v4-regression.test.ts:608:49
    606|         });
    607| 
    608|       const tokenId = createResponse.body.token.id;
       |                                                 ^
    609| 
    610|       // Revoke token

Î“Ã„Â»Î“Ã„Â»Î“Ã„Â»Î“Ã„Â»Î“Ã„Â»Î“Ã„Â»Î“Ã„Â»Î“Ã„Â»Î“Ã„Â»Î“Ã„Â»Î“Ã„Â»Î“Ã„Â»Î“Ã„Â»Î“Ã„Â»Î“Ã„Â»Î“Ã„Â»Î“Ã„Â»Î“Ã„Â»Î“Ã„Â»Î“Ã„Â»Î“Ã„Â»Î“Ã„Â»[12/19]Î“Ã„Â»

 FAIL  tests/integration/datavault-v4-regression.test.ts > DataVault v4 Regression Tests > Table Permissions > should grant table permission
AssertionError: expected 403 to be 201 // Object.is equality

- Expected
+ Received

- 201
+ 403

 Î“Â¥Â» tests/integration/datavault-v4-regression.test.ts:668:31
    666|         });
    667| 
    668|       expect(response.status).toBe(201);
       |                               ^
    669|       expect(response.body).toBeDefined();
    670|       expect(response.body.role).toBe('read');

Î“Ã„Â»Î“Ã„Â»Î“Ã„Â»Î“Ã„Â»Î“Ã„Â»Î“Ã„Â»Î“Ã„Â»Î“Ã„Â»Î“Ã„Â»Î“Ã„Â»Î“Ã„Â»Î“Ã„Â»Î“Ã„Â»Î“Ã„Â»Î“Ã„Â»Î“Ã„Â»Î“Ã„Â»Î“Ã„Â»Î“Ã„Â»Î“Ã„Â»Î“Ã„Â»Î“Ã„Â»[13/19]Î“Ã„Â»

 FAIL  tests/integration/datavault-v4-regression.test.ts > DataVault v4 Regression Tests > Table Permissions > should list table permissions
AssertionError: expected 403 to be 200 // Object.is equality

- Expected
+ Received

- 200
+ 403

 Î“Â¥Â» tests/integration/datavault-v4-regression.test.ts:680:31
    678|         .set('Cookie', authCookie);
    679| 
    680|       expect(response.status).toBe(200);
       |                               ^
    681|       expect(response.body).toBeDefined();
    682|       expect(Array.isArray(response.body)).toBe(true);

Î“Ã„Â»Î“Ã„Â»Î“Ã„Â»Î“Ã„Â»Î“Ã„Â»Î“Ã„Â»Î“Ã„Â»Î“Ã„Â»Î“Ã„Â»Î“Ã„Â»Î“Ã„Â»Î“Ã„Â»Î“Ã„Â»Î“Ã„Â»Î“Ã„Â»Î“Ã„Â»Î“Ã„Â»Î“Ã„Â»Î“Ã„Â»Î“Ã„Â»Î“Ã„Â»Î“Ã„Â»[14/19]Î“Ã„Â»

 FAIL  tests/integration/datavault-v4-regression.test.ts > DataVault v4 Regression Tests > Table Permissions > should update table permission role
AssertionError: expected 403 to be 201 // Object.is equality

- Expected
+ Received

- 201
+ 403

 Î“Â¥Â» tests/integration/datavault-v4-regression.test.ts:713:37
    711|         console.log('Update permission failed:', updateResponse.body);
    712|       }
    713|       expect(updateResponse.status).toBe(201);
       |                                     ^
    714|       expect(updateResponse.body.role).toBe('write');
    715|     });

Î“Ã„Â»Î“Ã„Â»Î“Ã„Â»Î“Ã„Â»Î“Ã„Â»Î“Ã„Â»Î“Ã„Â»Î“Ã„Â»Î“Ã„Â»Î“Ã„Â»Î“Ã„Â»Î“Ã„Â»Î“Ã„Â»Î“Ã„Â»Î“Ã„Â»Î“Ã„Â»Î“Ã„Â»Î“Ã„Â»Î“Ã„Â»Î“Ã„Â»Î“Ã„Â»Î“Ã„Â»[15/19]Î“Ã„Â»

 FAIL  tests/integration/datavault-v4-regression.test.ts > DataVault v4 Regression Tests > Table Permissions > should revoke table permission
AssertionError: expected 403 to be 200 // Object.is equality

- Expected
+ Received

- 200
+ 403

 Î“Â¥Â» tests/integration/datavault-v4-regression.test.ts:739:37
    737| 
    738|       // Revoke returns 200 with message
    739|       expect(revokeResponse.status).toBe(200);
       |                                     ^
    740| 
    741|       // Verify permission is deleted

Î“Ã„Â»Î“Ã„Â»Î“Ã„Â»Î“Ã„Â»Î“Ã„Â»Î“Ã„Â»Î“Ã„Â»Î“Ã„Â»Î“Ã„Â»Î“Ã„Â»Î“Ã„Â»Î“Ã„Â»Î“Ã„Â»Î“Ã„Â»Î“Ã„Â»Î“Ã„Â»Î“Ã„Â»Î“Ã„Â»Î“Ã„Â»Î“Ã„Â»Î“Ã„Â»Î“Ã„Â»[16/19]Î“Ã„Â»

 FAIL  tests/integration/datavault-v4-regression.test.ts > DataVault v4 Regression Tests > Grid Performance > should paginate rows efficiently
AssertionError: expected 403 to be 200 // Object.is equality

- Expected
+ Received

- 200
+ 403

 Î“Â¥Â» tests/integration/datavault-v4-regression.test.ts:787:31
    785|         .set('Cookie', authCookie);
    786| 
    787|       expect(response.status).toBe(200);
       |                               ^
    788|       expect(response.body.rows).toHaveLength(25);
    789|       expect(response.body.pagination.total).toBe(100);

Î“Ã„Â»Î“Ã„Â»Î“Ã„Â»Î“Ã„Â»Î“Ã„Â»Î“Ã„Â»Î“Ã„Â»Î“Ã„Â»Î“Ã„Â»Î“Ã„Â»Î“Ã„Â»Î“Ã„Â»Î“Ã„Â»Î“Ã„Â»Î“Ã„Â»Î“Ã„Â»Î“Ã„Â»Î“Ã„Â»Î“Ã„Â»Î“Ã„Â»Î“Ã„Â»Î“Ã„Â»[17/19]Î“Ã„Â»

 FAIL  tests/integration/datavault-v4-regression.test.ts > DataVault v4 Regression Tests > Error Handling > should return user-friendly error for invalid column type
AssertionError: expected 403 to be 400 // Object.is equality

- Expected
+ Received

- 400
+ 403

 Î“Â¥Â» tests/integration/datavault-v4-regression.test.ts:807:31
    805|         });
    806| 
    807|       expect(response.status).toBe(400);
       |                               ^
    808|       expect(response.body.errors).toBeDefined();
    809|       // expect(response.body.error).toContain('Invalid column type');

Î“Ã„Â»Î“Ã„Â»Î“Ã„Â»Î“Ã„Â»Î“Ã„Â»Î“Ã„Â»Î“Ã„Â»Î“Ã„Â»Î“Ã„Â»Î“Ã„Â»Î“Ã„Â»Î“Ã„Â»Î“Ã„Â»Î“Ã„Â»Î“Ã„Â»Î“Ã„Â»Î“Ã„Â»Î“Ã„Â»Î“Ã„Â»Î“Ã„Â»Î“Ã„Â»Î“Ã„Â»[18/19]Î“Ã„Â»

 FAIL  tests/integration/datavault-v4-regression.test.ts > DataVault v4 Regression Tests > Error Handling > should return user-friendly error for missing required fields

AssertionError: expected 403 to be 400 // Object.is equality
[2m Test Files [22m [1m[31m1 failed[39m[22m[90m (1)[39m
[2m      Tests [22m [1m[31m19 failed[39m[22m[2m | [22m[1m[32m4 passed[39m[22m[90m (23)[39m
[2m   Start at [22m 12:08:17

- Expected
+ Received

- 400
+ 403

 Î“Â¥Â» tests/integration/datavault-v4-regression.test.ts:834:31
    832| 
    833|       // Improved error handling returns 400
    834|       expect(response.status).toBe(400);
       |                               ^
    835|       expect(response.body.message).toBeDefined();
    836|       expect(response.body.message).toContain('Required');

Î“Ã„Â»Î“Ã„Â»Î“Ã„Â»Î“Ã„Â»Î“Ã„Â»Î“Ã„Â»Î“Ã„Â»Î“Ã„Â»Î“Ã„Â»Î“Ã„Â»Î“Ã„Â»Î“Ã„Â»Î“Ã„Â»Î“Ã„Â»Î“Ã„Â»Î“Ã„Â»Î“Ã„Â»Î“Ã„Â»Î“Ã„Â»Î“Ã„Â»Î“Ã„Â»Î“Ã„Â»[19/19]Î“Ã„Â»

[2m   Duration [22m 19.16s

[1m[41m FAIL [49m[22m [31mTests failed. Watching for file changes...[39m
       [2mpress [22m[1mh[22m[2m to show help[22m[2m, [22m[2mpress [22m[1mq[22m[2m to quit[22m
c[3J[1m[44m RERUN [49m[22m [34m[2mserver/routes/tenant.routes.ts [22m[34mx3 [34m[39m
       [2m Filename pattern: [22m[34mtests/integration/datavault-v4-regression.test.ts[39m

[90mstdout[2m | tests/integration/datavault-v4-regression.test.ts
[22m[39m[dotenv@17.2.3] injecting env (11) from .env -- tip: â‰¡Æ’Ã¶Ã‰ prevent committing .env to code: https://dotenvx.com/precommit

{"level":40,"time":1764871754009,"env":"test","module":"auth-service","msg":"JWT_SECRET not set - falling back to SESSION_SECRET. This is acceptable for development but should be fixed for production."}
{"level":30,"time":1764871756804,"env":"test","multerImportKeys":["diskStorage","memoryStorage","MulterError"],"multerInstanceKeys":["diskStorage","memoryStorage","MulterError"],"multerInstanceType":"function","uploadKeys":["storage","limits","preservePath","fileFilter"],"uploadType":"object","uploadPrototype":{},"msg":"Debug Multer Import"}
[90mstdout[2m | tests/integration/datavault-v4-regression.test.ts
[22m[39mâ‰¡Æ’ÂºÂ¬ Setting up test environment...

{"level":30,"time":1764871760175,"env":"test","module":"file-routes","outputsDir":"C:\\Users\\scoot\\poll\\VaultLogic\\server\\files\\outputs","msg":"Secure file routes registered"}
{"level":30,"time":1764871760176,"env":"test","module":"ai-routes","msg":"AI workflow generation routes registered"}
{"level":30,"time":1764871760189,"env":"test","module":"collab-server","msg":"Initializing WebSocket collaboration server"}
{"level":40,"time":1764871760189,"env":"test","module":"collab-persistence","msg":"REDIS_URL not configured, multi-instance collab will not work"}
{"level":30,"time":1764871760189,"env":"test","module":"collab-server","msg":"WebSocket collaboration server initialized"}
{"level":30,"time":1764871760189,"env":"test","module":"routes","msg":"Real-time collaboration server initialized"}
{"level":30,"time":1764871760637,"env":"test","module":"auth","hasToken":true,"origin":"http://localhost:5000","ip":"::ffff:127.0.0.1","msg":"OAuth2 login attempt"}
{"level":30,"time":1764871760638,"env":"test","module":"auth","email":"testuser@example.com","msg":"Token verified successfully"}
{"level":30,"time":1764871760683,"env":"test","module":"auth","userId":"google-user-id","msg":"User upserted successfully"}
{"level":30,"time":1764871760778,"env":"test","module":"auth","email":"testuser@example.com","msg":"OAuth2 login successful"}
[90mstdout[2m | tests/integration/datavault-v4-regression.test.ts[2m > [22m[2mDataVault v4 Regression Tests
[22m[39mLogin Status: [33m200[39m
Login Body: {
  "message": "Authentication successful",
  "token": "eyJhbGciOiJIUzI1NiIsInR5cCI6IkpXVCJ9.eyJ1c2VySWQiOiJnb29nbGUtdXNlci1pZCIsImVtYWlsIjoidGVzdHVzZXJAZXhhbXBsZS5jb20iLCJ0ZW5hbnRJZCI6ImNlZDI4Mzc1LTU0ODUtNDc4NC05ZTQyLWU1Y2JmMGNlMWIyYiIsInJvbGUiOiJvd25lciIsImlhdCI6MTc2NDg3MTc2MCwiZXhwIjoxNzY1NDc2NTYwfQ.iBgiTH_2zWzlfyFxR8HjcIJNvdR-XUDDM6G3pRFPua0",
  "user": {
    "id": "google-user-id",
    "email": "testuser@example.com",
    "firstName": "Test",
    "lastName": "User",
    "profileImageUrl": "https://example.com/avatar.jpg",
    "tenantId": "ced28375-5485-4784-9e42-e5cbf0ce1b2b",
    "tenantRole": "owner"
  }
}

{"level":30,"time":1764871760796,"env":"test","module":"auth","hasToken":true,"origin":"http://localhost:5000","ip":"::ffff:127.0.0.1","msg":"OAuth2 login attempt"}
{"level":30,"time":1764871760797,"env":"test","module":"auth","email":"other@example.com","msg":"Token verified successfully"}
{"level":30,"time":1764871760847,"env":"test","module":"auth","userId":"other-user-id","msg":"User upserted successfully"}
{"level":30,"time":1764871760935,"env":"test","module":"auth","email":"other@example.com","msg":"OAuth2 login successful"}
{"level":50,"time":1764871761172,"env":"test","error":{},"msg":"Error creating DataVault column"}
{"level":50,"time":1764871761401,"env":"test","error":{},"msg":"Error creating DataVault column"}
{"level":50,"time":1764871761619,"env":"test","error":{},"msg":"Error creating DataVault column"}
{"level":50,"time":1764871761760,"env":"test","error":{},"msg":"Error creating DataVault row"}
[90mstdout[2m | tests/integration/datavault-v4-regression.test.ts[2m > [22m[2mDataVault v4 Regression Tests[2m > [22m[2mSelect/Multiselect Columns[2m > [22m[2mshould validate select value against options
[22m[39mRow creation error message: Access denied - write permission required

{"level":50,"time":1764871761987,"env":"test","error":{},"msg":"Error creating DataVault column"}
[90mstdout[2m | tests/integration/datavault-v4-regression.test.ts[2m > [22m[2mDataVault v4 Regression Tests[2m > [22m[2mSelect/Multiselect Columns[2m > [22m[2mshould validate multiselect values as array
[22m[39mRow creation error message: Access denied - write permission required

{"level":50,"time":1764871762121,"env":"test","error":{},"msg":"Error creating DataVault row"}
{"level":50,"time":1764871762389,"env":"test","error":{},"msg":"Error creating DataVault column"}
{"level":50,"time":1764871762610,"env":"test","error":{},"msg":"Error creating DataVault column"}
{"level":50,"time":1764871762736,"env":"test","error":{},"msg":"Error creating DataVault row"}
[90mstdout[2m | tests/integration/datavault-v4-regression.test.ts[2m > [22m[2mDataVault v4 Regression Tests[2m > [22m[2mAutonumber Columns[2m > [22m[2mshould format autonumber with prefix
[22m[39mRow creation error message: Access denied - write permission required

{"level":50,"time":1764871763044,"env":"test","error":{},"msg":"Error creating row note"}
{"level":50,"time":1764871763365,"env":"test","error":{},"msg":"Error creating row note"}
{"level":50,"time":1764871763535,"env":"test","error":{},"msg":"Error creating row note"}
{"level":50,"time":1764871763709,"env":"test","error":{},"msg":"Error fetching row notes"}
{"level":50,"time":1764871764015,"env":"test","error":{},"msg":"Error creating row note"}
{"level":50,"time":1764871764137,"env":"test","error":{"length":141,"name":"error","severity":"ERROR","code":"22P02","where":"unnamed portal parameter $1 = '...'","file":"uuid.c","line":"138","routine":"string_to_uuid"},"msg":"Error deleting row note"}
{"level":50,"time":1764871764583,"env":"test","error":{},"msg":"Error creating row note"}
{"level":50,"time":1764871764717,"env":"test","error":{"length":141,"name":"error","severity":"ERROR","code":"22P02","where":"unnamed portal parameter $1 = '...'","file":"uuid.c","line":"138","routine":"string_to_uuid"},"msg":"Error deleting row note"}
{"level":50,"time":1764871765118,"env":"test","error":{},"databaseId":"3fd8c8ec-afe1-4727-857d-fbad63797542","msg":"Error creating API token"}
{"level":50,"time":1764871765547,"env":"test","error":{},"databaseId":"334685b3-3b46-4475-b953-b2dd170ab63c","msg":"Error creating API token"}
{"level":40,"time":1764871765703,"env":"test","module":"auth-middleware","path":"/datavault/databases/e9d242f6-ded8-493b-88a7-93550f530dd2/tables","msg":"No valid authentication found"}
{"level":50,"time":1764871765945,"env":"test","error":{},"msg":"Error granting table permission"}
[90mstdout[2m | tests/integration/datavault-v4-regression.test.ts[2m > [22m[2mDataVault v4 Regression Tests[2m > [22m[2mTable Permissions[2m > [22m[2mshould grant table permission
[22m[39mGrant permission catch block entered Error: Access denied - owner permission required
    at DatavaultTablePermissionsService.requirePermission (C:/Users/scoot/poll/VaultLogic/server/services/DatavaultTablePermissionsService.ts:108:13)
[90m    at processTicksAndRejections (node:internal/process/task_queues:103:5)[39m
    at DatavaultTablePermissionsService.grantPermission (C:/Users/scoot/poll/VaultLogic/server/services/DatavaultTablePermissionsService.ts:138:5)
    at C:/Users/scoot/poll/VaultLogic/server/routes/datavault.routes.ts:1155:26

{"level":50,"time":1764871766198,"env":"test","error":{},"msg":"Error fetching table permissions"}
{"level":50,"time":1764871766443,"env":"test","error":{},"msg":"Error granting table permission"}
[90mstdout[2m | tests/integration/datavault-v4-regression.test.ts[2m > [22m[2mDataVault v4 Regression Tests[2m > [22m[2mTable Permissions[2m > [22m[2mshould update table permission role
[22m[39mGrant permission catch block entered Error: Access denied - owner permission required
    at DatavaultTablePermissionsService.requirePermission (C:/Users/scoot/poll/VaultLogic/server/services/DatavaultTablePermissionsService.ts:108:13)
[90m    at processTicksAndRejections (node:internal/process/task_queues:103:5)[39m
    at DatavaultTablePermissionsService.grantPermission (C:/Users/scoot/poll/VaultLogic/server/services/DatavaultTablePermissionsService.ts:138:5)
    at C:/Users/scoot/poll/VaultLogic/server/routes/datavault.routes.ts:1155:26

{"level":50,"time":1764871766582,"env":"test","error":{},"msg":"Error granting table permission"}
[90mstdout[2m | tests/integration/datavault-v4-regression.test.ts[2m > [22m[2mDataVault v4 Regression Tests[2m > [22m[2mTable Permissions[2m > [22m[2mshould update table permission role
[22m[39mGrant permission catch block entered Error: Access denied - owner permission required
    at DatavaultTablePermissionsService.requirePermission (C:/Users/scoot/poll/VaultLogic/server/services/DatavaultTablePermissionsService.ts:108:13)
[90m    at processTicksAndRejections (node:internal/process/task_queues:103:5)[39m
    at DatavaultTablePermissionsService.grantPermission (C:/Users/scoot/poll/VaultLogic/server/services/DatavaultTablePermissionsService.ts:138:5)
    at C:/Users/scoot/poll/VaultLogic/server/routes/datavault.routes.ts:1155:26

[90mstdout[2m | tests/integration/datavault-v4-regression.test.ts[2m > [22m[2mDataVault v4 Regression Tests[2m > [22m[2mTable Permissions[2m > [22m[2mshould update table permission role
[22m[39mUpdate permission failed: { message: [32m'Access denied - owner permission required'[39m }

{"level":50,"time":1764871766834,"env":"test","error":{},"msg":"Error granting table permission"}
[90mstdout[2m | tests/integration/datavault-v4-regression.test.ts[2m > [22m[2mDataVault v4 Regression Tests[2m > [22m[2mTable Permissions[2m > [22m[2mshould revoke table permission
[22m[39mGrant permission catch block entered Error: Access denied - owner permission required
    at DatavaultTablePermissionsService.requirePermission (C:/Users/scoot/poll/VaultLogic/server/services/DatavaultTablePermissionsService.ts:108:13)
[90m    at processTicksAndRejections (node:internal/process/task_queues:103:5)[39m
    at DatavaultTablePermissionsService.grantPermission (C:/Users/scoot/poll/VaultLogic/server/services/DatavaultTablePermissionsService.ts:138:5)
    at C:/Users/scoot/poll/VaultLogic/server/routes/datavault.routes.ts:1155:26

[90mstdout[2m | tests/integration/datavault-v4-regression.test.ts[2m > [22m[2mDataVault v4 Regression Tests[2m > [22m[2mTable Permissions[2m > [22m[2mshould revoke table permission
[22m[39mrevokePermission called for permission: undefined

{"level":50,"time":1764871766985,"env":"test","error":{},"msg":"Error revoking table permission"}
{"level":50,"time":1764871767212,"env":"test","error":{},"msg":"Error granting table permission"}
[90mstdout[2m | tests/integration/datavault-v4-regression.test.ts[2m > [22m[2mDataVault v4 Regression Tests[2m > [22m[2mTable Permissions[2m > [22m[2mshould enforce RBAC - only owners can manage permissions
[22m[39mGrant permission catch block entered Error: Access denied - owner permission required
    at DatavaultTablePermissionsService.requirePermission (C:/Users/scoot/poll/VaultLogic/server/services/DatavaultTablePermissionsService.ts:108:13)
[90m    at processTicksAndRejections (node:internal/process/task_queues:103:5)[39m
    at DatavaultTablePermissionsService.grantPermission (C:/Users/scoot/poll/VaultLogic/server/services/DatavaultTablePermissionsService.ts:138:5)
    at C:/Users/scoot/poll/VaultLogic/server/routes/datavault.routes.ts:1155:26

{"level":50,"time":1764871768086,"env":"test","error":{},"msg":"Error fetching DataVault rows"}
{"level":50,"time":1764871768322,"env":"test","error":{},"msg":"Error creating DataVault column"}
{"level":50,"time":1764871768564,"env":"test","error":{},"msg":"Error creating DataVault column"}
{"level":50,"time":1764871768707,"env":"test","error":{},"msg":"Error creating DataVault row"}
[90mstdout[2m | tests/integration/datavault-v4-regression.test.ts[2m > [22m[2mDataVault v4 Regression Tests[2m > [22m[2mError Handling[2m > [22m[2mshould return user-friendly error for missing required fields
[22m[39mRow creation error message: Access denied - write permission required

{"level":50,"time":1764871768946,"env":"test","error":{"length":144,"name":"error","severity":"ERROR","code":"22P02","where":"unnamed portal parameter $1 = '...'","file":"uuid.c","line":"138","routine":"string_to_uuid"},"msg":"Error fetching DataVault rows"}
[90mstdout[2m | tests/integration/datavault-v4-regression.test.ts
[22m[39mâ‰¡Æ’Âºâ•£ Cleaning up test environment...

 [31mÎ“Â¥Â»[39m tests/integration/datavault-v4-regression.test.ts [2m([22m[2m23 tests[22m[2m | [22m[31m19 failed[39m[2m)[22m[33m 8823[2mms[22m[39m
[31m       [31mâ”œÃ¹[31m should create a select column with options[39m[32m 246[2mms[22m[39m
[31m       [31mâ”œÃ¹[31m should create a multiselect column with options[39m[32m 224[2mms[22m[39m
[31m       [31mâ”œÃ¹[31m should validate select value against options[39m[33m 357[2mms[22m[39m
[31m       [31mâ”œÃ¹[31m should validate multiselect values as array[39m[33m 360[2mms[22m[39m
[31m       [31mâ”œÃ¹[31m should create an autonumber column with sequence[39m[32m 267[2mms[22m[39m
[31m       [31mâ”œÃ¹[31m should format autonumber with prefix[39m[33m 346[2mms[22m[39m
[31m       [31mâ”œÃ¹[31m should create a note for a row[39m[33m 308[2mms[22m[39m
[31m       [31mâ”œÃ¹[31m should get all notes for a row[39m[33m 667[2mms[22m[39m
[31m       [31mâ”œÃ¹[31m should delete a note[39m[33m 427[2mms[22m[39m
[31m       [31mâ”œÃ¹[31m should not allow deleting notes by other users[39m[33m 579[2mms[22m[39m
[31m       [31mâ”œÃ¹[31m should create an API token[39m[33m 400[2mms[22m[39m
       [32mÎ“Â£Ã´[39m should validate API token scopes[32m 193[2mms[22m[39m
[31m       [31mâ”œÃ¹[31m should revoke (delete) an API token[39m[32m 236[2mms[22m[39m
       [32mÎ“Â£Ã´[39m should deny access with expired token[32m 156[2mms[22m[39m
[31m       [31mâ”œÃ¹[31m should grant table permission[39m[32m 243[2mms[22m[39m
[31m       [31mâ”œÃ¹[31m should list table permissions[39m[32m 253[2mms[22m[39m
[31m       [31mâ”œÃ¹[31m should update table permission role[39m[33m 385[2mms[22m[39m
[31m       [31mâ”œÃ¹[31m should revoke table permission[39m[33m 401[2mms[22m[39m
       [32mÎ“Â£Ã´[39m should enforce RBAC - only owners can manage permissions[32m 229[2mms[22m[39m
[31m       [31mâ”œÃ¹[31m should paginate rows efficiently[39m[33m 873[2mms[22m[39m
[31m       [31mâ”œÃ¹[31m should return user-friendly error for invalid column type[39m[32m 236[2mms[22m[39m
[31m       [31mâ”œÃ¹[31m should return user-friendly error for missing required fields[39m[33m 387[2mms[22m[39m
       [32mÎ“Â£Ã´[39m should handle network errors gracefully[32m 238[2mms[22m[39m

Î“Ã„Â»Î“Ã„Â»Î“Ã„Â»Î“Ã„Â»Î“Ã„Â»Î“Ã„Â» Failed Tests 19 Î“Ã„Â»Î“Ã„Â»Î“Ã„Â»Î“Ã„Â»Î“Ã„Â»Î“Ã„Â»Î“Ã„Â»

 FAIL  tests/integration/datavault-v4-regression.test.ts > DataVault v4 Regression Tests > Select/Multiselect Columns > should create a select column with options
AssertionError: expected 403 to be 201 // Object.is equality

- Expected
+ Received

- 201
+ 403

 Î“Â¥Â» tests/integration/datavault-v4-regression.test.ts:298:31
    296|         });
    297| 
    298|       expect(response.status).toBe(201);
       |                               ^
    299|       expect(response.body).toBeDefined();
    300|       expect(response.body.type).toBe('select');

Î“Ã„Â»Î“Ã„Â»Î“Ã„Â»Î“Ã„Â»Î“Ã„Â»Î“Ã„Â»Î“Ã„Â»Î“Ã„Â»Î“Ã„Â»Î“Ã„Â»Î“Ã„Â»Î“Ã„Â»Î“Ã„Â»Î“Ã„Â»Î“Ã„Â»Î“Ã„Â»Î“Ã„Â»Î“Ã„Â»Î“Ã„Â»Î“Ã„Â»Î“Ã„Â»Î“Ã„Â»Î“Ã„Â»[1/19]Î“Ã„Â»

 FAIL  tests/integration/datavault-v4-regression.test.ts > DataVault v4 Regression Tests > Select/Multiselect Columns > should create a multiselect column with options
AssertionError: expected 403 to be 201 // Object.is equality

- Expected
+ Received

- 201
+ 403

 Î“Â¥Â» tests/integration/datavault-v4-regression.test.ts:321:31
    319|         });
    320| 
    321|       expect(response.status).toBe(201);
       |                               ^
    322|       expect(response.body).toBeDefined();
    323|       expect(response.body.type).toBe('multiselect');

Î“Ã„Â»Î“Ã„Â»Î“Ã„Â»Î“Ã„Â»Î“Ã„Â»Î“Ã„Â»Î“Ã„Â»Î“Ã„Â»Î“Ã„Â»Î“Ã„Â»Î“Ã„Â»Î“Ã„Â»Î“Ã„Â»Î“Ã„Â»Î“Ã„Â»Î“Ã„Â»Î“Ã„Â»Î“Ã„Â»Î“Ã„Â»Î“Ã„Â»Î“Ã„Â»Î“Ã„Â»Î“Ã„Â»[2/19]Î“Ã„Â»

 FAIL  tests/integration/datavault-v4-regression.test.ts > DataVault v4 Regression Tests > Select/Multiselect Columns > should validate select value against options
AssertionError: expected 403 to be 201 // Object.is equality

- Expected
+ Received

- 201
+ 403

 Î“Â¥Â» tests/integration/datavault-v4-regression.test.ts:356:36
    354|         });
    355| 
    356|       expect(validResponse.status).toBe(201);
       |                                    ^
    357| 
    358|       // Create row with invalid value should fail

Î“Ã„Â»Î“Ã„Â»Î“Ã„Â»Î“Ã„Â»Î“Ã„Â»Î“Ã„Â»Î“Ã„Â»Î“Ã„Â»Î“Ã„Â»Î“Ã„Â»Î“Ã„Â»Î“Ã„Â»Î“Ã„Â»Î“Ã„Â»Î“Ã„Â»Î“Ã„Â»Î“Ã„Â»Î“Ã„Â»Î“Ã„Â»Î“Ã„Â»Î“Ã„Â»Î“Ã„Â»Î“Ã„Â»[3/19]Î“Ã„Â»

 FAIL  tests/integration/datavault-v4-regression.test.ts > DataVault v4 Regression Tests > Select/Multiselect Columns > should validate multiselect values as array
AssertionError: expected 403 to be 201 // Object.is equality

- Expected
+ Received

- 201
+ 403

 Î“Â¥Â» tests/integration/datavault-v4-regression.test.ts:401:36
    399|         });
    400| 
    401|       expect(validResponse.status).toBe(201);
       |                                    ^
    402|       expect(validResponse.body.values[testColumnId]).toEqual(['urgentÎ“Ã‡Âª
    403|     });

Î“Ã„Â»Î“Ã„Â»Î“Ã„Â»Î“Ã„Â»Î“Ã„Â»Î“Ã„Â»Î“Ã„Â»Î“Ã„Â»Î“Ã„Â»Î“Ã„Â»Î“Ã„Â»Î“Ã„Â»Î“Ã„Â»Î“Ã„Â»Î“Ã„Â»Î“Ã„Â»Î“Ã„Â»Î“Ã„Â»Î“Ã„Â»Î“Ã„Â»Î“Ã„Â»Î“Ã„Â»Î“Ã„Â»[4/19]Î“Ã„Â»

 FAIL  tests/integration/datavault-v4-regression.test.ts > DataVault v4 Regression Tests > Autonumber Columns > should create an autonumber column with sequence
AssertionError: expected 403 to be 201 // Object.is equality

- Expected
+ Received

- 201
+ 403

 Î“Â¥Â» tests/integration/datavault-v4-regression.test.ts:421:31
    419|         });
    420| 
    421|       expect(response.status).toBe(201);
       |                               ^
    422|       expect(response.body).toBeDefined();
    423|       expect(response.body.type).toBe('autonumber');

Î“Ã„Â»Î“Ã„Â»Î“Ã„Â»Î“Ã„Â»Î“Ã„Â»Î“Ã„Â»Î“Ã„Â»Î“Ã„Â»Î“Ã„Â»Î“Ã„Â»Î“Ã„Â»Î“Ã„Â»Î“Ã„Â»Î“Ã„Â»Î“Ã„Â»Î“Ã„Â»Î“Ã„Â»Î“Ã„Â»Î“Ã„Â»Î“Ã„Â»Î“Ã„Â»Î“Ã„Â»Î“Ã„Â»[5/19]Î“Ã„Â»

 FAIL  tests/integration/datavault-v4-regression.test.ts > DataVault v4 Regression Tests > Autonumber Columns > should format autonumber with prefix
AssertionError: expected 403 to be 201 // Object.is equality

- Expected
+ Received

- 201
+ 403

 Î“Â¥Â» tests/integration/datavault-v4-regression.test.ts:455:34
    453|         .send({ values: {} });
    454| 
    455|       expect(rowResponse.status).toBe(201);
       |                                  ^
    456|       // Check if formatted value is stored or displayed
    457|       // This depends on implementation - adjust as needed

Î“Ã„Â»Î“Ã„Â»Î“Ã„Â»Î“Ã„Â»Î“Ã„Â»Î“Ã„Â»Î“Ã„Â»Î“Ã„Â»Î“Ã„Â»Î“Ã„Â»Î“Ã„Â»Î“Ã„Â»Î“Ã„Â»Î“Ã„Â»Î“Ã„Â»Î“Ã„Â»Î“Ã„Â»Î“Ã„Â»Î“Ã„Â»Î“Ã„Â»Î“Ã„Â»Î“Ã„Â»Î“Ã„Â»[6/19]Î“Ã„Â»

 FAIL  tests/integration/datavault-v4-regression.test.ts > DataVault v4 Regression Tests > Row Notes > should create a note for a row
AssertionError: expected 403 to be 201 // Object.is equality

- Expected
+ Received

- 201
+ 403

 Î“Â¥Â» tests/integration/datavault-v4-regression.test.ts:481:31
    479|         });
    480| 
    481|       expect(response.status).toBe(201);
       |                               ^
    482|       expect(response.body).toBeDefined();
    483|       expect(response.body.text).toBe('This is a test note');

Î“Ã„Â»Î“Ã„Â»Î“Ã„Â»Î“Ã„Â»Î“Ã„Â»Î“Ã„Â»Î“Ã„Â»Î“Ã„Â»Î“Ã„Â»Î“Ã„Â»Î“Ã„Â»Î“Ã„Â»Î“Ã„Â»Î“Ã„Â»Î“Ã„Â»Î“Ã„Â»Î“Ã„Â»Î“Ã„Â»Î“Ã„Â»Î“Ã„Â»Î“Ã„Â»Î“Ã„Â»Î“Ã„Â»[7/19]Î“Ã„Â»

 FAIL  tests/integration/datavault-v4-regression.test.ts > DataVault v4 Regression Tests > Row Notes > should get all notes for a row
AssertionError: expected 403 to be 200 // Object.is equality

- Expected
+ Received

- 200
+ 403

 Î“Â¥Â» tests/integration/datavault-v4-regression.test.ts:507:31
    505|         .set('Cookie', authCookie);
    506| 
    507|       expect(response.status).toBe(200);
       |                               ^
    508|       expect(response.body).toHaveLength(2);
    509|     });

Î“Ã„Â»Î“Ã„Â»Î“Ã„Â»Î“Ã„Â»Î“Ã„Â»Î“Ã„Â»Î“Ã„Â»Î“Ã„Â»Î“Ã„Â»Î“Ã„Â»Î“Ã„Â»Î“Ã„Â»Î“Ã„Â»Î“Ã„Â»Î“Ã„Â»Î“Ã„Â»Î“Ã„Â»Î“Ã„Â»Î“Ã„Â»Î“Ã„Â»Î“Ã„Â»Î“Ã„Â»Î“Ã„Â»[8/19]Î“Ã„Â»

 FAIL  tests/integration/datavault-v4-regression.test.ts > DataVault v4 Regression Tests > Row Notes > should delete a note
AssertionError: expected 500 to be 200 // Object.is equality

- Expected
+ Received

- 200
+ 500

 Î“Â¥Â» tests/integration/datavault-v4-regression.test.ts:527:37
    525|         .set('Cookie', authCookie);
    526| 
    527|       expect(deleteResponse.status).toBe(200);
       |                                     ^
    528| 
    529|       // Verify note is deleted

Î“Ã„Â»Î“Ã„Â»Î“Ã„Â»Î“Ã„Â»Î“Ã„Â»Î“Ã„Â»Î“Ã„Â»Î“Ã„Â»Î“Ã„Â»Î“Ã„Â»Î“Ã„Â»Î“Ã„Â»Î“Ã„Â»Î“Ã„Â»Î“Ã„Â»Î“Ã„Â»Î“Ã„Â»Î“Ã„Â»Î“Ã„Â»Î“Ã„Â»Î“Ã„Â»Î“Ã„Â»Î“Ã„Â»[9/19]Î“Ã„Â»

 FAIL  tests/integration/datavault-v4-regression.test.ts > DataVault v4 Regression Tests > Row Notes > should not allow deleting notes by other users
AssertionError: expected 500 to be 403 // Object.is equality

- Expected
+ Received

- 403
+ 500

 Î“Â¥Â» tests/integration/datavault-v4-regression.test.ts:554:37
    552|         .set('Cookie', otherUserCookie);
    553| 
    554|       expect(deleteResponse.status).toBe(403);
       |                                     ^
    555|     });
    556|   });

Î“Ã„Â»Î“Ã„Â»Î“Ã„Â»Î“Ã„Â»Î“Ã„Â»Î“Ã„Â»Î“Ã„Â»Î“Ã„Â»Î“Ã„Â»Î“Ã„Â»Î“Ã„Â»Î“Ã„Â»Î“Ã„Â»Î“Ã„Â»Î“Ã„Â»Î“Ã„Â»Î“Ã„Â»Î“Ã„Â»Î“Ã„Â»Î“Ã„Â»Î“Ã„Â»Î“Ã„Â»[10/19]Î“Ã„Â»

 FAIL  tests/integration/datavault-v4-regression.test.ts > DataVault v4 Regression Tests > API Tokens > should create an API token
AssertionError: expected 403 to be 201 // Object.is equality

- Expected
+ Received

- 201
+ 403

 Î“Â¥Â» tests/integration/datavault-v4-regression.test.ts:574:31
    572|       // Assuming DB exists (created in beforeAll).
    573|       // If 404 persists, we might need to debug route registration.
    574|       expect(response.status).toBe(201);
       |                               ^
    575|       expect(response.body).toBeDefined();
    576|       // plainToken is not returned in the object, it might be separatÎ“Ã‡Âª

Î“Ã„Â»Î“Ã„Â»Î“Ã„Â»Î“Ã„Â»Î“Ã„Â»Î“Ã„Â»Î“Ã„Â»Î“Ã„Â»Î“Ã„Â»Î“Ã„Â»Î“Ã„Â»Î“Ã„Â»Î“Ã„Â»Î“Ã„Â»Î“Ã„Â»Î“Ã„Â»Î“Ã„Â»Î“Ã„Â»Î“Ã„Â»Î“Ã„Â»Î“Ã„Â»Î“Ã„Â»[11/19]Î“Ã„Â»

 FAIL  tests/integration/datavault-v4-regression.test.ts > DataVault v4 Regression Tests > API Tokens > should revoke (delete) an API token
TypeError: Cannot read properties of undefined (reading 'id')
 Î“Â¥Â» tests/integration/datavault-v4-regression.test.ts:608:49
    606|         });
    607| 
    608|       const tokenId = createResponse.body.token.id;
       |                                                 ^
    609| 
    610|       // Revoke token

Î“Ã„Â»Î“Ã„Â»Î“Ã„Â»Î“Ã„Â»Î“Ã„Â»Î“Ã„Â»Î“Ã„Â»Î“Ã„Â»Î“Ã„Â»Î“Ã„Â»Î“Ã„Â»Î“Ã„Â»Î“Ã„Â»Î“Ã„Â»Î“Ã„Â»Î“Ã„Â»Î“Ã„Â»Î“Ã„Â»Î“Ã„Â»Î“Ã„Â»Î“Ã„Â»Î“Ã„Â»[12/19]Î“Ã„Â»

 FAIL  tests/integration/datavault-v4-regression.test.ts > DataVault v4 Regression Tests > Table Permissions > should grant table permission
AssertionError: expected 403 to be 201 // Object.is equality

- Expected
+ Received

- 201
+ 403

 Î“Â¥Â» tests/integration/datavault-v4-regression.test.ts:668:31
    666|         });
    667| 
    668|       expect(response.status).toBe(201);
       |                               ^
    669|       expect(response.body).toBeDefined();
    670|       expect(response.body.role).toBe('read');

Î“Ã„Â»Î“Ã„Â»Î“Ã„Â»Î“Ã„Â»Î“Ã„Â»Î“Ã„Â»Î“Ã„Â»Î“Ã„Â»Î“Ã„Â»Î“Ã„Â»Î“Ã„Â»Î“Ã„Â»Î“Ã„Â»Î“Ã„Â»Î“Ã„Â»Î“Ã„Â»Î“Ã„Â»Î“Ã„Â»Î“Ã„Â»Î“Ã„Â»Î“Ã„Â»Î“Ã„Â»[13/19]Î“Ã„Â»

 FAIL  tests/integration/datavault-v4-regression.test.ts > DataVault v4 Regression Tests > Table Permissions > should list table permissions
AssertionError: expected 403 to be 200 // Object.is equality

- Expected
+ Received

- 200
+ 403

 Î“Â¥Â» tests/integration/datavault-v4-regression.test.ts:680:31
    678|         .set('Cookie', authCookie);
    679| 
    680|       expect(response.status).toBe(200);
       |                               ^
    681|       expect(response.body).toBeDefined();
    682|       expect(Array.isArray(response.body)).toBe(true);

Î“Ã„Â»Î“Ã„Â»Î“Ã„Â»Î“Ã„Â»Î“Ã„Â»Î“Ã„Â»Î“Ã„Â»Î“Ã„Â»Î“Ã„Â»Î“Ã„Â»Î“Ã„Â»Î“Ã„Â»Î“Ã„Â»Î“Ã„Â»Î“Ã„Â»Î“Ã„Â»Î“Ã„Â»Î“Ã„Â»Î“Ã„Â»Î“Ã„Â»Î“Ã„Â»Î“Ã„Â»[14/19]Î“Ã„Â»

 FAIL  tests/integration/datavault-v4-regression.test.ts > DataVault v4 Regression Tests > Table Permissions > should update table permission role
AssertionError: expected 403 to be 201 // Object.is equality

- Expected
+ Received

- 201
+ 403

 Î“Â¥Â» tests/integration/datavault-v4-regression.test.ts:713:37
    711|         console.log('Update permission failed:', updateResponse.body);
    712|       }
    713|       expect(updateResponse.status).toBe(201);
       |                                     ^
    714|       expect(updateResponse.body.role).toBe('write');
    715|     });

Î“Ã„Â»Î“Ã„Â»Î“Ã„Â»Î“Ã„Â»Î“Ã„Â»Î“Ã„Â»Î“Ã„Â»Î“Ã„Â»Î“Ã„Â»Î“Ã„Â»Î“Ã„Â»Î“Ã„Â»Î“Ã„Â»Î“Ã„Â»Î“Ã„Â»Î“Ã„Â»Î“Ã„Â»Î“Ã„Â»Î“Ã„Â»Î“Ã„Â»Î“Ã„Â»Î“Ã„Â»[15/19]Î“Ã„Â»

 FAIL  tests/integration/datavault-v4-regression.test.ts > DataVault v4 Regression Tests > Table Permissions > should revoke table permission
AssertionError: expected 403 to be 200 // Object.is equality

- Expected
+ Received

- 200
+ 403

 Î“Â¥Â» tests/integration/datavault-v4-regression.test.ts:739:37
    737| 
    738|       // Revoke returns 200 with message
    739|       expect(revokeResponse.status).toBe(200);
       |                                     ^
    740| 
    741|       // Verify permission is deleted

Î“Ã„Â»Î“Ã„Â»Î“Ã„Â»Î“Ã„Â»Î“Ã„Â»Î“Ã„Â»Î“Ã„Â»Î“Ã„Â»Î“Ã„Â»Î“Ã„Â»Î“Ã„Â»Î“Ã„Â»Î“Ã„Â»Î“Ã„Â»Î“Ã„Â»Î“Ã„Â»Î“Ã„Â»Î“Ã„Â»Î“Ã„Â»Î“Ã„Â»Î“Ã„Â»Î“Ã„Â»[16/19]Î“Ã„Â»

 FAIL  tests/integration/datavault-v4-regression.test.ts > DataVault v4 Regression Tests > Grid Performance > should paginate rows efficiently
AssertionError: expected 403 to be 200 // Object.is equality

- Expected
+ Received

- 200
+ 403

 Î“Â¥Â» tests/integration/datavault-v4-regression.test.ts:787:31
    785|         .set('Cookie', authCookie);
    786| 
    787|       expect(response.status).toBe(200);
       |                               ^
    788|       expect(response.body.rows).toHaveLength(25);
    789|       expect(response.body.pagination.total).toBe(100);

Î“Ã„Â»Î“Ã„Â»Î“Ã„Â»Î“Ã„Â»Î“Ã„Â»Î“Ã„Â»Î“Ã„Â»Î“Ã„Â»Î“Ã„Â»Î“Ã„Â»Î“Ã„Â»Î“Ã„Â»Î“Ã„Â»Î“Ã„Â»Î“Ã„Â»Î“Ã„Â»Î“Ã„Â»Î“Ã„Â»Î“Ã„Â»Î“Ã„Â»Î“Ã„Â»Î“Ã„Â»[17/19]Î“Ã„Â»

 FAIL  tests/integration/datavault-v4-regression.test.ts > DataVault v4 Regression Tests > Error Handling > should return user-friendly error for invalid column type
AssertionError: expected 403 to be 400 // Object.is equality

- Expected
+ Received

- 400
+ 403

 Î“Â¥Â» tests/integration/datavault-v4-regression.test.ts:807:31
    805|         });
    806| 
    807|       expect(response.status).toBe(400);
       |                               ^
    808|       expect(response.body.errors).toBeDefined();
    809|       // expect(response.body.error).toContain('Invalid column type');

Î“Ã„Â»Î“Ã„Â»Î“Ã„Â»Î“Ã„Â»Î“Ã„Â»Î“Ã„Â»Î“Ã„Â»Î“Ã„Â»Î“Ã„Â»Î“Ã„Â»Î“Ã„Â»Î“Ã„Â»Î“Ã„Â»Î“Ã„Â»Î“Ã„Â»Î“Ã„Â»Î“Ã„Â»Î“Ã„Â»Î“Ã„Â»Î“Ã„Â»Î“Ã„Â»Î“Ã„Â»[18/19]Î“Ã„Â»

 FAIL  tests/integration/datavault-v4-regression.test.ts > DataVault v4 Regression Tests > Error Handling > should return user-friendly error for missing required fields
AssertionError: expected 403 to be 400 // Object.is equality

- Expected
+ Received

- 400
+ 403

 Î“Â¥Â» tests/integration/datavault-v4-regression.test.ts:834:31

    832| 
    833|       // Improved error handling returns 400
    834|       expect(response.status).toBe(400);
       |                               ^
    835|       expect(response.body.message).toBeDefined();
    836|       expect(response.body.message).toContain('Required');

Î“Ã„Â»Î“Ã„Â»Î“Ã„Â»Î“Ã„Â»Î“Ã„Â»Î“Ã„Â»Î“Ã„Â»Î“Ã„Â»Î“Ã„Â»Î“Ã„Â»Î“Ã„Â»Î“Ã„Â»Î“Ã„Â»Î“Ã„Â»Î“Ã„Â»Î“Ã„Â»Î“Ã„Â»Î“Ã„Â»Î“Ã„Â»Î“Ã„Â»Î“Ã„Â»Î“Ã„Â»[19/19]Î“Ã„Â»

[2m Test Files [22m [1m[31m1 failed[39m[22m[90m (1)[39m
[2m      Tests [22m [1m[31m19 failed[39m[22m[2m | [22m[1m[32m4 passed[39m[22m[90m (23)[39m
[2m   Start at [22m 12:09:08
[2m   Duration [22m 19.08s

[1m[41m FAIL [49m[22m [31mTests failed. Watching for file changes...[39m
       [2mpress [22m[1mh[22m[2m to show help[22m[2m, [22m[2mpress [22m[1mq[22m[2m to quit[22m
c[3J[1m[44m RERUN [49m[22m [34m[2mtests/setup.ts [22m[34mx4 [34m[39m
       [2m Filename pattern: [22m[34mtests/integration/datavault-v4-regression.test.ts[39m

[90mstdout[2m | tests/integration/datavault-v4-regression.test.ts
[22m[39m[dotenv@17.2.3] injecting env (13) from .env -- tip: â‰¡Æ’Ã¦Ã‘ sync secrets across teammates & machines: https://dotenvx.com/ops

{"level":40,"time":1764873688620,"env":"test","module":"auth-service","msg":"JWT_SECRET not set - falling back to SESSION_SECRET. This is acceptable for development but should be fixed for production."}
{"level":30,"time":1764873691784,"env":"test","multerImportKeys":["diskStorage","memoryStorage","MulterError"],"multerInstanceKeys":["diskStorage","memoryStorage","MulterError"],"multerInstanceType":"function","uploadKeys":["storage","limits","preservePath","fileFilter"],"uploadType":"object","uploadPrototype":{},"msg":"Debug Multer Import"}
[90mstdout[2m | tests/integration/datavault-v4-regression.test.ts
[22m[39mâ‰¡Æ’ÂºÂ¬ Setting up test environment...

[90mstdout[2m | tests/integration/datavault-v4-regression.test.ts
[22m[39mÎ“Â£Ã  Database initialized for tests

{"level":30,"time":1764873696895,"env":"test","module":"file-routes","outputsDir":"C:\\Users\\scoot\\poll\\VaultLogic\\server\\files\\outputs","msg":"Secure file routes registered"}
{"level":30,"time":1764873696896,"env":"test","module":"ai-routes","msg":"AI workflow generation routes registered"}
{"level":30,"time":1764873696909,"env":"test","module":"collab-server","msg":"Initializing WebSocket collaboration server"}
{"level":40,"time":1764873696909,"env":"test","module":"collab-persistence","msg":"REDIS_URL not configured, multi-instance collab will not work"}
{"level":30,"time":1764873696910,"env":"test","module":"collab-server","msg":"WebSocket collaboration server initialized"}
{"level":30,"time":1764873696910,"env":"test","module":"routes","msg":"Real-time collaboration server initialized"}
{"level":30,"time":1764873697517,"env":"test","module":"auth","hasToken":true,"origin":"http://localhost:5000","ip":"::ffff:127.0.0.1","msg":"OAuth2 login attempt"}
{"level":30,"time":1764873697518,"env":"test","module":"auth","email":"testuser@example.com","msg":"Token verified successfully"}
{"level":30,"time":1764873697568,"env":"test","module":"auth","userId":"google-user-id","msg":"User upserted successfully"}
{"level":30,"time":1764873697683,"env":"test","module":"auth","email":"testuser@example.com","msg":"OAuth2 login successful"}
[90mstdout[2m | tests/integration/datavault-v4-regression.test.ts[2m > [22m[2mDataVault v4 Regression Tests
[22m[39mLogin Status: [33m200[39m
Login Body: {
  "message": "Authentication successful",
  "token": "eyJhbGciOiJIUzI1NiIsInR5cCI6IkpXVCJ9.eyJ1c2VySWQiOiJnb29nbGUtdXNlci1pZCIsImVtYWlsIjoidGVzdHVzZXJAZXhhbXBsZS5jb20iLCJ0ZW5hbnRJZCI6IjdiMzIzNmQyLTdiYWYtNGNkZS1iZTJkLWI2NmNjODk2NTA1YyIsInJvbGUiOiJvd25lciIsImlhdCI6MTc2NDg3MzY5NywiZXhwIjoxNzY1NDc4NDk3fQ.ePn_M_AbIliNUE-j9kdIPNi5-XCvV_LyHw4X6nIoJTk",
  "user": {
    "id": "google-user-id",
    "email": "testuser@example.com",
    "firstName": "Test",
    "lastName": "User",
    "profileImageUrl": "https://example.com/avatar.jpg",
    "tenantId": "7b3236d2-7baf-4cde-be2d-b66cc896505c",
    "tenantRole": "owner"
  }
}

{"level":30,"time":1764873697698,"env":"test","module":"auth","hasToken":true,"origin":"http://localhost:5000","ip":"::ffff:127.0.0.1","msg":"OAuth2 login attempt"}
{"level":30,"time":1764873697699,"env":"test","module":"auth","email":"other@example.com","msg":"Token verified successfully"}
{"level":30,"time":1764873697744,"env":"test","module":"auth","userId":"other-user-id","msg":"User upserted successfully"}
{"level":30,"time":1764873697854,"env":"test","module":"auth","email":"other@example.com","msg":"OAuth2 login successful"}
{"level":50,"time":1764873698154,"env":"test","error":{},"msg":"Error creating DataVault column"}
{"level":50,"time":1764873698423,"env":"test","error":{},"msg":"Error creating DataVault column"}
{"level":50,"time":1764873698672,"env":"test","error":{},"msg":"Error creating DataVault column"}
{"level":50,"time":1764873698820,"env":"test","error":{},"msg":"Error creating DataVault row"}
[90mstdout[2m | tests/integration/datavault-v4-regression.test.ts[2m > [22m[2mDataVault v4 Regression Tests[2m > [22m[2mSelect/Multiselect Columns[2m > [22m[2mshould validate select value against options
[22m[39mRow creation error message: Access denied - write permission required

{"level":50,"time":1764873699068,"env":"test","error":{},"msg":"Error creating DataVault column"}
{"level":50,"time":1764873699218,"env":"test","error":{},"msg":"Error creating DataVault row"}
[90mstdout[2m | tests/integration/datavault-v4-regression.test.ts[2m > [22m[2mDataVault v4 Regression Tests[2m > [22m[2mSelect/Multiselect Columns[2m > [22m[2mshould validate multiselect values as array
[22m[39mRow creation error message: Access denied - write permission required

{"level":50,"time":1764873699460,"env":"test","error":{},"msg":"Error creating DataVault column"}
{"level":50,"time":1764873699710,"env":"test","error":{},"msg":"Error creating DataVault column"}
{"level":50,"time":1764873699863,"env":"test","error":{},"msg":"Error creating DataVault row"}
[90mstdout[2m | tests/integration/datavault-v4-regression.test.ts[2m > [22m[2mDataVault v4 Regression Tests[2m > [22m[2mAutonumber Columns[2m > [22m[2mshould format autonumber with prefix
[22m[39mRow creation error message: Access denied - write permission required

{"level":50,"time":1764873700258,"env":"test","error":{},"msg":"Error creating row note"}
{"level":50,"time":1764873700605,"env":"test","error":{},"msg":"Error creating row note"}
{"level":50,"time":1764873700788,"env":"test","error":{},"msg":"Error creating row note"}
{"level":50,"time":1764873700984,"env":"test","error":{},"msg":"Error fetching row notes"}
{"level":50,"time":1764873701319,"env":"test","error":{},"msg":"Error creating row note"}
{"level":50,"time":1764873701456,"env":"test","error":{"length":141,"name":"error","severity":"ERROR","code":"22P02","where":"unnamed portal parameter $1 = '...'","file":"uuid.c","line":"138","routine":"string_to_uuid"},"msg":"Error deleting row note"}
{"level":50,"time":1764873701908,"env":"test","error":{},"msg":"Error creating row note"}
{"level":50,"time":1764873702058,"env":"test","error":{"length":141,"name":"error","severity":"ERROR","code":"22P02","where":"unnamed portal parameter $1 = '...'","file":"uuid.c","line":"138","routine":"string_to_uuid"},"msg":"Error deleting row note"}
{"level":50,"time":1764873702431,"env":"test","error":{},"databaseId":"a4583ada-3c95-41d8-82b4-b8334031fa77","msg":"Error creating API token"}
{"level":50,"time":1764873702844,"env":"test","error":{},"databaseId":"817d7dc0-cd2e-4762-b917-6fa23bd5cf8f","msg":"Error creating API token"}
{"level":40,"time":1764873702997,"env":"test","module":"auth-middleware","path":"/datavault/databases/203e43a9-260a-4812-8f5c-71a1e032d756/tables","msg":"No valid authentication found"}
{"level":50,"time":1764873703230,"env":"test","error":{},"msg":"Error granting table permission"}
[90mstdout[2m | tests/integration/datavault-v4-regression.test.ts[2m > [22m[2mDataVault v4 Regression Tests[2m > [22m[2mTable Permissions[2m > [22m[2mshould grant table permission
[22m[39mGrant permission catch block entered Error: Access denied - owner permission required
    at DatavaultTablePermissionsService.requirePermission (C:/Users/scoot/poll/VaultLogic/server/services/DatavaultTablePermissionsService.ts:108:13)
[90m    at processTicksAndRejections (node:internal/process/task_queues:103:5)[39m
    at DatavaultTablePermissionsService.grantPermission (C:/Users/scoot/poll/VaultLogic/server/services/DatavaultTablePermissionsService.ts:138:5)
    at C:/Users/scoot/poll/VaultLogic/server/routes/datavault.routes.ts:1155:26

{"level":50,"time":1764873703466,"env":"test","error":{},"msg":"Error fetching table permissions"}
{"level":50,"time":1764873703713,"env":"test","error":{},"msg":"Error granting table permission"}
[90mstdout[2m | tests/integration/datavault-v4-regression.test.ts[2m > [22m[2mDataVault v4 Regression Tests[2m > [22m[2mTable Permissions[2m > [22m[2mshould update table permission role
[22m[39mGrant permission catch block entered Error: Access denied - owner permission required
    at DatavaultTablePermissionsService.requirePermission (C:/Users/scoot/poll/VaultLogic/server/services/DatavaultTablePermissionsService.ts:108:13)
[90m    at processTicksAndRejections (node:internal/process/task_queues:103:5)[39m
    at DatavaultTablePermissionsService.grantPermission (C:/Users/scoot/poll/VaultLogic/server/services/DatavaultTablePermissionsService.ts:138:5)
    at C:/Users/scoot/poll/VaultLogic/server/routes/datavault.routes.ts:1155:26

{"level":50,"time":1764873703862,"env":"test","error":{},"msg":"Error granting table permission"}
[90mstdout[2m | tests/integration/datavault-v4-regression.test.ts[2m > [22m[2mDataVault v4 Regression Tests[2m > [22m[2mTable Permissions[2m > [22m[2mshould update table permission role
[22m[39mGrant permission catch block entered Error: Access denied - owner permission required
    at DatavaultTablePermissionsService.requirePermission (C:/Users/scoot/poll/VaultLogic/server/services/DatavaultTablePermissionsService.ts:108:13)
[90m    at processTicksAndRejections (node:internal/process/task_queues:103:5)[39m
    at DatavaultTablePermissionsService.grantPermission (C:/Users/scoot/poll/VaultLogic/server/services/DatavaultTablePermissionsService.ts:138:5)
    at C:/Users/scoot/poll/VaultLogic/server/routes/datavault.routes.ts:1155:26

[90mstdout[2m | tests/integration/datavault-v4-regression.test.ts[2m > [22m[2mDataVault v4 Regression Tests[2m > [22m[2mTable Permissions[2m > [22m[2mshould update table permission role
[22m[39mUpdate permission failed: { message: [32m'Access denied - owner permission required'[39m }

{"level":50,"time":1764873704124,"env":"test","error":{},"msg":"Error granting table permission"}
[90mstdout[2m | tests/integration/datavault-v4-regression.test.ts[2m > [22m[2mDataVault v4 Regression Tests[2m > [22m[2mTable Permissions[2m > [22m[2mshould revoke table permission
[22m[39mGrant permission catch block entered Error: Access denied - owner permission required
    at DatavaultTablePermissionsService.requirePermission (C:/Users/scoot/poll/VaultLogic/server/services/DatavaultTablePermissionsService.ts:108:13)
[90m    at processTicksAndRejections (node:internal/process/task_queues:103:5)[39m
    at DatavaultTablePermissionsService.grantPermission (C:/Users/scoot/poll/VaultLogic/server/services/DatavaultTablePermissionsService.ts:138:5)
    at C:/Users/scoot/poll/VaultLogic/server/routes/datavault.routes.ts:1155:26

[90mstdout[2m | tests/integration/datavault-v4-regression.test.ts[2m > [22m[2mDataVault v4 Regression Tests[2m > [22m[2mTable Permissions[2m > [22m[2mshould revoke table permission
[22m[39mrevokePermission called for permission: undefined

{"level":50,"time":1764873704287,"env":"test","error":{},"msg":"Error revoking table permission"}
{"level":50,"time":1764873704530,"env":"test","error":{},"msg":"Error granting table permission"}
[90mstdout[2m | tests/integration/datavault-v4-regression.test.ts[2m > [22m[2mDataVault v4 Regression Tests[2m > [22m[2mTable Permissions[2m > [22m[2mshould enforce RBAC - only owners can manage permissions
[22m[39mGrant permission catch block entered Error: Access denied - owner permission required
    at DatavaultTablePermissionsService.requirePermission (C:/Users/scoot/poll/VaultLogic/server/services/DatavaultTablePermissionsService.ts:108:13)
[90m    at processTicksAndRejections (node:internal/process/task_queues:103:5)[39m
    at DatavaultTablePermissionsService.grantPermission (C:/Users/scoot/poll/VaultLogic/server/services/DatavaultTablePermissionsService.ts:138:5)
    at C:/Users/scoot/poll/VaultLogic/server/routes/datavault.routes.ts:1155:26

{"level":50,"time":1764873705403,"env":"test","error":{},"msg":"Error fetching DataVault rows"}
{"level":50,"time":1764873705641,"env":"test","error":{},"msg":"Error creating DataVault column"}
{"level":50,"time":1764873705893,"env":"test","error":{},"msg":"Error creating DataVault column"}
{"level":50,"time":1764873706038,"env":"test","error":{},"msg":"Error creating DataVault row"}
[90mstdout[2m | tests/integration/datavault-v4-regression.test.ts[2m > [22m[2mDataVault v4 Regression Tests[2m > [22m[2mError Handling[2m > [22m[2mshould return user-friendly error for missing required fields
[22m[39mRow creation error message: Access denied - write permission required

{"level":50,"time":1764873706300,"env":"test","error":{"length":144,"name":"error","severity":"ERROR","code":"22P02","where":"unnamed portal parameter $1 = '...'","file":"uuid.c","line":"138","routine":"string_to_uuid"},"msg":"Error fetching DataVault rows"}
[90mstdout[2m | tests/integration/datavault-v4-regression.test.ts
[22m[39mâ‰¡Æ’Âºâ•£ Cleaning up test environment...

 [31mÎ“Â¥Â»[39m tests/integration/datavault-v4-regression.test.ts [2m([22m[2m23 tests[22m[2m | [22m[31m19 failed[39m[2m)[22m[33m 9466[2mms[22m[39m
[31m       [31mâ”œÃ¹[31m should create a select column with options[39m[33m 309[2mms[22m[39m
[31m       [31mâ”œÃ¹[31m should create a multiselect column with options[39m[32m 263[2mms[22m[39m
[31m       [31mâ”œÃ¹[31m should validate select value against options[39m[33m 394[2mms[22m[39m
[31m       [31mâ”œÃ¹[31m should validate multiselect values as array[39m[33m 398[2mms[22m[39m
[31m       [31mâ”œÃ¹[31m should create an autonumber column with sequence[39m[32m 243[2mms[22m[39m
[31m       [31mâ”œÃ¹[31m should format autonumber with prefix[39m[33m 402[2mms[22m[39m
[31m       [31mâ”œÃ¹[31m should create a note for a row[39m[33m 396[2mms[22m[39m
[31m       [31mâ”œÃ¹[31m should get all notes for a row[39m[33m 724[2mms[22m[39m
[31m       [31mâ”œÃ¹[31m should delete a note[39m[33m 473[2mms[22m[39m
[31m       [31mâ”œÃ¹[31m should not allow deleting notes by other users[39m[33m 603[2mms[22m[39m
[31m       [31mâ”œÃ¹[31m should create an API token[39m[33m 371[2mms[22m[39m
       [32mÎ“Â£Ã´[39m should validate API token scopes[32m 174[2mms[22m[39m
[31m       [31mâ”œÃ¹[31m should revoke (delete) an API token[39m[32m 239[2mms[22m[39m
       [32mÎ“Â£Ã´[39m should deny access with expired token[32m 152[2mms[22m[39m
[31m       [31mâ”œÃ¹[31m should grant table permission[39m[32m 236[2mms[22m[39m
[31m       [31mâ”œÃ¹[31m should list table permissions[39m[32m 235[2mms[22m[39m
[31m       [31mâ”œÃ¹[31m should update table permission role[39m[33m 398[2mms[22m[39m
[31m       [31mâ”œÃ¹[31m should revoke table permission[39m[33m 424[2mms[22m[39m
       [32mÎ“Â£Ã´[39m should enforce RBAC - only owners can manage permissions[32m 242[2mms[22m[39m
[31m       [31mâ”œÃ¹[31m should paginate rows efficiently[39m[33m 873[2mms[22m[39m
[31m       [31mâ”œÃ¹[31m should return user-friendly error for invalid column type[39m[32m 238[2mms[22m[39m
[31m       [31mâ”œÃ¹[31m should return user-friendly error for missing required fields[39m[33m 397[2mms[22m[39m
       [32mÎ“Â£Ã´[39m should handle network errors gracefully[32m 261[2mms[22m[39m

Î“Ã„Â»Î“Ã„Â»Î“Ã„Â»Î“Ã„Â»Î“Ã„Â»Î“Ã„Â» Failed Tests 19 Î“Ã„Â»Î“Ã„Â»Î“Ã„Â»Î“Ã„Â»Î“Ã„Â»Î“Ã„Â»Î“Ã„Â»

 FAIL  tests/integration/datavault-v4-regression.test.ts > DataVault v4 Regression Tests > Select/Multiselect Columns > should create a select column with options
AssertionError: expected 403 to be 201 // Object.is equality

- Expected
+ Received

- 201
+ 403

 Î“Â¥Â» tests/integration/datavault-v4-regression.test.ts:298:31
    296|         });
    297| 
    298|       expect(response.status).toBe(201);
       |                               ^
    299|       expect(response.body).toBeDefined();
    300|       expect(response.body.type).toBe('select');

Î“Ã„Â»Î“Ã„Â»Î“Ã„Â»Î“Ã„Â»Î“Ã„Â»Î“Ã„Â»Î“Ã„Â»Î“Ã„Â»Î“Ã„Â»Î“Ã„Â»Î“Ã„Â»Î“Ã„Â»Î“Ã„Â»Î“Ã„Â»Î“Ã„Â»Î“Ã„Â»Î“Ã„Â»Î“Ã„Â»Î“Ã„Â»Î“Ã„Â»Î“Ã„Â»Î“Ã„Â»Î“Ã„Â»[1/19]Î“Ã„Â»

 FAIL  tests/integration/datavault-v4-regression.test.ts > DataVault v4 Regression Tests > Select/Multiselect Columns > should create a multiselect column with options
AssertionError: expected 403 to be 201 // Object.is equality

- Expected
+ Received

- 201
+ 403

 Î“Â¥Â» tests/integration/datavault-v4-regression.test.ts:321:31
    319|         });
    320| 
    321|       expect(response.status).toBe(201);
       |                               ^
    322|       expect(response.body).toBeDefined();
    323|       expect(response.body.type).toBe('multiselect');

Î“Ã„Â»Î“Ã„Â»Î“Ã„Â»Î“Ã„Â»Î“Ã„Â»Î“Ã„Â»Î“Ã„Â»Î“Ã„Â»Î“Ã„Â»Î“Ã„Â»Î“Ã„Â»Î“Ã„Â»Î“Ã„Â»Î“Ã„Â»Î“Ã„Â»Î“Ã„Â»Î“Ã„Â»Î“Ã„Â»Î“Ã„Â»Î“Ã„Â»Î“Ã„Â»Î“Ã„Â»Î“Ã„Â»[2/19]Î“Ã„Â»

 FAIL  tests/integration/datavault-v4-regression.test.ts > DataVault v4 Regression Tests > Select/Multiselect Columns > should validate select value against options
AssertionError: expected 403 to be 201 // Object.is equality

- Expected
+ Received

- 201
+ 403

 Î“Â¥Â» tests/integration/datavault-v4-regression.test.ts:356:36
    354|         });
    355| 
    356|       expect(validResponse.status).toBe(201);
       |                                    ^
    357| 
    358|       // Create row with invalid value should fail

Î“Ã„Â»Î“Ã„Â»Î“Ã„Â»Î“Ã„Â»Î“Ã„Â»Î“Ã„Â»Î“Ã„Â»Î“Ã„Â»Î“Ã„Â»Î“Ã„Â»Î“Ã„Â»Î“Ã„Â»Î“Ã„Â»Î“Ã„Â»Î“Ã„Â»Î“Ã„Â»Î“Ã„Â»Î“Ã„Â»Î“Ã„Â»Î“Ã„Â»Î“Ã„Â»Î“Ã„Â»Î“Ã„Â»[3/19]Î“Ã„Â»

 FAIL  tests/integration/datavault-v4-regression.test.ts > DataVault v4 Regression Tests > Select/Multiselect Columns > should validate multiselect values as array
AssertionError: expected 403 to be 201 // Object.is equality

- Expected
+ Received

- 201
+ 403

 Î“Â¥Â» tests/integration/datavault-v4-regression.test.ts:401:36
    399|         });
    400| 
    401|       expect(validResponse.status).toBe(201);
       |                                    ^
    402|       expect(validResponse.body.values[testColumnId]).toEqual(['urgentÎ“Ã‡Âª
    403|     });

Î“Ã„Â»Î“Ã„Â»Î“Ã„Â»Î“Ã„Â»Î“Ã„Â»Î“Ã„Â»Î“Ã„Â»Î“Ã„Â»Î“Ã„Â»Î“Ã„Â»Î“Ã„Â»Î“Ã„Â»Î“Ã„Â»Î“Ã„Â»Î“Ã„Â»Î“Ã„Â»Î“Ã„Â»Î“Ã„Â»Î“Ã„Â»Î“Ã„Â»Î“Ã„Â»Î“Ã„Â»Î“Ã„Â»[4/19]Î“Ã„Â»

 FAIL  tests/integration/datavault-v4-regression.test.ts > DataVault v4 Regression Tests > Autonumber Columns > should create an autonumber column with sequence
AssertionError: expected 403 to be 201 // Object.is equality

- Expected
+ Received

- 201
+ 403

 Î“Â¥Â» tests/integration/datavault-v4-regression.test.ts:421:31
    419|         });
    420| 
    421|       expect(response.status).toBe(201);
       |                               ^
    422|       expect(response.body).toBeDefined();
    423|       expect(response.body.type).toBe('autonumber');

Î“Ã„Â»Î“Ã„Â»Î“Ã„Â»Î“Ã„Â»Î“Ã„Â»Î“Ã„Â»Î“Ã„Â»Î“Ã„Â»Î“Ã„Â»Î“Ã„Â»Î“Ã„Â»Î“Ã„Â»Î“Ã„Â»Î“Ã„Â»Î“Ã„Â»Î“Ã„Â»Î“Ã„Â»Î“Ã„Â»Î“Ã„Â»Î“Ã„Â»Î“Ã„Â»Î“Ã„Â»Î“Ã„Â»[5/19]Î“Ã„Â»

 FAIL  tests/integration/datavault-v4-regression.test.ts > DataVault v4 Regression Tests > Autonumber Columns > should format autonumber with prefix
AssertionError: expected 403 to be 201 // Object.is equality

- Expected
+ Received

- 201
+ 403

 Î“Â¥Â» tests/integration/datavault-v4-regression.test.ts:455:34
    453|         .send({ values: {} });
    454| 
    455|       expect(rowResponse.status).toBe(201);
       |                                  ^
    456|       // Check if formatted value is stored or displayed
    457|       // This depends on implementation - adjust as needed

Î“Ã„Â»Î“Ã„Â»Î“Ã„Â»Î“Ã„Â»Î“Ã„Â»Î“Ã„Â»Î“Ã„Â»Î“Ã„Â»Î“Ã„Â»Î“Ã„Â»Î“Ã„Â»Î“Ã„Â»Î“Ã„Â»Î“Ã„Â»Î“Ã„Â»Î“Ã„Â»Î“Ã„Â»Î“Ã„Â»Î“Ã„Â»Î“Ã„Â»Î“Ã„Â»Î“Ã„Â»Î“Ã„Â»[6/19]Î“Ã„Â»

 FAIL  tests/integration/datavault-v4-regression.test.ts > DataVault v4 Regression Tests > Row Notes > should create a note for a row
AssertionError: expected 403 to be 201 // Object.is equality

- Expected
+ Received

- 201
+ 403

 Î“Â¥Â» tests/integration/datavault-v4-regression.test.ts:481:31
    479|         });
    480| 
    481|       expect(response.status).toBe(201);
       |                               ^
    482|       expect(response.body).toBeDefined();
    483|       expect(response.body.text).toBe('This is a test note');

Î“Ã„Â»Î“Ã„Â»Î“Ã„Â»Î“Ã„Â»Î“Ã„Â»Î“Ã„Â»Î“Ã„Â»Î“Ã„Â»Î“Ã„Â»Î“Ã„Â»Î“Ã„Â»Î“Ã„Â»Î“Ã„Â»Î“Ã„Â»Î“Ã„Â»Î“Ã„Â»Î“Ã„Â»Î“Ã„Â»Î“Ã„Â»Î“Ã„Â»Î“Ã„Â»Î“Ã„Â»Î“Ã„Â»[7/19]Î“Ã„Â»

 FAIL  tests/integration/datavault-v4-regression.test.ts > DataVault v4 Regression Tests > Row Notes > should get all notes for a row
AssertionError: expected 403 to be 200 // Object.is equality

- Expected
+ Received

- 200
+ 403

 Î“Â¥Â» tests/integration/datavault-v4-regression.test.ts:507:31
    505|         .set('Cookie', authCookie);
    506| 
    507|       expect(response.status).toBe(200);
       |                               ^
    508|       expect(response.body).toHaveLength(2);
    509|     });

Î“Ã„Â»Î“Ã„Â»Î“Ã„Â»Î“Ã„Â»Î“Ã„Â»Î“Ã„Â»Î“Ã„Â»Î“Ã„Â»Î“Ã„Â»Î“Ã„Â»Î“Ã„Â»Î“Ã„Â»Î“Ã„Â»Î“Ã„Â»Î“Ã„Â»Î“Ã„Â»Î“Ã„Â»Î“Ã„Â»Î“Ã„Â»Î“Ã„Â»Î“Ã„Â»Î“Ã„Â»Î“Ã„Â»[8/19]Î“Ã„Â»

 FAIL  tests/integration/datavault-v4-regression.test.ts > DataVault v4 Regression Tests > Row Notes > should delete a note
AssertionError: expected 500 to be 200 // Object.is equality

- Expected
+ Received

- 200
+ 500

 Î“Â¥Â» tests/integration/datavault-v4-regression.test.ts:527:37
    525|         .set('Cookie', authCookie);
    526| 
    527|       expect(deleteResponse.status).toBe(200);
       |                                     ^
    528| 
    529|       // Verify note is deleted

Î“Ã„Â»Î“Ã„Â»Î“Ã„Â»Î“Ã„Â»Î“Ã„Â»Î“Ã„Â»Î“Ã„Â»Î“Ã„Â»Î“Ã„Â»Î“Ã„Â»Î“Ã„Â»Î“Ã„Â»Î“Ã„Â»Î“Ã„Â»Î“Ã„Â»Î“Ã„Â»Î“Ã„Â»Î“Ã„Â»Î“Ã„Â»Î“Ã„Â»Î“Ã„Â»Î“Ã„Â»Î“Ã„Â»[9/19]Î“Ã„Â»

 FAIL  tests/integration/datavault-v4-regression.test.ts > DataVault v4 Regression Tests > Row Notes > should not allow deleting notes by other users
AssertionError: expected 500 to be 403 // Object.is equality

- Expected
+ Received

- 403
+ 500

 Î“Â¥Â» tests/integration/datavault-v4-regression.test.ts:554:37
    552|         .set('Cookie', otherUserCookie);
    553| 
    554|       expect(deleteResponse.status).toBe(403);
       |                                     ^
    555|     });
    556|   });

Î“Ã„Â»Î“Ã„Â»Î“Ã„Â»Î“Ã„Â»Î“Ã„Â»Î“Ã„Â»Î“Ã„Â»Î“Ã„Â»Î“Ã„Â»Î“Ã„Â»Î“Ã„Â»Î“Ã„Â»Î“Ã„Â»Î“Ã„Â»Î“Ã„Â»Î“Ã„Â»Î“Ã„Â»Î“Ã„Â»Î“Ã„Â»Î“Ã„Â»Î“Ã„Â»Î“Ã„Â»[10/19]Î“Ã„Â»

 FAIL  tests/integration/datavault-v4-regression.test.ts > DataVault v4 Regression Tests > API Tokens > should create an API token
AssertionError: expected 403 to be 201 // Object.is equality

- Expected
+ Received

- 201
+ 403

 Î“Â¥Â» tests/integration/datavault-v4-regression.test.ts:574:31
    572|       // Assuming DB exists (created in beforeAll).
    573|       // If 404 persists, we might need to debug route registration.
    574|       expect(response.status).toBe(201);
       |                               ^
    575|       expect(response.body).toBeDefined();
    576|       // plainToken is not returned in the object, it might be separatÎ“Ã‡Âª

Î“Ã„Â»Î“Ã„Â»Î“Ã„Â»Î“Ã„Â»Î“Ã„Â»Î“Ã„Â»Î“Ã„Â»Î“Ã„Â»Î“Ã„Â»Î“Ã„Â»Î“Ã„Â»Î“Ã„Â»Î“Ã„Â»Î“Ã„Â»Î“Ã„Â»Î“Ã„Â»Î“Ã„Â»Î“Ã„Â»Î“Ã„Â»Î“Ã„Â»Î“Ã„Â»Î“Ã„Â»[11/19]Î“Ã„Â»

 FAIL  tests/integration/datavault-v4-regression.test.ts > DataVault v4 Regression Tests > API Tokens > should revoke (delete) an API token
TypeError: Cannot read properties of undefined (reading 'id')
 Î“Â¥Â» tests/integration/datavault-v4-regression.test.ts:608:49
    606|         });
    607| 
    608|       const tokenId = createResponse.body.token.id;
       |                                                 ^
    609| 
    610|       // Revoke token

Î“Ã„Â»Î“Ã„Â»Î“Ã„Â»Î“Ã„Â»Î“Ã„Â»Î“Ã„Â»Î“Ã„Â»Î“Ã„Â»Î“Ã„Â»Î“Ã„Â»Î“Ã„Â»Î“Ã„Â»Î“Ã„Â»Î“Ã„Â»Î“Ã„Â»Î“Ã„Â»Î“Ã„Â»Î“Ã„Â»Î“Ã„Â»Î“Ã„Â»Î“Ã„Â»Î“Ã„Â»[12/19]Î“Ã„Â»

 FAIL  tests/integration/datavault-v4-regression.test.ts > DataVault v4 Regression Tests > Table Permissions > should grant table permission
AssertionError: expected 403 to be 201 // Object.is equality

- Expected
+ Received

- 201
+ 403

 Î“Â¥Â» tests/integration/datavault-v4-regression.test.ts:668:31
    666|         });
    667| 
    668|       expect(response.status).toBe(201);
       |                               ^
    669|       expect(response.body).toBeDefined();
    670|       expect(response.body.role).toBe('read');

Î“Ã„Â»Î“Ã„Â»Î“Ã„Â»Î“Ã„Â»Î“Ã„Â»Î“Ã„Â»Î“Ã„Â»Î“Ã„Â»Î“Ã„Â»Î“Ã„Â»Î“Ã„Â»Î“Ã„Â»Î“Ã„Â»Î“Ã„Â»Î“Ã„Â»Î“Ã„Â»Î“Ã„Â»Î“Ã„Â»Î“Ã„Â»Î“Ã„Â»Î“Ã„Â»Î“Ã„Â»[13/19]Î“Ã„Â»

 FAIL  tests/integration/datavault-v4-regression.test.ts > DataVault v4 Regression Tests > Table Permissions > should list table permissions
AssertionError: expected 403 to be 200 // Object.is equality

- Expected
+ Received

- 200
+ 403

 Î“Â¥Â» tests/integration/datavault-v4-regression.test.ts:680:31
    678|         .set('Cookie', authCookie);
    679| 
    680|       expect(response.status).toBe(200);
       |                               ^
    681|       expect(response.body).toBeDefined();
    682|       expect(Array.isArray(response.body)).toBe(true);

Î“Ã„Â»Î“Ã„Â»Î“Ã„Â»Î“Ã„Â»Î“Ã„Â»Î“Ã„Â»Î“Ã„Â»Î“Ã„Â»Î“Ã„Â»Î“Ã„Â»Î“Ã„Â»Î“Ã„Â»Î“Ã„Â»Î“Ã„Â»Î“Ã„Â»Î“Ã„Â»Î“Ã„Â»Î“Ã„Â»Î“Ã„Â»Î“Ã„Â»Î“Ã„Â»Î“Ã„Â»[14/19]Î“Ã„Â»

 FAIL  tests/integration/datavault-v4-regression.test.ts > DataVault v4 Regression Tests > Table Permissions > should update table permission role
AssertionError: expected 403 to be 201 // Object.is equality

- Expected
+ Received

- 201
+ 403

 Î“Â¥Â» tests/integration/datavault-v4-regression.test.ts:713:37
    711|         console.log('Update permission failed:', updateResponse.body);
    712|       }
    713|       expect(updateResponse.status).toBe(201);
       |                                     ^
    714|       expect(updateResponse.body.role).toBe('write');
    715|     });

Î“Ã„Â»Î“Ã„Â»Î“Ã„Â»Î“Ã„Â»Î“Ã„Â»Î“Ã„Â»Î“Ã„Â»Î“Ã„Â»Î“Ã„Â»Î“Ã„Â»Î“Ã„Â»Î“Ã„Â»Î“Ã„Â»Î“Ã„Â»Î“Ã„Â»Î“Ã„Â»Î“Ã„Â»Î“Ã„Â»Î“Ã„Â»Î“Ã„Â»Î“Ã„Â»Î“Ã„Â»[15/19]Î“Ã„Â»

 FAIL  tests/integration/datavault-v4-regression.test.ts > DataVault v4 Regression Tests > Table Permissions > should revoke table permission
AssertionError: expected 403 to be 200 // Object.is equality

- Expected
+ Received

- 200
+ 403

 Î“Â¥Â» tests/integration/datavault-v4-regression.test.ts:739:37
    737| 
    738|       // Revoke returns 200 with message
    739|       expect(revokeResponse.status).toBe(200);
       |                                     ^
    740| 
    741|       // Verify permission is deleted

Î“Ã„Â»Î“Ã„Â»Î“Ã„Â»Î“Ã„Â»Î“Ã„Â»Î“Ã„Â»Î“Ã„Â»Î“Ã„Â»Î“Ã„Â»Î“Ã„Â»Î“Ã„Â»Î“Ã„Â»Î“Ã„Â»Î“Ã„Â»Î“Ã„Â»Î“Ã„Â»Î“Ã„Â»Î“Ã„Â»Î“Ã„Â»Î“Ã„Â»Î“Ã„Â»Î“Ã„Â»[16/19]Î“Ã„Â»

 FAIL  tests/integration/datavault-v4-regression.test.ts > DataVault v4 Regression Tests > Grid Performance > should paginate rows efficiently
AssertionError: expected 403 to be 200 // Object.is equality

- Expected
+ Received

- 200
+ 403

 Î“Â¥Â» tests/integration/datavault-v4-regression.test.ts:787:31
    785|         .set('Cookie', authCookie);
    786| 
    787|       expect(response.status).toBe(200);
       |                               ^
    788|       expect(response.body.rows).toHaveLength(25);
    789|       expect(response.body.pagination.total).toBe(100);

Î“Ã„Â»Î“Ã„Â»Î“Ã„Â»Î“Ã„Â»Î“Ã„Â»Î“Ã„Â»Î“Ã„Â»Î“Ã„Â»Î“Ã„Â»Î“Ã„Â»Î“Ã„Â»Î“Ã„Â»Î“Ã„Â»Î“Ã„Â»Î“Ã„Â»Î“Ã„Â»Î“Ã„Â»Î“Ã„Â»Î“Ã„Â»Î“Ã„Â»Î“Ã„Â»Î“Ã„Â»[17/19]Î“Ã„Â»

 FAIL  tests/integration/datavault-v4-regression.test.ts > DataVault v4 Regression Tests > Error Handling > should return user-friendly error for invalid column type
AssertionError: expected 403 to be 400 // Object.is equality

- Expected
+ Received

- 400
+ 403

 Î“Â¥Â» tests/integration/datavault-v4-regression.test.ts:807:31
    805|         });
    806| 
    807|       expect(response.status).toBe(400);
       |                               ^
    808|       expect(response.body.errors).toBeDefined();
    809|       // expect(response.body.error).toContain('Invalid column type');

Î“Ã„Â»Î“Ã„Â»Î“Ã„Â»Î“Ã„Â»Î“Ã„Â»Î“Ã„Â»Î“Ã„Â»Î“Ã„Â»Î“Ã„Â»Î“Ã„Â»Î“Ã„Â»Î“Ã„Â»Î“Ã„Â»Î“Ã„Â»Î“Ã„Â»Î“Ã„Â»Î“Ã„Â»Î“Ã„Â»Î“Ã„Â»Î“Ã„Â»Î“Ã„Â»Î“Ã„Â»[18/19]Î“Ã„Â»

 FAIL  tests/integration/datavault-v4-regression.test.ts > DataVault v4 Regression Tests > Error Handling > should return user-friendly error for missing required fields
AssertionError: expected 403 to be 400 // Object.is equality

- Expected
+ Received

- 400
+ 403

 Î“Â¥Â» tests/integration/datavault-v4-regression.test.ts:834:31
    832| 
    833|       // Improved error handling returns 400
    834|       expect(response.status).toBe(400);
       |                               ^
    835|       expect(response.body.message).toBeDefined();
    836|       expect(response.body.message).toContain('Required');

Î“Ã„Â»Î“Ã„Â»Î“Ã„Â»Î“Ã„Â»Î“Ã„Â»Î“Ã„Â»Î“Ã„Â»Î“Ã„Â»Î“Ã„Â»Î“Ã„Â»Î“Ã„Â»Î“Ã„Â»Î“Ã„Â»Î“Ã„Â»Î“Ã„Â»Î“Ã„Â»Î“Ã„Â»Î“Ã„Â»Î“Ã„Â»Î“Ã„Â»Î“Ã„Â»Î“Ã„Â»[19/19]Î“Ã„Â»


[2m Test Files [22m [1m[31m1 failed[39m[22m[90m (1)[39m
[2m      Tests [22m [1m[31m19 failed[39m[22m[2m | [22m[1m[32m4 passed[39m[22m[90m (23)[39m
[2m   Start at [22m 12:41:24
[2m   Duration [22m 20.86s

[1m[41m FAIL [49m[22m [31mTests failed. Watching for file changes...[39m
       [2mpress [22m[1mh[22m[2m to show help[22m[2m, [22m[2mpress [22m[1mq[22m[2m to quit[22m
c[3J[1m[44m RERUN [49m[22m [34m[2mserver/db.ts [22m[34mx5 [34m[39m
       [2m Filename pattern: [22m[34mtests/integration/datavault-v4-regression.test.ts[39m

[90mstdout[2m | tests/integration/datavault-v4-regression.test.ts
[22m[39m[dotenv@17.2.3] injecting env (13) from .env -- tip: â‰¡Æ’Ã´Ã­ add observability to secrets: https://dotenvx.com/ops


Î“Ã„Â»Î“Ã„Â»Î“Ã„Â»Î“Ã„Â»Î“Ã„Â»Î“Ã„Â» Failed Suites 1 Î“Ã„Â»Î“Ã„Â»Î“Ã„Â»Î“Ã„Â»Î“Ã„Â»Î“Ã„Â»Î“Ã„Â»

 FAIL  tests/integration/datavault-v4-regression.test.ts [ tests/integration/datavault-v4-regression.test.ts ]
ReferenceError: dbInitPromise is not defined
 Î“Â¥Â» server/db.ts:54:1
     52| const isInitialConfigured = !!initialDatabaseUrl && initialDatabaseUrlÎ“Ã‡Âª
     53| 
     54| dbInitPromise = isInitialConfigured
       | ^
     55|   ? initializeDatabase()
     56|   : Promise.resolve(); // Don't reject immediately to avoid unhandled Î“Ã‡Âª
 Î“Â¥Â» tests/setup.ts:2:1

Î“Ã„Â»Î“Ã„Â»Î“Ã„Â»Î“Ã„Â»Î“Ã„Â»Î“Ã„Â»Î“Ã„Â»Î“Ã„Â»Î“Ã„Â»Î“Ã„Â»Î“Ã„Â»Î“Ã„Â»Î“Ã„Â»Î“Ã„Â»Î“Ã„Â»Î“Ã„Â»Î“Ã„Â»Î“Ã„Â»Î“Ã„Â»Î“Ã„Â»Î“Ã„Â»Î“Ã„Â»Î“Ã„Â»Î“Ã„Â»[1/1]Î“Ã„Â»

Î“Ã„Â»Î“Ã„Â»Î“Ã„Â»Î“Ã„Â»Î“Ã„Â»Î“Ã„Â» Unhandled Errors Î“Ã„Â»Î“Ã„Â»Î“Ã„Â»Î“Ã„Â»Î“Ã„Â»Î“Ã„Â»

Vitest caught 1 unhandled error during the test run.
This might cause false positive tests. Resolve unhandled errors to make sure your tests are not affected.

Î“Ã„Â»Î“Ã„Â»Î“Ã„Â»Î“Ã„Â» Unhandled Rejection Î“Ã„Â»Î“Ã„Â»Î“Ã„Â»Î“Ã„Â»Î“Ã„Â»
ReferenceError: dbInitialized is not defined
 Î“Â¥Â» initializeDatabase server/db.ts:10:3
      8| // Initialize database connection
      9| async function initializeDatabase() {
     10|   if (dbInitialized) return;
       |   ^
     11| 
     12|   const databaseUrl = process.env.DATABASE_URL;
 Î“Â¥Â» server/db.ts:55:5
 Î“Â¥Â» processTicksAndRejections node:internal/process/task_queues:103:5
 Î“Â¥Â» VitestModuleEvaluator.runInlinedModule node_modules/vitest/dist/module-evaluator.js:136:4
 Î“Â¥Â» VitestModuleRunner.directRequest node_modules/vite/dist/node/module-runner.js:1113:59
 Î“Â¥Â» VitestModuleRunner.cachedRequest node_modules/vite/dist/node/module-runner.js:1031:73
 Î“Â¥Â» tests/setup.ts:2:1
 Î“Â¥Â» VitestModuleEvaluator.runInlinedModule node_modules/vitest/dist/module-evaluator.js:136:4
 Î“Â¥Â» VitestModuleRunner.directRequest node_modules/vite/dist/node/module-runner.js:1113:59
 Î“Â¥Â» VitestModuleRunner.cachedRequest node_modules/vite/dist/node/module-runner.js:1031:73

This error originated in "tests/integration/datavault-v4-regression.test.ts" test file. It doesn't mean the error was thrown inside the file itself, but while it was running.
Î“Ã„Â»Î“Ã„Â»Î“Ã„Â»Î“Ã„Â»Î“Ã„Â»Î“Ã„Â»Î“Ã„Â»Î“Ã„Â»Î“Ã„Â»Î“Ã„Â»Î“Ã„Â»Î“Ã„Â»Î“Ã„Â»Î“Ã„Â»Î“Ã„Â»Î“Ã„Â»Î“Ã„Â»Î“Ã„Â»Î“Ã„Â»Î“Ã„Â»Î“Ã„Â»Î“Ã„Â»Î“Ã„Â»Î“Ã„Â»Î“Ã„Â»Î“Ã„Â»Î“Ã„Â»Î“Ã„Â»Î“Ã„Â»Î“Ã„Â»


[2m Test Files [22m [1m[31m1 failed[39m[22m[90m (1)[39m
[2m      Tests [22m [2mno tests[22m
[2m     Errors [22m [1m[31m1 error[39m[22m
[2m   Start at [22m 12:55:40
[2m   Duration [22m 0ms

[1m[41m FAIL [49m[22m [31mTests failed. Watching for file changes...[39m
       [2mpress [22m[1mh[22m[2m to show help[22m[2m, [22m[2mpress [22m[1mq[22m[2m to quit[22m
c[3J[1m[44m RERUN [49m[22m [34m[2mserver/db.ts [22m[34mx6 [34m[39m
       [2m Filename pattern: [22m[34mtests/integration/datavault-v4-regression.test.ts[39m

[90mstdout[2m | tests/integration/datavault-v4-regression.test.ts
[22m[39m[dotenv@17.2.3] injecting env (13) from .env -- tip: Î“ÃœÃ–âˆ©â••Ã…  load multiple .env files with { path: ['.env.local', '.env'] }

{"level":40,"time":1764874580407,"env":"test","module":"auth-service","msg":"JWT_SECRET not set - falling back to SESSION_SECRET. This is acceptable for development but should be fixed for production."}
{"level":30,"time":1764874585182,"env":"test","multerImportKeys":["diskStorage","memoryStorage","MulterError"],"multerInstanceKeys":["diskStorage","memoryStorage","MulterError"],"multerInstanceType":"function","uploadKeys":["storage","limits","preservePath","fileFilter"],"uploadType":"object","uploadPrototype":{},"msg":"Debug Multer Import"}
[90mstdout[2m | tests/integration/datavault-v4-regression.test.ts
[22m[39mâ‰¡Æ’ÂºÂ¬ Setting up test environment...

[90mstdout[2m | tests/integration/datavault-v4-regression.test.ts
[22m[39mÎ“Â£Ã  Database initialized for tests

{"level":30,"time":1764874591677,"env":"test","module":"file-routes","outputsDir":"C:\\Users\\scoot\\poll\\VaultLogic\\server\\files\\outputs","msg":"Secure file routes registered"}
{"level":30,"time":1764874591677,"env":"test","module":"ai-routes","msg":"AI workflow generation routes registered"}
{"level":30,"time":1764874591695,"env":"test","module":"collab-server","msg":"Initializing WebSocket collaboration server"}
{"level":40,"time":1764874591695,"env":"test","module":"collab-persistence","msg":"REDIS_URL not configured, multi-instance collab will not work"}
{"level":30,"time":1764874591695,"env":"test","module":"collab-server","msg":"WebSocket collaboration server initialized"}
{"level":30,"time":1764874591695,"env":"test","module":"routes","msg":"Real-time collaboration server initialized"}
{"level":30,"time":1764874592253,"env":"test","module":"auth","hasToken":true,"origin":"http://localhost:5000","ip":"::ffff:127.0.0.1","msg":"OAuth2 login attempt"}
{"level":30,"time":1764874592254,"env":"test","module":"auth","email":"testuser@example.com","msg":"Token verified successfully"}
{"level":30,"time":1764874592344,"env":"test","module":"auth","userId":"google-user-id","msg":"User upserted successfully"}
{"level":30,"time":1764874592443,"env":"test","module":"auth","email":"testuser@example.com","msg":"OAuth2 login successful"}
[90mstdout[2m | tests/integration/datavault-v4-regression.test.ts[2m > [22m[2mDataVault v4 Regression Tests
[22m[39mLogin Status: [33m200[39m
Login Body: {
  "message": "Authentication successful",
  "token": "eyJhbGciOiJIUzI1NiIsInR5cCI6IkpXVCJ9.eyJ1c2VySWQiOiJnb29nbGUtdXNlci1pZCIsImVtYWlsIjoidGVzdHVzZXJAZXhhbXBsZS5jb20iLCJ0ZW5hbnRJZCI6IjY4MmU4MGYyLWE2NzktNDI1ZC1iMGUzLWEzNTY4MTgxOGFmMCIsInJvbGUiOiJvd25lciIsImlhdCI6MTc2NDg3NDU5MiwiZXhwIjoxNzY1NDc5MzkyfQ.8OgZd9QcwJ_nCHbneVGy3sDIM9SF-FpKc2di5z6czbU",
  "user": {
    "id": "google-user-id",
    "email": "testuser@example.com",
    "firstName": "Test",
    "lastName": "User",
    "profileImageUrl": "https://example.com/avatar.jpg",
    "tenantId": "682e80f2-a679-425d-b0e3-a35681818af0",
    "tenantRole": "owner"
  }
}

{"level":30,"time":1764874592461,"env":"test","module":"auth","hasToken":true,"origin":"http://localhost:5000","ip":"::ffff:127.0.0.1","msg":"OAuth2 login attempt"}
{"level":30,"time":1764874592462,"env":"test","module":"auth","email":"other@example.com","msg":"Token verified successfully"}
{"level":30,"time":1764874592505,"env":"test","module":"auth","userId":"other-user-id","msg":"User upserted successfully"}
{"level":30,"time":1764874592606,"env":"test","module":"auth","email":"other@example.com","msg":"OAuth2 login successful"}
{"level":50,"time":1764874594866,"env":"test","error":{},"msg":"Error creating DataVault row"}
[90mstdout[2m | tests/integration/datavault-v4-regression.test.ts[2m > [22m[2mDataVault v4 Regression Tests[2m > [22m[2mSelect/Multiselect Columns[2m > [22m[2mshould validate select value against options
[22m[39mRow creation error message: Column 'Status' value must be one of: active, inactive

[90mstdout[2m | tests/integration/datavault-v4-regression.test.ts[2m > [22m[2mDataVault v4 Regression Tests[2m > [22m[2mRow Notes[2m > [22m[2mshould create a note for a row
[22m[39mCreated note: 1ec013c3-3b30-4ca3-af75-29124ee1c618 tenantId: 682e80f2-a679-425d-b0e3-a35681818af0 userId: google-user-id

[90mstdout[2m | tests/integration/datavault-v4-regression.test.ts[2m > [22m[2mDataVault v4 Regression Tests[2m > [22m[2mRow Notes[2m > [22m[2mshould get all notes for a row
[22m[39mCreated note: 3a4b6934-dd32-4bc7-b0dd-58b3530a5ce9 tenantId: 682e80f2-a679-425d-b0e3-a35681818af0 userId: google-user-id

[90mstdout[2m | tests/integration/datavault-v4-regression.test.ts[2m > [22m[2mDataVault v4 Regression Tests[2m > [22m[2mRow Notes[2m > [22m[2mshould get all notes for a row
[22m[39mCreated note: 428bca93-6215-480a-bd6d-a17c9b269662 tenantId: 682e80f2-a679-425d-b0e3-a35681818af0 userId: google-user-id

[90mstdout[2m | tests/integration/datavault-v4-regression.test.ts[2m > [22m[2mDataVault v4 Regression Tests[2m > [22m[2mRow Notes[2m > [22m[2mshould delete a note
[22m[39mCreated note: 0d73c1b5-259c-4727-a0f5-4c53e366e037 tenantId: 682e80f2-a679-425d-b0e3-a35681818af0 userId: google-user-id

[90mstdout[2m | tests/integration/datavault-v4-regression.test.ts[2m > [22m[2mDataVault v4 Regression Tests[2m > [22m[2mRow Notes[2m > [22m[2mshould not allow deleting notes by other users
[22m[39mCreated note: daf44354-39eb-4e18-ba17-845da0fd143d tenantId: 682e80f2-a679-425d-b0e3-a35681818af0 userId: google-user-id

{"level":50,"time":1764874599803,"env":"test","error":{},"msg":"Error deleting row note"}
{"level":40,"time":1764874601210,"env":"test","module":"auth-middleware","path":"/datavault/databases/f6ceefc0-2255-45de-bbd9-5fce000ef490/tables","msg":"No valid authentication found"}
[90mstdout[2m | tests/integration/datavault-v4-regression.test.ts[2m > [22m[2mDataVault v4 Regression Tests[2m > [22m[2mTable Permissions[2m > [22m[2mshould grant table permission
[22m[39mupsert result: {"id":"1245c434-fcbd-4c6b-a8ca-e45cd55bea80","tableId":"a2a7bb16-c191-49be-b5bb-f1f8473bd627","userId":"other-user-id","role":"read","createdAt":"2025-12-04T18:56:43.007Z"}

[90mstdout[2m | tests/integration/datavault-v4-regression.test.ts[2m > [22m[2mDataVault v4 Regression Tests[2m > [22m[2mTable Permissions[2m > [22m[2mshould grant table permission
[22m[39mGrant permission success, sending 201. Permission: {"id":"1245c434-fcbd-4c6b-a8ca-e45cd55bea80","tableId":"a2a7bb16-c191-49be-b5bb-f1f8473bd627","userId":"other-user-id","role":"read","createdAt":"2025-12-04T18:56:43.007Z"}

{"level":50,"time":1764874602198,"env":"test","error":{"length":415,"name":"error","severity":"ERROR","code":"23503","detail":"Key (table_id)=(7d558998-987a-494f-bee3-e4d505c75465) is not present in table \"datavault_tables\".","schema":"public","table":"datavault_table_permissions","constraint":"datavault_table_permissions_table_id_datavault_tables_id_fk","file":"ri_triggers.c","line":"2599","routine":"ri_ReportViolation"},"msg":"Error granting table permission"}
[90mstdout[2m | tests/integration/datavault-v4-regression.test.ts[2m > [22m[2mDataVault v4 Regression Tests[2m > [22m[2mTable Permissions[2m > [22m[2mshould update table permission role
[22m[39mGrant permission catch block entered error: insert or update on table "datavault_table_permissions" violates foreign key constraint "datavault_table_permissions_table_id_datavault_tables_id_fk"
    at [90mfile:///C:/Users/scoot/poll/VaultLogic/[39mnode_modules/[4m@neondatabase/serverless[24m/index.mjs:1345:74
[90m    at processTicksAndRejections (node:internal/process/task_queues:103:5)[39m
    at NeonPreparedQuery.execute [90m(file:///C:/Users/scoot/poll/VaultLogic/[39mnode_modules/[4mdrizzle-orm[24m/neon-serverless/session.js:76:20[90m)[39m
    at DatavaultTablePermissionsRepository.upsert (C:/Users/scoot/poll/VaultLogic/server/repositories/DatavaultTablePermissionsRepository.ts:76:26)
    at DatavaultTablePermissionsService.grantPermission (C:/Users/scoot/poll/VaultLogic/server/services/DatavaultTablePermissionsService.ts:151:20)
    at C:/Users/scoot/poll/VaultLogic/server/routes/datavault.routes.ts:1155:26 {
  length: [33m415[39m,
  severity: [32m'ERROR'[39m,
  code: [32m'23503'[39m,
  detail: [32m'Key (table_id)=(7d558998-987a-494f-bee3-e4d505c75465) is not present in table "datavault_tables".'[39m,
  hint: [90mundefined[39m,
  position: [90mundefined[39m,
  internalPosition: [90mundefined[39m,
  internalQuery: [90mundefined[39m,
  where: [90mundefined[39m,
  schema: [32m'public'[39m,
  table: [32m'datavault_table_permissions'[39m,
  column: [90mundefined[39m,
  dataType: [90mundefined[39m,
  constraint: [32m'datavault_table_permissions_table_id_datavault_tables_id_fk'[39m,
  file: [32m'ri_triggers.c'[39m,
  line: [32m'2599'[39m,
  routine: [32m'ri_ReportViolation'[39m
}

{"level":50,"time":1764874602419,"env":"test","userId":"google-user-id","path":"/api/datavault/tables/7d558998-987a-494f-bee3-e4d505c75465/permissions","msg":"User session missing tenantId - user may need to log out and log back in"}
[90mstdout[2m | tests/integration/datavault-v4-regression.test.ts[2m > [22m[2mDataVault v4 Regression Tests[2m > [22m[2mTable Permissions[2m > [22m[2mshould update table permission role
[22m[39mGrant permission catch block entered Error: Your account is not properly configured. Please log out and log back in to fix this issue.
    at getTenantId (C:/Users/scoot/poll/VaultLogic/server/routes/datavault.routes.ts:50:13)
    at C:/Users/scoot/poll/VaultLogic/server/routes/datavault.routes.ts:1137:24
    at Layer.handle [as handle_request] [90m(C:\Users\scoot\poll\VaultLogic\[39mnode_modules\[4mexpress[24m\lib\router\layer.js:95:5[90m)[39m
    at next [90m(C:\Users\scoot\poll\VaultLogic\[39mnode_modules\[4mexpress[24m\lib\router\route.js:149:13[90m)[39m
    at hybridAuth (C:/Users/scoot/poll/VaultLogic/server/middleware/auth.ts:187:7)
[90m    at processTicksAndRejections (node:internal/process/task_queues:103:5)[39m

{"level":50,"time":1764874602421,"env":"test","error":{},"msg":"Error granting table permission"}
[90mstdout[2m | tests/integration/datavault-v4-regression.test.ts[2m > [22m[2mDataVault v4 Regression Tests[2m > [22m[2mTable Permissions[2m > [22m[2mshould update table permission role
[22m[39mUpdate permission failed: {
  message: [32m'Your account is not properly configured. Please log out and log back in to fix this issue.'[39m
}

[90mstdout[2m | tests/integration/datavault-v4-regression.test.ts
[22m[39mâ‰¡Æ’Âºâ•£ Cleaning up test environment...

 [31mÎ“Â¥Â»[39m tests/integration/datavault-v4-regression.test.ts [2m([22m[2m23 tests[22m[2m | [22m[31m7 failed[39m[2m)[22m[33m 12157[2mms[22m[39m
       [33m[2mÎ“Â£Ã´[22m[39m should create a select column with options [33m 503[2mms[22m[39m
       [33m[2mÎ“Â£Ã´[22m[39m should create a multiselect column with options [33m 429[2mms[22m[39m
       [33m[2mÎ“Â£Ã´[22m[39m should validate select value against options [33m 1328[2mms[22m[39m
       [33m[2mÎ“Â£Ã´[22m[39m should validate multiselect values as array [33m 886[2mms[22m[39m
       [33m[2mÎ“Â£Ã´[22m[39m should create an autonumber column with sequence [33m 433[2mms[22m[39m
       [33m[2mÎ“Â£Ã´[22m[39m should format autonumber with prefix [33m 965[2mms[22m[39m
       [33m[2mÎ“Â£Ã´[22m[39m should create a note for a row [33m 431[2mms[22m[39m
       [33m[2mÎ“Â£Ã´[22m[39m should get all notes for a row [33m 840[2mms[22m[39m
       [33m[2mÎ“Â£Ã´[22m[39m should delete a note [33m 706[2mms[22m[39m
       [33m[2mÎ“Â£Ã´[22m[39m should not allow deleting notes by other users [33m 676[2mms[22m[39m
       [33m[2mÎ“Â£Ã´[22m[39m should create an API token [33m 358[2mms[22m[39m
       [32mÎ“Â£Ã´[39m should validate API token scopes[32m 188[2mms[22m[39m
       [33m[2mÎ“Â£Ã´[22m[39m should revoke (delete) an API token [33m 684[2mms[22m[39m
       [32mÎ“Â£Ã´[39m should deny access with expired token[32m 175[2mms[22m[39m
       [33m[2mÎ“Â£Ã´[22m[39m should grant table permission [33m 332[2mms[22m[39m
       [32mÎ“Â£Ã´[39m should list table permissions[32m 281[2mms[22m[39m
[31m       [31mâ”œÃ¹[31m should update table permission role[39m[33m 603[2mms[22m[39m
[31m       [31mâ”œÃ¹[31m should revoke table permission[39m[32m 85[2mms[22m[39m
[31m       [31mâ”œÃ¹[31m should enforce RBAC - only owners can manage permissions[39m[32m 229[2mms[22m[39m
[31m       [31mâ”œÃ¹[31m should paginate rows efficiently[39m[32m 237[2mms[22m[39m
[31m       [31mâ”œÃ¹[31m should return user-friendly error for invalid column type[39m[32m 211[2mms[22m[39m
[31m       [31mâ”œÃ¹[31m should return user-friendly error for missing required fields[39m[32m 226[2mms[22m[39m
[31m       [31mâ”œÃ¹[31m should handle network errors gracefully[39m[32m 238[2mms[22m[39m

Î“Ã„Â»Î“Ã„Â»Î“Ã„Â»Î“Ã„Â»Î“Ã„Â»Î“Ã„Â»Î“Ã„Â» Failed Tests 7 Î“Ã„Â»Î“Ã„Â»Î“Ã„Â»Î“Ã„Â»Î“Ã„Â»Î“Ã„Â»Î“Ã„Â»

 FAIL  tests/integration/datavault-v4-regression.test.ts > DataVault v4 Regression Tests > Table Permissions > should update table permission role
AssertionError: expected 500 to be 201 // Object.is equality

- Expected
+ Received

- 201
+ 500

 Î“Â¥Â» tests/integration/datavault-v4-regression.test.ts:713:37
    711|         console.log('Update permission failed:', updateResponse.body);
    712|       }
    713|       expect(updateResponse.status).toBe(201);
       |                                     ^
    714|       expect(updateResponse.body.role).toBe('write');
    715|     });

Î“Ã„Â»Î“Ã„Â»Î“Ã„Â»Î“Ã„Â»Î“Ã„Â»Î“Ã„Â»Î“Ã„Â»Î“Ã„Â»Î“Ã„Â»Î“Ã„Â»Î“Ã„Â»Î“Ã„Â»Î“Ã„Â»Î“Ã„Â»Î“Ã„Â»Î“Ã„Â»Î“Ã„Â»Î“Ã„Â»Î“Ã„Â»Î“Ã„Â»Î“Ã„Â»Î“Ã„Â»Î“Ã„Â»Î“Ã„Â»[1/7]Î“Ã„Â»

 FAIL  tests/integration/datavault-v4-regression.test.ts > DataVault v4 Regression Tests > Table Permissions > should revoke table permission
 FAIL  tests/integration/datavault-v4-regression.test.ts > DataVault v4 Regression Tests > Table Permissions > should enforce RBAC - only owners can manage permissions
 FAIL  tests/integration/datavault-v4-regression.test.ts > DataVault v4 Regression Tests > Grid Performance > should paginate rows efficiently
 FAIL  tests/integration/datavault-v4-regression.test.ts > DataVault v4 Regression Tests > Error Handling > should return user-friendly error for invalid column type
 FAIL  tests/integration/datavault-v4-regression.test.ts > DataVault v4 Regression Tests > Error Handling > should return user-friendly error for missing required fields
 FAIL  tests/integration/datavault-v4-regression.test.ts > DataVault v4 Regression Tests > Error Handling > should handle network errors gracefully
error: insert or update on table "datavault_tables" violates foreign key constraint "datavault_tables_owner_user_id_users_id_fk"
 Î“Â¥Â» node_modules/@neondatabase/serverless/index.mjs:1345:74
 Î“Â¥Â» NeonPreparedQuery.execute node_modules/drizzle-orm/neon-serverless/session.js:76:20
 Î“Â¥Â» tests/integration/datavault-v4-regression.test.ts:271:21

    269|     testDatabaseId = database.id;
    270| 
    271|     const [table] = await db.insert(datavaultTables).values({
       |                     ^
    272|       name: 'Test Table',
    273|       slug: 'test-table-' + uniqueSuffix,

Î“Ã„Â»Î“Ã„Â»Î“Ã„Â»Î“Ã„Â»Î“Ã„Â»Î“Ã„Â»Î“Ã„Â»Î“Ã„Â»Î“Ã„Â»Î“Ã„Â»Î“Ã„Â»Î“Ã„Â»Î“Ã„Â»Î“Ã„Â»Î“Ã„Â»Î“Ã„Â»Î“Ã„Â»Î“Ã„Â»Î“Ã„Â»Î“Ã„Â»Î“Ã„Â»Î“Ã„Â»Î“Ã„Â»Î“Ã„Â»[2/7]Î“Ã„Â»

[2m Test Files [22m [1m[31m1 failed[39m[22m[90m (1)[39m
[2m      Tests [22m [1m[31m7 failed[39m[22m[2m | [22m[1m[32m16 passed[39m[22m[90m (23)[39m
[2m   Start at [22m 12:56:13
[2m   Duration [22m 28.42s

[1m[41m FAIL [49m[22m [31mTests failed. Watching for file changes...[39m
       [2mpress [22m[1mh[22m[2m to show help[22m[2m, [22m[2mpress [22m[1mq[22m[2m to quit[22m
c[3J[1m[44m RERUN [49m[22m [34m[2mtests/setup.ts [22m[34mx7 [34m[39m
       [2m Filename pattern: [22m[34mtests/integration/datavault-v4-regression.test.ts[39m

[90mstdout[2m | tests/integration/datavault-v4-regression.test.ts
[22m[39m[dotenv@17.2.3] injecting env (13) from .env -- tip: â‰¡Æ’Ã¶Ã‰ prevent building .env in docker: https://dotenvx.com/prebuild

{"level":40,"time":1764874686697,"env":"test","module":"auth-service","msg":"JWT_SECRET not set - falling back to SESSION_SECRET. This is acceptable for development but should be fixed for production."}
{"level":30,"time":1764874692405,"env":"test","multerImportKeys":["diskStorage","memoryStorage","MulterError"],"multerInstanceKeys":["diskStorage","memoryStorage","MulterError"],"multerInstanceType":"function","uploadKeys":["storage","limits","preservePath","fileFilter"],"uploadType":"object","uploadPrototype":{},"msg":"Debug Multer Import"}
[90mstdout[2m | tests/integration/datavault-v4-regression.test.ts
[22m[39mâ‰¡Æ’ÂºÂ¬ Setting up test environment...

[90mstdout[2m | tests/integration/datavault-v4-regression.test.ts
[22m[39mÎ“Â£Ã  Database initialized for tests

{"level":30,"time":1764874698120,"env":"test","module":"file-routes","outputsDir":"C:\\Users\\scoot\\poll\\VaultLogic\\server\\files\\outputs","msg":"Secure file routes registered"}
{"level":30,"time":1764874698120,"env":"test","module":"ai-routes","msg":"AI workflow generation routes registered"}
{"level":30,"time":1764874698132,"env":"test","module":"collab-server","msg":"Initializing WebSocket collaboration server"}
{"level":40,"time":1764874698132,"env":"test","module":"collab-persistence","msg":"REDIS_URL not configured, multi-instance collab will not work"}
{"level":30,"time":1764874698132,"env":"test","module":"collab-server","msg":"WebSocket collaboration server initialized"}
{"level":30,"time":1764874698132,"env":"test","module":"routes","msg":"Real-time collaboration server initialized"}
{"level":30,"time":1764874698593,"env":"test","module":"auth","hasToken":true,"origin":"http://localhost:5000","ip":"::ffff:127.0.0.1","msg":"OAuth2 login attempt"}
{"level":30,"time":1764874698594,"env":"test","module":"auth","email":"testuser@example.com","msg":"Token verified successfully"}
{"level":30,"time":1764874698640,"env":"test","module":"auth","userId":"google-user-id","msg":"User upserted successfully"}
{"level":30,"time":1764874698736,"env":"test","module":"auth","email":"testuser@example.com","msg":"OAuth2 login successful"}
[90mstdout[2m | tests/integration/datavault-v4-regression.test.ts[2m > [22m[2mDataVault v4 Regression Tests
[22m[39mLogin Status: [33m200[39m
Login Body: {
  "message": "Authentication successful",
  "token": "eyJhbGciOiJIUzI1NiIsInR5cCI6IkpXVCJ9.eyJ1c2VySWQiOiJnb29nbGUtdXNlci1pZCIsImVtYWlsIjoidGVzdHVzZXJAZXhhbXBsZS5jb20iLCJ0ZW5hbnRJZCI6ImYxZWFiNjJlLWYyYmQtNGQwNy1hOGVhLTI2NzU5NDMyMThhNCIsInJvbGUiOiJvd25lciIsImlhdCI6MTc2NDg3NDY5OCwiZXhwIjoxNzY1NDc5NDk4fQ.cC2ekRHezNpXSZc4pZIa8D-2yu5AqDFArFCup8cHHFA",
  "user": {
    "id": "google-user-id",
    "email": "testuser@example.com",
    "firstName": "Test",
    "lastName": "User",
    "profileImageUrl": "https://example.com/avatar.jpg",
    "tenantId": "f1eab62e-f2bd-4d07-a8ea-2675943218a4",
    "tenantRole": "owner"
  }
}

{"level":30,"time":1764874698755,"env":"test","module":"auth","hasToken":true,"origin":"http://localhost:5000","ip":"::ffff:127.0.0.1","msg":"OAuth2 login attempt"}
{"level":30,"time":1764874698756,"env":"test","module":"auth","email":"other@example.com","msg":"Token verified successfully"}
{"level":30,"time":1764874698805,"env":"test","module":"auth","userId":"other-user-id","msg":"User upserted successfully"}
{"level":30,"time":1764874698888,"env":"test","module":"auth","email":"other@example.com","msg":"OAuth2 login successful"}
{"level":50,"time":1764874700867,"env":"test","error":{},"msg":"Error creating DataVault row"}
[90mstdout[2m | tests/integration/datavault-v4-regression.test.ts[2m > [22m[2mDataVault v4 Regression Tests[2m > [22m[2mSelect/Multiselect Columns[2m > [22m[2mshould validate select value against options
[22m[39mRow creation error message: Column 'Status' value must be one of: active, inactive

[90mstdout[2m | tests/integration/datavault-v4-regression.test.ts[2m > [22m[2mDataVault v4 Regression Tests[2m > [22m[2mRow Notes[2m > [22m[2mshould create a note for a row
[22m[39mCreated note: 0bcf73c2-3bf5-46a7-8029-f424f4fd5cf2 tenantId: f1eab62e-f2bd-4d07-a8ea-2675943218a4 userId: google-user-id

[90mstdout[2m | tests/integration/datavault-v4-regression.test.ts[2m > [22m[2mDataVault v4 Regression Tests[2m > [22m[2mRow Notes[2m > [22m[2mshould get all notes for a row
[22m[39mCreated note: 49fb2d48-af2e-49a5-a7a8-a8c84e815d35 tenantId: f1eab62e-f2bd-4d07-a8ea-2675943218a4 userId: google-user-id

[90mstdout[2m | tests/integration/datavault-v4-regression.test.ts[2m > [22m[2mDataVault v4 Regression Tests[2m > [22m[2mRow Notes[2m > [22m[2mshould get all notes for a row
[22m[39mCreated note: 62a9e21e-1b42-4ac8-a1e4-6ad674de744b tenantId: f1eab62e-f2bd-4d07-a8ea-2675943218a4 userId: google-user-id

[90mstdout[2m | tests/integration/datavault-v4-regression.test.ts[2m > [22m[2mDataVault v4 Regression Tests[2m > [22m[2mRow Notes[2m > [22m[2mshould delete a note
[22m[39mCreated note: f81bdaa2-046f-41ee-968c-c47aabdfdb79 tenantId: f1eab62e-f2bd-4d07-a8ea-2675943218a4 userId: google-user-id

[90mstdout[2m | tests/integration/datavault-v4-regression.test.ts[2m > [22m[2mDataVault v4 Regression Tests[2m > [22m[2mRow Notes[2m > [22m[2mshould not allow deleting notes by other users
[22m[39mCreated note: c72aaf2b-a7f7-4005-a96e-4a31ab6cb816 tenantId: f1eab62e-f2bd-4d07-a8ea-2675943218a4 userId: google-user-id

{"level":50,"time":1764874705539,"env":"test","error":{},"msg":"Error deleting row note"}
{"level":40,"time":1764874706719,"env":"test","module":"auth-middleware","path":"/datavault/databases/a94acbc7-01a6-4bc2-ac72-35b3e2bce849/tables","msg":"No valid authentication found"}
[90mstdout[2m | tests/integration/datavault-v4-regression.test.ts[2m > [22m[2mDataVault v4 Regression Tests[2m > [22m[2mTable Permissions[2m > [22m[2mshould grant table permission
[22m[39mupsert result: {"id":"88ed7690-a237-4cc7-9818-bbc444a8db80","tableId":"35296948-26a3-4746-8785-4589bf85d38a","userId":"other-user-id","role":"read","createdAt":"2025-12-04T18:58:28.499Z"}

[90mstdout[2m | tests/integration/datavault-v4-regression.test.ts[2m > [22m[2mDataVault v4 Regression Tests[2m > [22m[2mTable Permissions[2m > [22m[2mshould grant table permission
[22m[39mGrant permission success, sending 201. Permission: {"id":"88ed7690-a237-4cc7-9818-bbc444a8db80","tableId":"35296948-26a3-4746-8785-4589bf85d38a","userId":"other-user-id","role":"read","createdAt":"2025-12-04T18:58:28.499Z"}

[90mstdout[2m | tests/integration/datavault-v4-regression.test.ts[2m > [22m[2mDataVault v4 Regression Tests[2m > [22m[2mTable Permissions[2m > [22m[2mshould update table permission role
[22m[39mupsert result: {"id":"599abf24-b874-468e-a5df-b0327b83edc1","tableId":"6ec6b82e-8d3f-4131-a1d8-8683e701af67","userId":"other-user-id","role":"read","createdAt":"2025-12-04T18:58:29.064Z"}

[90mstdout[2m | tests/integration/datavault-v4-regression.test.ts[2m > [22m[2mDataVault v4 Regression Tests[2m > [22m[2mTable Permissions[2m > [22m[2mshould update table permission role
[22m[39mGrant permission success, sending 201. Permission: {"id":"599abf24-b874-468e-a5df-b0327b83edc1","tableId":"6ec6b82e-8d3f-4131-a1d8-8683e701af67","userId":"other-user-id","role":"read","createdAt":"2025-12-04T18:58:29.064Z"}

{"level":50,"time":1764874707817,"env":"test","error":{"length":415,"name":"error","severity":"ERROR","code":"23503","detail":"Key (table_id)=(6ec6b82e-8d3f-4131-a1d8-8683e701af67) is not present in table \"datavault_tables\".","schema":"public","table":"datavault_table_permissions","constraint":"datavault_table_permissions_table_id_datavault_tables_id_fk","file":"ri_triggers.c","line":"2599","routine":"ri_ReportViolation"},"msg":"Error granting table permission"}
[90mstdout[2m | tests/integration/datavault-v4-regression.test.ts[2m > [22m[2mDataVault v4 Regression Tests[2m > [22m[2mTable Permissions[2m > [22m[2mshould update table permission role
[22m[39mGrant permission catch block entered error: insert or update on table "datavault_table_permissions" violates foreign key constraint "datavault_table_permissions_table_id_datavault_tables_id_fk"
    at [90mfile:///C:/Users/scoot/poll/VaultLogic/[39mnode_modules/[4m@neondatabase/serverless[24m/index.mjs:1345:74
[90m    at processTicksAndRejections (node:internal/process/task_queues:103:5)[39m
    at NeonPreparedQuery.execute [90m(file:///C:/Users/scoot/poll/VaultLogic/[39mnode_modules/[4mdrizzle-orm[24m/neon-serverless/session.js:76:20[90m)[39m
    at DatavaultTablePermissionsRepository.upsert (C:/Users/scoot/poll/VaultLogic/server/repositories/DatavaultTablePermissionsRepository.ts:76:26)
    at DatavaultTablePermissionsService.grantPermission (C:/Users/scoot/poll/VaultLogic/server/services/DatavaultTablePermissionsService.ts:151:20)
    at C:/Users/scoot/poll/VaultLogic/server/routes/datavault.routes.ts:1155:26 {
  length: [33m415[39m,
  severity: [32m'ERROR'[39m,
  code: [32m'23503'[39m,
  detail: [32m'Key (table_id)=(6ec6b82e-8d3f-4131-a1d8-8683e701af67) is not present in table "datavault_tables".'[39m,
  hint: [90mundefined[39m,
  position: [90mundefined[39m,
  internalPosition: [90mundefined[39m,
  internalQuery: [90mundefined[39m,
  where: [90mundefined[39m,
  schema: [32m'public'[39m,
  table: [32m'datavault_table_permissions'[39m,
  column: [90mundefined[39m,
  dataType: [90mundefined[39m,
  constraint: [32m'datavault_table_permissions_table_id_datavault_tables_id_fk'[39m,
  file: [32m'ri_triggers.c'[39m,
  line: [32m'2599'[39m,
  routine: [32m'ri_ReportViolation'[39m
}

[90mstdout[2m | tests/integration/datavault-v4-regression.test.ts[2m > [22m[2mDataVault v4 Regression Tests[2m > [22m[2mTable Permissions[2m > [22m[2mshould update table permission role
[22m[39mUpdate permission failed: {
  message: [32m'insert or update on table "datavault_table_permissions" violates foreign key constraint "datavault_table_permissions_table_id_datavault_tables_id_fk"'[39m
}

[90mstdout[2m | tests/integration/datavault-v4-regression.test.ts
[22m[39mâ‰¡Æ’Âºâ•£ Cleaning up test environment...

 [31mÎ“Â¥Â»[39m tests/integration/datavault-v4-regression.test.ts [2m([22m[2m23 tests[22m[2m | [22m[31m7 failed[39m[2m)[22m[33m 11211[2mms[22m[39m
       [33m[2mÎ“Â£Ã´[22m[39m should create a select column with options [33m 419[2mms[22m[39m
       [33m[2mÎ“Â£Ã´[22m[39m should create a multiselect column with options [33m 406[2mms[22m[39m
       [33m[2mÎ“Â£Ã´[22m[39m should validate select value against options [33m 1154[2mms[22m[39m
       [33m[2mÎ“Â£Ã´[22m[39m should validate multiselect values as array [33m 826[2mms[22m[39m
       [33m[2mÎ“Â£Ã´[22m[39m should create an autonumber column with sequence [33m 397[2mms[22m[39m
       [33m[2mÎ“Â£Ã´[22m[39m should format autonumber with prefix [33m 935[2mms[22m[39m
       [33m[2mÎ“Â£Ã´[22m[39m should create a note for a row [33m 363[2mms[22m[39m
       [33m[2mÎ“Â£Ã´[22m[39m should get all notes for a row [33m 822[2mms[22m[39m
       [33m[2mÎ“Â£Ã´[22m[39m should delete a note [33m 716[2mms[22m[39m
       [33m[2mÎ“Â£Ã´[22m[39m should not allow deleting notes by other users [33m 611[2mms[22m[39m
       [33m[2mÎ“Â£Ã´[22m[39m should create an API token [33m 301[2mms[22m[39m
       [32mÎ“Â£Ã´[39m should validate API token scopes[32m 183[2mms[22m[39m
       [33m[2mÎ“Â£Ã´[22m[39m should revoke (delete) an API token [33m 562[2mms[22m[39m
       [32mÎ“Â£Ã´[39m should deny access with expired token[32m 132[2mms[22m[39m
       [33m[2mÎ“Â£Ã´[22m[39m should grant table permission [33m 301[2mms[22m[39m
       [32mÎ“Â£Ã´[39m should list table permissions[32m 257[2mms[22m[39m
[31m       [31mâ”œÃ¹[31m should update table permission role[39m[33m 544[2mms[22m[39m
[31m       [31mâ”œÃ¹[31m should revoke table permission[39m[32m 216[2mms[22m[39m
[31m       [31mâ”œÃ¹[31m should enforce RBAC - only owners can manage permissions[39m[32m 228[2mms[22m[39m
[31m       [31mâ”œÃ¹[31m should paginate rows efficiently[39m[32m 202[2mms[22m[39m
[31m       [31mâ”œÃ¹[31m should return user-friendly error for invalid column type[39m[32m 222[2mms[22m[39m
[31m       [31mâ”œÃ¹[31m should return user-friendly error for missing required fields[39m[32m 222[2mms[22m[39m
[31m       [31mâ”œÃ¹[31m should handle network errors gracefully[39m[32m 239[2mms[22m[39m

Î“Ã„Â»Î“Ã„Â»Î“Ã„Â»Î“Ã„Â»Î“Ã„Â»Î“Ã„Â»Î“Ã„Â» Failed Tests 7 Î“Ã„Â»Î“Ã„Â»Î“Ã„Â»Î“Ã„Â»Î“Ã„Â»Î“Ã„Â»Î“Ã„Â»

 FAIL  tests/integration/datavault-v4-regression.test.ts > DataVault v4 Regression Tests > Table Permissions > should update table permission role
AssertionError: expected 500 to be 201 // Object.is equality

- Expected
+ Received

- 201
+ 500

 Î“Â¥Â» tests/integration/datavault-v4-regression.test.ts:713:37
    711|         console.log('Update permission failed:', updateResponse.body);
    712|       }
    713|       expect(updateResponse.status).toBe(201);
       |                                     ^
    714|       expect(updateResponse.body.role).toBe('write');
    715|     });

Î“Ã„Â»Î“Ã„Â»Î“Ã„Â»Î“Ã„Â»Î“Ã„Â»Î“Ã„Â»Î“Ã„Â»Î“Ã„Â»Î“Ã„Â»Î“Ã„Â»Î“Ã„Â»Î“Ã„Â»Î“Ã„Â»Î“Ã„Â»Î“Ã„Â»Î“Ã„Â»Î“Ã„Â»Î“Ã„Â»Î“Ã„Â»Î“Ã„Â»Î“Ã„Â»Î“Ã„Â»Î“Ã„Â»Î“Ã„Â»[1/7]Î“Ã„Â»

 FAIL  tests/integration/datavault-v4-regression.test.ts > DataVault v4 Regression Tests > Table Permissions > should revoke table permission
 FAIL  tests/integration/datavault-v4-regression.test.ts > DataVault v4 Regression Tests > Table Permissions > should enforce RBAC - only owners can manage permissions
 FAIL  tests/integration/datavault-v4-regression.test.ts > DataVault v4 Regression Tests > Grid Performance > should paginate rows efficiently
 FAIL  tests/integration/datavault-v4-regression.test.ts > DataVault v4 Regression Tests > Error Handling > should return user-friendly error for invalid column type
 FAIL  tests/integration/datavault-v4-regression.test.ts > DataVault v4 Regression Tests > Error Handling > should return user-friendly error for missing required fields
 FAIL  tests/integration/datavault-v4-regression.test.ts > DataVault v4 Regression Tests > Error Handling > should handle network errors gracefully
error: insert or update on table "datavault_tables" violates foreign key constraint "datavault_tables_owner_user_id_users_id_fk"
 Î“Â¥Â» node_modules/@neondatabase/serverless/index.mjs:1345:74
 Î“Â¥Â» NeonPreparedQuery.execute node_modules/drizzle-orm/neon-serverless/session.js:76:20
 Î“Â¥Â» tests/integration/datavault-v4-regression.test.ts:271:21
    269|     testDatabaseId = database.id;
    270| 
    271|     const [table] = await db.insert(datavaultTables).values({
       |                     ^
    272|       name: 'Test Table',
    273|       slug: 'test-table-' + uniqueSuffix,

Î“Ã„Â»Î“Ã„Â»Î“Ã„Â»Î“Ã„Â»Î“Ã„Â»Î“Ã„Â»Î“Ã„Â»Î“Ã„Â»Î“Ã„Â»Î“Ã„Â»Î“Ã„Â»Î“Ã„Â»Î“Ã„Â»Î“Ã„Â»Î“Ã„Â»Î“Ã„Â»Î“Ã„Â»Î“Ã„Â»Î“Ã„Â»Î“Ã„Â»Î“Ã„Â»Î“Ã„Â»Î“Ã„Â»Î“Ã„Â»[2/7]Î“Ã„Â»


[2m Test Files [22m [1m[31m1 failed[39m[22m[90m (1)[39m
[2m      Tests [22m [1m[31m7 failed[39m[22m[2m | [22m[1m[32m16 passed[39m[22m[90m (23)[39m
[2m   Start at [22m 12:57:58
[2m   Duration [22m 28.94s

[1m[41m FAIL [49m[22m [31mTests failed. Watching for file changes...[39m
       [2mpress [22m[1mh[22m[2m to show help[22m[2m, [22m[2mpress [22m[1mq[22m[2m to quit[22m
