
> vault-logic@1.0.0 check
> tsc

client/src/components/builder/final/FinalDocumentsSectionEditor.tsx(208,33): error TS7006: Parameter 'template' implicitly has an 'any' type.
client/src/components/builder/SidebarTree.tsx(67,7): error TS2353: Object literal may only specify known properties, and 'config' does not exist in type '{ workflowId: string; title: string; description?: string | undefined; order: number; }'.
client/src/components/builder/tabs/SnapshotsTab.tsx(22,8): error TS2459: Module '"@/lib/vault-hooks"' declares 'ApiSnapshot' locally, but it is not exported.
client/src/components/datavault/AddRowButton.tsx(116,12): error TS2678: Type '"yes_no"' is not comparable to type '"number" | "boolean" | "json" | "date" | "email" | "select" | "text" | "url" | "datetime" | "phone" | "autonumber" | "reference" | "multiselect"'.
client/src/components/datavault/ColumnManager.tsx(125,7): error TS2322: Type 'unknown' is not assignable to type 'SelectOption[] | null | undefined'.
client/src/components/datavault/ColumnManager.tsx(129,26): error TS2345: Argument of type '{}' is not assignable to parameter of type 'SetStateAction<SelectOption[]>'.
client/src/components/datavault/DatabaseApiTokens.tsx(216,47): error TS2769: No overload matches this call.
  Overload 1 of 4, '(value: string | number | Date): Date', gave the following error.
    Argument of type 'Date | null' is not assignable to parameter of type 'string | number | Date'.
      Type 'null' is not assignable to type 'string | number | Date'.
  Overload 2 of 4, '(value: string | number): Date', gave the following error.
    Argument of type 'Date | null' is not assignable to parameter of type 'string | number'.
      Type 'null' is not assignable to type 'string | number'.
client/src/components/datavault/EditableCell.tsx(96,12): error TS2678: Type '"yes_no"' is not comparable to type '"number" | "boolean" | "json" | "date" | "email" | "select" | "text" | "url" | "datetime" | "phone" | "auto_number" | "autonumber" | "reference" | "multiselect"'.
client/src/components/datavault/EditableCell.tsx(118,37): error TS2367: This comparison appears to be unintentional because the types '"number" | "json" | "date" | "email" | "select" | "text" | "url" | "datetime" | "phone" | "auto_number" | "autonumber" | "reference" | "multiselect"' and '"yes_no"' have no overlap.
client/src/components/datavault/NoteItem.tsx(52,40): error TS2769: No overload matches this call.
  Overload 1 of 4, '(value: string | number | Date): Date', gave the following error.
    Argument of type 'Date | null' is not assignable to parameter of type 'string | number | Date'.
      Type 'null' is not assignable to type 'string | number | Date'.
  Overload 2 of 4, '(value: string | number): Date', gave the following error.
    Argument of type 'Date | null' is not assignable to parameter of type 'string | number'.
      Type 'null' is not assignable to type 'string | number'.
client/src/components/datavault/NoteItem.tsx(53,53): error TS2769: No overload matches this call.
  Overload 1 of 4, '(value: string | number | Date): Date', gave the following error.
    Argument of type 'Date | null' is not assignable to parameter of type 'string | number | Date'.
      Type 'null' is not assignable to type 'string | number | Date'.
  Overload 2 of 4, '(value: string | number): Date', gave the following error.
    Argument of type 'Date | null' is not assignable to parameter of type 'string | number'.
      Type 'null' is not assignable to type 'string | number'.
client/src/components/runner/sections/FinalDocumentsSection.tsx(66,25): error TS2339: Property 'length' does not exist on type 'Query<GeneratedDocument[], Error, GeneratedDocument[], string[]>'.
client/src/hooks/useBatchReferences.ts(49,41): error TS2345: Argument of type '{ tableId: string; rowIds: string[]; displayColumnSlug: string | null; }[]' is not assignable to parameter of type '{ tableId: string; rowIds: string[]; displayColumnSlug?: string | undefined; }[]'.
  Type '{ tableId: string; rowIds: string[]; displayColumnSlug: string | null; }' is not assignable to type '{ tableId: string; rowIds: string[]; displayColumnSlug?: string | undefined; }'.
    Types of property 'displayColumnSlug' are incompatible.
      Type 'string | null' is not assignable to type 'string | undefined'.
        Type 'null' is not assignable to type 'string | undefined'.
client/src/pages/datavault/[databaseId].tsx(468,9): error TS2322: Type '{ open: boolean; onOpenChange: Dispatch<SetStateAction<boolean>>; onSubmit: (data: { name: string; description?: string | undefined; slug?: string | undefined; }) => Promise<...>; isLoading: boolean; defaultDatabaseId: string; }' is not assignable to type 'IntrinsicAttributes & CreateTableModalProps'.
  Property 'defaultDatabaseId' does not exist on type 'IntrinsicAttributes & CreateTableModalProps'.
client/src/pages/datavault/[tableId].tsx(357,9): error TS2353: Object literal may only specify known properties, and 'widthPx' does not exist in type '{ columnId: string; tableId: string; } & Partial<{ name: string; slug: string; required: boolean; orderIndex: number; }>'.
client/src/pages/PreviewRunner.tsx(445,13): error TS2322: Type 'ApiStep[]' is not assignable to type 'Step[]'.
  Type 'ApiStep' is not assignable to type 'Step'.
    Types of property 'alias' are incompatible.
      Type 'string | null' is not assignable to type 'string | undefined'.
        Type 'null' is not assignable to type 'string | undefined'.
client/src/pages/PreviewRunner.tsx(576,63): error TS2345: Argument of type 'ApiStep[]' is not assignable to parameter of type '{ options: unknown; id: string; createdAt: Date | null; updatedAt: Date | null; description: string | null; title: string; type: "radio" | "short_text" | "long_text" | "multiple_choice" | ... 7 more ... | "final_documents"; ... 7 more ...; repeaterConfig: unknown; }[]'.
  Type 'ApiStep' is not assignable to type '{ options: unknown; id: string; createdAt: Date | null; updatedAt: Date | null; description: string | null; title: string; type: "radio" | "short_text" | "long_text" | "multiple_choice" | ... 7 more ... | "final_documents"; ... 7 more ...; repeaterConfig: unknown; }'.
    Types of property 'createdAt' are incompatible.
      Type 'string' is not assignable to type 'Date'.
client/src/pages/WorkflowRunner.tsx(516,63): error TS2345: Argument of type 'ApiStep[] | undefined' is not assignable to parameter of type '{ options: unknown; id: string; createdAt: Date | null; updatedAt: Date | null; description: string | null; title: string; type: "radio" | "short_text" | "long_text" | "multiple_choice" | ... 7 more ... | "final_documents"; ... 7 more ...; repeaterConfig: unknown; }[] | undefined'.
  Type 'ApiStep[]' is not assignable to type '{ options: unknown; id: string; createdAt: Date | null; updatedAt: Date | null; description: string | null; title: string; type: "radio" | "short_text" | "long_text" | "multiple_choice" | ... 7 more ... | "final_documents"; ... 7 more ...; repeaterConfig: unknown; }[]'.
    Type 'ApiStep' is not assignable to type '{ options: unknown; id: string; createdAt: Date | null; updatedAt: Date | null; description: string | null; title: string; type: "radio" | "short_text" | "long_text" | "multiple_choice" | ... 7 more ... | "final_documents"; ... 7 more ...; repeaterConfig: unknown; }'.
      Types of property 'createdAt' are incompatible.
        Type 'string' is not assignable to type 'Date'.
server/api/workflows.ts(404,13): error TS2322: Type '"open"' is not assignable to type 'SQL<unknown> | PgColumn<ColumnBaseConfig<ColumnDataType, string>, {}, {}> | "draft" | "active" | "archived" | undefined'.
server/repositories/DatavaultApiTokensRepository.ts(68,16): error TS2769: No overload matches this call.
  Overload 1 of 3, '(left: Column<ColumnBaseConfig<ColumnDataType, string>, object, object>, right: unknown): SQL<unknown>', gave the following error.
    Argument of type 'Date' is not assignable to parameter of type 'Column<ColumnBaseConfig<ColumnDataType, string>, object, object>'.
      Type 'Date' is missing the following properties from type 'Column<ColumnBaseConfig<ColumnDataType, string>, object, object>': table, _, name, keyAsName, and 19 more.
  Overload 2 of 3, '(left: Aliased<PgColumn<{ name: "expires_at"; tableName: "datavault_api_tokens"; dataType: "date"; columnType: "PgTimestamp"; data: Date; driverParam: string; notNull: false; hasDefault: false; isPrimaryKey: false; ... 5 more ...; generated: undefined; }, {}, {}>>, right: SQLWrapper | PgColumn<...>): SQL<...>', gave the following error.
    Argument of type 'Date' is not assignable to parameter of type 'Aliased<PgColumn<{ name: "expires_at"; tableName: "datavault_api_tokens"; dataType: "date"; columnType: "PgTimestamp"; data: Date; driverParam: string; notNull: false; hasDefault: false; isPrimaryKey: false; ... 5 more ...; generated: undefined; }, {}, {}>>'.
      Type 'Date' is missing the following properties from type 'Aliased<PgColumn<{ name: "expires_at"; tableName: "datavault_api_tokens"; dataType: "date"; columnType: "PgTimestamp"; data: Date; driverParam: string; notNull: false; hasDefault: false; isPrimaryKey: false; ... 5 more ...; generated: undefined; }, {}, {}>>': sql, fieldAlias, _, getSQL
  Overload 3 of 3, '(left: SQLWrapper, right: unknown): SQL<unknown>', gave the following error.
    Argument of type 'Date' is not assignable to parameter of type 'SQLWrapper'.
      Property 'getSQL' is missing in type 'Date' but required in type 'SQLWrapper'.
server/repositories/DatavaultRowsRepository.ts(282,27): error TS2347: Untyped function calls may not accept type arguments.
server/repositories/DatavaultRowsRepository.ts(290,24): error TS7006: Parameter 'r' implicitly has an 'any' type.
server/repositories/DatavaultRowsRepository.ts(331,18): error TS7006: Parameter 'row' implicitly has an 'any' type.
server/repositories/DatavaultRowsRepository.ts(389,28): error TS2347: Untyped function calls may not accept type arguments.
server/repositories/DatavaultRowsRepository.ts(426,26): error TS2347: Untyped function calls may not accept type arguments.
server/repositories/DatavaultRowsRepository.ts(533,40): error TS7006: Parameter 'acc' implicitly has an 'any' type.
server/repositories/DatavaultRowsRepository.ts(533,45): error TS7006: Parameter 'value' implicitly has an 'any' type.
server/repositories/DatavaultRowsRepository.ts(542,18): error TS7006: Parameter 'row' implicitly has an 'any' type.
server/repositories/StepRepository.ts(122,23): error TS7006: Parameter 'row' implicitly has an 'any' type.
server/routes.ts(16,7): error TS2687: All declarations of 'claims' must have identical modifiers.
server/routes/sections.routes.ts(30,7): error TS2322: Type 'Response<any, Record<string, any>>' is not assignable to type 'void'.
server/routes/steps.routes.ts(31,7): error TS2322: Type 'Response<any, Record<string, any>>' is not assignable to type 'void'.
server/routes/steps.routes.ts(36,7): error TS2322: Type 'Response<any, Record<string, any>>' is not assignable to type 'void'.
server/routes/steps.routes.ts(65,7): error TS2322: Type 'Response<any, Record<string, any>>' is not assignable to type 'void'.
server/services/DatavaultApiTokensService.ts(33,68): error TS2554: Expected 1 arguments, but got 2.
server/services/DatavaultRowNotesService.ts(143,33): error TS2339: Property 'createdBy' does not exist on type '{ name: string; id: string; createdAt: Date | null; updatedAt: Date | null; tenantId: string; description: string | null; slug: string; ownerUserId: string | null; databaseId: string | null; }'.
server/services/DatavaultRowsService.ts(277,40): error TS7006: Parameter 'newTx' implicitly has an 'any' type.
server/services/DatavaultRowsService.ts(382,40): error TS7006: Parameter 'newTx' implicitly has an 'any' type.
server/services/DatavaultRowsService.ts(446,40): error TS7006: Parameter 'newTx' implicitly has an 'any' type.
server/services/SnapshotService.ts(43,5): error TS2322: Type '{ name: string; id: string; createdAt: Date | null; updatedAt: Date | null; values: unknown; workflowId: string; } | undefined' is not assignable to type '{ name: string; id: string; createdAt: Date | null; updatedAt: Date | null; values: unknown; workflowId: string; } | null'.
  Type 'undefined' is not assignable to type '{ name: string; id: string; createdAt: Date | null; updatedAt: Date | null; values: unknown; workflowId: string; } | null'.
