
> vault-logic@1.0.0 check
> tsc

client/src/components/builder/final/FinalDocumentsSectionEditor.tsx(208,33): error TS7006: Parameter 'template' implicitly has an 'any' type.
client/src/components/builder/SidebarTree.tsx(67,7): error TS2353: Object literal may only specify known properties, and 'config' does not exist in type '{ workflowId: string; title: string; description?: string | undefined; order: number; }'.
client/src/components/builder/tabs/SnapshotsTab.tsx(22,8): error TS2459: Module '"@/lib/vault-hooks"' declares 'ApiSnapshot' locally, but it is not exported.
client/src/components/datavault/AddRowButton.tsx(116,12): error TS2678: Type '"yes_no"' is not comparable to type '"number" | "boolean" | "json" | "date" | "email" | "select" | "text" | "datetime" | "phone" | "url" | "autonumber" | "reference" | "multiselect"'.
client/src/components/datavault/ColumnManager.tsx(125,7): error TS2322: Type 'unknown' is not assignable to type 'SelectOption[] | null | undefined'.
client/src/components/datavault/ColumnManager.tsx(129,26): error TS2345: Argument of type '{}' is not assignable to parameter of type 'SetStateAction<SelectOption[]>'.
client/src/components/datavault/DatabaseApiTokens.tsx(216,47): error TS2769: No overload matches this call.
  Overload 1 of 4, '(value: string | number | Date): Date', gave the following error.
    Argument of type 'Date | null' is not assignable to parameter of type 'string | number | Date'.
      Type 'null' is not assignable to type 'string | number | Date'.
  Overload 2 of 4, '(value: string | number): Date', gave the following error.
    Argument of type 'Date | null' is not assignable to parameter of type 'string | number'.
      Type 'null' is not assignable to type 'string | number'.
client/src/components/datavault/EditableCell.tsx(96,12): error TS2678: Type '"yes_no"' is not comparable to type '"number" | "boolean" | "json" | "date" | "email" | "select" | "text" | "datetime" | "phone" | "url" | "auto_number" | "autonumber" | "reference" | "multiselect"'.
client/src/components/datavault/EditableCell.tsx(118,37): error TS2367: This comparison appears to be unintentional because the types '"number" | "json" | "date" | "email" | "select" | "text" | "datetime" | "phone" | "url" | "auto_number" | "autonumber" | "reference" | "multiselect"' and '"yes_no"' have no overlap.
client/src/components/datavault/NoteItem.tsx(52,40): error TS2769: No overload matches this call.
  Overload 1 of 4, '(value: string | number | Date): Date', gave the following error.
    Argument of type 'Date | null' is not assignable to parameter of type 'string | number | Date'.
      Type 'null' is not assignable to type 'string | number | Date'.
  Overload 2 of 4, '(value: string | number): Date', gave the following error.
    Argument of type 'Date | null' is not assignable to parameter of type 'string | number'.
      Type 'null' is not assignable to type 'string | number'.
client/src/components/datavault/NoteItem.tsx(53,53): error TS2769: No overload matches this call.
  Overload 1 of 4, '(value: string | number | Date): Date', gave the following error.
    Argument of type 'Date | null' is not assignable to parameter of type 'string | number | Date'.
      Type 'null' is not assignable to type 'string | number | Date'.
  Overload 2 of 4, '(value: string | number): Date', gave the following error.
    Argument of type 'Date | null' is not assignable to parameter of type 'string | number'.
      Type 'null' is not assignable to type 'string | number'.
client/src/components/runner/sections/FinalDocumentsSection.tsx(66,25): error TS2339: Property 'length' does not exist on type 'Query<GeneratedDocument[], Error, GeneratedDocument[], string[]>'.
client/src/hooks/useBatchReferences.ts(49,41): error TS2345: Argument of type '{ tableId: string; rowIds: string[]; displayColumnSlug: string | null; }[]' is not assignable to parameter of type '{ tableId: string; rowIds: string[]; displayColumnSlug?: string | undefined; }[]'.
  Type '{ tableId: string; rowIds: string[]; displayColumnSlug: string | null; }' is not assignable to type '{ tableId: string; rowIds: string[]; displayColumnSlug?: string | undefined; }'.
    Types of property 'displayColumnSlug' are incompatible.
      Type 'string | null' is not assignable to type 'string | undefined'.
        Type 'null' is not assignable to type 'string | undefined'.
client/src/pages/datavault/[databaseId].tsx(468,9): error TS2322: Type '{ open: boolean; onOpenChange: Dispatch<SetStateAction<boolean>>; onSubmit: (data: { name: string; description?: string | undefined; slug?: string | undefined; }) => Promise<...>; isLoading: boolean; defaultDatabaseId: string; }' is not assignable to type 'IntrinsicAttributes & CreateTableModalProps'.
  Property 'defaultDatabaseId' does not exist on type 'IntrinsicAttributes & CreateTableModalProps'.
client/src/pages/datavault/[tableId].tsx(357,9): error TS2353: Object literal may only specify known properties, and 'widthPx' does not exist in type '{ columnId: string; tableId: string; } & Partial<{ name: string; slug: string; required: boolean; orderIndex: number; }>'.
client/src/pages/PreviewRunner.tsx(445,13): error TS2322: Type 'ApiStep[]' is not assignable to type 'Step[]'.
  Type 'ApiStep' is not assignable to type 'Step'.
    Types of property 'alias' are incompatible.
      Type 'string | null' is not assignable to type 'string | undefined'.
        Type 'null' is not assignable to type 'string | undefined'.
client/src/pages/PreviewRunner.tsx(576,63): error TS2345: Argument of type 'ApiStep[]' is not assignable to parameter of type '{ id: string; createdAt: Date | null; updatedAt: Date | null; description: string | null; options: unknown; type: "short_text" | "long_text" | "multiple_choice" | "radio" | "yes_no" | ... 6 more ... | "final_documents"; ... 8 more ...; repeaterConfig: unknown; }[]'.
  Type 'ApiStep' is not assignable to type '{ id: string; createdAt: Date | null; updatedAt: Date | null; description: string | null; options: unknown; type: "short_text" | "long_text" | "multiple_choice" | "radio" | "yes_no" | ... 6 more ... | "final_documents"; ... 8 more ...; repeaterConfig: unknown; }'.
    Types of property 'createdAt' are incompatible.
      Type 'string' is not assignable to type 'Date'.
client/src/pages/WorkflowRunner.tsx(516,63): error TS2345: Argument of type 'ApiStep[] | undefined' is not assignable to parameter of type '{ id: string; createdAt: Date | null; updatedAt: Date | null; description: string | null; options: unknown; type: "short_text" | "long_text" | "multiple_choice" | "radio" | ... 7 more ... | "final_documents"; ... 8 more ...; repeaterConfig: unknown; }[] | undefined'.
  Type 'ApiStep[]' is not assignable to type '{ id: string; createdAt: Date | null; updatedAt: Date | null; description: string | null; options: unknown; type: "short_text" | "long_text" | "multiple_choice" | "radio" | "yes_no" | ... 6 more ... | "final_documents"; ... 8 more ...; repeaterConfig: unknown; }[]'.
    Type 'ApiStep' is not assignable to type '{ id: string; createdAt: Date | null; updatedAt: Date | null; description: string | null; options: unknown; type: "short_text" | "long_text" | "multiple_choice" | "radio" | "yes_no" | ... 6 more ... | "final_documents"; ... 8 more ...; repeaterConfig: unknown; }'.
      Types of property 'createdAt' are incompatible.
        Type 'string' is not assignable to type 'Date'.
server/routes.ts(16,7): error TS2687: All declarations of 'claims' must have identical modifiers.
server/routes/sections.routes.ts(30,7): error TS2322: Type 'Response<any, Record<string, any>>' is not assignable to type 'void'.
server/routes/steps.routes.ts(31,7): error TS2322: Type 'Response<any, Record<string, any>>' is not assignable to type 'void'.
server/routes/steps.routes.ts(36,7): error TS2322: Type 'Response<any, Record<string, any>>' is not assignable to type 'void'.
server/routes/steps.routes.ts(65,7): error TS2322: Type 'Response<any, Record<string, any>>' is not assignable to type 'void'.
server/services/DatavaultApiTokensService.ts(33,68): error TS2554: Expected 1 arguments, but got 2.
server/services/DatavaultRowNotesService.ts(143,33): error TS2339: Property 'createdBy' does not exist on type '{ id: string; name: string; createdAt: Date | null; updatedAt: Date | null; tenantId: string; ownerUserId: string | null; description: string | null; databaseId: string | null; slug: string; }'.
server/services/DatavaultRowsService.ts(277,40): error TS7006: Parameter 'newTx' implicitly has an 'any' type.
server/services/DatavaultRowsService.ts(382,40): error TS7006: Parameter 'newTx' implicitly has an 'any' type.
server/services/DatavaultRowsService.ts(446,40): error TS7006: Parameter 'newTx' implicitly has an 'any' type.
server/services/SnapshotService.ts(43,5): error TS2322: Type '{ id: string; name: string; createdAt: Date | null; updatedAt: Date | null; values: unknown; workflowId: string; } | undefined' is not assignable to type '{ id: string; name: string; createdAt: Date | null; updatedAt: Date | null; values: unknown; workflowId: string; } | null'.
  Type 'undefined' is not assignable to type '{ id: string; name: string; createdAt: Date | null; updatedAt: Date | null; values: unknown; workflowId: string; } | null'.
